running egg_info
writing ../build/camera/camera.egg-info/PKG-INFO
writing dependency_links to ../build/camera/camera.egg-info/dependency_links.txt
writing entry points to ../build/camera/camera.egg-info/entry_points.txt
writing requirements to ../build/camera/camera.egg-info/requires.txt
writing top-level names to ../build/camera/camera.egg-info/top_level.txt
reading manifest file '../build/camera/camera.egg-info/SOURCES.txt'
writing manifest file '../build/camera/camera.egg-info/SOURCES.txt'
running build
running build_py
running install
running install_lib
running install_data
running install_egg_info
removing '/home/orin/test_ws/src/install/camera/lib/python3.8/site-packages/camera-0.0.0-py3.8.egg-info' (and everything under it)
Copying ../build/camera/camera.egg-info to /home/orin/test_ws/src/install/camera/lib/python3.8/site-packages/camera-0.0.0-py3.8.egg-info
running install_scripts
Installing H65_camera script to /home/orin/test_ws/src/install/camera/lib/camera
Installing camera script to /home/orin/test_ws/src/install/camera/lib/camera
Installing camera_compress script to /home/orin/test_ws/src/install/camera/lib/camera
Installing image_pub script to /home/orin/test_ws/src/install/camera/lib/camera
Installing take_image script to /home/orin/test_ws/src/install/camera/lib/camera
Installing video_pub script to /home/orin/test_ws/src/install/camera/lib/camera
writing list of installed files to '/home/orin/test_ws/src/build/camera/install.log'
