[1.729s] Invoking command in '/home/orin/test_ws/src/build/dynamixel_sdk_examples': AMENT_PREFIX_PATH=/home/orin/test_ws/src/install/dynamixel_sdk_custom_interfaces:/home/orin/test_ws/src/install/dynamixel_sdk:${AMENT_PREFIX_PATH} CMAKE_PREFIX_PATH=/home/orin/test_ws/src/install/dynamixel_sdk_custom_interfaces:/home/orin/test_ws/src/install/dynamixel_sdk:/opt/ros/foxy LD_LIBRARY_PATH=/home/orin/test_ws/src/install/dynamixel_sdk_custom_interfaces/lib:/home/orin/test_ws/src/install/dynamixel_sdk/lib:/opt/ros/foxy/opt/yaml_cpp_vendor/lib:/opt/ros/foxy/opt/rviz_ogre_vendor/lib:/opt/ros/foxy/lib/aarch64-linux-gnu:/opt/ros/foxy/lib:/usr/local/cuda/lib64:/usr/local/cuda/lib64 PYTHONPATH=/home/orin/test_ws/src/install/dynamixel_sdk_custom_interfaces/lib/python3.8/site-packages:${PYTHONPATH} /usr/local/bin/cmake --build /home/orin/test_ws/src/build/dynamixel_sdk_examples -- -j12 -l12
[1.886s] [100%] Built target read_write_node
[1.919s] Invoked command in '/home/orin/test_ws/src/build/dynamixel_sdk_examples' returned '0': AMENT_PREFIX_PATH=/home/orin/test_ws/src/install/dynamixel_sdk_custom_interfaces:/home/orin/test_ws/src/install/dynamixel_sdk:${AMENT_PREFIX_PATH} CMAKE_PREFIX_PATH=/home/orin/test_ws/src/install/dynamixel_sdk_custom_interfaces:/home/orin/test_ws/src/install/dynamixel_sdk:/opt/ros/foxy LD_LIBRARY_PATH=/home/orin/test_ws/src/install/dynamixel_sdk_custom_interfaces/lib:/home/orin/test_ws/src/install/dynamixel_sdk/lib:/opt/ros/foxy/opt/yaml_cpp_vendor/lib:/opt/ros/foxy/opt/rviz_ogre_vendor/lib:/opt/ros/foxy/lib/aarch64-linux-gnu:/opt/ros/foxy/lib:/usr/local/cuda/lib64:/usr/local/cuda/lib64 PYTHONPATH=/home/orin/test_ws/src/install/dynamixel_sdk_custom_interfaces/lib/python3.8/site-packages:${PYTHONPATH} /usr/local/bin/cmake --build /home/orin/test_ws/src/build/dynamixel_sdk_examples -- -j12 -l12
[1.936s] Invoking command in '/home/orin/test_ws/src/build/dynamixel_sdk_examples': AMENT_PREFIX_PATH=/home/orin/test_ws/src/install/dynamixel_sdk_custom_interfaces:/home/orin/test_ws/src/install/dynamixel_sdk:${AMENT_PREFIX_PATH} CMAKE_PREFIX_PATH=/home/orin/test_ws/src/install/dynamixel_sdk_custom_interfaces:/home/orin/test_ws/src/install/dynamixel_sdk:/opt/ros/foxy LD_LIBRARY_PATH=/home/orin/test_ws/src/install/dynamixel_sdk_custom_interfaces/lib:/home/orin/test_ws/src/install/dynamixel_sdk/lib:/opt/ros/foxy/opt/yaml_cpp_vendor/lib:/opt/ros/foxy/opt/rviz_ogre_vendor/lib:/opt/ros/foxy/lib/aarch64-linux-gnu:/opt/ros/foxy/lib:/usr/local/cuda/lib64:/usr/local/cuda/lib64 PYTHONPATH=/home/orin/test_ws/src/install/dynamixel_sdk_custom_interfaces/lib/python3.8/site-packages:${PYTHONPATH} /usr/local/bin/cmake --install /home/orin/test_ws/src/build/dynamixel_sdk_examples
[2.031s] -- Install configuration: ""
[2.032s] -- Up-to-date: /home/orin/test_ws/src/install/dynamixel_sdk_examples/lib/dynamixel_sdk_examples/read_write_node
[2.033s] -- Up-to-date: /home/orin/test_ws/src/install/dynamixel_sdk_examples/share/ament_index/resource_index/package_run_dependencies/dynamixel_sdk_examples
[2.033s] -- Up-to-date: /home/orin/test_ws/src/install/dynamixel_sdk_examples/share/ament_index/resource_index/parent_prefix_path/dynamixel_sdk_examples
[2.033s] -- Up-to-date: /home/orin/test_ws/src/install/dynamixel_sdk_examples/share/dynamixel_sdk_examples/environment/ament_prefix_path.sh
[2.033s] -- Up-to-date: /home/orin/test_ws/src/install/dynamixel_sdk_examples/share/dynamixel_sdk_examples/environment/ament_prefix_path.dsv
[2.033s] -- Up-to-date: /home/orin/test_ws/src/install/dynamixel_sdk_examples/share/dynamixel_sdk_examples/environment/path.sh
[2.034s] -- Up-to-date: /home/orin/test_ws/src/install/dynamixel_sdk_examples/share/dynamixel_sdk_examples/environment/path.dsv
[2.034s] -- Up-to-date: /home/orin/test_ws/src/install/dynamixel_sdk_examples/share/dynamixel_sdk_examples/local_setup.bash
[2.034s] -- Up-to-date: /home/orin/test_ws/src/install/dynamixel_sdk_examples/share/dynamixel_sdk_examples/local_setup.sh
[2.034s] -- Up-to-date: /home/orin/test_ws/src/install/dynamixel_sdk_examples/share/dynamixel_sdk_examples/local_setup.zsh
[2.034s] -- Up-to-date: /home/orin/test_ws/src/install/dynamixel_sdk_examples/share/dynamixel_sdk_examples/local_setup.dsv
[2.034s] -- Installing: /home/orin/test_ws/src/install/dynamixel_sdk_examples/share/dynamixel_sdk_examples/package.dsv
[2.035s] -- Up-to-date: /home/orin/test_ws/src/install/dynamixel_sdk_examples/share/ament_index/resource_index/packages/dynamixel_sdk_examples
[2.035s] -- Up-to-date: /home/orin/test_ws/src/install/dynamixel_sdk_examples/share/dynamixel_sdk_examples/cmake/dynamixel_sdk_examplesConfig.cmake
[2.035s] -- Up-to-date: /home/orin/test_ws/src/install/dynamixel_sdk_examples/share/dynamixel_sdk_examples/cmake/dynamixel_sdk_examplesConfig-version.cmake
[2.035s] -- Up-to-date: /home/orin/test_ws/src/install/dynamixel_sdk_examples/share/dynamixel_sdk_examples/package.xml
[2.053s] Invoked command in '/home/orin/test_ws/src/build/dynamixel_sdk_examples' returned '0': AMENT_PREFIX_PATH=/home/orin/test_ws/src/install/dynamixel_sdk_custom_interfaces:/home/orin/test_ws/src/install/dynamixel_sdk:${AMENT_PREFIX_PATH} CMAKE_PREFIX_PATH=/home/orin/test_ws/src/install/dynamixel_sdk_custom_interfaces:/home/orin/test_ws/src/install/dynamixel_sdk:/opt/ros/foxy LD_LIBRARY_PATH=/home/orin/test_ws/src/install/dynamixel_sdk_custom_interfaces/lib:/home/orin/test_ws/src/install/dynamixel_sdk/lib:/opt/ros/foxy/opt/yaml_cpp_vendor/lib:/opt/ros/foxy/opt/rviz_ogre_vendor/lib:/opt/ros/foxy/lib/aarch64-linux-gnu:/opt/ros/foxy/lib:/usr/local/cuda/lib64:/usr/local/cuda/lib64 PYTHONPATH=/home/orin/test_ws/src/install/dynamixel_sdk_custom_interfaces/lib/python3.8/site-packages:${PYTHONPATH} /usr/local/bin/cmake --install /home/orin/test_ws/src/build/dynamixel_sdk_examples
