[2.081s] Invoking command in '/home/orin/test_ws/src/build/rplidar_ros': CMAKE_PREFIX_PATH=${CMAKE_PREFIX_PATH}:/home/orin/test_ws/src/install/turtlebot3_teleop:/home/orin/test_ws/src/install/turtlebot3_example:/home/orin/test_ws/src/install/object_detection:/home/orin/test_ws/src/install/nv2:/home/orin/test_ws/src/install/detect_lane:/home/orin/test_ws/src/install/core:/home/orin/test_ws/src/install/control:/home/orin/test_ws/src/install/camera:/opt/ros/foxy /usr/local/bin/cmake --build /home/orin/test_ws/src/build/rplidar_ros -- -j12 -l12
[2.218s] [ 14%] Built target rplidar_client
[2.227s] [100%] Built target rplidar_node
[2.887s] Invoked command in '/home/orin/test_ws/src/build/rplidar_ros' returned '0': CMAKE_PREFIX_PATH=${CMAKE_PREFIX_PATH}:/home/orin/test_ws/src/install/turtlebot3_teleop:/home/orin/test_ws/src/install/turtlebot3_example:/home/orin/test_ws/src/install/object_detection:/home/orin/test_ws/src/install/nv2:/home/orin/test_ws/src/install/detect_lane:/home/orin/test_ws/src/install/core:/home/orin/test_ws/src/install/control:/home/orin/test_ws/src/install/camera:/opt/ros/foxy /usr/local/bin/cmake --build /home/orin/test_ws/src/build/rplidar_ros -- -j12 -l12
[2.890s] Invoking command in '/home/orin/test_ws/src/build/rplidar_ros': CMAKE_PREFIX_PATH=${CMAKE_PREFIX_PATH}:/home/orin/test_ws/src/install/turtlebot3_teleop:/home/orin/test_ws/src/install/turtlebot3_example:/home/orin/test_ws/src/install/object_detection:/home/orin/test_ws/src/install/nv2:/home/orin/test_ws/src/install/detect_lane:/home/orin/test_ws/src/install/core:/home/orin/test_ws/src/install/control:/home/orin/test_ws/src/install/camera:/opt/ros/foxy /usr/local/bin/cmake --install /home/orin/test_ws/src/build/rplidar_ros
[3.026s] -- Install configuration: ""
[3.026s] -- Up-to-date: /home/orin/test_ws/src/install/rplidar_ros/share/rplidar_ros/launch
[3.027s] -- Up-to-date: /home/orin/test_ws/src/install/rplidar_ros/share/rplidar_ros/launch/rplidar_s1_tcp_launch.py
[3.027s] -- Up-to-date: /home/orin/test_ws/src/install/rplidar_ros/share/rplidar_ros/launch/rplidar_t1_launch.py
[3.027s] -- Up-to-date: /home/orin/test_ws/src/install/rplidar_ros/share/rplidar_ros/launch/view_rplidar_a1_launch.py
[3.027s] -- Up-to-date: /home/orin/test_ws/src/install/rplidar_ros/share/rplidar_ros/launch/rplidar_a3_launch.py
[3.027s] -- Up-to-date: /home/orin/test_ws/src/install/rplidar_ros/share/rplidar_ros/launch/rplidar_a2m7_launch.py
[3.028s] -- Up-to-date: /home/orin/test_ws/src/install/rplidar_ros/share/rplidar_ros/launch/view_rplidar_t1_launch.py
[3.028s] -- Up-to-date: /home/orin/test_ws/src/install/rplidar_ros/share/rplidar_ros/launch/view_rplidar_s1_launch.py
[3.028s] -- Up-to-date: /home/orin/test_ws/src/install/rplidar_ros/share/rplidar_ros/launch/view_rplidar_s2e_launch.py
[3.028s] -- Up-to-date: /home/orin/test_ws/src/install/rplidar_ros/share/rplidar_ros/launch/rplidar_s2e_launch.py
[3.029s] -- Up-to-date: /home/orin/test_ws/src/install/rplidar_ros/share/rplidar_ros/launch/view_rplidar_s3_launch.py
[3.029s] -- Up-to-date: /home/orin/test_ws/src/install/rplidar_ros/share/rplidar_ros/launch/view_rplidar_a2m7_launch.py
[3.029s] -- Up-to-date: /home/orin/test_ws/src/install/rplidar_ros/share/rplidar_ros/launch/view_rplidar_s1_tcp_launch.py
[3.029s] -- Up-to-date: /home/orin/test_ws/src/install/rplidar_ros/share/rplidar_ros/launch/rplidar_s1_launch.py
[3.029s] -- Up-to-date: /home/orin/test_ws/src/install/rplidar_ros/share/rplidar_ros/launch/view_rplidar_a2m8_launch.py
[3.029s] -- Up-to-date: /home/orin/test_ws/src/install/rplidar_ros/share/rplidar_ros/launch/rplidar_s2_launch.py
[3.029s] -- Up-to-date: /home/orin/test_ws/src/install/rplidar_ros/share/rplidar_ros/launch/view_rplidar_a2m12_launch.py
[3.029s] -- Up-to-date: /home/orin/test_ws/src/install/rplidar_ros/share/rplidar_ros/launch/view_rplidar_s2_launch.py
[3.030s] -- Up-to-date: /home/orin/test_ws/src/install/rplidar_ros/share/rplidar_ros/launch/rplidar_a2m12_launch.py
[3.030s] -- Up-to-date: /home/orin/test_ws/src/install/rplidar_ros/share/rplidar_ros/launch/view_rplidar_a3_launch.py
[3.030s] -- Up-to-date: /home/orin/test_ws/src/install/rplidar_ros/share/rplidar_ros/launch/rplidar_s3_launch.py
[3.030s] -- Up-to-date: /home/orin/test_ws/src/install/rplidar_ros/share/rplidar_ros/launch/rplidar_a2m8_launch.py
[3.030s] -- Up-to-date: /home/orin/test_ws/src/install/rplidar_ros/share/rplidar_ros/launch/rplidar_a1_launch.py
[3.030s] -- Up-to-date: /home/orin/test_ws/src/install/rplidar_ros/share/rplidar_ros/rviz
[3.031s] -- Up-to-date: /home/orin/test_ws/src/install/rplidar_ros/share/rplidar_ros/rviz/rplidar_ros.rviz
[3.031s] -- Up-to-date: /home/orin/test_ws/src/install/rplidar_ros/lib/rplidar_ros/rplidar_node
[3.031s] -- Up-to-date: /home/orin/test_ws/src/install/rplidar_ros/lib/rplidar_ros/rplidar_client
[3.031s] -- Up-to-date: /home/orin/test_ws/src/install/rplidar_ros/share/ament_index/resource_index/package_run_dependencies/rplidar_ros
[3.031s] -- Up-to-date: /home/orin/test_ws/src/install/rplidar_ros/share/ament_index/resource_index/parent_prefix_path/rplidar_ros
[3.031s] -- Up-to-date: /home/orin/test_ws/src/install/rplidar_ros/share/rplidar_ros/environment/ament_prefix_path.sh
[3.031s] -- Up-to-date: /home/orin/test_ws/src/install/rplidar_ros/share/rplidar_ros/environment/ament_prefix_path.dsv
[3.032s] -- Up-to-date: /home/orin/test_ws/src/install/rplidar_ros/share/rplidar_ros/environment/path.sh
[3.032s] -- Up-to-date: /home/orin/test_ws/src/install/rplidar_ros/share/rplidar_ros/environment/path.dsv
[3.032s] -- Up-to-date: /home/orin/test_ws/src/install/rplidar_ros/share/rplidar_ros/local_setup.bash
[3.032s] -- Up-to-date: /home/orin/test_ws/src/install/rplidar_ros/share/rplidar_ros/local_setup.sh
[3.033s] -- Up-to-date: /home/orin/test_ws/src/install/rplidar_ros/share/rplidar_ros/local_setup.zsh
[3.033s] -- Up-to-date: /home/orin/test_ws/src/install/rplidar_ros/share/rplidar_ros/local_setup.dsv
[3.033s] -- Installing: /home/orin/test_ws/src/install/rplidar_ros/share/rplidar_ros/package.dsv
[3.033s] -- Up-to-date: /home/orin/test_ws/src/install/rplidar_ros/share/ament_index/resource_index/packages/rplidar_ros
[3.033s] -- Up-to-date: /home/orin/test_ws/src/install/rplidar_ros/share/rplidar_ros/cmake/ament_cmake_export_dependencies-extras.cmake
[3.033s] -- Up-to-date: /home/orin/test_ws/src/install/rplidar_ros/share/rplidar_ros/cmake/ament_cmake_export_include_directories-extras.cmake
[3.033s] -- Up-to-date: /home/orin/test_ws/src/install/rplidar_ros/share/rplidar_ros/cmake/rplidar_rosConfig.cmake
[3.034s] -- Up-to-date: /home/orin/test_ws/src/install/rplidar_ros/share/rplidar_ros/cmake/rplidar_rosConfig-version.cmake
[3.034s] -- Up-to-date: /home/orin/test_ws/src/install/rplidar_ros/share/rplidar_ros/package.xml
[3.053s] Invoked command in '/home/orin/test_ws/src/build/rplidar_ros' returned '0': CMAKE_PREFIX_PATH=${CMAKE_PREFIX_PATH}:/home/orin/test_ws/src/install/turtlebot3_teleop:/home/orin/test_ws/src/install/turtlebot3_example:/home/orin/test_ws/src/install/object_detection:/home/orin/test_ws/src/install/nv2:/home/orin/test_ws/src/install/detect_lane:/home/orin/test_ws/src/install/core:/home/orin/test_ws/src/install/control:/home/orin/test_ws/src/install/camera:/opt/ros/foxy /usr/local/bin/cmake --install /home/orin/test_ws/src/build/rplidar_ros
