[1.660s] Invoking command in '/home/orin/test_ws/src/build/dynamixel_sdk_examples': AMENT_PREFIX_PATH=/home/orin/test_ws/src/install/dynamixel_sdk_custom_interfaces:/home/orin/test_ws/src/install/dynamixel_sdk CMAKE_PREFIX_PATH=/home/orin/test_ws/src/install/dynamixel_sdk_custom_interfaces:/home/orin/test_ws/src/install/dynamixel_sdk LD_LIBRARY_PATH=/home/orin/test_ws/src/install/dynamixel_sdk_custom_interfaces/lib:/home/orin/test_ws/src/install/dynamixel_sdk/lib:/usr/local/cuda/lib64:/usr/local/cuda/lib64 PYTHONPATH=/home/orin/test_ws/src/install/dynamixel_sdk_custom_interfaces/lib/python3.8/site-packages /usr/local/bin/cmake --build /home/orin/test_ws/src/build/dynamixel_sdk_examples -- -j12 -l12
[1.909s] [100%] Built target read_write_node
[1.941s] Invoked command in '/home/orin/test_ws/src/build/dynamixel_sdk_examples' returned '0': AMENT_PREFIX_PATH=/home/orin/test_ws/src/install/dynamixel_sdk_custom_interfaces:/home/orin/test_ws/src/install/dynamixel_sdk CMAKE_PREFIX_PATH=/home/orin/test_ws/src/install/dynamixel_sdk_custom_interfaces:/home/orin/test_ws/src/install/dynamixel_sdk LD_LIBRARY_PATH=/home/orin/test_ws/src/install/dynamixel_sdk_custom_interfaces/lib:/home/orin/test_ws/src/install/dynamixel_sdk/lib:/usr/local/cuda/lib64:/usr/local/cuda/lib64 PYTHONPATH=/home/orin/test_ws/src/install/dynamixel_sdk_custom_interfaces/lib/python3.8/site-packages /usr/local/bin/cmake --build /home/orin/test_ws/src/build/dynamixel_sdk_examples -- -j12 -l12
[1.946s] Invoking command in '/home/orin/test_ws/src/build/dynamixel_sdk_examples': AMENT_PREFIX_PATH=/home/orin/test_ws/src/install/dynamixel_sdk_custom_interfaces:/home/orin/test_ws/src/install/dynamixel_sdk CMAKE_PREFIX_PATH=/home/orin/test_ws/src/install/dynamixel_sdk_custom_interfaces:/home/orin/test_ws/src/install/dynamixel_sdk LD_LIBRARY_PATH=/home/orin/test_ws/src/install/dynamixel_sdk_custom_interfaces/lib:/home/orin/test_ws/src/install/dynamixel_sdk/lib:/usr/local/cuda/lib64:/usr/local/cuda/lib64 PYTHONPATH=/home/orin/test_ws/src/install/dynamixel_sdk_custom_interfaces/lib/python3.8/site-packages /usr/local/bin/cmake --install /home/orin/test_ws/src/build/dynamixel_sdk_examples
[2.043s] -- Install configuration: ""
[2.044s] -- Up-to-date: /home/orin/test_ws/src/install/dynamixel_sdk_examples/lib/dynamixel_sdk_examples/read_write_node
[2.045s] -- Up-to-date: /home/orin/test_ws/src/install/dynamixel_sdk_examples/share/ament_index/resource_index/package_run_dependencies/dynamixel_sdk_examples
[2.046s] -- Up-to-date: /home/orin/test_ws/src/install/dynamixel_sdk_examples/share/ament_index/resource_index/parent_prefix_path/dynamixel_sdk_examples
[2.046s] -- Up-to-date: /home/orin/test_ws/src/install/dynamixel_sdk_examples/share/dynamixel_sdk_examples/environment/ament_prefix_path.sh
[2.047s] -- Up-to-date: /home/orin/test_ws/src/install/dynamixel_sdk_examples/share/dynamixel_sdk_examples/environment/ament_prefix_path.dsv
[2.047s] -- Up-to-date: /home/orin/test_ws/src/install/dynamixel_sdk_examples/share/dynamixel_sdk_examples/environment/path.sh
[2.047s] -- Up-to-date: /home/orin/test_ws/src/install/dynamixel_sdk_examples/share/dynamixel_sdk_examples/environment/path.dsv
[2.047s] -- Up-to-date: /home/orin/test_ws/src/install/dynamixel_sdk_examples/share/dynamixel_sdk_examples/local_setup.bash
[2.047s] -- Up-to-date: /home/orin/test_ws/src/install/dynamixel_sdk_examples/share/dynamixel_sdk_examples/local_setup.sh
[2.047s] -- Up-to-date: /home/orin/test_ws/src/install/dynamixel_sdk_examples/share/dynamixel_sdk_examples/local_setup.zsh
[2.048s] -- Up-to-date: /home/orin/test_ws/src/install/dynamixel_sdk_examples/share/dynamixel_sdk_examples/local_setup.dsv
[2.048s] -- Installing: /home/orin/test_ws/src/install/dynamixel_sdk_examples/share/dynamixel_sdk_examples/package.dsv
[2.048s] -- Up-to-date: /home/orin/test_ws/src/install/dynamixel_sdk_examples/share/ament_index/resource_index/packages/dynamixel_sdk_examples
[2.048s] -- Up-to-date: /home/orin/test_ws/src/install/dynamixel_sdk_examples/share/dynamixel_sdk_examples/cmake/dynamixel_sdk_examplesConfig.cmake
[2.049s] -- Up-to-date: /home/orin/test_ws/src/install/dynamixel_sdk_examples/share/dynamixel_sdk_examples/cmake/dynamixel_sdk_examplesConfig-version.cmake
[2.049s] -- Up-to-date: /home/orin/test_ws/src/install/dynamixel_sdk_examples/share/dynamixel_sdk_examples/package.xml
[2.067s] Invoked command in '/home/orin/test_ws/src/build/dynamixel_sdk_examples' returned '0': AMENT_PREFIX_PATH=/home/orin/test_ws/src/install/dynamixel_sdk_custom_interfaces:/home/orin/test_ws/src/install/dynamixel_sdk CMAKE_PREFIX_PATH=/home/orin/test_ws/src/install/dynamixel_sdk_custom_interfaces:/home/orin/test_ws/src/install/dynamixel_sdk LD_LIBRARY_PATH=/home/orin/test_ws/src/install/dynamixel_sdk_custom_interfaces/lib:/home/orin/test_ws/src/install/dynamixel_sdk/lib:/usr/local/cuda/lib64:/usr/local/cuda/lib64 PYTHONPATH=/home/orin/test_ws/src/install/dynamixel_sdk_custom_interfaces/lib/python3.8/site-packages /usr/local/bin/cmake --install /home/orin/test_ws/src/build/dynamixel_sdk_examples
