[0.913s] Invoking command in '/home/orin/test_ws/src/build/rplidar_ros': CMAKE_PREFIX_PATH=/opt/ros/foxy /usr/local/bin/cmake /home/orin/test_ws/src/rplidar_ros -DCMAKE_INSTALL_PREFIX=/home/orin/test_ws/src/install/rplidar_ros
[1.857s] -- The C compiler identification is GNU 9.4.0
[1.858s] -- The CXX compiler identification is GNU 9.4.0
[1.858s] -- Detecting C compiler ABI info
[2.037s] -- Detecting C compiler ABI info - done
[2.064s] -- Check for working C compiler: /usr/bin/cc - skipped
[2.067s] -- Detecting C compile features
[2.075s] -- Detecting C compile features - done
[2.082s] -- Detecting CXX compiler ABI info
[2.251s] -- Detecting CXX compiler ABI info - done
[2.272s] -- Check for working CXX compiler: /usr/bin/c++ - skipped
[2.272s] -- Detecting CXX compile features
[2.273s] -- Detecting CXX compile features - done
[2.279s] -- Found ament_cmake: 0.9.12 (/opt/ros/foxy/share/ament_cmake/cmake)
[2.341s] -- Found PythonInterp: /usr/bin/python3 (found suitable version "3.8.10", minimum required is "3") 
[2.342s] -- Using PYTHON_EXECUTABLE: /usr/bin/python3
[2.826s] -- Found rclcpp: 2.4.3 (/opt/ros/foxy/share/rclcpp/cmake)
[2.940s] -- Using all available rosidl_typesupport_c: rosidl_typesupport_fastrtps_c;rosidl_typesupport_introspection_c
[2.957s] -- Found rosidl_adapter: 1.3.1 (/opt/ros/foxy/share/rosidl_adapter/cmake)
[3.210s] -- Found OpenSSL: /usr/lib/aarch64-linux-gnu/libcrypto.so (found version "1.1.1f")  
[3.345s] -- Found FastRTPS: /opt/ros/foxy/include  
[3.661s] -- Using all available rosidl_typesupport_cpp: rosidl_typesupport_fastrtps_cpp;rosidl_typesupport_introspection_cpp
[3.808s] -- Found rmw_implementation_cmake: 1.0.4 (/opt/ros/foxy/share/rmw_implementation_cmake/cmake)
[3.813s] -- Using RMW implementation 'rmw_fastrtps_cpp' as default
[3.821s] -- Performing Test CMAKE_HAVE_LIBC_PTHREAD
[4.039s] -- Performing Test CMAKE_HAVE_LIBC_PTHREAD - Failed
[4.039s] -- Looking for pthread_create in pthreads
[4.282s] -- Looking for pthread_create in pthreads - not found
[4.282s] -- Looking for pthread_create in pthread
[4.484s] -- Looking for pthread_create in pthread - found
[4.488s] -- Found Threads: TRUE  
[4.839s] -- Found sensor_msgs: 2.0.5 (/opt/ros/foxy/share/sensor_msgs/cmake)
[5.336s] -- Found std_srvs: 2.0.5 (/opt/ros/foxy/share/std_srvs/cmake)
[5.571s] -- Configuring done
[5.626s] -- Generating done
[5.641s] -- Build files have been written to: /home/orin/test_ws/src/build/rplidar_ros
[5.706s] Invoked command in '/home/orin/test_ws/src/build/rplidar_ros' returned '0': CMAKE_PREFIX_PATH=/opt/ros/foxy /usr/local/bin/cmake /home/orin/test_ws/src/rplidar_ros -DCMAKE_INSTALL_PREFIX=/home/orin/test_ws/src/install/rplidar_ros
[5.708s] Invoking command in '/home/orin/test_ws/src/build/rplidar_ros': CMAKE_PREFIX_PATH=/opt/ros/foxy /usr/local/bin/cmake --build /home/orin/test_ws/src/build/rplidar_ros -- -j12 -l12
[6.217s] [  7%] [32mBuilding CXX object CMakeFiles/rplidar_client.dir/src/rplidar_client.cpp.o[0m
[6.217s] [ 14%] [32mBuilding CXX object CMakeFiles/rplidar_node.dir/src/rplidar_node.cpp.o[0m
[6.244s] [ 21%] [32mBuilding CXX object CMakeFiles/rplidar_node.dir/sdk/src/arch/linux/net_serial.cpp.o[0m
[6.250s] [ 28%] [32mBuilding CXX object CMakeFiles/rplidar_node.dir/sdk/src/arch/linux/net_socket.cpp.o[0m
[6.258s] [ 35%] [32mBuilding CXX object CMakeFiles/rplidar_node.dir/sdk/src/arch/linux/timer.cpp.o[0m
[6.319s] [ 42%] [32mBuilding CXX object CMakeFiles/rplidar_node.dir/sdk/src/hal/thread.cpp.o[0m
[6.353s] [ 50%] [32mBuilding CXX object CMakeFiles/rplidar_node.dir/sdk/src/rplidar_driver.cpp.o[0m
[6.355s] [ 57%] [32mBuilding CXX object CMakeFiles/rplidar_node.dir/sdk/src/sl_lidar_driver.cpp.o[0m
[6.371s] [ 64%] [32mBuilding CXX object CMakeFiles/rplidar_node.dir/sdk/src/sl_crc.cpp.o[0m
[6.395s] [ 71%] [32mBuilding CXX object CMakeFiles/rplidar_node.dir/sdk/src/sl_serial_channel.cpp.o[0m
[6.498s] [ 78%] [32mBuilding CXX object CMakeFiles/rplidar_node.dir/sdk/src/sl_tcp_channel.cpp.o[0m
[6.508s] [ 85%] [32mBuilding CXX object CMakeFiles/rplidar_node.dir/sdk/src/sl_udp_channel.cpp.o[0m
[6.535s] In file included from [01m[K/home/orin/test_ws/src/rplidar_ros/./sdk/include/sl_lidar_cmd.h:36[m[K,
[6.535s]                  from [01m[K/home/orin/test_ws/src/rplidar_ros/./sdk/include/sl_crc.h:36[m[K,
[6.536s]                  from [01m[K/home/orin/test_ws/src/rplidar_ros/sdk/src/sl_crc.cpp:33[m[K:
[6.536s] [01m[K/home/orin/test_ws/src/rplidar_ros/./sdk/include/sl_lidar_protocol.h:58:16:[m[K [01;35m[Kwarning: [m[KISO C++ forbids zero-size array ‘[01m[Kdata[m[K’ [[01;35m[K-Wpedantic[m[K]
[6.536s]    58 |     sl_u8 data[[01;35m[K0[m[K];
[6.539s]       |                [01;35m[K^[m[K
[6.539s] In file included from [01m[K/home/orin/test_ws/src/rplidar_ros/./sdk/include/sl_crc.h:36[m[K,
[6.539s]                  from [01m[K/home/orin/test_ws/src/rplidar_ros/sdk/src/sl_crc.cpp:33[m[K:
[6.539s] [01m[K/home/orin/test_ws/src/rplidar_ros/./sdk/include/sl_lidar_cmd.h:295:20:[m[K [01;35m[Kwarning: [m[KISO C++ forbids zero-size array ‘[01m[Kpayload[m[K’ [[01;35m[K-Wpedantic[m[K]
[6.540s]   295 |     sl_u8  payload[[01;35m[K0[m[K];
[6.540s]       |                    [01;35m[K^[m[K
[7.654s] In file included from [01m[K/home/orin/test_ws/src/rplidar_ros/./sdk/include/sl_lidar_cmd.h:36[m[K,
[7.654s]                  from [01m[K/home/orin/test_ws/src/rplidar_ros/./sdk/include/sl_lidar_driver.h:54[m[K,
[7.656s]                  from [01m[K/home/orin/test_ws/src/rplidar_ros/sdk/src/sl_udp_channel.cpp:33[m[K:
[7.656s] [01m[K/home/orin/test_ws/src/rplidar_ros/./sdk/include/sl_lidar_protocol.h:58:16:[m[K [01;35m[Kwarning: [m[KISO C++ forbids zero-size array ‘[01m[Kdata[m[K’ [[01;35m[K-Wpedantic[m[K]
[7.656s]    58 |     sl_u8 data[[01;35m[K0[m[K];
[7.656s]       |                [01;35m[K^[m[K
[7.657s] In file included from [01m[K/home/orin/test_ws/src/rplidar_ros/./sdk/include/sl_lidar_driver.h:54[m[K,
[7.657s]                  from [01m[K/home/orin/test_ws/src/rplidar_ros/sdk/src/sl_udp_channel.cpp:33[m[K:
[7.657s] [01m[K/home/orin/test_ws/src/rplidar_ros/./sdk/include/sl_lidar_cmd.h:295:20:[m[K [01;35m[Kwarning: [m[KISO C++ forbids zero-size array ‘[01m[Kpayload[m[K’ [[01;35m[K-Wpedantic[m[K]
[7.657s]   295 |     sl_u8  payload[[01;35m[K0[m[K];
[7.657s]       |                    [01;35m[K^[m[K
[7.707s] [01m[K/home/orin/test_ws/src/rplidar_ros/sdk/src/sl_udp_channel.cpp:[m[K In member function ‘[01m[Kvoid sl::UdpChannel::setStatus(_u32)[m[K’:
[7.707s] [01m[K/home/orin/test_ws/src/rplidar_ros/sdk/src/sl_udp_channel.cpp:102:29:[m[K [01;35m[Kwarning: [m[Kunused parameter ‘[01m[Kflag[m[K’ [[01;35m[K-Wunused-parameter[m[K]
[7.708s]   102 |         void setStatus([01;35m[K_u32 flag[m[K){}
[7.708s]       |                        [01;35m[K~~~~~^~~~[m[K
[7.745s] In file included from [01m[K/home/orin/test_ws/src/rplidar_ros/./sdk/include/rplidar_protocol.h:36[m[K,
[7.746s]                  from [01m[K/home/orin/test_ws/src/rplidar_ros/./sdk/include/rplidar.h:39[m[K,
[7.747s]                  from [01m[K/home/orin/test_ws/src/rplidar_ros/./sdk/src/sdkcommon.h:49[m[K,
[7.750s]                  from [01m[K/home/orin/test_ws/src/rplidar_ros/sdk/src/arch/linux/net_socket.cpp:10[m[K:
[7.751s] [01m[K/home/orin/test_ws/src/rplidar_ros/./sdk/include/sl_lidar_protocol.h:58:16:[m[K [01;35m[Kwarning: [m[KISO C++ forbids zero-size array ‘[01m[Kdata[m[K’ [[01;35m[K-Wpedantic[m[K]
[7.751s]    58 |     sl_u8 data[[01;35m[K0[m[K];
[7.751s]       |                [01;35m[K^[m[K
[7.752s] In file included from [01m[K/home/orin/test_ws/src/rplidar_ros/./sdk/include/rplidar_cmd.h:36[m[K,
[7.752s]                  from [01m[K/home/orin/test_ws/src/rplidar_ros/./sdk/include/rplidar.h:40[m[K,
[7.752s]                  from [01m[K/home/orin/test_ws/src/rplidar_ros/./sdk/src/sdkcommon.h:49[m[K,
[7.752s]                  from [01m[K/home/orin/test_ws/src/rplidar_ros/sdk/src/arch/linux/net_socket.cpp:10[m[K:
[7.752s] [01m[K/home/orin/test_ws/src/rplidar_ros/./sdk/include/sl_lidar_cmd.h:295:20:[m[K [01;35m[Kwarning: [m[KISO C++ forbids zero-size array ‘[01m[Kpayload[m[K’ [[01;35m[K-Wpedantic[m[K]
[7.753s]   295 |     sl_u8  payload[[01;35m[K0[m[K];
[7.753s]       |                    [01;35m[K^[m[K
[7.818s] In file included from [01m[K/home/orin/test_ws/src/rplidar_ros/./sdk/include/rplidar_protocol.h:36[m[K,
[7.819s]                  from [01m[K/home/orin/test_ws/src/rplidar_ros/./sdk/include/rplidar.h:39[m[K,
[7.820s]                  from [01m[K/home/orin/test_ws/src/rplidar_ros/sdk/src/sdkcommon.h:49[m[K,
[7.821s]                  from [01m[K/home/orin/test_ws/src/rplidar_ros/sdk/src/sl_lidar_driver.cpp:33[m[K:
[7.822s] [01m[K/home/orin/test_ws/src/rplidar_ros/./sdk/include/sl_lidar_protocol.h:58:16:[m[K [01;35m[Kwarning: [m[KISO C++ forbids zero-size array ‘[01m[Kdata[m[K’ [[01;35m[K-Wpedantic[m[K]
[7.823s]    58 |     sl_u8 data[[01;35m[K0[m[K];
[7.824s]       |                [01;35m[K^[m[K
[7.826s] In file included from [01m[K/home/orin/test_ws/src/rplidar_ros/./sdk/include/rplidar_cmd.h:36[m[K,
[7.827s]                  from [01m[K/home/orin/test_ws/src/rplidar_ros/./sdk/include/rplidar.h:40[m[K,
[7.828s]                  from [01m[K/home/orin/test_ws/src/rplidar_ros/sdk/src/sdkcommon.h:49[m[K,
[7.829s]                  from [01m[K/home/orin/test_ws/src/rplidar_ros/sdk/src/sl_lidar_driver.cpp:33[m[K:
[7.831s] [01m[K/home/orin/test_ws/src/rplidar_ros/./sdk/include/sl_lidar_cmd.h:295:20:[m[K [01;35m[Kwarning: [m[KISO C++ forbids zero-size array ‘[01m[Kpayload[m[K’ [[01;35m[K-Wpedantic[m[K]
[7.832s]   295 |     sl_u8  payload[[01;35m[K0[m[K];
[7.833s]       |                    [01;35m[K^[m[K
[7.980s] In file included from [01m[K/home/orin/test_ws/src/rplidar_ros/./sdk/include/sl_lidar_cmd.h:36[m[K,
[7.980s]                  from [01m[K/home/orin/test_ws/src/rplidar_ros/./sdk/include/sl_lidar_driver.h:54[m[K,
[7.980s]                  from [01m[K/home/orin/test_ws/src/rplidar_ros/sdk/src/sl_serial_channel.cpp:33[m[K:
[7.980s] [01m[K/home/orin/test_ws/src/rplidar_ros/./sdk/include/sl_lidar_protocol.h:58:16:[m[K [01;35m[Kwarning: [m[KISO C++ forbids zero-size array ‘[01m[Kdata[m[K’ [[01;35m[K-Wpedantic[m[K]
[7.980s]    58 |     sl_u8 data[[01;35m[K0[m[K];
[7.981s]       |                [01;35m[K^[m[K
[7.986s] In file included from [01m[K/home/orin/test_ws/src/rplidar_ros/./sdk/include/sl_lidar_driver.h:54[m[K,
[7.986s]                  from [01m[K/home/orin/test_ws/src/rplidar_ros/sdk/src/sl_serial_channel.cpp:33[m[K:
[7.986s] [01m[K/home/orin/test_ws/src/rplidar_ros/./sdk/include/sl_lidar_cmd.h:295:20:[m[K [01;35m[Kwarning: [m[KISO C++ forbids zero-size array ‘[01m[Kpayload[m[K’ [[01;35m[K-Wpedantic[m[K]
[7.986s]   295 |     sl_u8  payload[[01;35m[K0[m[K];
[7.986s]       |                    [01;35m[K^[m[K
[8.135s] [01m[K/home/orin/test_ws/src/rplidar_ros/sdk/src/sl_lidar_driver.cpp:[m[K In member function ‘[01m[Kvirtual sl_result sl::SlamtecLidarDriver::reset(sl_u32)[m[K’:
[8.136s] [01m[K/home/orin/test_ws/src/rplidar_ros/sdk/src/sl_lidar_driver.cpp:273:32:[m[K [01;35m[Kwarning: [m[Kunused parameter ‘[01m[KtimeoutInMs[m[K’ [[01;35m[K-Wunused-parameter[m[K]
[8.138s]   273 |         sl_result reset([01;35m[Ksl_u32 timeoutInMs = DEFAULT_TIMEOUT[m[K)
[8.139s]       |                         [01;35m[K~~~~~~~^~~~~~~~~~~~~~~~~~~~~~~~~~~~~[m[K
[8.148s] [01m[K/home/orin/test_ws/src/rplidar_ros/sdk/src/sl_lidar_driver.cpp:[m[K In member function ‘[01m[Kvirtual sl_result sl::SlamtecLidarDriver::getAllSupportedScanModes(std::vector<sl::LidarScanMode>&, sl_u32)[m[K’:
[8.149s] [01m[K/home/orin/test_ws/src/rplidar_ros/sdk/src/sl_lidar_driver.cpp:286:89:[m[K [01;35m[Kwarning: [m[Kunused parameter ‘[01m[KtimeoutInMs[m[K’ [[01;35m[K-Wunused-parameter[m[K]
[8.150s]   286 |         sl_result getAllSupportedScanModes(std::vector<LidarScanMode>& outModes, [01;35m[Ksl_u32 timeoutInMs = DEFAULT_TIMEOUT[m[K)
[8.152s]       |                                                                                  [01;35m[K~~~~~~~^~~~~~~~~~~~~~~~~~~~~~~~~~~~~[m[K
[8.168s] [01m[K/home/orin/test_ws/src/rplidar_ros/sdk/src/sl_lidar_driver.cpp:[m[K In member function ‘[01m[Kvirtual sl_result sl::SlamtecLidarDriver::startScan(bool, bool, sl_u32, sl::LidarScanMode*)[m[K’:
[8.169s] [01m[K/home/orin/test_ws/src/rplidar_ros/sdk/src/sl_lidar_driver.cpp:347:69:[m[K [01;35m[Kwarning: [m[Kunused parameter ‘[01m[Koptions[m[K’ [[01;35m[K-Wunused-parameter[m[K]
[8.170s]   347 |         sl_result startScan(bool force, bool useTypicalScan, [01;35m[Ksl_u32 options = 0[m[K, LidarScanMode* outUsedScanMode = nullptr)
[8.171s]       |                                                              [01;35m[K~~~~~~~^~~~~~~~~~~[m[K
[8.189s] [01m[K/home/orin/test_ws/src/rplidar_ros/sdk/src/sl_lidar_driver.cpp:[m[K In member function ‘[01m[Kvirtual sl_result sl::SlamtecLidarDriver::stop(sl_u32)[m[K’:
[8.193s] [01m[K/home/orin/test_ws/src/rplidar_ros/sdk/src/sl_lidar_driver.cpp:534:31:[m[K [01;35m[Kwarning: [m[Kunused parameter ‘[01m[Ktimeout[m[K’ [[01;35m[K-Wunused-parameter[m[K]
[8.193s]   534 |         sl_result stop([01;35m[Ksl_u32 timeout = DEFAULT_TIMEOUT[m[K)
[8.193s]       |                        [01;35m[K~~~~~~~^~~~~~~~~~~~~~~~~~~~~~~~~[m[K
[8.201s] [01m[K/home/orin/test_ws/src/rplidar_ros/sdk/src/sl_lidar_driver.cpp:[m[K In member function ‘[01m[Kvirtual sl_result sl::SlamtecLidarDriver::getDeviceInfo(sl_lidar_response_device_info_t&, sl_u32)[m[K’:
[8.202s] [01m[K/home/orin/test_ws/src/rplidar_ros/sdk/src/sl_lidar_driver.cpp:579:79:[m[K [01;35m[Kwarning: [m[Kunused parameter ‘[01m[Ktimeout[m[K’ [[01;35m[K-Wunused-parameter[m[K]
[8.202s]   579 |         sl_result getDeviceInfo(sl_lidar_response_device_info_t& info, [01;35m[Ksl_u32 timeout = DEFAULT_TIMEOUT[m[K)
[8.204s]       |                                                                        [01;35m[K~~~~~~~^~~~~~~~~~~~~~~~~~~~~~~~~[m[K
[8.207s] [01m[K/home/orin/test_ws/src/rplidar_ros/sdk/src/sl_lidar_driver.cpp:[m[K In member function ‘[01m[Kvirtual sl_result sl::SlamtecLidarDriver::checkMotorCtrlSupport(sl::MotorCtrlSupport&, sl_u32)[m[K’:
[8.208s] [01m[K/home/orin/test_ws/src/rplidar_ros/sdk/src/sl_lidar_driver.cpp:592:76:[m[K [01;35m[Kwarning: [m[Kunused parameter ‘[01m[Ktimeout[m[K’ [[01;35m[K-Wunused-parameter[m[K]
[8.208s]   592 |         sl_result checkMotorCtrlSupport(MotorCtrlSupport & support, [01;35m[Ksl_u32 timeout = DEFAULT_TIMEOUT[m[K)
[8.208s]       |                                                                     [01;35m[K~~~~~~~^~~~~~~~~~~~~~~~~~~~~~~~~[m[K
[8.210s] [01m[K/home/orin/test_ws/src/rplidar_ros/sdk/src/sl_lidar_driver.cpp:[m[K In member function ‘[01m[Kvirtual sl_result sl::SlamtecLidarDriver::getFrequency(const sl::LidarScanMode&, const sl_lidar_response_measurement_node_hq_t*, size_t, float&)[m[K’:
[8.210s] [01m[K/home/orin/test_ws/src/rplidar_ros/sdk/src/sl_lidar_driver.cpp:627:110:[m[K [01;35m[Kwarning: [m[Kunused parameter ‘[01m[Knodes[m[K’ [[01;35m[K-Wunused-parameter[m[K]
[8.210s]   627 |         sl_result getFrequency(const LidarScanMode& scanMode, [01;35m[Kconst sl_lidar_response_measurement_node_hq_t* nodes[m[K, size_t count, float& frequency)
[8.211s]       |                                                               [01;35m[K~~~~~~~~~~~~~~~~~~~~~~~~~~~~~~~~~~~~~~~~~~~~~~~^~~~~[m[K
[8.212s] [01m[K/home/orin/test_ws/src/rplidar_ros/sdk/src/sl_lidar_driver.cpp:[m[K In member function ‘[01m[Kvirtual sl_result sl::SlamtecLidarDriver::getHealth(sl_lidar_response_device_health_t&, sl_u32)[m[K’:
[8.213s] [01m[K/home/orin/test_ws/src/rplidar_ros/sdk/src/sl_lidar_driver.cpp:640:79:[m[K [01;35m[Kwarning: [m[Kunused parameter ‘[01m[Ktimeout[m[K’ [[01;35m[K-Wunused-parameter[m[K]
[8.213s]   640 |         sl_result getHealth(sl_lidar_response_device_health_t& health, [01;35m[Ksl_u32 timeout = DEFAULT_TIMEOUT[m[K)
[8.213s]       |                                                                        [01;35m[K~~~~~~~^~~~~~~~~~~~~~~~~~~~~~~~~[m[K
[8.217s] [01m[K/home/orin/test_ws/src/rplidar_ros/sdk/src/sl_lidar_driver.cpp:[m[K In member function ‘[01m[Kvirtual sl_result sl::SlamtecLidarDriver::getMotorInfo(sl::LidarMotorInfo&, sl_u32)[m[K’:
[8.225s] [01m[K/home/orin/test_ws/src/rplidar_ros/sdk/src/sl_lidar_driver.cpp:730:66:[m[K [01;35m[Kwarning: [m[Kunused parameter ‘[01m[KtimeoutInMs[m[K’ [[01;35m[K-Wunused-parameter[m[K]
[8.225s]   730 |         sl_result getMotorInfo(LidarMotorInfo &motorInfo, [01;35m[Ksl_u32 timeoutInMs[m[K)
[8.225s]       |                                                           [01;35m[K~~~~~~~^~~~~~~~~~~[m[K
[8.247s] [01m[K/home/orin/test_ws/src/rplidar_ros/sdk/src/sl_lidar_driver.cpp:[m[K In member function ‘[01m[Ksl_result sl::SlamtecLidarDriver::_sendCommand(sl_u16, const void*, size_t)[m[K’:
[8.247s] [01m[K/home/orin/test_ws/src/rplidar_ros/sdk/src/sl_lidar_driver.cpp:1089:35:[m[K [01;35m[Kwarning: [m[Kcomparison of integer expressions of different signedness: ‘[01m[Kint[m[K’ and ‘[01m[Kstd::vector<unsigned char>::size_type[m[K’ {aka ‘[01m[Klong unsigned int[m[K’} [[01;35m[K-Wsign-compare[m[K]
[8.247s]  1089 |             for (int pos = 0; [01;35m[Kpos < cmd_packet.size()[m[K; pos++) {
[8.248s]       |                               [01;35m[K~~~~^~~~~~~~~~~~~~~~~~~[m[K
[8.248s] [01m[K/home/orin/test_ws/src/rplidar_ros/sdk/src/sl_lidar_driver.cpp:1058:19:[m[K [01;35m[Kwarning: [m[Kunused variable ‘[01m[Kpkt_header[m[K’ [[01;35m[K-Wunused-variable[m[K]
[8.248s]  1058 |             sl_u8 [01;35m[Kpkt_header[m[K[10];
[8.249s]       |                   [01;35m[K^~~~~~~~~~[m[K
[8.255s] [01m[K/home/orin/test_ws/src/rplidar_ros/sdk/src/arch/linux/net_serial.cpp:[m[K In member function ‘[01m[Kbool rp::arch::net::raw_serial::open(const char*, uint32_t, uint32_t)[m[K’:
[8.255s] [01m[K/home/orin/test_ws/src/rplidar_ros/sdk/src/arch/linux/net_serial.cpp:97:74:[m[K [01;35m[Kwarning: [m[Kunused parameter ‘[01m[Kflags[m[K’ [[01;35m[K-Wunused-parameter[m[K]
[8.256s]    97 | bool raw_serial::open(const char * portname, uint32_t baudrate, [01;35m[Kuint32_t flags[m[K)
[8.256s]       |                                                                 [01;35m[K~~~~~~~~~^~~~~[m[K
[8.258s] [01m[K/home/orin/test_ws/src/rplidar_ros/sdk/src/arch/linux/net_serial.cpp:[m[K In member function ‘[01m[Kvirtual void rp::arch::net::raw_serial::flush(_u32)[m[K’:
[8.259s] [01m[K/home/orin/test_ws/src/rplidar_ros/sdk/src/arch/linux/net_serial.cpp:281:30:[m[K [01;35m[Kwarning: [m[Kunused parameter ‘[01m[Kflags[m[K’ [[01;35m[K-Wunused-parameter[m[K]
[8.259s]   281 | void raw_serial::flush( [01;35m[K_u32 flags[m[K)
[8.259s]       |                         [01;35m[K~~~~~^~~~~[m[K
[8.259s] [01m[K/home/orin/test_ws/src/rplidar_ros/sdk/src/arch/linux/net_serial.cpp:[m[K In member function ‘[01m[Kvirtual int rp::arch::net::raw_serial::waitforsent(_u32, size_t*)[m[K’:
[8.259s] [01m[K/home/orin/test_ws/src/rplidar_ros/sdk/src/arch/linux/net_serial.cpp:286:34:[m[K [01;35m[Kwarning: [m[Kunused parameter ‘[01m[Ktimeout[m[K’ [[01;35m[K-Wunused-parameter[m[K]
[8.259s]   286 | int raw_serial::waitforsent([01;35m[K_u32 timeout[m[K, size_t * returned_size)
[8.259s]       |                             [01;35m[K~~~~~^~~~~~~[m[K
[8.260s] [01m[K/home/orin/test_ws/src/rplidar_ros/sdk/src/arch/linux/net_serial.cpp:[m[K In member function ‘[01m[Kvirtual int rp::arch::net::raw_serial::waitforrecv(_u32, size_t*)[m[K’:
[8.260s] [01m[K/home/orin/test_ws/src/rplidar_ros/sdk/src/arch/linux/net_serial.cpp:292:34:[m[K [01;35m[Kwarning: [m[Kunused parameter ‘[01m[Ktimeout[m[K’ [[01;35m[K-Wunused-parameter[m[K]
[8.260s]   292 | int raw_serial::waitforrecv([01;35m[K_u32 timeout[m[K, size_t * returned_size)
[8.260s]       |                             [01;35m[K~~~~~^~~~~~~[m[K
[8.272s] [01m[K/home/orin/test_ws/src/rplidar_ros/sdk/src/sl_lidar_driver.cpp:[m[K In member function ‘[01m[Kvoid sl::SlamtecLidarDriver::_ultraCapsuleToNormal(const sl_lidar_response_ultra_capsule_measurement_nodes_t&, sl_lidar_response_measurement_node_hq_t*, size_t&)[m[K’:
[8.273s] [01m[K/home/orin/test_ws/src/rplidar_ros/sdk/src/sl_lidar_driver.cpp:1370:40:[m[K [01;35m[Kwarning: [m[Kcomparison of integer expressions of different signedness: ‘[01m[Kint[m[K’ and ‘[01m[Kunsigned int[m[K’ [[01;35m[K-Wsign-compare[m[K]
[8.273s]  1370 |                     if (([01;35m[Kdist_predict1 == 0xFFFFFE00[m[K) || (dist_predict1 == 0x1FF)) {
[8.273s]       |                          [01;35m[K~~~~~~~~~~~~~~^~~~~~~~~~~~~[m[K
[8.273s] [01m[K/home/orin/test_ws/src/rplidar_ros/sdk/src/sl_lidar_driver.cpp:1379:40:[m[K [01;35m[Kwarning: [m[Kcomparison of integer expressions of different signedness: ‘[01m[Kint[m[K’ and ‘[01m[Kunsigned int[m[K’ [[01;35m[K-Wsign-compare[m[K]
[8.274s]  1379 |                     if (([01;35m[Kdist_predict2 == 0xFFFFFE00[m[K) || (dist_predict2 == 0x1FF)) {
[8.274s]       |                          [01;35m[K~~~~~~~~~~~~~~^~~~~~~~~~~~~[m[K
[8.289s] [01m[K/home/orin/test_ws/src/rplidar_ros/sdk/src/sl_lidar_driver.cpp:[m[K In member function ‘[01m[Kvoid sl::SlamtecLidarDriver::_dense_capsuleToNormal(const sl_lidar_response_capsule_measurement_nodes_t&, sl_lidar_response_measurement_node_hq_t*, size_t&)[m[K’:
[8.289s] [01m[K/home/orin/test_ws/src/rplidar_ros/sdk/src/sl_lidar_driver.cpp:1577:116:[m[K [01;35m[Kwarning: [m[Ktype qualifiers ignored on cast result type [[01;35m[K-Wignored-qualifiers[m[K]
[8.290s]  1577 |                     const int dist = static_cast<const int>(_cached_previous_dense_capsuledata.cabins[pos].distance[01;35m[K)[m[K;
[8.290s]       |                                                                                                                    [01;35m[K^[m[K
[8.489s] In file included from [01m[K/home/orin/test_ws/src/rplidar_ros/./sdk/include/sl_lidar_cmd.h:36[m[K,
[8.489s]                  from [01m[K/home/orin/test_ws/src/rplidar_ros/./sdk/include/sl_lidar_driver.h:54[m[K,
[8.489s]                  from [01m[K/home/orin/test_ws/src/rplidar_ros/sdk/src/sl_tcp_channel.cpp:33[m[K:
[8.489s] [01m[K/home/orin/test_ws/src/rplidar_ros/./sdk/include/sl_lidar_protocol.h:58:16:[m[K [01;35m[Kwarning: [m[KISO C++ forbids zero-size array ‘[01m[Kdata[m[K’ [[01;35m[K-Wpedantic[m[K]
[8.489s]    58 |     sl_u8 data[[01;35m[K0[m[K];
[8.489s]       |                [01;35m[K^[m[K
[8.500s] In file included from [01m[K/home/orin/test_ws/src/rplidar_ros/./sdk/include/sl_lidar_driver.h:54[m[K,
[8.500s]                  from [01m[K/home/orin/test_ws/src/rplidar_ros/sdk/src/sl_tcp_channel.cpp:33[m[K:
[8.500s] [01m[K/home/orin/test_ws/src/rplidar_ros/./sdk/include/sl_lidar_cmd.h:295:20:[m[K [01;35m[Kwarning: [m[KISO C++ forbids zero-size array ‘[01m[Kpayload[m[K’ [[01;35m[K-Wpedantic[m[K]
[8.501s]   295 |     sl_u8  payload[[01;35m[K0[m[K];
[8.501s]       |                    [01;35m[K^[m[K
[8.539s] [01m[K/home/orin/test_ws/src/rplidar_ros/sdk/src/sl_tcp_channel.cpp:[m[K In member function ‘[01m[Kvoid sl::TcpChannel::setStatus(_u32)[m[K’:
[8.539s] [01m[K/home/orin/test_ws/src/rplidar_ros/sdk/src/sl_tcp_channel.cpp:94:29:[m[K [01;35m[Kwarning: [m[Kunused parameter ‘[01m[Kflag[m[K’ [[01;35m[K-Wunused-parameter[m[K]
[8.539s]    94 |         void setStatus([01;35m[K_u32 flag[m[K){}
[8.539s]       |                        [01;35m[K~~~~~^~~~[m[K
[8.599s] [01m[K/home/orin/test_ws/src/rplidar_ros/sdk/src/sl_lidar_driver.cpp:[m[K At global scope:
[8.600s] [01m[K/home/orin/test_ws/src/rplidar_ros/sdk/src/sl_lidar_driver.cpp:72:17:[m[K [01;35m[Kwarning: [m[K‘[01m[Kvoid sl::convert(const sl_lidar_response_measurement_node_hq_t&, sl_lidar_response_measurement_node_t&)[m[K’ defined but not used [[01;35m[K-Wunused-function[m[K]
[8.600s]    72 |     static void [01;35m[Kconvert[m[K(const sl_lidar_response_measurement_node_hq_t& from, sl_lidar_response_measurement_node_t& to)
[8.600s]       |                 [01;35m[K^~~~~~~[m[K
[8.600s] [01m[K/home/orin/test_ws/src/rplidar_ros/sdk/src/sl_lidar_driver.cpp:59:17:[m[K [01;35m[Kwarning: [m[K‘[01m[Kvoid sl::printDeprecationWarn(const char*, const char*)[m[K’ defined but not used [[01;35m[K-Wunused-function[m[K]
[8.600s]    59 |     static void [01;35m[KprintDeprecationWarn[m[K(const char* fn, const char* replacement)
[8.600s]       |                 [01;35m[K^~~~~~~~~~~~~~~~~~~~[m[K
[9.367s] In file included from [01m[K/home/orin/test_ws/src/rplidar_ros/./sdk/include/rplidar_protocol.h:36[m[K,
[9.368s]                  from [01m[K/home/orin/test_ws/src/rplidar_ros/./sdk/include/rplidar.h:39[m[K,
[9.368s]                  from [01m[K/home/orin/test_ws/src/rplidar_ros/./sdk/src/sdkcommon.h:49[m[K,
[9.368s]                  from [01m[K/home/orin/test_ws/src/rplidar_ros/sdk/src/hal/thread.cpp:35[m[K:
[9.369s] [01m[K/home/orin/test_ws/src/rplidar_ros/./sdk/include/sl_lidar_protocol.h:58:16:[m[K [01;35m[Kwarning: [m[KISO C++ forbids zero-size array ‘[01m[Kdata[m[K’ [[01;35m[K-Wpedantic[m[K]
[9.369s]    58 |     sl_u8 data[[01;35m[K0[m[K];
[9.369s]       |                [01;35m[K^[m[K
[9.369s] In file included from [01m[K/home/orin/test_ws/src/rplidar_ros/./sdk/include/rplidar_cmd.h:36[m[K,
[9.369s]                  from [01m[K/home/orin/test_ws/src/rplidar_ros/./sdk/include/rplidar.h:40[m[K,
[9.369s]                  from [01m[K/home/orin/test_ws/src/rplidar_ros/./sdk/src/sdkcommon.h:49[m[K,
[9.369s]                  from [01m[K/home/orin/test_ws/src/rplidar_ros/sdk/src/hal/thread.cpp:35[m[K:
[9.370s] [01m[K/home/orin/test_ws/src/rplidar_ros/./sdk/include/sl_lidar_cmd.h:295:20:[m[K [01;35m[Kwarning: [m[KISO C++ forbids zero-size array ‘[01m[Kpayload[m[K’ [[01;35m[K-Wpedantic[m[K]
[9.370s]   295 |     sl_u8  payload[[01;35m[K0[m[K];
[9.370s]       |                    [01;35m[K^[m[K
[9.671s] In file included from [01m[K/home/orin/test_ws/src/rplidar_ros/sdk/src/hal/thread.cpp:43[m[K:
[9.671s] [01m[K/home/orin/test_ws/src/rplidar_ros/./sdk/src/arch/linux/thread.hpp:[m[K In static member function ‘[01m[Kstatic rp::hal::Thread rp::hal::Thread::create(thread_proc_t, void*)[m[K’:
[9.671s] [01m[K/home/orin/test_ws/src/rplidar_ros/./sdk/src/arch/linux/thread.hpp:48:77:[m[K [01;35m[Kwarning: [m[Kcast between incompatible function types from ‘[01m[Kthread_proc_t[m[K’ {aka ‘[01m[Klong unsigned int (*)(void*)[m[K’} to ‘[01m[Kvoid* (*)(void*)[m[K’ [[01;35m[K-Wcast-function-type[m[K]
[9.672s]    48 |     pthread_create((pthread_t *)&newborn._handle, NULL, (void * (*)(void *))[01;35m[Kproc[m[K, data);
[9.672s]       |                                                                             [01;35m[K^~~~[m[K
[9.674s] [01m[K/home/orin/test_ws/src/rplidar_ros/./sdk/src/arch/linux/thread.hpp:[m[K In member function ‘[01m[Ku_result rp::hal::Thread::join(long unsigned int)[m[K’:
[9.675s] [01m[K/home/orin/test_ws/src/rplidar_ros/./sdk/src/arch/linux/thread.hpp:129:37:[m[K [01;35m[Kwarning: [m[Kunused parameter ‘[01m[Ktimeout[m[K’ [[01;35m[K-Wunused-parameter[m[K]
[9.675s]   129 | u_result Thread::join([01;35m[Kunsigned long timeout[m[K)
[9.678s]       |                       [01;35m[K~~~~~~~~~~~~~~^~~~~~~[m[K
[9.687s] In file included from [01m[K/home/orin/test_ws/src/rplidar_ros/./sdk/include/rplidar_protocol.h:36[m[K,
[9.687s]                  from [01m[K/home/orin/test_ws/src/rplidar_ros/./sdk/include/rplidar.h:39[m[K,
[9.687s]                  from [01m[K/home/orin/test_ws/src/rplidar_ros/sdk/src/sdkcommon.h:49[m[K,
[9.687s]                  from [01m[K/home/orin/test_ws/src/rplidar_ros/sdk/src/rplidar_driver.cpp:33[m[K:
[9.687s] [01m[K/home/orin/test_ws/src/rplidar_ros/./sdk/include/sl_lidar_protocol.h:58:16:[m[K [01;35m[Kwarning: [m[KISO C++ forbids zero-size array ‘[01m[Kdata[m[K’ [[01;35m[K-Wpedantic[m[K]
[9.687s]    58 |     sl_u8 data[[01;35m[K0[m[K];
[9.688s]       |                [01;35m[K^[m[K
[9.688s] In file included from [01m[K/home/orin/test_ws/src/rplidar_ros/./sdk/include/rplidar_cmd.h:36[m[K,
[9.688s]                  from [01m[K/home/orin/test_ws/src/rplidar_ros/./sdk/include/rplidar.h:40[m[K,
[9.688s]                  from [01m[K/home/orin/test_ws/src/rplidar_ros/sdk/src/sdkcommon.h:49[m[K,
[9.688s]                  from [01m[K/home/orin/test_ws/src/rplidar_ros/sdk/src/rplidar_driver.cpp:33[m[K:
[9.688s] [01m[K/home/orin/test_ws/src/rplidar_ros/./sdk/include/sl_lidar_cmd.h:295:20:[m[K [01;35m[Kwarning: [m[KISO C++ forbids zero-size array ‘[01m[Kpayload[m[K’ [[01;35m[K-Wpedantic[m[K]
[9.688s]   295 |     sl_u8  payload[[01;35m[K0[m[K];
[9.689s]       |                    [01;35m[K^[m[K
[10.185s] [01m[K/home/orin/test_ws/src/rplidar_ros/sdk/src/rplidar_driver.cpp:[m[K In member function ‘[01m[Ku_result rp::standalone::rplidar::RPlidarDriver::connect(const char*, _u32, _u32)[m[K’:
[10.187s] [01m[K/home/orin/test_ws/src/rplidar_ros/sdk/src/rplidar_driver.cpp:67:77:[m[K [01;35m[Kwarning: [m[Kunused parameter ‘[01m[Kflag[m[K’ [[01;35m[K-Wunused-parameter[m[K]
[10.187s]    67 |     u_result RPlidarDriver::connect(const char *path, _u32 portOrBaud, [01;35m[K_u32 flag[m[K)
[10.187s]       |                                                                        [01;35m[K~~~~~^~~~[m[K
[10.187s] [01m[K/home/orin/test_ws/src/rplidar_ros/sdk/src/rplidar_driver.cpp:[m[K In member function ‘[01m[Ku_result rp::standalone::rplidar::RPlidarDriver::reset(_u32)[m[K’:
[10.188s] [01m[K/home/orin/test_ws/src/rplidar_ros/sdk/src/rplidar_driver.cpp:101:40:[m[K [01;35m[Kwarning: [m[Kunused parameter ‘[01m[Ktimeout[m[K’ [[01;35m[K-Wunused-parameter[m[K]
[10.188s]   101 |     u_result RPlidarDriver::reset([01;35m[K_u32 timeout[m[K)
[10.193s]       |                                   [01;35m[K~~~~~^~~~~~~[m[K
[10.204s] [01m[K/home/orin/test_ws/src/rplidar_ros/sdk/src/rplidar_driver.cpp:[m[K In member function ‘[01m[Ku_result rp::standalone::rplidar::RPlidarDriver::getScanDataWithInterval(rplidar_response_measurement_node_t*, size_t&)[m[K’:
[10.205s] [01m[K/home/orin/test_ws/src/rplidar_ros/sdk/src/rplidar_driver.cpp:175:91:[m[K [01;35m[Kwarning: [m[Kunused parameter ‘[01m[Knodebuffer[m[K’ [[01;35m[K-Wunused-parameter[m[K]
[10.205s]   175 |     u_result RPlidarDriver::getScanDataWithInterval([01;35m[Krplidar_response_measurement_node_t * nodebuffer[m[K, size_t & count)
[10.205s]       |                                                     [01;35m[K~~~~~~~~~~~~~~~~~~~~~~~~~~~~~~~~~~~~~~^~~~~~~~~~[m[K
[10.205s] [01m[K/home/orin/test_ws/src/rplidar_ros/sdk/src/rplidar_driver.cpp:175:112:[m[K [01;35m[Kwarning: [m[Kunused parameter ‘[01m[Kcount[m[K’ [[01;35m[K-Wunused-parameter[m[K]
[10.205s]   175 |     u_result RPlidarDriver::getScanDataWithInterval(rplidar_response_measurement_node_t * nodebuffer, [01;35m[Ksize_t & count[m[K)
[10.206s]       |                                                                                                       [01;35m[K~~~~~~~~~^~~~~[m[K
[11.729s] In file included from [01m[K/home/orin/test_ws/src/rplidar_ros/./sdk/include/sl_lidar_cmd.h:36[m[K,
[11.736s]                  from [01m[K/home/orin/test_ws/src/rplidar_ros/./sdk/include/sl_lidar_driver.h:54[m[K,
[11.737s]                  from [01m[K/home/orin/test_ws/src/rplidar_ros/./sdk/include/sl_lidar.h:36[m[K,
[11.737s]                  from [01m[K/home/orin/test_ws/src/rplidar_ros/src/rplidar_node.cpp:38[m[K:
[11.738s] [01m[K/home/orin/test_ws/src/rplidar_ros/./sdk/include/sl_lidar_protocol.h:58:16:[m[K [01;35m[Kwarning: [m[KISO C++ forbids zero-size array ‘[01m[Kdata[m[K’ [[01;35m[K-Wpedantic[m[K]
[11.738s]    58 |     sl_u8 data[[01;35m[K0[m[K];
[11.738s]       |                [01;35m[K^[m[K
[11.739s] In file included from [01m[K/home/orin/test_ws/src/rplidar_ros/./sdk/include/sl_lidar_driver.h:54[m[K,
[11.739s]                  from [01m[K/home/orin/test_ws/src/rplidar_ros/./sdk/include/sl_lidar.h:36[m[K,
[11.739s]                  from [01m[K/home/orin/test_ws/src/rplidar_ros/src/rplidar_node.cpp:38[m[K:
[11.739s] [01m[K/home/orin/test_ws/src/rplidar_ros/./sdk/include/sl_lidar_cmd.h:295:20:[m[K [01;35m[Kwarning: [m[KISO C++ forbids zero-size array ‘[01m[Kpayload[m[K’ [[01;35m[K-Wpedantic[m[K]
[11.739s]   295 |     sl_u8  payload[[01;35m[K0[m[K];
[11.740s]       |                    [01;35m[K^[m[K
[18.448s] [ 92%] [32m[1mLinking CXX executable rplidar_node[0m
[19.769s] [ 92%] Built target rplidar_node
[23.913s] [100%] [32m[1mLinking CXX executable rplidar_client[0m
[24.401s] [100%] Built target rplidar_client
[24.423s] Invoked command in '/home/orin/test_ws/src/build/rplidar_ros' returned '0': CMAKE_PREFIX_PATH=/opt/ros/foxy /usr/local/bin/cmake --build /home/orin/test_ws/src/build/rplidar_ros -- -j12 -l12
[24.429s] Invoking command in '/home/orin/test_ws/src/build/rplidar_ros': CMAKE_PREFIX_PATH=/opt/ros/foxy /usr/local/bin/cmake --install /home/orin/test_ws/src/build/rplidar_ros
[24.493s] -- Install configuration: ""
[24.494s] -- Installing: /home/orin/test_ws/src/install/rplidar_ros/share/rplidar_ros/launch
[24.494s] -- Installing: /home/orin/test_ws/src/install/rplidar_ros/share/rplidar_ros/launch/rplidar_s1_tcp_launch.py
[24.494s] -- Installing: /home/orin/test_ws/src/install/rplidar_ros/share/rplidar_ros/launch/rplidar_t1_launch.py
[24.495s] -- Installing: /home/orin/test_ws/src/install/rplidar_ros/share/rplidar_ros/launch/view_rplidar_a1_launch.py
[24.495s] -- Installing: /home/orin/test_ws/src/install/rplidar_ros/share/rplidar_ros/launch/rplidar_a3_launch.py
[24.495s] -- Installing: /home/orin/test_ws/src/install/rplidar_ros/share/rplidar_ros/launch/rplidar_a2m7_launch.py
[24.496s] -- Installing: /home/orin/test_ws/src/install/rplidar_ros/share/rplidar_ros/launch/view_rplidar_t1_launch.py
[24.496s] -- Installing: /home/orin/test_ws/src/install/rplidar_ros/share/rplidar_ros/launch/view_rplidar_s1_launch.py
[24.497s] -- Installing: /home/orin/test_ws/src/install/rplidar_ros/share/rplidar_ros/launch/view_rplidar_s2e_launch.py
[24.497s] -- Installing: /home/orin/test_ws/src/install/rplidar_ros/share/rplidar_ros/launch/rplidar_s2e_launch.py
[24.497s] -- Installing: /home/orin/test_ws/src/install/rplidar_ros/share/rplidar_ros/launch/view_rplidar_s3_launch.py
[24.498s] -- Installing: /home/orin/test_ws/src/install/rplidar_ros/share/rplidar_ros/launch/view_rplidar_a2m7_launch.py
[24.498s] -- Installing: /home/orin/test_ws/src/install/rplidar_ros/share/rplidar_ros/launch/view_rplidar_s1_tcp_launch.py
[24.498s] -- Installing: /home/orin/test_ws/src/install/rplidar_ros/share/rplidar_ros/launch/rplidar_s1_launch.py
[24.499s] -- Installing: /home/orin/test_ws/src/install/rplidar_ros/share/rplidar_ros/launch/view_rplidar_a2m8_launch.py
[24.499s] -- Installing: /home/orin/test_ws/src/install/rplidar_ros/share/rplidar_ros/launch/rplidar_s2_launch.py
[24.499s] -- Installing: /home/orin/test_ws/src/install/rplidar_ros/share/rplidar_ros/launch/view_rplidar_a2m12_launch.py
[24.500s] -- Installing: /home/orin/test_ws/src/install/rplidar_ros/share/rplidar_ros/launch/view_rplidar_s2_launch.py
[24.500s] -- Installing: /home/orin/test_ws/src/install/rplidar_ros/share/rplidar_ros/launch/rplidar_a2m12_launch.py
[24.500s] -- Installing: /home/orin/test_ws/src/install/rplidar_ros/share/rplidar_ros/launch/view_rplidar_a3_launch.py
[24.501s] -- Installing: /home/orin/test_ws/src/install/rplidar_ros/share/rplidar_ros/launch/rplidar_s3_launch.py
[24.501s] -- Installing: /home/orin/test_ws/src/install/rplidar_ros/share/rplidar_ros/launch/rplidar_a2m8_launch.py
[24.501s] -- Installing: /home/orin/test_ws/src/install/rplidar_ros/share/rplidar_ros/launch/rplidar_a1_launch.py
[24.502s] -- Installing: /home/orin/test_ws/src/install/rplidar_ros/share/rplidar_ros/rviz
[24.502s] -- Installing: /home/orin/test_ws/src/install/rplidar_ros/share/rplidar_ros/rviz/rplidar_ros.rviz
[24.503s] -- Installing: /home/orin/test_ws/src/install/rplidar_ros/lib/rplidar_ros/rplidar_node
[24.506s] -- Set runtime path of "/home/orin/test_ws/src/install/rplidar_ros/lib/rplidar_ros/rplidar_node" to ""
[24.506s] -- Installing: /home/orin/test_ws/src/install/rplidar_ros/lib/rplidar_ros/rplidar_client
[24.510s] -- Set runtime path of "/home/orin/test_ws/src/install/rplidar_ros/lib/rplidar_ros/rplidar_client" to ""
[24.510s] -- Installing: /home/orin/test_ws/src/install/rplidar_ros/share/ament_index/resource_index/package_run_dependencies/rplidar_ros
[24.511s] -- Installing: /home/orin/test_ws/src/install/rplidar_ros/share/ament_index/resource_index/parent_prefix_path/rplidar_ros
[24.511s] -- Installing: /home/orin/test_ws/src/install/rplidar_ros/share/rplidar_ros/environment/ament_prefix_path.sh
[24.511s] -- Installing: /home/orin/test_ws/src/install/rplidar_ros/share/rplidar_ros/environment/ament_prefix_path.dsv
[24.512s] -- Installing: /home/orin/test_ws/src/install/rplidar_ros/share/rplidar_ros/environment/path.sh
[24.512s] -- Installing: /home/orin/test_ws/src/install/rplidar_ros/share/rplidar_ros/environment/path.dsv
[24.512s] -- Installing: /home/orin/test_ws/src/install/rplidar_ros/share/rplidar_ros/local_setup.bash
[24.512s] -- Installing: /home/orin/test_ws/src/install/rplidar_ros/share/rplidar_ros/local_setup.sh
[24.513s] -- Installing: /home/orin/test_ws/src/install/rplidar_ros/share/rplidar_ros/local_setup.zsh
[24.513s] -- Installing: /home/orin/test_ws/src/install/rplidar_ros/share/rplidar_ros/local_setup.dsv
[24.513s] -- Installing: /home/orin/test_ws/src/install/rplidar_ros/share/rplidar_ros/package.dsv
[24.514s] -- Installing: /home/orin/test_ws/src/install/rplidar_ros/share/ament_index/resource_index/packages/rplidar_ros
[24.514s] -- Installing: /home/orin/test_ws/src/install/rplidar_ros/share/rplidar_ros/cmake/ament_cmake_export_dependencies-extras.cmake
[24.514s] -- Installing: /home/orin/test_ws/src/install/rplidar_ros/share/rplidar_ros/cmake/ament_cmake_export_include_directories-extras.cmake
[24.515s] -- Installing: /home/orin/test_ws/src/install/rplidar_ros/share/rplidar_ros/cmake/rplidar_rosConfig.cmake
[24.515s] -- Installing: /home/orin/test_ws/src/install/rplidar_ros/share/rplidar_ros/cmake/rplidar_rosConfig-version.cmake
[24.515s] -- Installing: /home/orin/test_ws/src/install/rplidar_ros/share/rplidar_ros/package.xml
[24.529s] Invoked command in '/home/orin/test_ws/src/build/rplidar_ros' returned '0': CMAKE_PREFIX_PATH=/opt/ros/foxy /usr/local/bin/cmake --install /home/orin/test_ws/src/build/rplidar_ros
