Performing C SOURCE FILE Test CMAKE_HAVE_LIBC_PTHREAD failed with the following output:
Change Dir: /home/orin/test_ws/src/build/dynamixel_sdk_examples/CMakeFiles/CMakeScratch/TryCompile-TYoozt

Run Build Command(s):/usr/bin/make -f Makefile cmTC_36e0f/fast && /usr/bin/make  -f CMakeFiles/cmTC_36e0f.dir/build.make CMakeFiles/cmTC_36e0f.dir/build
make[1]: Entering directory '/home/orin/test_ws/src/build/dynamixel_sdk_examples/CMakeFiles/CMakeScratch/TryCompile-TYoozt'
Building C object CMakeFiles/cmTC_36e0f.dir/src.c.o
/usr/bin/cc -DCMAKE_HAVE_LIBC_PTHREAD   -o CMakeFiles/cmTC_36e0f.dir/src.c.o -c /home/orin/test_ws/src/build/dynamixel_sdk_examples/CMakeFiles/CMakeScratch/TryCompile-TYoozt/src.c
Linking C executable cmTC_36e0f
/usr/local/lib/python3.8/dist-packages/cmake/data/bin/cmake -E cmake_link_script CMakeFiles/cmTC_36e0f.dir/link.txt --verbose=1
/usr/bin/cc CMakeFiles/cmTC_36e0f.dir/src.c.o -o cmTC_36e0f 
/usr/bin/ld: CMakeFiles/cmTC_36e0f.dir/src.c.o: in function `main':
src.c:(.text+0x48): undefined reference to `pthread_create'
/usr/bin/ld: src.c:(.text+0x50): undefined reference to `pthread_detach'
/usr/bin/ld: src.c:(.text+0x58): undefined reference to `pthread_cancel'
/usr/bin/ld: src.c:(.text+0x64): undefined reference to `pthread_join'
collect2: error: ld returned 1 exit status
make[1]: *** [CMakeFiles/cmTC_36e0f.dir/build.make:99: cmTC_36e0f] Error 1
make[1]: Leaving directory '/home/orin/test_ws/src/build/dynamixel_sdk_examples/CMakeFiles/CMakeScratch/TryCompile-TYoozt'
make: *** [Makefile:127: cmTC_36e0f/fast] Error 2


Source file was:
#include <pthread.h>

static void* test_func(void* data)
{
  return data;
}

int main(void)
{
  pthread_t thread;
  pthread_create(&thread, NULL, test_func, NULL);
  pthread_detach(thread);
  pthread_cancel(thread);
  pthread_join(thread, NULL);
  pthread_atfork(NULL, NULL, NULL);
  pthread_exit(NULL);

  return 0;
}


Determining if the function pthread_create exists in the pthreads failed with the following output:
Change Dir: /home/orin/test_ws/src/build/dynamixel_sdk_examples/CMakeFiles/CMakeScratch/TryCompile-luEIBu

Run Build Command(s):/usr/bin/make -f Makefile cmTC_849e2/fast && /usr/bin/make  -f CMakeFiles/cmTC_849e2.dir/build.make CMakeFiles/cmTC_849e2.dir/build
make[1]: Entering directory '/home/orin/test_ws/src/build/dynamixel_sdk_examples/CMakeFiles/CMakeScratch/TryCompile-luEIBu'
Building C object CMakeFiles/cmTC_849e2.dir/CheckFunctionExists.c.o
/usr/bin/cc   -DCHECK_FUNCTION_EXISTS=pthread_create -o CMakeFiles/cmTC_849e2.dir/CheckFunctionExists.c.o -c /home/orin/test_ws/src/build/dynamixel_sdk_examples/CMakeFiles/CMakeScratch/TryCompile-luEIBu/CheckFunctionExists.c
Linking C executable cmTC_849e2
/usr/local/lib/python3.8/dist-packages/cmake/data/bin/cmake -E cmake_link_script CMakeFiles/cmTC_849e2.dir/link.txt --verbose=1
/usr/bin/cc  -DCHECK_FUNCTION_EXISTS=pthread_create CMakeFiles/cmTC_849e2.dir/CheckFunctionExists.c.o -o cmTC_849e2  -lpthreads 
/usr/bin/ld: cannot find -lpthreads
collect2: error: ld returned 1 exit status
make[1]: *** [CMakeFiles/cmTC_849e2.dir/build.make:99: cmTC_849e2] Error 1
make[1]: Leaving directory '/home/orin/test_ws/src/build/dynamixel_sdk_examples/CMakeFiles/CMakeScratch/TryCompile-luEIBu'
make: *** [Makefile:127: cmTC_849e2/fast] Error 2



