[3.244s] Invoking command in '/home/orin/test_ws/src/detect/object_detection': PYTHONPATH=/home/orin/test_ws/src/build/object_detection/prefix_override:/usr/lib/python3/dist-packages/colcon_core/task/python/colcon_distutils_commands:/home/orin/test_ws/src/install/object_detection/lib/python3.8/site-packages:${PYTHONPATH} /usr/bin/python3 -W ignore:setup.py install is deprecated -W ignore:easy_install command is deprecated setup.py egg_info --egg-base ../../build/object_detection build --build-base /home/orin/test_ws/src/build/object_detection/build install --record /home/orin/test_ws/src/build/object_detection/install.log --single-version-externally-managed install_data
[3.796s] running egg_info
[3.797s] creating ../../build/object_detection/object_detection.egg-info
[3.800s] writing ../../build/object_detection/object_detection.egg-info/PKG-INFO
[3.800s] writing dependency_links to ../../build/object_detection/object_detection.egg-info/dependency_links.txt
[3.800s] writing entry points to ../../build/object_detection/object_detection.egg-info/entry_points.txt
[3.801s] writing requirements to ../../build/object_detection/object_detection.egg-info/requires.txt
[3.802s] writing top-level names to ../../build/object_detection/object_detection.egg-info/top_level.txt
[3.802s] writing manifest file '../../build/object_detection/object_detection.egg-info/SOURCES.txt'
[3.869s] reading manifest file '../../build/object_detection/object_detection.egg-info/SOURCES.txt'
[3.870s] writing manifest file '../../build/object_detection/object_detection.egg-info/SOURCES.txt'
[3.870s] running build
[3.871s] running build_py
[3.871s] creating /home/orin/test_ws/src/build/object_detection/build
[3.871s] creating /home/orin/test_ws/src/build/object_detection/build/lib
[3.872s] creating /home/orin/test_ws/src/build/object_detection/build/lib/object_detection
[3.872s] copying object_detection/__init__.py -> /home/orin/test_ws/src/build/object_detection/build/lib/object_detection
[3.872s] copying object_detection/object_detection.py -> /home/orin/test_ws/src/build/object_detection/build/lib/object_detection
[3.872s] running install
[3.874s] running install_lib
[3.877s] creating /home/orin/test_ws/src/install/object_detection/lib/python3.8/site-packages/object_detection
[3.877s] copying /home/orin/test_ws/src/build/object_detection/build/lib/object_detection/__init__.py -> /home/orin/test_ws/src/install/object_detection/lib/python3.8/site-packages/object_detection
[3.877s] copying /home/orin/test_ws/src/build/object_detection/build/lib/object_detection/object_detection.py -> /home/orin/test_ws/src/install/object_detection/lib/python3.8/site-packages/object_detection
[3.878s] byte-compiling /home/orin/test_ws/src/install/object_detection/lib/python3.8/site-packages/object_detection/__init__.py to __init__.cpython-38.pyc
[3.881s] byte-compiling /home/orin/test_ws/src/install/object_detection/lib/python3.8/site-packages/object_detection/object_detection.py to object_detection.cpython-38.pyc
[3.887s] running install_data
[3.888s] creating /home/orin/test_ws/src/install/object_detection/share/ament_index
[3.888s] creating /home/orin/test_ws/src/install/object_detection/share/ament_index/resource_index
[3.888s] creating /home/orin/test_ws/src/install/object_detection/share/ament_index/resource_index/packages
[3.888s] copying resource/object_detection -> /home/orin/test_ws/src/install/object_detection/share/ament_index/resource_index/packages
[3.888s] copying package.xml -> /home/orin/test_ws/src/install/object_detection/share/object_detection
[3.888s] creating /home/orin/test_ws/src/install/object_detection/share/object_detection/launch
[3.889s] copying launch/object_detection_launch.py -> /home/orin/test_ws/src/install/object_detection/share/object_detection/launch
[3.889s] creating /home/orin/test_ws/src/install/object_detection/share/object_detection/weights
[3.889s] copying weights/yolov7-tiny.pt -> /home/orin/test_ws/src/install/object_detection/share/object_detection/weights
[3.930s] copying weights/yolov7.pt -> /home/orin/test_ws/src/install/object_detection/share/object_detection/weights
[4.149s] copying weights/best.pt -> /home/orin/test_ws/src/install/object_detection/share/object_detection/weights
[4.406s] copying weights/sign.pt -> /home/orin/test_ws/src/install/object_detection/share/object_detection/weights
[4.643s] creating /home/orin/test_ws/src/install/object_detection/lib/object_detection
[4.644s] creating /home/orin/test_ws/src/install/object_detection/lib/object_detection/models
[4.644s] copying models/experimental.py -> /home/orin/test_ws/src/install/object_detection/lib/object_detection/models/
[4.646s] copying models/common.py -> /home/orin/test_ws/src/install/object_detection/lib/object_detection/models/
[4.648s] copying models/yolo.py -> /home/orin/test_ws/src/install/object_detection/lib/object_detection/models/
[4.651s] creating /home/orin/test_ws/src/install/object_detection/lib/object_detection/utils
[4.652s] copying utils/general.py -> /home/orin/test_ws/src/install/object_detection/lib/object_detection/utils/
[4.654s] copying utils/torch_utils.py -> /home/orin/test_ws/src/install/object_detection/lib/object_detection/utils/
[4.655s] copying utils/plots.py -> /home/orin/test_ws/src/install/object_detection/lib/object_detection/utils/
[4.656s] copying utils/datasets.py -> /home/orin/test_ws/src/install/object_detection/lib/object_detection/utils/
[4.659s] copying utils/google_utils.py -> /home/orin/test_ws/src/install/object_detection/lib/object_detection/utils/
[4.660s] copying utils/activations.py -> /home/orin/test_ws/src/install/object_detection/lib/object_detection/utils/
[4.662s] copying utils/add_nms.py -> /home/orin/test_ws/src/install/object_detection/lib/object_detection/utils/
[4.663s] copying utils/autoanchor.py -> /home/orin/test_ws/src/install/object_detection/lib/object_detection/utils/
[4.664s] copying utils/loss.py -> /home/orin/test_ws/src/install/object_detection/lib/object_detection/utils/
[4.666s] copying utils/metrics.py -> /home/orin/test_ws/src/install/object_detection/lib/object_detection/utils/
[4.670s] running install_egg_info
[4.675s] Copying ../../build/object_detection/object_detection.egg-info to /home/orin/test_ws/src/install/object_detection/lib/python3.8/site-packages/object_detection-0.0.0-py3.8.egg-info
[4.680s] running install_scripts
[4.735s] Installing object_detection script to /home/orin/test_ws/src/install/object_detection/lib/object_detection
[4.737s] writing list of installed files to '/home/orin/test_ws/src/build/object_detection/install.log'
[4.860s] Invoked command in '/home/orin/test_ws/src/detect/object_detection' returned '0': PYTHONPATH=/home/orin/test_ws/src/build/object_detection/prefix_override:/usr/lib/python3/dist-packages/colcon_core/task/python/colcon_distutils_commands:/home/orin/test_ws/src/install/object_detection/lib/python3.8/site-packages:${PYTHONPATH} /usr/bin/python3 -W ignore:setup.py install is deprecated -W ignore:easy_install command is deprecated setup.py egg_info --egg-base ../../build/object_detection build --build-base /home/orin/test_ws/src/build/object_detection/build install --record /home/orin/test_ws/src/build/object_detection/install.log --single-version-externally-managed install_data
