[5.639s] Invoking command in '/home/orin/test_ws/src/turtlebot3/turtlebot3_teleop': PYTHONPATH=/home/orin/test_ws/src/build/turtlebot3_teleop/prefix_override:/usr/lib/python3/dist-packages/colcon_core/task/python/colcon_distutils_commands:/home/orin/test_ws/src/install/turtlebot3_teleop/lib/python3.8/site-packages:${PYTHONPATH} /usr/bin/python3 -W ignore:setup.py install is deprecated -W ignore:easy_install command is deprecated setup.py egg_info --egg-base ../../build/turtlebot3_teleop build --build-base /home/orin/test_ws/src/build/turtlebot3_teleop/build install --record /home/orin/test_ws/src/build/turtlebot3_teleop/install.log --single-version-externally-managed install_data
[6.420s] running egg_info
[6.421s] creating ../../build/turtlebot3_teleop/turtlebot3_teleop.egg-info
[6.421s] writing ../../build/turtlebot3_teleop/turtlebot3_teleop.egg-info/PKG-INFO
[6.422s] writing dependency_links to ../../build/turtlebot3_teleop/turtlebot3_teleop.egg-info/dependency_links.txt
[6.422s] writing entry points to ../../build/turtlebot3_teleop/turtlebot3_teleop.egg-info/entry_points.txt
[6.426s] writing requirements to ../../build/turtlebot3_teleop/turtlebot3_teleop.egg-info/requires.txt
[6.427s] writing top-level names to ../../build/turtlebot3_teleop/turtlebot3_teleop.egg-info/top_level.txt
[6.455s] writing manifest file '../../build/turtlebot3_teleop/turtlebot3_teleop.egg-info/SOURCES.txt'
[6.535s] reading manifest file '../../build/turtlebot3_teleop/turtlebot3_teleop.egg-info/SOURCES.txt'
[6.543s] writing manifest file '../../build/turtlebot3_teleop/turtlebot3_teleop.egg-info/SOURCES.txt'
[6.543s] running build
[6.543s] running build_py
[6.544s] creating /home/orin/test_ws/src/build/turtlebot3_teleop/build
[6.544s] creating /home/orin/test_ws/src/build/turtlebot3_teleop/build/lib
[6.544s] creating /home/orin/test_ws/src/build/turtlebot3_teleop/build/lib/turtlebot3_teleop
[6.544s] copying turtlebot3_teleop/__init__.py -> /home/orin/test_ws/src/build/turtlebot3_teleop/build/lib/turtlebot3_teleop
[6.545s] creating /home/orin/test_ws/src/build/turtlebot3_teleop/build/lib/turtlebot3_teleop/script
[6.545s] copying turtlebot3_teleop/script/__init__.py -> /home/orin/test_ws/src/build/turtlebot3_teleop/build/lib/turtlebot3_teleop/script
[6.546s] copying turtlebot3_teleop/script/teleop_keyboard.py -> /home/orin/test_ws/src/build/turtlebot3_teleop/build/lib/turtlebot3_teleop/script
[6.559s] running install
[6.563s] running install_lib
[6.565s] creating /home/orin/test_ws/src/install/turtlebot3_teleop/lib/python3.8/site-packages/turtlebot3_teleop
[6.566s] creating /home/orin/test_ws/src/install/turtlebot3_teleop/lib/python3.8/site-packages/turtlebot3_teleop/script
[6.567s] copying /home/orin/test_ws/src/build/turtlebot3_teleop/build/lib/turtlebot3_teleop/script/__init__.py -> /home/orin/test_ws/src/install/turtlebot3_teleop/lib/python3.8/site-packages/turtlebot3_teleop/script
[6.567s] copying /home/orin/test_ws/src/build/turtlebot3_teleop/build/lib/turtlebot3_teleop/script/teleop_keyboard.py -> /home/orin/test_ws/src/install/turtlebot3_teleop/lib/python3.8/site-packages/turtlebot3_teleop/script
[6.568s] copying /home/orin/test_ws/src/build/turtlebot3_teleop/build/lib/turtlebot3_teleop/__init__.py -> /home/orin/test_ws/src/install/turtlebot3_teleop/lib/python3.8/site-packages/turtlebot3_teleop
[6.569s] byte-compiling /home/orin/test_ws/src/install/turtlebot3_teleop/lib/python3.8/site-packages/turtlebot3_teleop/script/__init__.py to __init__.cpython-38.pyc
[6.575s] byte-compiling /home/orin/test_ws/src/install/turtlebot3_teleop/lib/python3.8/site-packages/turtlebot3_teleop/script/teleop_keyboard.py to teleop_keyboard.cpython-38.pyc
[6.577s] byte-compiling /home/orin/test_ws/src/install/turtlebot3_teleop/lib/python3.8/site-packages/turtlebot3_teleop/__init__.py to __init__.cpython-38.pyc
[6.578s] running install_data
[6.578s] creating /home/orin/test_ws/src/install/turtlebot3_teleop/share/ament_index
[6.583s] creating /home/orin/test_ws/src/install/turtlebot3_teleop/share/ament_index/resource_index
[6.583s] creating /home/orin/test_ws/src/install/turtlebot3_teleop/share/ament_index/resource_index/packages
[6.583s] copying resource/turtlebot3_teleop -> /home/orin/test_ws/src/install/turtlebot3_teleop/share/ament_index/resource_index/packages
[6.584s] copying package.xml -> /home/orin/test_ws/src/install/turtlebot3_teleop/share/turtlebot3_teleop
[6.584s] running install_egg_info
[6.585s] Copying ../../build/turtlebot3_teleop/turtlebot3_teleop.egg-info to /home/orin/test_ws/src/install/turtlebot3_teleop/lib/python3.8/site-packages/turtlebot3_teleop-2.1.5-py3.8.egg-info
[6.585s] running install_scripts
[6.630s] Installing teleop_keyboard script to /home/orin/test_ws/src/install/turtlebot3_teleop/lib/turtlebot3_teleop
[6.631s] writing list of installed files to '/home/orin/test_ws/src/build/turtlebot3_teleop/install.log'
[6.734s] Invoked command in '/home/orin/test_ws/src/turtlebot3/turtlebot3_teleop' returned '0': PYTHONPATH=/home/orin/test_ws/src/build/turtlebot3_teleop/prefix_override:/usr/lib/python3/dist-packages/colcon_core/task/python/colcon_distutils_commands:/home/orin/test_ws/src/install/turtlebot3_teleop/lib/python3.8/site-packages:${PYTHONPATH} /usr/bin/python3 -W ignore:setup.py install is deprecated -W ignore:easy_install command is deprecated setup.py egg_info --egg-base ../../build/turtlebot3_teleop build --build-base /home/orin/test_ws/src/build/turtlebot3_teleop/build install --record /home/orin/test_ws/src/build/turtlebot3_teleop/install.log --single-version-externally-managed install_data
