/home/orin/test_ws/src/install/object_detection/lib/python3.8/site-packages/object_detection/__init__.py
/home/orin/test_ws/src/install/object_detection/lib/python3.8/site-packages/object_detection/object_detection.py
/home/orin/test_ws/src/install/object_detection/lib/python3.8/site-packages/object_detection/__pycache__/__init__.cpython-38.pyc
/home/orin/test_ws/src/install/object_detection/lib/python3.8/site-packages/object_detection/__pycache__/object_detection.cpython-38.pyc
/home/orin/test_ws/src/install/object_detection/share/ament_index/resource_index/packages/object_detection
/home/orin/test_ws/src/install/object_detection/share/object_detection/package.xml
/home/orin/test_ws/src/install/object_detection/share/object_detection/launch/object_detection_launch.py
/home/orin/test_ws/src/install/object_detection/share/object_detection/weights/yolov7-tiny.pt
/home/orin/test_ws/src/install/object_detection/share/object_detection/weights/yolov7.pt
/home/orin/test_ws/src/install/object_detection/share/object_detection/weights/best.pt
/home/orin/test_ws/src/install/object_detection/share/object_detection/weights/sign.pt
/home/orin/test_ws/src/install/object_detection/lib/object_detection/models/experimental.py
/home/orin/test_ws/src/install/object_detection/lib/object_detection/models/common.py
/home/orin/test_ws/src/install/object_detection/lib/object_detection/models/yolo.py
/home/orin/test_ws/src/install/object_detection/lib/object_detection/utils/general.py
/home/orin/test_ws/src/install/object_detection/lib/object_detection/utils/torch_utils.py
/home/orin/test_ws/src/install/object_detection/lib/object_detection/utils/plots.py
/home/orin/test_ws/src/install/object_detection/lib/object_detection/utils/datasets.py
/home/orin/test_ws/src/install/object_detection/lib/object_detection/utils/google_utils.py
/home/orin/test_ws/src/install/object_detection/lib/object_detection/utils/activations.py
/home/orin/test_ws/src/install/object_detection/lib/object_detection/utils/add_nms.py
/home/orin/test_ws/src/install/object_detection/lib/object_detection/utils/autoanchor.py
/home/orin/test_ws/src/install/object_detection/lib/object_detection/utils/loss.py
/home/orin/test_ws/src/install/object_detection/lib/object_detection/utils/metrics.py
/home/orin/test_ws/src/install/object_detection/lib/python3.8/site-packages/object_detection-0.0.0-py3.8.egg-info/requires.txt
/home/orin/test_ws/src/install/object_detection/lib/python3.8/site-packages/object_detection-0.0.0-py3.8.egg-info/PKG-INFO
/home/orin/test_ws/src/install/object_detection/lib/python3.8/site-packages/object_detection-0.0.0-py3.8.egg-info/top_level.txt
/home/orin/test_ws/src/install/object_detection/lib/python3.8/site-packages/object_detection-0.0.0-py3.8.egg-info/dependency_links.txt
/home/orin/test_ws/src/install/object_detection/lib/python3.8/site-packages/object_detection-0.0.0-py3.8.egg-info/entry_points.txt
/home/orin/test_ws/src/install/object_detection/lib/python3.8/site-packages/object_detection-0.0.0-py3.8.egg-info/zip-safe
/home/orin/test_ws/src/install/object_detection/lib/python3.8/site-packages/object_detection-0.0.0-py3.8.egg-info/SOURCES.txt
/home/orin/test_ws/src/install/object_detection/lib/object_detection/object_detection
