[4.184s] Invoking command in '/home/orin/test_ws/src/detect/object_detection': PYTHONPATH=/home/orin/test_ws/src/build/object_detection/prefix_override:/usr/lib/python3/dist-packages/colcon_core/task/python/colcon_distutils_commands:/home/orin/test_ws/src/install/object_detection/lib/python3.8/site-packages:${PYTHONPATH} /usr/bin/python3 -W ignore:setup.py install is deprecated -W ignore:easy_install command is deprecated setup.py egg_info --egg-base ../../build/object_detection build --build-base /home/orin/test_ws/src/build/object_detection/build install --record /home/orin/test_ws/src/build/object_detection/install.log --single-version-externally-managed install_data
[4.752s] running egg_info
[4.753s] writing ../../build/object_detection/object_detection.egg-info/PKG-INFO
[4.753s] writing dependency_links to ../../build/object_detection/object_detection.egg-info/dependency_links.txt
[4.753s] writing entry points to ../../build/object_detection/object_detection.egg-info/entry_points.txt
[4.753s] writing requirements to ../../build/object_detection/object_detection.egg-info/requires.txt
[4.753s] writing top-level names to ../../build/object_detection/object_detection.egg-info/top_level.txt
[4.819s] reading manifest file '../../build/object_detection/object_detection.egg-info/SOURCES.txt'
[4.822s] writing manifest file '../../build/object_detection/object_detection.egg-info/SOURCES.txt'
[4.822s] running build
[4.823s] running build_py
[4.826s] running install
[4.826s] running install_lib
[4.829s] running install_data
[4.830s] running install_egg_info
[4.837s] removing '/home/orin/test_ws/src/install/object_detection/lib/python3.8/site-packages/object_detection-0.0.0-py3.8.egg-info' (and everything under it)
[4.837s] Copying ../../build/object_detection/object_detection.egg-info to /home/orin/test_ws/src/install/object_detection/lib/python3.8/site-packages/object_detection-0.0.0-py3.8.egg-info
[4.839s] running install_scripts
[4.887s] Installing object_detection script to /home/orin/test_ws/src/install/object_detection/lib/object_detection
[4.888s] writing list of installed files to '/home/orin/test_ws/src/build/object_detection/install.log'
[4.970s] Invoked command in '/home/orin/test_ws/src/detect/object_detection' returned '0': PYTHONPATH=/home/orin/test_ws/src/build/object_detection/prefix_override:/usr/lib/python3/dist-packages/colcon_core/task/python/colcon_distutils_commands:/home/orin/test_ws/src/install/object_detection/lib/python3.8/site-packages:${PYTHONPATH} /usr/bin/python3 -W ignore:setup.py install is deprecated -W ignore:easy_install command is deprecated setup.py egg_info --egg-base ../../build/object_detection build --build-base /home/orin/test_ws/src/build/object_detection/build install --record /home/orin/test_ws/src/build/object_detection/install.log --single-version-externally-managed install_data
