[0.215s] Invoking command in '/home/orin/test_ws/src/build/turtlebot3_cartographer': /usr/local/bin/cmake --build /home/orin/test_ws/src/build/turtlebot3_cartographer -- -j12 -l12
[3.056s] Invoked command in '/home/orin/test_ws/src/build/turtlebot3_cartographer' returned '0': /usr/local/bin/cmake --build /home/orin/test_ws/src/build/turtlebot3_cartographer -- -j12 -l12
[3.063s] Invoking command in '/home/orin/test_ws/src/build/turtlebot3_cartographer': /usr/local/bin/cmake --install /home/orin/test_ws/src/build/turtlebot3_cartographer
[3.220s] -- Install configuration: ""
[3.220s] -- Up-to-date: /home/orin/test_ws/src/install/turtlebot3_cartographer/share/turtlebot3_cartographer/config
[3.220s] -- Up-to-date: /home/orin/test_ws/src/install/turtlebot3_cartographer/share/turtlebot3_cartographer/config/turtlebot3_lds_2d.lua
[3.221s] -- Up-to-date: /home/orin/test_ws/src/install/turtlebot3_cartographer/share/turtlebot3_cartographer/launch
[3.221s] -- Up-to-date: /home/orin/test_ws/src/install/turtlebot3_cartographer/share/turtlebot3_cartographer/launch/cartographer.launch.py
[3.221s] -- Up-to-date: /home/orin/test_ws/src/install/turtlebot3_cartographer/share/turtlebot3_cartographer/launch/occupancy_grid.launch.py
[3.221s] -- Up-to-date: /home/orin/test_ws/src/install/turtlebot3_cartographer/share/turtlebot3_cartographer/rviz
[3.221s] -- Up-to-date: /home/orin/test_ws/src/install/turtlebot3_cartographer/share/turtlebot3_cartographer/rviz/tb3_cartographer.rviz
[3.221s] -- Up-to-date: /home/orin/test_ws/src/install/turtlebot3_cartographer/share/ament_index/resource_index/package_run_dependencies/turtlebot3_cartographer
[3.221s] -- Up-to-date: /home/orin/test_ws/src/install/turtlebot3_cartographer/share/ament_index/resource_index/parent_prefix_path/turtlebot3_cartographer
[3.222s] -- Up-to-date: /home/orin/test_ws/src/install/turtlebot3_cartographer/share/turtlebot3_cartographer/environment/ament_prefix_path.sh
[3.222s] -- Up-to-date: /home/orin/test_ws/src/install/turtlebot3_cartographer/share/turtlebot3_cartographer/environment/ament_prefix_path.dsv
[3.222s] -- Up-to-date: /home/orin/test_ws/src/install/turtlebot3_cartographer/share/turtlebot3_cartographer/environment/path.sh
[3.222s] -- Up-to-date: /home/orin/test_ws/src/install/turtlebot3_cartographer/share/turtlebot3_cartographer/environment/path.dsv
[3.222s] -- Up-to-date: /home/orin/test_ws/src/install/turtlebot3_cartographer/share/turtlebot3_cartographer/local_setup.bash
[3.222s] -- Up-to-date: /home/orin/test_ws/src/install/turtlebot3_cartographer/share/turtlebot3_cartographer/local_setup.sh
[3.222s] -- Up-to-date: /home/orin/test_ws/src/install/turtlebot3_cartographer/share/turtlebot3_cartographer/local_setup.zsh
[3.222s] -- Up-to-date: /home/orin/test_ws/src/install/turtlebot3_cartographer/share/turtlebot3_cartographer/local_setup.dsv
[3.223s] -- Installing: /home/orin/test_ws/src/install/turtlebot3_cartographer/share/turtlebot3_cartographer/package.dsv
[3.228s] -- Up-to-date: /home/orin/test_ws/src/install/turtlebot3_cartographer/share/ament_index/resource_index/packages/turtlebot3_cartographer
[3.228s] -- Up-to-date: /home/orin/test_ws/src/install/turtlebot3_cartographer/share/turtlebot3_cartographer/cmake/turtlebot3_cartographerConfig.cmake
[3.228s] -- Up-to-date: /home/orin/test_ws/src/install/turtlebot3_cartographer/share/turtlebot3_cartographer/cmake/turtlebot3_cartographerConfig-version.cmake
[3.228s] -- Up-to-date: /home/orin/test_ws/src/install/turtlebot3_cartographer/share/turtlebot3_cartographer/package.xml
[3.386s] Invoked command in '/home/orin/test_ws/src/build/turtlebot3_cartographer' returned '0': /usr/local/bin/cmake --install /home/orin/test_ws/src/build/turtlebot3_cartographer
