[0.204s] Invoking command in '/home/orin/test_ws/src/build/turtlebot3_msgs': CMAKE_PREFIX_PATH=/opt/ros/foxy /usr/local/bin/cmake --build /home/orin/test_ws/src/build/turtlebot3_msgs -- -j12 -l12
[3.044s] [  1%] Built target turtlebot3_msgs__cpp
[3.046s] [ 12%] Built target turtlebot3_msgs__rosidl_generator_c
[3.047s] [ 23%] Built target turtlebot3_msgs__rosidl_typesupport_cpp
[3.050s] [ 46%] Built target turtlebot3_msgs__rosidl_typesupport_fastrtps_cpp
[3.051s] [ 46%] Built target turtlebot3_msgs__rosidl_typesupport_introspection_cpp
[3.051s] [ 57%] Built target turtlebot3_msgs__rosidl_typesupport_c
[3.052s] [ 69%] Built target turtlebot3_msgs__rosidl_typesupport_introspection_c
[3.056s] [ 80%] Built target turtlebot3_msgs__rosidl_typesupport_fastrtps_c
[3.057s] [ 80%] Built target turtlebot3_msgs
[3.057s] [ 81%] Built target turtlebot3_msgs__py
[3.057s] [ 91%] Built target turtlebot3_msgs__python
[3.057s] [100%] Built target turtlebot3_msgs__rosidl_typesupport_fastrtps_c__pyext
[3.057s] [100%] Built target turtlebot3_msgs__rosidl_typesupport_introspection_c__pyext
[3.057s] [100%] Built target turtlebot3_msgs__rosidl_typesupport_c__pyext
[3.139s] Invoked command in '/home/orin/test_ws/src/build/turtlebot3_msgs' returned '0': CMAKE_PREFIX_PATH=/opt/ros/foxy /usr/local/bin/cmake --build /home/orin/test_ws/src/build/turtlebot3_msgs -- -j12 -l12
[3.144s] Invoking command in '/home/orin/test_ws/src/build/turtlebot3_msgs': CMAKE_PREFIX_PATH=/opt/ros/foxy /usr/local/bin/cmake --install /home/orin/test_ws/src/build/turtlebot3_msgs
[3.215s] -- Install configuration: ""
[3.217s] -- Up-to-date: /home/orin/test_ws/src/install/turtlebot3_msgs/share/ament_index/resource_index/rosidl_interfaces/turtlebot3_msgs
[3.222s] -- Up-to-date: /home/orin/test_ws/src/install/turtlebot3_msgs/include/turtlebot3_msgs
[3.229s] -- Up-to-date: /home/orin/test_ws/src/install/turtlebot3_msgs/include/turtlebot3_msgs/msg
[3.230s] -- Up-to-date: /home/orin/test_ws/src/install/turtlebot3_msgs/include/turtlebot3_msgs/msg/rosidl_generator_c__visibility_control.h
[3.230s] -- Up-to-date: /home/orin/test_ws/src/install/turtlebot3_msgs/include/turtlebot3_msgs/msg/version_info.h
[3.230s] -- Up-to-date: /home/orin/test_ws/src/install/turtlebot3_msgs/include/turtlebot3_msgs/msg/detail
[3.232s] -- Up-to-date: /home/orin/test_ws/src/install/turtlebot3_msgs/include/turtlebot3_msgs/msg/detail/version_info__type_support.h
[3.232s] -- Up-to-date: /home/orin/test_ws/src/install/turtlebot3_msgs/include/turtlebot3_msgs/msg/detail/sound__struct.h
[3.233s] -- Up-to-date: /home/orin/test_ws/src/install/turtlebot3_msgs/include/turtlebot3_msgs/msg/detail/sound__functions.h
[3.234s] -- Up-to-date: /home/orin/test_ws/src/install/turtlebot3_msgs/include/turtlebot3_msgs/msg/detail/sensor_state__functions.h
[3.234s] -- Up-to-date: /home/orin/test_ws/src/install/turtlebot3_msgs/include/turtlebot3_msgs/msg/detail/sound__functions.c
[3.235s] -- Up-to-date: /home/orin/test_ws/src/install/turtlebot3_msgs/include/turtlebot3_msgs/msg/detail/version_info__functions.c
[3.235s] -- Up-to-date: /home/orin/test_ws/src/install/turtlebot3_msgs/include/turtlebot3_msgs/msg/detail/sound__type_support.h
[3.235s] -- Up-to-date: /home/orin/test_ws/src/install/turtlebot3_msgs/include/turtlebot3_msgs/msg/detail/sensor_state__functions.c
[3.237s] -- Up-to-date: /home/orin/test_ws/src/install/turtlebot3_msgs/include/turtlebot3_msgs/msg/detail/sensor_state__struct.h
[3.237s] -- Up-to-date: /home/orin/test_ws/src/install/turtlebot3_msgs/include/turtlebot3_msgs/msg/detail/sensor_state__type_support.h
[3.238s] -- Up-to-date: /home/orin/test_ws/src/install/turtlebot3_msgs/include/turtlebot3_msgs/msg/detail/version_info__struct.h
[3.239s] -- Up-to-date: /home/orin/test_ws/src/install/turtlebot3_msgs/include/turtlebot3_msgs/msg/detail/version_info__functions.h
[3.239s] -- Up-to-date: /home/orin/test_ws/src/install/turtlebot3_msgs/include/turtlebot3_msgs/msg/sensor_state.h
[3.243s] -- Up-to-date: /home/orin/test_ws/src/install/turtlebot3_msgs/include/turtlebot3_msgs/msg/sound.h
[3.245s] -- Up-to-date: /home/orin/test_ws/src/install/turtlebot3_msgs/include/turtlebot3_msgs/action
[3.245s] -- Up-to-date: /home/orin/test_ws/src/install/turtlebot3_msgs/include/turtlebot3_msgs/action/patrol.h
[3.246s] -- Up-to-date: /home/orin/test_ws/src/install/turtlebot3_msgs/include/turtlebot3_msgs/action/detail
[3.246s] -- Up-to-date: /home/orin/test_ws/src/install/turtlebot3_msgs/include/turtlebot3_msgs/action/detail/patrol__functions.h
[3.247s] -- Up-to-date: /home/orin/test_ws/src/install/turtlebot3_msgs/include/turtlebot3_msgs/action/detail/patrol__functions.c
[3.248s] -- Up-to-date: /home/orin/test_ws/src/install/turtlebot3_msgs/include/turtlebot3_msgs/action/detail/patrol__struct.h
[3.248s] -- Up-to-date: /home/orin/test_ws/src/install/turtlebot3_msgs/include/turtlebot3_msgs/action/detail/patrol__type_support.h
[3.249s] -- Up-to-date: /home/orin/test_ws/src/install/turtlebot3_msgs/include/turtlebot3_msgs/srv
[3.250s] -- Up-to-date: /home/orin/test_ws/src/install/turtlebot3_msgs/include/turtlebot3_msgs/srv/dqn.h
[3.251s] -- Up-to-date: /home/orin/test_ws/src/install/turtlebot3_msgs/include/turtlebot3_msgs/srv/detail
[3.252s] -- Up-to-date: /home/orin/test_ws/src/install/turtlebot3_msgs/include/turtlebot3_msgs/srv/detail/dqn__functions.c
[3.256s] -- Up-to-date: /home/orin/test_ws/src/install/turtlebot3_msgs/include/turtlebot3_msgs/srv/detail/sound__struct.h
[3.259s] -- Up-to-date: /home/orin/test_ws/src/install/turtlebot3_msgs/include/turtlebot3_msgs/srv/detail/sound__functions.h
[3.259s] -- Up-to-date: /home/orin/test_ws/src/install/turtlebot3_msgs/include/turtlebot3_msgs/srv/detail/sound__functions.c
[3.260s] -- Up-to-date: /home/orin/test_ws/src/install/turtlebot3_msgs/include/turtlebot3_msgs/srv/detail/sound__type_support.h
[3.260s] -- Up-to-date: /home/orin/test_ws/src/install/turtlebot3_msgs/include/turtlebot3_msgs/srv/detail/dqn__struct.h
[3.260s] -- Up-to-date: /home/orin/test_ws/src/install/turtlebot3_msgs/include/turtlebot3_msgs/srv/detail/dqn__type_support.h
[3.260s] -- Up-to-date: /home/orin/test_ws/src/install/turtlebot3_msgs/include/turtlebot3_msgs/srv/detail/dqn__functions.h
[3.261s] -- Up-to-date: /home/orin/test_ws/src/install/turtlebot3_msgs/include/turtlebot3_msgs/srv/sound.h
[3.262s] -- Up-to-date: /home/orin/test_ws/src/install/turtlebot3_msgs/share/turtlebot3_msgs/environment/library_path.sh
[3.262s] -- Up-to-date: /home/orin/test_ws/src/install/turtlebot3_msgs/share/turtlebot3_msgs/environment/library_path.dsv
[3.262s] -- Up-to-date: /home/orin/test_ws/src/install/turtlebot3_msgs/lib/libturtlebot3_msgs__rosidl_generator_c.so
[3.262s] -- Up-to-date: /home/orin/test_ws/src/install/turtlebot3_msgs/include/turtlebot3_msgs
[3.262s] -- Up-to-date: /home/orin/test_ws/src/install/turtlebot3_msgs/include/turtlebot3_msgs/msg
[3.263s] -- Up-to-date: /home/orin/test_ws/src/install/turtlebot3_msgs/include/turtlebot3_msgs/msg/detail
[3.265s] -- Up-to-date: /home/orin/test_ws/src/install/turtlebot3_msgs/include/turtlebot3_msgs/msg/detail/sound__rosidl_typesupport_fastrtps_c.h
[3.265s] -- Up-to-date: /home/orin/test_ws/src/install/turtlebot3_msgs/include/turtlebot3_msgs/msg/detail/version_info__rosidl_typesupport_fastrtps_c.h
[3.265s] -- Up-to-date: /home/orin/test_ws/src/install/turtlebot3_msgs/include/turtlebot3_msgs/msg/detail/sensor_state__rosidl_typesupport_fastrtps_c.h
[3.265s] -- Up-to-date: /home/orin/test_ws/src/install/turtlebot3_msgs/include/turtlebot3_msgs/msg/rosidl_typesupport_fastrtps_c__visibility_control.h
[3.265s] -- Up-to-date: /home/orin/test_ws/src/install/turtlebot3_msgs/include/turtlebot3_msgs/action
[3.266s] -- Up-to-date: /home/orin/test_ws/src/install/turtlebot3_msgs/include/turtlebot3_msgs/action/detail
[3.266s] -- Up-to-date: /home/orin/test_ws/src/install/turtlebot3_msgs/include/turtlebot3_msgs/action/detail/patrol__rosidl_typesupport_fastrtps_c.h
[3.266s] -- Up-to-date: /home/orin/test_ws/src/install/turtlebot3_msgs/include/turtlebot3_msgs/srv
[3.266s] -- Up-to-date: /home/orin/test_ws/src/install/turtlebot3_msgs/include/turtlebot3_msgs/srv/detail
[3.266s] -- Up-to-date: /home/orin/test_ws/src/install/turtlebot3_msgs/include/turtlebot3_msgs/srv/detail/sound__rosidl_typesupport_fastrtps_c.h
[3.266s] -- Up-to-date: /home/orin/test_ws/src/install/turtlebot3_msgs/include/turtlebot3_msgs/srv/detail/dqn__rosidl_typesupport_fastrtps_c.h
[3.266s] -- Up-to-date: /home/orin/test_ws/src/install/turtlebot3_msgs/lib/libturtlebot3_msgs__rosidl_typesupport_fastrtps_c.so
[3.266s] -- Up-to-date: /home/orin/test_ws/src/install/turtlebot3_msgs/include/turtlebot3_msgs
[3.267s] -- Up-to-date: /home/orin/test_ws/src/install/turtlebot3_msgs/include/turtlebot3_msgs/msg
[3.267s] -- Up-to-date: /home/orin/test_ws/src/install/turtlebot3_msgs/include/turtlebot3_msgs/msg/detail
[3.267s] -- Up-to-date: /home/orin/test_ws/src/install/turtlebot3_msgs/include/turtlebot3_msgs/msg/detail/sound__rosidl_typesupport_fastrtps_cpp.hpp
[3.270s] -- Up-to-date: /home/orin/test_ws/src/install/turtlebot3_msgs/include/turtlebot3_msgs/msg/detail/version_info__rosidl_typesupport_fastrtps_cpp.hpp
[3.271s] -- Up-to-date: /home/orin/test_ws/src/install/turtlebot3_msgs/include/turtlebot3_msgs/msg/detail/dds_fastrtps
[3.271s] -- Up-to-date: /home/orin/test_ws/src/install/turtlebot3_msgs/include/turtlebot3_msgs/msg/detail/sensor_state__rosidl_typesupport_fastrtps_cpp.hpp
[3.271s] -- Up-to-date: /home/orin/test_ws/src/install/turtlebot3_msgs/include/turtlebot3_msgs/msg/rosidl_typesupport_fastrtps_cpp__visibility_control.h
[3.272s] -- Up-to-date: /home/orin/test_ws/src/install/turtlebot3_msgs/include/turtlebot3_msgs/action
[3.272s] -- Up-to-date: /home/orin/test_ws/src/install/turtlebot3_msgs/include/turtlebot3_msgs/action/detail
[3.276s] -- Up-to-date: /home/orin/test_ws/src/install/turtlebot3_msgs/include/turtlebot3_msgs/action/detail/patrol__rosidl_typesupport_fastrtps_cpp.hpp
[3.278s] -- Up-to-date: /home/orin/test_ws/src/install/turtlebot3_msgs/include/turtlebot3_msgs/action/detail/dds_fastrtps
[3.278s] -- Up-to-date: /home/orin/test_ws/src/install/turtlebot3_msgs/include/turtlebot3_msgs/srv
[3.278s] -- Up-to-date: /home/orin/test_ws/src/install/turtlebot3_msgs/include/turtlebot3_msgs/srv/detail
[3.279s] -- Up-to-date: /home/orin/test_ws/src/install/turtlebot3_msgs/include/turtlebot3_msgs/srv/detail/sound__rosidl_typesupport_fastrtps_cpp.hpp
[3.279s] -- Up-to-date: /home/orin/test_ws/src/install/turtlebot3_msgs/include/turtlebot3_msgs/srv/detail/dds_fastrtps
[3.279s] -- Up-to-date: /home/orin/test_ws/src/install/turtlebot3_msgs/include/turtlebot3_msgs/srv/detail/dqn__rosidl_typesupport_fastrtps_cpp.hpp
[3.279s] -- Up-to-date: /home/orin/test_ws/src/install/turtlebot3_msgs/lib/libturtlebot3_msgs__rosidl_typesupport_fastrtps_cpp.so
[3.280s] -- Up-to-date: /home/orin/test_ws/src/install/turtlebot3_msgs/include/turtlebot3_msgs
[3.280s] -- Up-to-date: /home/orin/test_ws/src/install/turtlebot3_msgs/include/turtlebot3_msgs/msg
[3.281s] -- Up-to-date: /home/orin/test_ws/src/install/turtlebot3_msgs/include/turtlebot3_msgs/msg/rosidl_typesupport_introspection_c__visibility_control.h
[3.282s] -- Up-to-date: /home/orin/test_ws/src/install/turtlebot3_msgs/include/turtlebot3_msgs/msg/detail
[3.282s] -- Up-to-date: /home/orin/test_ws/src/install/turtlebot3_msgs/include/turtlebot3_msgs/msg/detail/sensor_state__type_support.c
[3.283s] -- Up-to-date: /home/orin/test_ws/src/install/turtlebot3_msgs/include/turtlebot3_msgs/msg/detail/sensor_state__rosidl_typesupport_introspection_c.h
[3.283s] -- Up-to-date: /home/orin/test_ws/src/install/turtlebot3_msgs/include/turtlebot3_msgs/msg/detail/version_info__type_support.c
[3.284s] -- Up-to-date: /home/orin/test_ws/src/install/turtlebot3_msgs/include/turtlebot3_msgs/msg/detail/version_info__rosidl_typesupport_introspection_c.h
[3.285s] -- Up-to-date: /home/orin/test_ws/src/install/turtlebot3_msgs/include/turtlebot3_msgs/msg/detail/sound__rosidl_typesupport_introspection_c.h
[3.289s] -- Up-to-date: /home/orin/test_ws/src/install/turtlebot3_msgs/include/turtlebot3_msgs/msg/detail/sound__type_support.c
[3.289s] -- Up-to-date: /home/orin/test_ws/src/install/turtlebot3_msgs/include/turtlebot3_msgs/action
[3.290s] -- Up-to-date: /home/orin/test_ws/src/install/turtlebot3_msgs/include/turtlebot3_msgs/action/detail
[3.290s] -- Up-to-date: /home/orin/test_ws/src/install/turtlebot3_msgs/include/turtlebot3_msgs/action/detail/patrol__type_support.c
[3.290s] -- Up-to-date: /home/orin/test_ws/src/install/turtlebot3_msgs/include/turtlebot3_msgs/action/detail/patrol__rosidl_typesupport_introspection_c.h
[3.290s] -- Up-to-date: /home/orin/test_ws/src/install/turtlebot3_msgs/include/turtlebot3_msgs/srv
[3.290s] -- Up-to-date: /home/orin/test_ws/src/install/turtlebot3_msgs/include/turtlebot3_msgs/srv/detail
[3.290s] -- Up-to-date: /home/orin/test_ws/src/install/turtlebot3_msgs/include/turtlebot3_msgs/srv/detail/dqn__type_support.c
[3.290s] -- Up-to-date: /home/orin/test_ws/src/install/turtlebot3_msgs/include/turtlebot3_msgs/srv/detail/sound__rosidl_typesupport_introspection_c.h
[3.291s] -- Up-to-date: /home/orin/test_ws/src/install/turtlebot3_msgs/include/turtlebot3_msgs/srv/detail/dqn__rosidl_typesupport_introspection_c.h
[3.291s] -- Up-to-date: /home/orin/test_ws/src/install/turtlebot3_msgs/include/turtlebot3_msgs/srv/detail/sound__type_support.c
[3.291s] -- Up-to-date: /home/orin/test_ws/src/install/turtlebot3_msgs/lib/libturtlebot3_msgs__rosidl_typesupport_introspection_c.so
[3.291s] -- Up-to-date: /home/orin/test_ws/src/install/turtlebot3_msgs/lib/libturtlebot3_msgs__rosidl_typesupport_c.so
[3.291s] -- Up-to-date: /home/orin/test_ws/src/install/turtlebot3_msgs/include/turtlebot3_msgs
[3.291s] -- Up-to-date: /home/orin/test_ws/src/install/turtlebot3_msgs/include/turtlebot3_msgs/msg
[3.291s] -- Up-to-date: /home/orin/test_ws/src/install/turtlebot3_msgs/include/turtlebot3_msgs/msg/sensor_state.hpp
[3.291s] -- Up-to-date: /home/orin/test_ws/src/install/turtlebot3_msgs/include/turtlebot3_msgs/msg/detail
[3.292s] -- Up-to-date: /home/orin/test_ws/src/install/turtlebot3_msgs/include/turtlebot3_msgs/msg/detail/sensor_state__builder.hpp
[3.292s] -- Up-to-date: /home/orin/test_ws/src/install/turtlebot3_msgs/include/turtlebot3_msgs/msg/detail/version_info__type_support.hpp
[3.292s] -- Up-to-date: /home/orin/test_ws/src/install/turtlebot3_msgs/include/turtlebot3_msgs/msg/detail/sound__builder.hpp
[3.292s] -- Up-to-date: /home/orin/test_ws/src/install/turtlebot3_msgs/include/turtlebot3_msgs/msg/detail/sensor_state__struct.hpp
[3.293s] -- Up-to-date: /home/orin/test_ws/src/install/turtlebot3_msgs/include/turtlebot3_msgs/msg/detail/version_info__struct.hpp
[3.294s] -- Up-to-date: /home/orin/test_ws/src/install/turtlebot3_msgs/include/turtlebot3_msgs/msg/detail/version_info__traits.hpp
[3.294s] -- Up-to-date: /home/orin/test_ws/src/install/turtlebot3_msgs/include/turtlebot3_msgs/msg/detail/version_info__builder.hpp
[3.295s] -- Up-to-date: /home/orin/test_ws/src/install/turtlebot3_msgs/include/turtlebot3_msgs/msg/detail/sound__struct.hpp
[3.295s] -- Up-to-date: /home/orin/test_ws/src/install/turtlebot3_msgs/include/turtlebot3_msgs/msg/detail/sensor_state__type_support.hpp
[3.296s] -- Up-to-date: /home/orin/test_ws/src/install/turtlebot3_msgs/include/turtlebot3_msgs/msg/detail/sensor_state__traits.hpp
[3.296s] -- Up-to-date: /home/orin/test_ws/src/install/turtlebot3_msgs/include/turtlebot3_msgs/msg/detail/sound__type_support.hpp
[3.297s] -- Up-to-date: /home/orin/test_ws/src/install/turtlebot3_msgs/include/turtlebot3_msgs/msg/detail/sound__traits.hpp
[3.298s] -- Up-to-date: /home/orin/test_ws/src/install/turtlebot3_msgs/include/turtlebot3_msgs/msg/rosidl_generator_cpp__visibility_control.hpp
[3.300s] -- Up-to-date: /home/orin/test_ws/src/install/turtlebot3_msgs/include/turtlebot3_msgs/msg/sound.hpp
[3.303s] -- Up-to-date: /home/orin/test_ws/src/install/turtlebot3_msgs/include/turtlebot3_msgs/msg/version_info.hpp
[3.303s] -- Up-to-date: /home/orin/test_ws/src/install/turtlebot3_msgs/include/turtlebot3_msgs/action
[3.304s] -- Up-to-date: /home/orin/test_ws/src/install/turtlebot3_msgs/include/turtlebot3_msgs/action/detail
[3.305s] -- Up-to-date: /home/orin/test_ws/src/install/turtlebot3_msgs/include/turtlebot3_msgs/action/detail/patrol__type_support.hpp
[3.305s] -- Up-to-date: /home/orin/test_ws/src/install/turtlebot3_msgs/include/turtlebot3_msgs/action/detail/patrol__traits.hpp
[3.306s] -- Up-to-date: /home/orin/test_ws/src/install/turtlebot3_msgs/include/turtlebot3_msgs/action/detail/patrol__struct.hpp
[3.306s] -- Up-to-date: /home/orin/test_ws/src/install/turtlebot3_msgs/include/turtlebot3_msgs/action/detail/patrol__builder.hpp
[3.306s] -- Up-to-date: /home/orin/test_ws/src/install/turtlebot3_msgs/include/turtlebot3_msgs/action/patrol.hpp
[3.308s] -- Up-to-date: /home/orin/test_ws/src/install/turtlebot3_msgs/include/turtlebot3_msgs/srv
[3.308s] -- Up-to-date: /home/orin/test_ws/src/install/turtlebot3_msgs/include/turtlebot3_msgs/srv/dqn.hpp
[3.309s] -- Up-to-date: /home/orin/test_ws/src/install/turtlebot3_msgs/include/turtlebot3_msgs/srv/detail
[3.309s] -- Up-to-date: /home/orin/test_ws/src/install/turtlebot3_msgs/include/turtlebot3_msgs/srv/detail/sound__builder.hpp
[3.309s] -- Up-to-date: /home/orin/test_ws/src/install/turtlebot3_msgs/include/turtlebot3_msgs/srv/detail/dqn__builder.hpp
[3.310s] -- Up-to-date: /home/orin/test_ws/src/install/turtlebot3_msgs/include/turtlebot3_msgs/srv/detail/dqn__traits.hpp
[3.310s] -- Up-to-date: /home/orin/test_ws/src/install/turtlebot3_msgs/include/turtlebot3_msgs/srv/detail/dqn__struct.hpp
[3.310s] -- Up-to-date: /home/orin/test_ws/src/install/turtlebot3_msgs/include/turtlebot3_msgs/srv/detail/sound__struct.hpp
[3.310s] -- Up-to-date: /home/orin/test_ws/src/install/turtlebot3_msgs/include/turtlebot3_msgs/srv/detail/dqn__type_support.hpp
[3.311s] -- Up-to-date: /home/orin/test_ws/src/install/turtlebot3_msgs/include/turtlebot3_msgs/srv/detail/sound__type_support.hpp
[3.311s] -- Up-to-date: /home/orin/test_ws/src/install/turtlebot3_msgs/include/turtlebot3_msgs/srv/detail/sound__traits.hpp
[3.312s] -- Up-to-date: /home/orin/test_ws/src/install/turtlebot3_msgs/include/turtlebot3_msgs/srv/sound.hpp
[3.312s] -- Up-to-date: /home/orin/test_ws/src/install/turtlebot3_msgs/include/turtlebot3_msgs
[3.312s] -- Up-to-date: /home/orin/test_ws/src/install/turtlebot3_msgs/include/turtlebot3_msgs/msg
[3.312s] -- Up-to-date: /home/orin/test_ws/src/install/turtlebot3_msgs/include/turtlebot3_msgs/msg/detail
[3.313s] -- Up-to-date: /home/orin/test_ws/src/install/turtlebot3_msgs/include/turtlebot3_msgs/msg/detail/version_info__rosidl_typesupport_introspection_cpp.hpp
[3.313s] -- Up-to-date: /home/orin/test_ws/src/install/turtlebot3_msgs/include/turtlebot3_msgs/msg/detail/sound__rosidl_typesupport_introspection_cpp.hpp
[3.314s] -- Up-to-date: /home/orin/test_ws/src/install/turtlebot3_msgs/include/turtlebot3_msgs/msg/detail/sensor_state__type_support.cpp
[3.315s] -- Up-to-date: /home/orin/test_ws/src/install/turtlebot3_msgs/include/turtlebot3_msgs/msg/detail/version_info__type_support.cpp
[3.315s] -- Up-to-date: /home/orin/test_ws/src/install/turtlebot3_msgs/include/turtlebot3_msgs/msg/detail/sensor_state__rosidl_typesupport_introspection_cpp.hpp
[3.316s] -- Up-to-date: /home/orin/test_ws/src/install/turtlebot3_msgs/include/turtlebot3_msgs/msg/detail/sound__type_support.cpp
[3.316s] -- Up-to-date: /home/orin/test_ws/src/install/turtlebot3_msgs/include/turtlebot3_msgs/action
[3.317s] -- Up-to-date: /home/orin/test_ws/src/install/turtlebot3_msgs/include/turtlebot3_msgs/action/detail
[3.317s] -- Up-to-date: /home/orin/test_ws/src/install/turtlebot3_msgs/include/turtlebot3_msgs/action/detail/patrol__type_support.cpp
[3.318s] -- Up-to-date: /home/orin/test_ws/src/install/turtlebot3_msgs/include/turtlebot3_msgs/action/detail/patrol__rosidl_typesupport_introspection_cpp.hpp
[3.318s] -- Up-to-date: /home/orin/test_ws/src/install/turtlebot3_msgs/include/turtlebot3_msgs/srv
[3.319s] -- Up-to-date: /home/orin/test_ws/src/install/turtlebot3_msgs/include/turtlebot3_msgs/srv/detail
[3.321s] -- Up-to-date: /home/orin/test_ws/src/install/turtlebot3_msgs/include/turtlebot3_msgs/srv/detail/dqn__rosidl_typesupport_introspection_cpp.hpp
[3.323s] -- Up-to-date: /home/orin/test_ws/src/install/turtlebot3_msgs/include/turtlebot3_msgs/srv/detail/sound__rosidl_typesupport_introspection_cpp.hpp
[3.325s] -- Up-to-date: /home/orin/test_ws/src/install/turtlebot3_msgs/include/turtlebot3_msgs/srv/detail/sound__type_support.cpp
[3.327s] -- Up-to-date: /home/orin/test_ws/src/install/turtlebot3_msgs/include/turtlebot3_msgs/srv/detail/dqn__type_support.cpp
[3.327s] -- Up-to-date: /home/orin/test_ws/src/install/turtlebot3_msgs/lib/libturtlebot3_msgs__rosidl_typesupport_introspection_cpp.so
[3.328s] -- Up-to-date: /home/orin/test_ws/src/install/turtlebot3_msgs/lib/libturtlebot3_msgs__rosidl_typesupport_cpp.so
[3.328s] -- Up-to-date: /home/orin/test_ws/src/install/turtlebot3_msgs/share/turtlebot3_msgs/environment/pythonpath.sh
[3.328s] -- Up-to-date: /home/orin/test_ws/src/install/turtlebot3_msgs/share/turtlebot3_msgs/environment/pythonpath.dsv
[3.329s] -- Up-to-date: /home/orin/test_ws/src/install/turtlebot3_msgs/lib/python3.8/site-packages/turtlebot3_msgs/__init__.py
[3.456s] -- Up-to-date: /home/orin/test_ws/src/install/turtlebot3_msgs/lib/python3.8/site-packages/turtlebot3_msgs/msg
[3.457s] -- Up-to-date: /home/orin/test_ws/src/install/turtlebot3_msgs/lib/python3.8/site-packages/turtlebot3_msgs/msg/_sensor_state.py
[3.458s] -- Up-to-date: /home/orin/test_ws/src/install/turtlebot3_msgs/lib/python3.8/site-packages/turtlebot3_msgs/msg/_version_info.py
[3.458s] -- Up-to-date: /home/orin/test_ws/src/install/turtlebot3_msgs/lib/python3.8/site-packages/turtlebot3_msgs/msg/_sensor_state_s.c
[3.459s] -- Up-to-date: /home/orin/test_ws/src/install/turtlebot3_msgs/lib/python3.8/site-packages/turtlebot3_msgs/msg/__init__.py
[3.459s] -- Up-to-date: /home/orin/test_ws/src/install/turtlebot3_msgs/lib/python3.8/site-packages/turtlebot3_msgs/msg/_sound.py
[3.460s] -- Up-to-date: /home/orin/test_ws/src/install/turtlebot3_msgs/lib/python3.8/site-packages/turtlebot3_msgs/msg/_version_info_s.c
[3.460s] -- Up-to-date: /home/orin/test_ws/src/install/turtlebot3_msgs/lib/python3.8/site-packages/turtlebot3_msgs/msg/_sound_s.c
[3.460s] -- Up-to-date: /home/orin/test_ws/src/install/turtlebot3_msgs/lib/python3.8/site-packages/turtlebot3_msgs/srv
[3.461s] -- Up-to-date: /home/orin/test_ws/src/install/turtlebot3_msgs/lib/python3.8/site-packages/turtlebot3_msgs/srv/__init__.py
[3.462s] -- Up-to-date: /home/orin/test_ws/src/install/turtlebot3_msgs/lib/python3.8/site-packages/turtlebot3_msgs/srv/_sound.py
[3.462s] -- Up-to-date: /home/orin/test_ws/src/install/turtlebot3_msgs/lib/python3.8/site-packages/turtlebot3_msgs/srv/_dqn.py
[3.463s] -- Up-to-date: /home/orin/test_ws/src/install/turtlebot3_msgs/lib/python3.8/site-packages/turtlebot3_msgs/srv/_dqn_s.c
[3.463s] -- Up-to-date: /home/orin/test_ws/src/install/turtlebot3_msgs/lib/python3.8/site-packages/turtlebot3_msgs/srv/_sound_s.c
[3.463s] -- Up-to-date: /home/orin/test_ws/src/install/turtlebot3_msgs/lib/python3.8/site-packages/turtlebot3_msgs/action
[3.463s] -- Up-to-date: /home/orin/test_ws/src/install/turtlebot3_msgs/lib/python3.8/site-packages/turtlebot3_msgs/action/__init__.py
[3.464s] -- Up-to-date: /home/orin/test_ws/src/install/turtlebot3_msgs/lib/python3.8/site-packages/turtlebot3_msgs/action/_patrol_s.c
[3.464s] -- Up-to-date: /home/orin/test_ws/src/install/turtlebot3_msgs/lib/python3.8/site-packages/turtlebot3_msgs/action/_patrol.py
[3.464s] -- Up-to-date: /home/orin/test_ws/src/install/turtlebot3_msgs/lib/python3.8/site-packages/turtlebot3_msgs/turtlebot3_msgs_s__rosidl_typesupport_fastrtps_c.cpython-38-aarch64-linux-gnu.so
[3.464s] -- Up-to-date: /home/orin/test_ws/src/install/turtlebot3_msgs/lib/python3.8/site-packages/turtlebot3_msgs/turtlebot3_msgs_s__rosidl_typesupport_introspection_c.cpython-38-aarch64-linux-gnu.so
[3.464s] -- Up-to-date: /home/orin/test_ws/src/install/turtlebot3_msgs/lib/python3.8/site-packages/turtlebot3_msgs/turtlebot3_msgs_s__rosidl_typesupport_c.cpython-38-aarch64-linux-gnu.so
[3.465s] -- Up-to-date: /home/orin/test_ws/src/install/turtlebot3_msgs/lib/libturtlebot3_msgs__python.so
[3.465s] -- Up-to-date: /home/orin/test_ws/src/install/turtlebot3_msgs/share/turtlebot3_msgs/msg/SensorState.idl
[3.465s] -- Up-to-date: /home/orin/test_ws/src/install/turtlebot3_msgs/share/turtlebot3_msgs/msg/Sound.idl
[3.465s] -- Up-to-date: /home/orin/test_ws/src/install/turtlebot3_msgs/share/turtlebot3_msgs/msg/VersionInfo.idl
[3.466s] -- Up-to-date: /home/orin/test_ws/src/install/turtlebot3_msgs/share/turtlebot3_msgs/srv/Sound.idl
[3.466s] -- Up-to-date: /home/orin/test_ws/src/install/turtlebot3_msgs/share/turtlebot3_msgs/srv/Dqn.idl
[3.466s] -- Up-to-date: /home/orin/test_ws/src/install/turtlebot3_msgs/share/turtlebot3_msgs/action/Patrol.idl
[3.466s] -- Up-to-date: /home/orin/test_ws/src/install/turtlebot3_msgs/share/turtlebot3_msgs/msg/SensorState.msg
[3.466s] -- Up-to-date: /home/orin/test_ws/src/install/turtlebot3_msgs/share/turtlebot3_msgs/msg/Sound.msg
[3.467s] -- Up-to-date: /home/orin/test_ws/src/install/turtlebot3_msgs/share/turtlebot3_msgs/msg/VersionInfo.msg
[3.467s] -- Up-to-date: /home/orin/test_ws/src/install/turtlebot3_msgs/share/turtlebot3_msgs/srv/Sound.srv
[3.467s] -- Up-to-date: /home/orin/test_ws/src/install/turtlebot3_msgs/share/turtlebot3_msgs/srv/Sound_Request.msg
[3.467s] -- Up-to-date: /home/orin/test_ws/src/install/turtlebot3_msgs/share/turtlebot3_msgs/srv/Sound_Response.msg
[3.467s] -- Up-to-date: /home/orin/test_ws/src/install/turtlebot3_msgs/share/turtlebot3_msgs/srv/Dqn.srv
[3.468s] -- Up-to-date: /home/orin/test_ws/src/install/turtlebot3_msgs/share/turtlebot3_msgs/srv/Dqn_Request.msg
[3.468s] -- Up-to-date: /home/orin/test_ws/src/install/turtlebot3_msgs/share/turtlebot3_msgs/srv/Dqn_Response.msg
[3.468s] -- Up-to-date: /home/orin/test_ws/src/install/turtlebot3_msgs/share/turtlebot3_msgs/action/Patrol.action
[3.468s] -- Up-to-date: /home/orin/test_ws/src/install/turtlebot3_msgs/share/ament_index/resource_index/package_run_dependencies/turtlebot3_msgs
[3.470s] -- Up-to-date: /home/orin/test_ws/src/install/turtlebot3_msgs/share/ament_index/resource_index/parent_prefix_path/turtlebot3_msgs
[3.470s] -- Up-to-date: /home/orin/test_ws/src/install/turtlebot3_msgs/share/turtlebot3_msgs/environment/ament_prefix_path.sh
[3.471s] -- Up-to-date: /home/orin/test_ws/src/install/turtlebot3_msgs/share/turtlebot3_msgs/environment/ament_prefix_path.dsv
[3.471s] -- Up-to-date: /home/orin/test_ws/src/install/turtlebot3_msgs/share/turtlebot3_msgs/environment/path.sh
[3.471s] -- Up-to-date: /home/orin/test_ws/src/install/turtlebot3_msgs/share/turtlebot3_msgs/environment/path.dsv
[3.473s] -- Up-to-date: /home/orin/test_ws/src/install/turtlebot3_msgs/share/turtlebot3_msgs/local_setup.bash
[3.474s] -- Up-to-date: /home/orin/test_ws/src/install/turtlebot3_msgs/share/turtlebot3_msgs/local_setup.sh
[3.474s] -- Up-to-date: /home/orin/test_ws/src/install/turtlebot3_msgs/share/turtlebot3_msgs/local_setup.zsh
[3.475s] -- Up-to-date: /home/orin/test_ws/src/install/turtlebot3_msgs/share/turtlebot3_msgs/local_setup.dsv
[3.475s] -- Installing: /home/orin/test_ws/src/install/turtlebot3_msgs/share/turtlebot3_msgs/package.dsv
[3.475s] -- Up-to-date: /home/orin/test_ws/src/install/turtlebot3_msgs/share/ament_index/resource_index/packages/turtlebot3_msgs
[3.476s] -- Up-to-date: /home/orin/test_ws/src/install/turtlebot3_msgs/share/turtlebot3_msgs/cmake/turtlebot3_msgs__rosidl_generator_cExport.cmake
[3.476s] -- Up-to-date: /home/orin/test_ws/src/install/turtlebot3_msgs/share/turtlebot3_msgs/cmake/turtlebot3_msgs__rosidl_generator_cExport-noconfig.cmake
[3.478s] -- Up-to-date: /home/orin/test_ws/src/install/turtlebot3_msgs/share/turtlebot3_msgs/cmake/turtlebot3_msgs__rosidl_typesupport_introspection_cExport.cmake
[3.479s] -- Up-to-date: /home/orin/test_ws/src/install/turtlebot3_msgs/share/turtlebot3_msgs/cmake/turtlebot3_msgs__rosidl_typesupport_introspection_cExport-noconfig.cmake
[3.479s] -- Up-to-date: /home/orin/test_ws/src/install/turtlebot3_msgs/share/turtlebot3_msgs/cmake/turtlebot3_msgs__rosidl_typesupport_cExport.cmake
[3.480s] -- Up-to-date: /home/orin/test_ws/src/install/turtlebot3_msgs/share/turtlebot3_msgs/cmake/turtlebot3_msgs__rosidl_typesupport_cExport-noconfig.cmake
[3.480s] -- Up-to-date: /home/orin/test_ws/src/install/turtlebot3_msgs/share/turtlebot3_msgs/cmake/turtlebot3_msgs__rosidl_generator_cppExport.cmake
[3.480s] -- Up-to-date: /home/orin/test_ws/src/install/turtlebot3_msgs/share/turtlebot3_msgs/cmake/turtlebot3_msgs__rosidl_typesupport_introspection_cppExport.cmake
[3.481s] -- Up-to-date: /home/orin/test_ws/src/install/turtlebot3_msgs/share/turtlebot3_msgs/cmake/turtlebot3_msgs__rosidl_typesupport_introspection_cppExport-noconfig.cmake
[3.481s] -- Up-to-date: /home/orin/test_ws/src/install/turtlebot3_msgs/share/turtlebot3_msgs/cmake/turtlebot3_msgs__rosidl_typesupport_cppExport.cmake
[3.481s] -- Up-to-date: /home/orin/test_ws/src/install/turtlebot3_msgs/share/turtlebot3_msgs/cmake/turtlebot3_msgs__rosidl_typesupport_cppExport-noconfig.cmake
[3.482s] -- Up-to-date: /home/orin/test_ws/src/install/turtlebot3_msgs/share/turtlebot3_msgs/cmake/rosidl_cmake-extras.cmake
[3.482s] -- Up-to-date: /home/orin/test_ws/src/install/turtlebot3_msgs/share/turtlebot3_msgs/cmake/ament_cmake_export_dependencies-extras.cmake
[3.483s] -- Up-to-date: /home/orin/test_ws/src/install/turtlebot3_msgs/share/turtlebot3_msgs/cmake/ament_cmake_export_libraries-extras.cmake
[3.483s] -- Up-to-date: /home/orin/test_ws/src/install/turtlebot3_msgs/share/turtlebot3_msgs/cmake/ament_cmake_export_targets-extras.cmake
[3.483s] -- Up-to-date: /home/orin/test_ws/src/install/turtlebot3_msgs/share/turtlebot3_msgs/cmake/ament_cmake_export_include_directories-extras.cmake
[3.484s] -- Up-to-date: /home/orin/test_ws/src/install/turtlebot3_msgs/share/turtlebot3_msgs/cmake/rosidl_cmake_export_typesupport_libraries-extras.cmake
[3.484s] -- Up-to-date: /home/orin/test_ws/src/install/turtlebot3_msgs/share/turtlebot3_msgs/cmake/rosidl_cmake_export_typesupport_targets-extras.cmake
[3.484s] -- Up-to-date: /home/orin/test_ws/src/install/turtlebot3_msgs/share/turtlebot3_msgs/cmake/turtlebot3_msgsConfig.cmake
[3.485s] -- Up-to-date: /home/orin/test_ws/src/install/turtlebot3_msgs/share/turtlebot3_msgs/cmake/turtlebot3_msgsConfig-version.cmake
[3.485s] -- Up-to-date: /home/orin/test_ws/src/install/turtlebot3_msgs/share/turtlebot3_msgs/package.xml
[3.606s] Invoked command in '/home/orin/test_ws/src/build/turtlebot3_msgs' returned '0': CMAKE_PREFIX_PATH=/opt/ros/foxy /usr/local/bin/cmake --install /home/orin/test_ws/src/build/turtlebot3_msgs
