[0.191s] Invoking command in '/home/orin/test_ws/src/build/turtlebot3_navigation2': CMAKE_PREFIX_PATH=/opt/ros/foxy /usr/local/bin/cmake --build /home/orin/test_ws/src/build/turtlebot3_navigation2 -- -j12 -l12
[3.126s] Invoked command in '/home/orin/test_ws/src/build/turtlebot3_navigation2' returned '0': CMAKE_PREFIX_PATH=/opt/ros/foxy /usr/local/bin/cmake --build /home/orin/test_ws/src/build/turtlebot3_navigation2 -- -j12 -l12
[3.131s] Invoking command in '/home/orin/test_ws/src/build/turtlebot3_navigation2': CMAKE_PREFIX_PATH=/opt/ros/foxy /usr/local/bin/cmake --install /home/orin/test_ws/src/build/turtlebot3_navigation2
[3.358s] -- Install configuration: ""
[3.358s] -- Up-to-date: /home/orin/test_ws/src/install/turtlebot3_navigation2/share/turtlebot3_navigation2/launch
[3.359s] -- Up-to-date: /home/orin/test_ws/src/install/turtlebot3_navigation2/share/turtlebot3_navigation2/launch/navigation2.launch.py
[3.359s] -- Up-to-date: /home/orin/test_ws/src/install/turtlebot3_navigation2/share/turtlebot3_navigation2/map
[3.359s] -- Up-to-date: /home/orin/test_ws/src/install/turtlebot3_navigation2/share/turtlebot3_navigation2/map/map.pgm
[3.359s] -- Up-to-date: /home/orin/test_ws/src/install/turtlebot3_navigation2/share/turtlebot3_navigation2/map/map.yaml
[3.361s] -- Up-to-date: /home/orin/test_ws/src/install/turtlebot3_navigation2/share/turtlebot3_navigation2/param
[3.361s] -- Up-to-date: /home/orin/test_ws/src/install/turtlebot3_navigation2/share/turtlebot3_navigation2/param/waffle.yaml
[3.362s] -- Up-to-date: /home/orin/test_ws/src/install/turtlebot3_navigation2/share/turtlebot3_navigation2/param/waffle_pi.yaml
[3.362s] -- Up-to-date: /home/orin/test_ws/src/install/turtlebot3_navigation2/share/turtlebot3_navigation2/param/burger.yaml
[3.362s] -- Up-to-date: /home/orin/test_ws/src/install/turtlebot3_navigation2/share/turtlebot3_navigation2/rviz
[3.362s] -- Up-to-date: /home/orin/test_ws/src/install/turtlebot3_navigation2/share/turtlebot3_navigation2/rviz/tb3_navigation2.rviz
[3.363s] -- Up-to-date: /home/orin/test_ws/src/install/turtlebot3_navigation2/share/ament_index/resource_index/package_run_dependencies/turtlebot3_navigation2
[3.364s] -- Up-to-date: /home/orin/test_ws/src/install/turtlebot3_navigation2/share/ament_index/resource_index/parent_prefix_path/turtlebot3_navigation2
[3.364s] -- Up-to-date: /home/orin/test_ws/src/install/turtlebot3_navigation2/share/turtlebot3_navigation2/environment/ament_prefix_path.sh
[3.364s] -- Up-to-date: /home/orin/test_ws/src/install/turtlebot3_navigation2/share/turtlebot3_navigation2/environment/ament_prefix_path.dsv
[3.364s] -- Up-to-date: /home/orin/test_ws/src/install/turtlebot3_navigation2/share/turtlebot3_navigation2/environment/path.sh
[3.365s] -- Up-to-date: /home/orin/test_ws/src/install/turtlebot3_navigation2/share/turtlebot3_navigation2/environment/path.dsv
[3.366s] -- Up-to-date: /home/orin/test_ws/src/install/turtlebot3_navigation2/share/turtlebot3_navigation2/local_setup.bash
[3.367s] -- Up-to-date: /home/orin/test_ws/src/install/turtlebot3_navigation2/share/turtlebot3_navigation2/local_setup.sh
[3.368s] -- Up-to-date: /home/orin/test_ws/src/install/turtlebot3_navigation2/share/turtlebot3_navigation2/local_setup.zsh
[3.369s] -- Up-to-date: /home/orin/test_ws/src/install/turtlebot3_navigation2/share/turtlebot3_navigation2/local_setup.dsv
[3.369s] -- Installing: /home/orin/test_ws/src/install/turtlebot3_navigation2/share/turtlebot3_navigation2/package.dsv
[3.369s] -- Up-to-date: /home/orin/test_ws/src/install/turtlebot3_navigation2/share/ament_index/resource_index/packages/turtlebot3_navigation2
[3.370s] -- Up-to-date: /home/orin/test_ws/src/install/turtlebot3_navigation2/share/turtlebot3_navigation2/cmake/turtlebot3_navigation2Config.cmake
[3.371s] -- Up-to-date: /home/orin/test_ws/src/install/turtlebot3_navigation2/share/turtlebot3_navigation2/cmake/turtlebot3_navigation2Config-version.cmake
[3.371s] -- Up-to-date: /home/orin/test_ws/src/install/turtlebot3_navigation2/share/turtlebot3_navigation2/package.xml
[3.471s] Invoked command in '/home/orin/test_ws/src/build/turtlebot3_navigation2' returned '0': CMAKE_PREFIX_PATH=/opt/ros/foxy /usr/local/bin/cmake --install /home/orin/test_ws/src/build/turtlebot3_navigation2
