running egg_info
writing ../build/nv2/nv2.egg-info/PKG-INFO
writing dependency_links to ../build/nv2/nv2.egg-info/dependency_links.txt
writing entry points to ../build/nv2/nv2.egg-info/entry_points.txt
writing requirements to ../build/nv2/nv2.egg-info/requires.txt
writing top-level names to ../build/nv2/nv2.egg-info/top_level.txt
reading manifest file '../build/nv2/nv2.egg-info/SOURCES.txt'
writing manifest file '../build/nv2/nv2.egg-info/SOURCES.txt'
running build
running build_py
running install
running install_lib
running install_data
running install_egg_info
removing '/home/orin/test_ws/src/install/nv2/lib/python3.8/site-packages/nv2-0.0.0-py3.8.egg-info' (and everything under it)
Copying ../build/nv2/nv2.egg-info to /home/orin/test_ws/src/install/nv2/lib/python3.8/site-packages/nv2-0.0.0-py3.8.egg-info
running install_scripts
Installing example_follow_path script to /home/orin/test_ws/src/install/nv2/lib/nv2
Installing navigation script to /home/orin/test_ws/src/install/nv2/lib/nv2
writing list of installed files to '/home/orin/test_ws/src/build/nv2/install.log'
