/home/orin/test_ws/src/install/detect_lane/lib/python3.8/site-packages/detect_lane/camera_red_green_light.py
/home/orin/test_ws/src/install/detect_lane/lib/python3.8/site-packages/detect_lane/key_pub_signs.py
/home/orin/test_ws/src/install/detect_lane/lib/python3.8/site-packages/detect_lane/__init__.py
/home/orin/test_ws/src/install/detect_lane/lib/python3.8/site-packages/detect_lane/detect_lane.py
/home/orin/test_ws/src/install/detect_lane/lib/python3.8/site-packages/detect_lane/hsv_traffic_light.py
/home/orin/test_ws/src/install/detect_lane/lib/python3.8/site-packages/detect_lane/hsv_param_adjustment.py
/home/orin/test_ws/src/install/detect_lane/lib/python3.8/site-packages/detect_lane/detect_traffic.py
/home/orin/test_ws/src/install/detect_lane/lib/python3.8/site-packages/detect_lane/detect_parking_grid.py
/home/orin/test_ws/src/install/detect_lane/lib/python3.8/site-packages/detect_lane/__pycache__/camera_red_green_light.cpython-38.pyc
/home/orin/test_ws/src/install/detect_lane/lib/python3.8/site-packages/detect_lane/__pycache__/key_pub_signs.cpython-38.pyc
/home/orin/test_ws/src/install/detect_lane/lib/python3.8/site-packages/detect_lane/__pycache__/__init__.cpython-38.pyc
/home/orin/test_ws/src/install/detect_lane/lib/python3.8/site-packages/detect_lane/__pycache__/detect_lane.cpython-38.pyc
/home/orin/test_ws/src/install/detect_lane/lib/python3.8/site-packages/detect_lane/__pycache__/hsv_traffic_light.cpython-38.pyc
/home/orin/test_ws/src/install/detect_lane/lib/python3.8/site-packages/detect_lane/__pycache__/hsv_param_adjustment.cpython-38.pyc
/home/orin/test_ws/src/install/detect_lane/lib/python3.8/site-packages/detect_lane/__pycache__/detect_traffic.cpython-38.pyc
/home/orin/test_ws/src/install/detect_lane/lib/python3.8/site-packages/detect_lane/__pycache__/detect_parking_grid.cpython-38.pyc
/home/orin/test_ws/src/install/detect_lane/share/ament_index/resource_index/packages/detect_lane
/home/orin/test_ws/src/install/detect_lane/share/detect_lane/package.xml
/home/orin/test_ws/src/install/detect_lane/share/detect_lane/launch/detect_traffic_launch.py
/home/orin/test_ws/src/install/detect_lane/share/detect_lane/launch/detect_lane_launch.py
/home/orin/test_ws/src/install/detect_lane/share/detect_lane/config/hsv_parameters_default.yaml
/home/orin/test_ws/src/install/detect_lane/share/detect_lane/config/hsv_parameters_tr_own.yaml
/home/orin/test_ws/src/install/detect_lane/share/detect_lane/config/hsv_parameters_own.yaml
/home/orin/test_ws/src/install/detect_lane/share/detect_lane/config/hsv_parameters_own (copy).yaml
/home/orin/test_ws/src/install/detect_lane/share/detect_lane/config/calibration_mode.rviz
/home/orin/test_ws/src/install/detect_lane/share/detect_lane/config/lane_mode.rviz
/home/orin/test_ws/src/install/detect_lane/lib/python3.8/site-packages/detect_lane-0.0.0-py3.8.egg-info/requires.txt
/home/orin/test_ws/src/install/detect_lane/lib/python3.8/site-packages/detect_lane-0.0.0-py3.8.egg-info/PKG-INFO
/home/orin/test_ws/src/install/detect_lane/lib/python3.8/site-packages/detect_lane-0.0.0-py3.8.egg-info/top_level.txt
/home/orin/test_ws/src/install/detect_lane/lib/python3.8/site-packages/detect_lane-0.0.0-py3.8.egg-info/dependency_links.txt
/home/orin/test_ws/src/install/detect_lane/lib/python3.8/site-packages/detect_lane-0.0.0-py3.8.egg-info/entry_points.txt
/home/orin/test_ws/src/install/detect_lane/lib/python3.8/site-packages/detect_lane-0.0.0-py3.8.egg-info/zip-safe
/home/orin/test_ws/src/install/detect_lane/lib/python3.8/site-packages/detect_lane-0.0.0-py3.8.egg-info/SOURCES.txt
/home/orin/test_ws/src/install/detect_lane/lib/detect_lane/detect_lane
/home/orin/test_ws/src/install/detect_lane/lib/detect_lane/detect_parking_grid
/home/orin/test_ws/src/install/detect_lane/lib/detect_lane/detect_traffic
/home/orin/test_ws/src/install/detect_lane/lib/detect_lane/hsv_param_adjustment
/home/orin/test_ws/src/install/detect_lane/lib/detect_lane/hsv_traffic_light
/home/orin/test_ws/src/install/detect_lane/lib/detect_lane/key_pub_signs
