[0.795s] Invoking command in '/home/orin/test_ws/src/build/OpenCV': /usr/local/bin/cmake /home/orin/test_ws/src/opencv -DCMAKE_INSTALL_PREFIX=/home/orin/test_ws/src/install/OpenCV
[2.675s] -- 'Release' build type is used by default. Use CMAKE_BUILD_TYPE to specify build type (Release or Debug)
[2.676s] -- The CXX compiler identification is GNU 9.4.0
[2.676s] -- The C compiler identification is GNU 9.4.0
[2.677s] -- Detecting CXX compiler ABI info
[2.677s] -- Detecting CXX compiler ABI info - done
[2.678s] -- Check for working CXX compiler: /usr/bin/c++ - skipped
[2.678s] -- Detecting CXX compile features
[2.682s] -- Detecting CXX compile features - done
[2.683s] -- Detecting C compiler ABI info
[2.683s] -- Detecting C compiler ABI info - done
[2.683s] -- Check for working C compiler: /usr/bin/cc - skipped
[2.683s] -- Detecting C compile features
[2.683s] -- Detecting C compile features - done
[2.684s] -- Detected processor: aarch64
[2.684s] -- Found PythonInterp: /usr/bin/python3 (found suitable version "3.8.10", minimum required is "3.2") 
[2.684s] -- Found PythonLibs: /usr/lib/aarch64-linux-gnu/libpython3.8.so (found suitable exact version "3.8.10") 
[2.684s] -- Looking for ccache - not found
[2.684s] -- Performing Test HAVE_CXX_FSIGNED_CHAR
[2.749s] -- Performing Test HAVE_CXX_FSIGNED_CHAR - Success
[2.749s] -- Performing Test HAVE_C_FSIGNED_CHAR
[2.902s] -- Performing Test HAVE_C_FSIGNED_CHAR - Success
[2.920s] -- Performing Test HAVE_CXX_W
[3.097s] -- Performing Test HAVE_CXX_W - Success
[3.097s] -- Performing Test HAVE_C_W
[3.198s] -- Performing Test HAVE_C_W - Success
[3.199s] -- Performing Test HAVE_CXX_WALL
[3.346s] -- Performing Test HAVE_CXX_WALL - Success
[3.348s] -- Performing Test HAVE_C_WALL
[3.493s] -- Performing Test HAVE_C_WALL - Success
[3.494s] -- Performing Test HAVE_CXX_WRETURN_TYPE
[3.646s] -- Performing Test HAVE_CXX_WRETURN_TYPE - Success
[3.646s] -- Performing Test HAVE_C_WRETURN_TYPE
[3.775s] -- Performing Test HAVE_C_WRETURN_TYPE - Success
[3.775s] -- Performing Test HAVE_CXX_WNON_VIRTUAL_DTOR
[3.925s] -- Performing Test HAVE_CXX_WNON_VIRTUAL_DTOR - Success
[3.925s] -- Performing Test HAVE_C_WNON_VIRTUAL_DTOR
[4.051s] -- Performing Test HAVE_C_WNON_VIRTUAL_DTOR - Failed
[4.052s] -- Performing Test HAVE_CXX_WADDRESS
[4.197s] -- Performing Test HAVE_CXX_WADDRESS - Success
[4.198s] -- Performing Test HAVE_C_WADDRESS
[4.329s] -- Performing Test HAVE_C_WADDRESS - Success
[4.329s] -- Performing Test HAVE_CXX_WSEQUENCE_POINT
[4.477s] -- Performing Test HAVE_CXX_WSEQUENCE_POINT - Success
[4.477s] -- Performing Test HAVE_C_WSEQUENCE_POINT
[4.604s] -- Performing Test HAVE_C_WSEQUENCE_POINT - Success
[4.604s] -- Performing Test HAVE_CXX_WFORMAT
[4.748s] -- Performing Test HAVE_CXX_WFORMAT - Success
[4.748s] -- Performing Test HAVE_C_WFORMAT
[4.866s] -- Performing Test HAVE_C_WFORMAT - Success
[4.867s] -- Performing Test HAVE_CXX_WFORMAT_SECURITY
[5.009s] -- Performing Test HAVE_CXX_WFORMAT_SECURITY - Success
[5.010s] -- Performing Test HAVE_C_WFORMAT_SECURITY
[5.134s] -- Performing Test HAVE_C_WFORMAT_SECURITY - Success
[5.134s] -- Performing Test HAVE_CXX_WMISSING_DECLARATIONS
[5.283s] -- Performing Test HAVE_CXX_WMISSING_DECLARATIONS - Success
[5.283s] -- Performing Test HAVE_C_WMISSING_DECLARATIONS
[5.413s] -- Performing Test HAVE_C_WMISSING_DECLARATIONS - Success
[5.416s] -- Performing Test HAVE_CXX_WMISSING_PROTOTYPES
[5.560s] -- Performing Test HAVE_CXX_WMISSING_PROTOTYPES - Failed
[5.560s] -- Performing Test HAVE_C_WMISSING_PROTOTYPES
[5.679s] -- Performing Test HAVE_C_WMISSING_PROTOTYPES - Success
[5.679s] -- Performing Test HAVE_CXX_WSTRICT_PROTOTYPES
[5.815s] -- Performing Test HAVE_CXX_WSTRICT_PROTOTYPES - Failed
[5.816s] -- Performing Test HAVE_C_WSTRICT_PROTOTYPES
[5.940s] -- Performing Test HAVE_C_WSTRICT_PROTOTYPES - Success
[5.942s] -- Performing Test HAVE_CXX_WUNDEF
[6.086s] -- Performing Test HAVE_CXX_WUNDEF - Success
[6.088s] -- Performing Test HAVE_C_WUNDEF
[6.245s] -- Performing Test HAVE_C_WUNDEF - Success
[6.247s] -- Performing Test HAVE_CXX_WINIT_SELF
[6.536s] -- Performing Test HAVE_CXX_WINIT_SELF - Success
[6.537s] -- Performing Test HAVE_C_WINIT_SELF
[6.727s] -- Performing Test HAVE_C_WINIT_SELF - Success
[6.727s] -- Performing Test HAVE_CXX_WPOINTER_ARITH
[6.941s] -- Performing Test HAVE_CXX_WPOINTER_ARITH - Success
[6.942s] -- Performing Test HAVE_C_WPOINTER_ARITH
[7.079s] -- Performing Test HAVE_C_WPOINTER_ARITH - Success
[7.080s] -- Performing Test HAVE_CXX_WSHADOW
[7.232s] -- Performing Test HAVE_CXX_WSHADOW - Success
[7.233s] -- Performing Test HAVE_C_WSHADOW
[7.367s] -- Performing Test HAVE_C_WSHADOW - Success
[7.368s] -- Performing Test HAVE_CXX_WSIGN_PROMO
[7.513s] -- Performing Test HAVE_CXX_WSIGN_PROMO - Success
[7.514s] -- Performing Test HAVE_C_WSIGN_PROMO
[7.644s] -- Performing Test HAVE_C_WSIGN_PROMO - Failed
[7.645s] -- Performing Test HAVE_CXX_WUNINITIALIZED
[7.789s] -- Performing Test HAVE_CXX_WUNINITIALIZED - Success
[7.790s] -- Performing Test HAVE_C_WUNINITIALIZED
[7.952s] -- Performing Test HAVE_C_WUNINITIALIZED - Success
[7.952s] -- Performing Test HAVE_CXX_WSUGGEST_OVERRIDE
[8.100s] -- Performing Test HAVE_CXX_WSUGGEST_OVERRIDE - Success
[8.101s] -- Performing Test HAVE_C_WSUGGEST_OVERRIDE
[8.227s] -- Performing Test HAVE_C_WSUGGEST_OVERRIDE - Failed
[8.228s] -- Performing Test HAVE_CXX_WNO_DELETE_NON_VIRTUAL_DTOR
[8.366s] -- Performing Test HAVE_CXX_WNO_DELETE_NON_VIRTUAL_DTOR - Success
[8.367s] -- Performing Test HAVE_C_WNO_DELETE_NON_VIRTUAL_DTOR
[8.488s] -- Performing Test HAVE_C_WNO_DELETE_NON_VIRTUAL_DTOR - Failed
[8.488s] -- Performing Test HAVE_CXX_WNO_UNNAMED_TYPE_TEMPLATE_ARGS
[8.625s] -- Performing Test HAVE_CXX_WNO_UNNAMED_TYPE_TEMPLATE_ARGS - Failed
[8.625s] -- Performing Test HAVE_C_WNO_UNNAMED_TYPE_TEMPLATE_ARGS
[8.741s] -- Performing Test HAVE_C_WNO_UNNAMED_TYPE_TEMPLATE_ARGS - Failed
[8.742s] -- Performing Test HAVE_CXX_WNO_COMMENT
[8.880s] -- Performing Test HAVE_CXX_WNO_COMMENT - Success
[8.881s] -- Performing Test HAVE_C_WNO_COMMENT
[8.999s] -- Performing Test HAVE_C_WNO_COMMENT - Success
[8.999s] -- Performing Test HAVE_CXX_WIMPLICIT_FALLTHROUGH_3
[9.138s] -- Performing Test HAVE_CXX_WIMPLICIT_FALLTHROUGH_3 - Success
[9.138s] -- Performing Test HAVE_C_WIMPLICIT_FALLTHROUGH_3
[9.259s] -- Performing Test HAVE_C_WIMPLICIT_FALLTHROUGH_3 - Success
[9.260s] -- Performing Test HAVE_CXX_WNO_STRICT_OVERFLOW
[9.397s] -- Performing Test HAVE_CXX_WNO_STRICT_OVERFLOW - Success
[9.397s] -- Performing Test HAVE_C_WNO_STRICT_OVERFLOW
[9.515s] -- Performing Test HAVE_C_WNO_STRICT_OVERFLOW - Success
[9.516s] -- Performing Test HAVE_CXX_FDIAGNOSTICS_SHOW_OPTION
[9.653s] -- Performing Test HAVE_CXX_FDIAGNOSTICS_SHOW_OPTION - Success
[9.654s] -- Performing Test HAVE_C_FDIAGNOSTICS_SHOW_OPTION
[9.770s] -- Performing Test HAVE_C_FDIAGNOSTICS_SHOW_OPTION - Success
[9.771s] -- Performing Test HAVE_CXX_PTHREAD
[9.902s] -- Performing Test HAVE_CXX_PTHREAD - Success
[9.903s] -- Performing Test HAVE_C_PTHREAD
[10.025s] -- Performing Test HAVE_C_PTHREAD - Success
[10.026s] -- Performing Test HAVE_CXX_FOMIT_FRAME_POINTER
[10.172s] -- Performing Test HAVE_CXX_FOMIT_FRAME_POINTER - Success
[10.173s] -- Performing Test HAVE_C_FOMIT_FRAME_POINTER
[10.292s] -- Performing Test HAVE_C_FOMIT_FRAME_POINTER - Success
[10.293s] -- Performing Test HAVE_CXX_FFUNCTION_SECTIONS
[10.437s] -- Performing Test HAVE_CXX_FFUNCTION_SECTIONS - Success
[10.437s] -- Performing Test HAVE_C_FFUNCTION_SECTIONS
[10.556s] -- Performing Test HAVE_C_FFUNCTION_SECTIONS - Success
[10.558s] -- Performing Test HAVE_CXX_FDATA_SECTIONS
[10.695s] -- Performing Test HAVE_CXX_FDATA_SECTIONS - Success
[10.696s] -- Performing Test HAVE_C_FDATA_SECTIONS
[10.811s] -- Performing Test HAVE_C_FDATA_SECTIONS - Success
[10.815s] -- Performing Test HAVE_CPU_NEON_SUPPORT (check file: cmake/checks/cpu_neon.cpp)
[11.541s] -- Performing Test HAVE_CPU_NEON_SUPPORT - Success
[11.542s] -- Performing Test HAVE_CPU_FP16_SUPPORT (check file: cmake/checks/cpu_fp16.cpp)
[12.243s] -- Performing Test HAVE_CPU_FP16_SUPPORT - Success
[12.245s] -- Performing Test HAVE_CPU_NEON_DOTPROD_SUPPORT (check file: cmake/checks/cpu_neon_dotprod.cpp)
[12.867s] -- Performing Test HAVE_CPU_NEON_DOTPROD_SUPPORT - Failed
[12.868s] -- Performing Test HAVE_CXX_MARCH_ARMV8_2_A+DOTPROD (check file: cmake/checks/cpu_neon_dotprod.cpp)
[13.572s] -- Performing Test HAVE_CXX_MARCH_ARMV8_2_A+DOTPROD - Success
[13.574s] -- Performing Test HAVE_CPU_NEON_FP16_SUPPORT (check file: cmake/checks/cpu_neon_fp16.cpp)
[14.206s] -- Performing Test HAVE_CPU_NEON_FP16_SUPPORT - Failed
[14.207s] -- Performing Test HAVE_CXX_MARCH_ARMV8_2_A+FP16 (check file: cmake/checks/cpu_neon_fp16.cpp)
[14.937s] -- Performing Test HAVE_CXX_MARCH_ARMV8_2_A+FP16 - Success
[14.939s] -- Performing Test HAVE_CPU_NEON_BF16_SUPPORT (check file: cmake/checks/cpu_neon_bf16.cpp)
[15.582s] -- Performing Test HAVE_CPU_NEON_BF16_SUPPORT - Failed
[15.583s] -- Performing Test HAVE_CXX_MARCH_ARMV8_2_A+BF16 (check file: cmake/checks/cpu_neon_bf16.cpp)
[15.636s] -- Performing Test HAVE_CXX_MARCH_ARMV8_2_A+BF16 - Failed
[15.637s] -- NEON_BF16 is not supported by C++ compiler
[15.637s] -- Dispatch optimization NEON_BF16 is not available, skipped
[15.638s] -- Performing Test HAVE_CPU_BASELINE_FLAGS
[15.777s] -- Performing Test HAVE_CPU_BASELINE_FLAGS - Success
[15.779s] -- Performing Test HAVE_CPU_DISPATCH_FLAGS_NEON_DOTPROD
[15.920s] -- Performing Test HAVE_CPU_DISPATCH_FLAGS_NEON_DOTPROD - Success
[15.922s] -- Performing Test HAVE_CPU_DISPATCH_FLAGS_NEON_FP16
[16.070s] -- Performing Test HAVE_CPU_DISPATCH_FLAGS_NEON_FP16 - Success
[16.071s] -- Performing Test HAVE_CXX_FVISIBILITY_HIDDEN
[16.214s] -- Performing Test HAVE_CXX_FVISIBILITY_HIDDEN - Success
[16.215s] -- Performing Test HAVE_C_FVISIBILITY_HIDDEN
[16.346s] -- Performing Test HAVE_C_FVISIBILITY_HIDDEN - Success
[16.346s] -- Performing Test HAVE_CXX_FVISIBILITY_INLINES_HIDDEN
[16.494s] -- Performing Test HAVE_CXX_FVISIBILITY_INLINES_HIDDEN - Success
[16.495s] -- Performing Test HAVE_C_FVISIBILITY_INLINES_HIDDEN
[16.622s] -- Performing Test HAVE_C_FVISIBILITY_INLINES_HIDDEN - Failed
[16.623s] -- Performing Test HAVE_LINK_AS_NEEDED
[16.766s] -- Performing Test HAVE_LINK_AS_NEEDED - Success
[16.766s] -- Performing Test HAVE_LINK_NO_UNDEFINED
[16.913s] -- Performing Test HAVE_LINK_NO_UNDEFINED - Success
[16.932s] -- Looking for pthread.h
[17.068s] -- Looking for pthread.h - found
[17.069s] -- Looking for posix_memalign
[17.215s] -- Looking for posix_memalign - found
[17.215s] -- Looking for malloc.h
[17.359s] -- Looking for malloc.h - found
[17.360s] -- Looking for memalign
[17.506s] -- Looking for memalign - found
[17.506s] -- Looking for getauxval
[17.647s] -- Looking for getauxval - found
[17.647s] -- Looking for elf_aux_info
[17.720s] -- Looking for elf_aux_info - not found
[17.770s] -- Found ZLIB: /usr/lib/aarch64-linux-gnu/libz.so (found suitable version "1.2.11", minimum required is "1.2.3") 
[17.847s] -- Could NOT find AVIF (missing: AVIF_LIBRARY AVIF_INCLUDE_DIR) 
[17.932s] -- Found JPEG: /usr/lib/aarch64-linux-gnu/libjpeg.so (found version "80") 
[17.952s] -- Found TIFF: /usr/lib/aarch64-linux-gnu/libtiff.so (found version "4.1.0")  
[17.964s] -- Found WebP: /usr/lib/aarch64-linux-gnu/libwebp.so  
[17.993s] -- The imported target "openjp2_static" references the file
[17.993s]    "/usr/lib/aarch64-linux-gnu/libopenjp2.a"
[17.994s] but this file does not exist.  Possible reasons include:
[17.994s] * The file was deleted, renamed, or moved to another location.
[17.994s] * An install or uninstall procedure did not complete successfully.
[17.994s] * The installation package was faulty and contained
[17.994s]    "/usr/lib/aarch64-linux-gnu/openjpeg-2.1/OpenJPEGTargets.cmake"
[17.994s] but not all the files it references.
[17.994s] 
[17.995s] -- The imported target "openjpip" references the file
[17.995s]    "/usr/lib/aarch64-linux-gnu/libopenjpip.so.2.3.1"
[17.995s] but this file does not exist.  Possible reasons include:
[17.995s] * The file was deleted, renamed, or moved to another location.
[17.995s] * An install or uninstall procedure did not complete successfully.
[17.995s] * The installation package was faulty and contained
[17.995s]    "/usr/lib/aarch64-linux-gnu/openjpeg-2.1/OpenJPEGTargets.cmake"
[17.996s] but not all the files it references.
[17.996s] 
[17.996s] -- The imported target "openjpip_server" references the file
[17.996s]    "/usr/lib/aarch64-linux-gnu/libopenjpip_server.a"
[17.996s] but this file does not exist.  Possible reasons include:
[17.996s] * The file was deleted, renamed, or moved to another location.
[17.996s] * An install or uninstall procedure did not complete successfully.
[17.996s] * The installation package was faulty and contained
[17.997s]    "/usr/lib/aarch64-linux-gnu/openjpeg-2.1/OpenJPEGTargets.cmake"
[17.997s] but not all the files it references.
[17.997s] 
[17.997s] -- The imported target "opj_decompress" references the file
[17.997s]    "/usr/bin/opj_decompress"
[17.997s] but this file does not exist.  Possible reasons include:
[17.997s] * The file was deleted, renamed, or moved to another location.
[17.998s] * An install or uninstall procedure did not complete successfully.
[17.998s] * The installation package was faulty and contained
[17.998s]    "/usr/lib/aarch64-linux-gnu/openjpeg-2.1/OpenJPEGTargets.cmake"
[17.998s] but not all the files it references.
[17.998s] 
[17.998s] -- The imported target "opj_compress" references the file
[17.998s]    "/usr/bin/opj_compress"
[17.998s] but this file does not exist.  Possible reasons include:
[17.999s] * The file was deleted, renamed, or moved to another location.
[17.999s] * An install or uninstall procedure did not complete successfully.
[17.999s] * The installation package was faulty and contained
[17.999s]    "/usr/lib/aarch64-linux-gnu/openjpeg-2.1/OpenJPEGTargets.cmake"
[17.999s] but not all the files it references.
[17.999s] 
[17.999s] -- The imported target "opj_dump" references the file
[17.999s]    "/usr/bin/opj_dump"
[18.000s] but this file does not exist.  Possible reasons include:
[18.000s] * The file was deleted, renamed, or moved to another location.
[18.000s] * An install or uninstall procedure did not complete successfully.
[18.000s] * The installation package was faulty and contained
[18.000s]    "/usr/lib/aarch64-linux-gnu/openjpeg-2.1/OpenJPEGTargets.cmake"
[18.000s] but not all the files it references.
[18.000s] 
[18.000s] -- The imported target "opj_jpip_addxml" references the file
[18.001s]    "/usr/bin/opj_jpip_addxml"
[18.001s] but this file does not exist.  Possible reasons include:
[18.001s] * The file was deleted, renamed, or moved to another location.
[18.001s] * An install or uninstall procedure did not complete successfully.
[18.001s] * The installation package was faulty and contained
[18.001s]    "/usr/lib/aarch64-linux-gnu/openjpeg-2.1/OpenJPEGTargets.cmake"
[18.001s] but not all the files it references.
[18.001s] 
[18.002s] -- The imported target "opj_server" references the file
[18.002s]    "/usr/bin/opj_server"
[18.002s] but this file does not exist.  Possible reasons include:
[18.002s] * The file was deleted, renamed, or moved to another location.
[18.002s] * An install or uninstall procedure did not complete successfully.
[18.002s] * The installation package was faulty and contained
[18.002s]    "/usr/lib/aarch64-linux-gnu/openjpeg-2.1/OpenJPEGTargets.cmake"
[18.002s] but not all the files it references.
[18.003s] 
[18.003s] -- The imported target "opj_dec_server" references the file
[18.003s]    "/usr/bin/opj_dec_server"
[18.003s] but this file does not exist.  Possible reasons include:
[18.003s] * The file was deleted, renamed, or moved to another location.
[18.003s] * An install or uninstall procedure did not complete successfully.
[18.003s] * The installation package was faulty and contained
[18.003s]    "/usr/lib/aarch64-linux-gnu/openjpeg-2.1/OpenJPEGTargets.cmake"
[18.004s] but not all the files it references.
[18.004s] 
[18.004s] -- The imported target "opj_jpip_transcode" references the file
[18.004s]    "/usr/bin/opj_jpip_transcode"
[18.004s] but this file does not exist.  Possible reasons include:
[18.004s] * The file was deleted, renamed, or moved to another location.
[18.004s] * An install or uninstall procedure did not complete successfully.
[18.004s] * The installation package was faulty and contained
[18.005s]    "/usr/lib/aarch64-linux-gnu/openjpeg-2.1/OpenJPEGTargets.cmake"
[18.005s] but not all the files it references.
[18.005s] 
[18.005s] -- The imported target "opj_jpip_test" references the file
[18.005s]    "/usr/bin/opj_jpip_test"
[18.005s] but this file does not exist.  Possible reasons include:
[18.005s] * The file was deleted, renamed, or moved to another location.
[18.006s] * An install or uninstall procedure did not complete successfully.
[18.006s] * The installation package was faulty and contained
[18.006s]    "/usr/lib/aarch64-linux-gnu/openjpeg-2.1/OpenJPEGTargets.cmake"
[18.006s] but not all the files it references.
[18.006s] 
[18.006s] -- Found system OpenJPEG: openjp2 (found version "2.3.1")
[18.139s] -- Looking for semaphore.h
[18.270s] -- Looking for semaphore.h - found
[18.277s] -- Performing Test HAVE_CXX_WNO_SHADOW
[18.420s] -- Performing Test HAVE_CXX_WNO_SHADOW - Success
[18.420s] -- Performing Test HAVE_CXX_WNO_UNUSED
[18.570s] -- Performing Test HAVE_CXX_WNO_UNUSED - Success
[18.571s] -- Performing Test HAVE_CXX_WNO_SIGN_COMPARE
[18.722s] -- Performing Test HAVE_CXX_WNO_SIGN_COMPARE - Success
[18.723s] -- Performing Test HAVE_CXX_WNO_UNDEF
[18.879s] -- Performing Test HAVE_CXX_WNO_UNDEF - Success
[18.880s] -- Performing Test HAVE_CXX_WNO_MISSING_DECLARATIONS
[19.029s] -- Performing Test HAVE_CXX_WNO_MISSING_DECLARATIONS - Success
[19.029s] -- Performing Test HAVE_CXX_WNO_UNINITIALIZED
[19.186s] -- Performing Test HAVE_CXX_WNO_UNINITIALIZED - Success
[19.187s] -- Performing Test HAVE_CXX_WNO_SWITCH
[19.342s] -- Performing Test HAVE_CXX_WNO_SWITCH - Success
[19.343s] -- Performing Test HAVE_CXX_WNO_PARENTHESES
[19.502s] -- Performing Test HAVE_CXX_WNO_PARENTHESES - Success
[19.503s] -- Performing Test HAVE_CXX_WNO_ARRAY_BOUNDS
[19.655s] -- Performing Test HAVE_CXX_WNO_ARRAY_BOUNDS - Success
[19.655s] -- Performing Test HAVE_CXX_WNO_EXTRA
[19.807s] -- Performing Test HAVE_CXX_WNO_EXTRA - Success
[19.808s] -- Performing Test HAVE_CXX_WNO_DEPRECATED_DECLARATIONS
[19.957s] -- Performing Test HAVE_CXX_WNO_DEPRECATED_DECLARATIONS - Success
[19.957s] -- Performing Test HAVE_CXX_WNO_MISLEADING_INDENTATION
[20.110s] -- Performing Test HAVE_CXX_WNO_MISLEADING_INDENTATION - Success
[20.111s] -- Performing Test HAVE_CXX_WNO_DEPRECATED
[20.263s] -- Performing Test HAVE_CXX_WNO_DEPRECATED - Success
[20.264s] -- Performing Test HAVE_CXX_WNO_SUGGEST_OVERRIDE
[20.412s] -- Performing Test HAVE_CXX_WNO_SUGGEST_OVERRIDE - Success
[20.413s] -- Performing Test HAVE_CXX_WNO_INCONSISTENT_MISSING_OVERRIDE
[20.568s] -- Performing Test HAVE_CXX_WNO_INCONSISTENT_MISSING_OVERRIDE - Failed
[20.569s] -- Performing Test HAVE_CXX_WNO_IMPLICIT_FALLTHROUGH
[20.726s] -- Performing Test HAVE_CXX_WNO_IMPLICIT_FALLTHROUGH - Success
[20.727s] -- Performing Test HAVE_CXX_WNO_TAUTOLOGICAL_COMPARE
[20.882s] -- Performing Test HAVE_CXX_WNO_TAUTOLOGICAL_COMPARE - Success
[20.883s] -- Performing Test HAVE_CXX_WNO_MISSING_PROTOTYPES
[21.041s] -- Performing Test HAVE_CXX_WNO_MISSING_PROTOTYPES - Failed
[21.042s] -- Performing Test HAVE_CXX_WNO_REORDER
[21.197s] -- Performing Test HAVE_CXX_WNO_REORDER - Success
[21.198s] -- Performing Test HAVE_CXX_WNO_UNUSED_RESULT
[21.353s] -- Performing Test HAVE_CXX_WNO_UNUSED_RESULT - Success
[21.354s] -- Performing Test HAVE_CXX_WNO_IMPLICIT_CONST_INT_FLOAT_CONVERSION
[21.510s] -- Performing Test HAVE_CXX_WNO_IMPLICIT_CONST_INT_FLOAT_CONVERSION - Failed
[21.511s] -- Performing Test HAVE_CXX_WNO_CLASS_MEMACCESS
[21.671s] -- Performing Test HAVE_CXX_WNO_CLASS_MEMACCESS - Success
[21.701s] -- Could not find OpenBLAS include. Turning OpenBLAS_FOUND off
[21.701s] -- Could not find OpenBLAS lib. Turning OpenBLAS_FOUND off
[21.720s] -- Could NOT find Atlas (missing: Atlas_CLAPACK_INCLUDE_DIR Atlas_CBLAS_LIBRARY Atlas_BLAS_LIBRARY) 
[21.728s] -- Looking for sgemm_
[21.860s] -- Looking for sgemm_ - not found
[21.864s] -- Performing Test CMAKE_HAVE_LIBC_PTHREAD
[22.010s] -- Performing Test CMAKE_HAVE_LIBC_PTHREAD - Success
[22.012s] -- Found Threads: TRUE  
[22.094s] -- Looking for sgemm_
[22.268s] -- Looking for sgemm_ - found
[22.270s] -- Found BLAS: /usr/lib/aarch64-linux-gnu/libopenblas.so  
[22.275s] -- Looking for cheev_
[22.454s] -- Looking for cheev_ - found
[22.455s] -- Found LAPACK: /usr/lib/aarch64-linux-gnu/libopenblas.so;-lm;-ldl  
[22.468s] -- Performing Test HAVE_CXX_WNO_UNUSED_PARAMETER
[22.616s] -- Performing Test HAVE_CXX_WNO_UNUSED_PARAMETER - Success
[22.618s] -- Performing Test HAVE_CXX_WNO_UNUSED_LOCAL_TYPEDEFS
[22.764s] -- Performing Test HAVE_CXX_WNO_UNUSED_LOCAL_TYPEDEFS - Success
[22.765s] -- Performing Test HAVE_CXX_WNO_SIGN_PROMO
[22.917s] -- Performing Test HAVE_CXX_WNO_SIGN_PROMO - Success
[22.918s] -- Performing Test HAVE_CXX_WNO_TAUTOLOGICAL_UNDEFINED_COMPARE
[23.067s] -- Performing Test HAVE_CXX_WNO_TAUTOLOGICAL_UNDEFINED_COMPARE - Failed
[23.068s] -- Performing Test HAVE_CXX_WNO_IGNORED_QUALIFIERS
[23.231s] -- Performing Test HAVE_CXX_WNO_IGNORED_QUALIFIERS - Success
[23.232s] -- Performing Test HAVE_CXX_WNO_UNUSED_FUNCTION
[23.388s] -- Performing Test HAVE_CXX_WNO_UNUSED_FUNCTION - Success
[23.389s] -- Performing Test HAVE_CXX_WNO_UNUSED_CONST_VARIABLE
[23.544s] -- Performing Test HAVE_CXX_WNO_UNUSED_CONST_VARIABLE - Success
[23.544s] -- Performing Test HAVE_CXX_WNO_SHORTEN_64_TO_32
[23.696s] -- Performing Test HAVE_CXX_WNO_SHORTEN_64_TO_32 - Failed
[23.697s] -- Performing Test HAVE_CXX_WNO_INVALID_OFFSETOF
[23.858s] -- Performing Test HAVE_CXX_WNO_INVALID_OFFSETOF - Success
[23.859s] -- Performing Test HAVE_CXX_WNO_ENUM_COMPARE_SWITCH
[24.013s] -- Performing Test HAVE_CXX_WNO_ENUM_COMPARE_SWITCH - Failed
[24.017s] -- Performing Test HAVE_CXX_WNO_STRINGOP_OVERFLOW
[24.174s] -- Performing Test HAVE_CXX_WNO_STRINGOP_OVERFLOW - Success
[24.175s] -- Performing Test HAVE_CXX_WNO_STRINGOP_OVERREAD
[24.324s] -- Performing Test HAVE_CXX_WNO_STRINGOP_OVERREAD - Failed
[24.325s] -- Performing Test HAVE_CXX_WNO_EXTRA_SEMI
[24.475s] -- Performing Test HAVE_CXX_WNO_EXTRA_SEMI - Success
[24.476s] -- Performing Test HAVE_CXX_WNO_COMMA
[24.631s] -- Performing Test HAVE_CXX_WNO_COMMA - Failed
[24.661s] -- Could NOT find Java (missing: Java_JAVA_EXECUTABLE Java_JAR_EXECUTABLE Java_JAVAC_EXECUTABLE Java_JAVAH_EXECUTABLE Java_JAVADOC_EXECUTABLE) 
[24.687s] -- Could NOT find JNI (missing: JAVA_INCLUDE_PATH JAVA_INCLUDE_PATH2 AWT JVM) 
[24.848s] -- The imported target "vtkParseOGLExt" references the file
[24.849s]    "/usr/bin/vtkParseOGLExt-7.1"
[24.849s] but this file does not exist.  Possible reasons include:
[24.850s] * The file was deleted, renamed, or moved to another location.
[24.850s] * An install or uninstall procedure did not complete successfully.
[24.850s] * The installation package was faulty and contained
[24.851s]    "/usr/lib/cmake/vtk-7.1/VTKTargets.cmake"
[24.851s] but not all the files it references.
[24.851s] 
[24.851s] -- The imported target "vtkRenderingPythonTkWidgets" references the file
[24.852s]    "/usr/lib/aarch64-linux-gnu/libvtkRenderingPythonTkWidgets.so"
[24.852s] but this file does not exist.  Possible reasons include:
[24.852s] * The file was deleted, renamed, or moved to another location.
[24.852s] * An install or uninstall procedure did not complete successfully.
[24.853s] * The installation package was faulty and contained
[24.853s]    "/usr/lib/cmake/vtk-7.1/VTKTargets.cmake"
[24.853s] but not all the files it references.
[24.853s] 
[24.854s] -- The imported target "vtk" references the file
[24.854s]    "/usr/bin/vtk"
[24.854s] but this file does not exist.  Possible reasons include:
[24.854s] * The file was deleted, renamed, or moved to another location.
[24.855s] * An install or uninstall procedure did not complete successfully.
[24.855s] * The installation package was faulty and contained
[24.855s]    "/usr/lib/cmake/vtk-7.1/VTKTargets.cmake"
[24.855s] but not all the files it references.
[24.856s] 
[24.856s] -- The imported target "pvtk" references the file
[24.856s]    "/usr/bin/pvtk"
[24.856s] but this file does not exist.  Possible reasons include:
[24.857s] * The file was deleted, renamed, or moved to another location.
[24.857s] * An install or uninstall procedure did not complete successfully.
[24.857s] * The installation package was faulty and contained
[24.857s]    "/usr/lib/cmake/vtk-7.1/VTKTargets.cmake"
[24.858s] but not all the files it references.
[24.858s] 
[26.327s] -- Found VTK 7.1.1 (/usr/lib/cmake/vtk-7.1/UseVTK.cmake)
[26.423s] -- Looking for dlerror in dl
[26.554s] -- Looking for dlerror in dl - found
[26.556s] -- Performing Test HAVE_C_WNO_IMPLICIT_FALLTHROUGH
[26.680s] -- Performing Test HAVE_C_WNO_IMPLICIT_FALLTHROUGH - Success
[26.686s] -- Performing Test HAVE_C_WNO_UNDEF
[26.817s] -- Performing Test HAVE_C_WNO_UNDEF - Success
[26.817s] -- Performing Test HAVE_C_WNO_SIGN_COMPARE
[26.951s] -- Performing Test HAVE_C_WNO_SIGN_COMPARE - Success
[26.952s] -- Performing Test HAVE_C_WNO_STRICT_PROTOTYPES
[27.084s] -- Performing Test HAVE_C_WNO_STRICT_PROTOTYPES - Success
[27.140s] -- ADE: Downloading v0.1.2e.zip from https://github.com/opencv/ade/archive/v0.1.2e.zip
[28.098s] -- Checking for module 'gtk+-3.0'
[28.118s] --   No package 'gtk+-3.0' found
[28.120s] -- Checking for module 'gtk+-2.0'
[28.130s] --   No package 'gtk+-2.0' found
[28.245s] -- Checking for modules 'libavcodec;libavformat;libavutil;libswscale'
[28.328s] --   Found libavcodec, version 58.54.100
[28.367s] --   Found libavformat, version 58.29.100
[28.406s] --   Found libavutil, version 56.31.100
[28.446s] --   Found libswscale, version 5.5.100
[28.584s] -- Checking for module 'libavresample'
[28.594s] --   No package 'libavresample' found
[29.243s] -- Checking for module 'gstreamer-base-1.0'
[29.253s] --   No package 'gstreamer-base-1.0' found
[29.255s] -- Checking for module 'gstreamer-app-1.0'
[29.266s] --   No package 'gstreamer-app-1.0' found
[29.267s] -- Checking for module 'gstreamer-riff-1.0'
[29.277s] --   No package 'gstreamer-riff-1.0' found
[29.279s] -- Checking for module 'gstreamer-pbutils-1.0'
[29.289s] --   No package 'gstreamer-pbutils-1.0' found
[29.292s] -- Checking for module 'gstreamer-video-1.0'
[29.302s] --   No package 'gstreamer-video-1.0' found
[29.304s] -- Checking for module 'gstreamer-audio-1.0'
[29.315s] --   No package 'gstreamer-audio-1.0' found
[29.827s] -- Allocator metrics storage type: 'int'
[29.853s] -- Excluding from source files list: <BUILD>/modules/core/test/test_intrin128.sse2.cpp
[29.854s] -- Excluding from source files list: <BUILD>/modules/core/test/test_intrin128.sse3.cpp
[29.855s] -- Excluding from source files list: <BUILD>/modules/core/test/test_intrin128.ssse3.cpp
[29.855s] -- Excluding from source files list: <BUILD>/modules/core/test/test_intrin128.sse4_1.cpp
[29.856s] -- Excluding from source files list: <BUILD>/modules/core/test/test_intrin128.sse4_2.cpp
[29.856s] -- Excluding from source files list: <BUILD>/modules/core/test/test_intrin128.avx.cpp
[29.856s] -- Excluding from source files list: <BUILD>/modules/core/test/test_intrin128.avx2.cpp
[29.857s] -- Excluding from source files list: <BUILD>/modules/core/test/test_intrin128.avx512_skx.cpp
[29.857s] -- Excluding from source files list: <BUILD>/modules/core/test/test_intrin256.avx2.cpp
[29.857s] -- Excluding from source files list: <BUILD>/modules/core/test/test_intrin256.avx512_skx.cpp
[29.857s] -- Excluding from source files list: <BUILD>/modules/core/test/test_intrin256.lasx.cpp
[29.858s] -- Excluding from source files list: <BUILD>/modules/core/test/test_intrin512.avx512_skx.cpp
[29.923s] -- Excluding from source files list: modules/imgproc/src/corner.avx.cpp
[29.923s] -- Excluding from source files list: modules/imgproc/src/imgwarp.avx2.cpp
[29.924s] -- Excluding from source files list: modules/imgproc/src/imgwarp.lasx.cpp
[29.924s] -- Excluding from source files list: modules/imgproc/src/imgwarp.sse4_1.cpp
[29.925s] -- Excluding from source files list: modules/imgproc/src/resize.avx2.cpp
[29.925s] -- Excluding from source files list: modules/imgproc/src/resize.lasx.cpp
[29.925s] -- Excluding from source files list: modules/imgproc/src/resize.sse4_1.cpp
[30.030s] -- Registering hook 'INIT_MODULE_SOURCES_opencv_dnn': /home/orin/test_ws/src/opencv/modules/dnn/cmake/hooks/INIT_MODULE_SOURCES_opencv_dnn.cmake
[30.111s] -- opencv_dnn: filter out cuda4dnn source code
[30.134s] -- Excluding from source files list: <BUILD>/modules/dnn/layers/layers_common.avx.cpp
[30.134s] -- Excluding from source files list: <BUILD>/modules/dnn/layers/layers_common.avx2.cpp
[30.135s] -- Excluding from source files list: <BUILD>/modules/dnn/layers/layers_common.avx512_skx.cpp
[30.135s] -- Excluding from source files list: <BUILD>/modules/dnn/layers/layers_common.rvv.cpp
[30.136s] -- Excluding from source files list: <BUILD>/modules/dnn/layers/layers_common.lasx.cpp
[30.136s] -- Excluding from source files list: <BUILD>/modules/dnn/int8layers/layers_common.avx2.cpp
[30.136s] -- Excluding from source files list: <BUILD>/modules/dnn/int8layers/layers_common.avx512_skx.cpp
[30.137s] -- Excluding from source files list: <BUILD>/modules/dnn/int8layers/layers_common.rvv.cpp
[30.137s] -- Excluding from source files list: <BUILD>/modules/dnn/int8layers/layers_common.lasx.cpp
[30.137s] -- Excluding from source files list: <BUILD>/modules/dnn/layers/cpu_kernels/conv_block.avx.cpp
[30.138s] -- Excluding from source files list: <BUILD>/modules/dnn/layers/cpu_kernels/conv_block.avx2.cpp
[30.138s] -- Excluding from source files list: <BUILD>/modules/dnn/layers/cpu_kernels/conv_depthwise.avx.cpp
[30.138s] -- Excluding from source files list: <BUILD>/modules/dnn/layers/cpu_kernels/conv_depthwise.avx2.cpp
[30.138s] -- Excluding from source files list: <BUILD>/modules/dnn/layers/cpu_kernels/conv_depthwise.rvv.cpp
[30.139s] -- Excluding from source files list: <BUILD>/modules/dnn/layers/cpu_kernels/conv_depthwise.lasx.cpp
[30.139s] -- Excluding from source files list: <BUILD>/modules/dnn/layers/cpu_kernels/fast_gemm_kernels.avx.cpp
[30.139s] -- Excluding from source files list: <BUILD>/modules/dnn/layers/cpu_kernels/fast_gemm_kernels.avx2.cpp
[30.140s] -- Excluding from source files list: <BUILD>/modules/dnn/layers/cpu_kernels/fast_gemm_kernels.lasx.cpp
[30.185s] -- Excluding from source files list: modules/features2d/src/fast.avx2.cpp
[30.215s] -- imgcodecs: OpenEXR codec is disabled in runtime. Details: https://github.com/opencv/opencv/issues/21326
[30.319s] -- highgui: using builtin backend: NONE
[30.585s] -- Use autogenerated whitelist /home/orin/test_ws/src/build/OpenCV/modules/js_bindings_generator/whitelist.json
[30.611s] -- Found 'misc' Python modules from /home/orin/test_ws/src/opencv/modules/python/package/extra_modules
[30.611s] -- Found 'mat_wrapper;utils' Python modules from /home/orin/test_ws/src/opencv/modules/core/misc/python/package
[30.612s] -- Found 'gapi' Python modules from /home/orin/test_ws/src/opencv/modules/gapi/misc/python/package
[30.768s] -- Performing Test HAVE_CXX_WNO_OVERLOADED_VIRTUAL
[30.918s] -- Performing Test HAVE_CXX_WNO_OVERLOADED_VIRTUAL - Success
[30.918s] -- Performing Test HAVE_CXX_WNO_UNUSED_PRIVATE_FIELD
[31.071s] -- Performing Test HAVE_CXX_WNO_UNUSED_PRIVATE_FIELD - Failed
[31.075s] -- Found 'misc' Python modules from /home/orin/test_ws/src/opencv/modules/python/package/extra_modules
[31.076s] -- Found 'mat_wrapper;utils' Python modules from /home/orin/test_ws/src/opencv/modules/core/misc/python/package
[31.078s] -- Found 'gapi' Python modules from /home/orin/test_ws/src/opencv/modules/gapi/misc/python/package
[31.168s] -- 
[31.169s] -- General configuration for OpenCV 4.12.0-dev =====================================
[31.169s] --   Version control:               4.11.0-48-g459bb12466
[31.169s] -- 
[31.169s] --   Platform:
[31.170s] --     Timestamp:                   2025-01-22T03:15:25Z
[31.170s] --     Host:                        Linux 5.10.120-tegra aarch64
[31.170s] --     CMake:                       3.25.2
[31.170s] --     CMake generator:             Unix Makefiles
[31.170s] --     CMake build tool:            /usr/bin/make
[31.170s] --     Configuration:               Release
[31.170s] --     Algorithm Hint:              ALGO_HINT_ACCURATE
[31.171s] -- 
[31.171s] --   CPU/HW features:
[31.171s] --     Baseline:                    NEON FP16
[31.171s] --       requested:                 DETECT
[31.171s] --     Dispatched code generation:  NEON_DOTPROD NEON_FP16
[31.171s] --       requested:                 NEON_FP16 NEON_BF16 NEON_DOTPROD
[31.172s] --       NEON_DOTPROD (1 files):    + NEON_DOTPROD
[31.172s] --       NEON_FP16 (2 files):       + NEON_FP16
[31.172s] -- 
[31.172s] --   C/C++:
[31.172s] --     Built as dynamic libs?:      YES
[31.172s] --     C++ standard:                11
[31.173s] --     C++ Compiler:                /usr/bin/c++  (ver 9.4.0)
[31.173s] --     C++ flags (Release):         -fsigned-char -W -Wall -Wreturn-type -Wnon-virtual-dtor -Waddress -Wsequence-point -Wformat -Wformat-security -Wmissing-declarations -Wundef -Winit-self -Wpointer-arith -Wshadow -Wsign-promo -Wuninitialized -Wsuggest-override -Wno-delete-non-virtual-dtor -Wno-comment -Wimplicit-fallthrough=3 -Wno-strict-overflow -fdiagnostics-show-option -pthread -fomit-frame-pointer -ffunction-sections -fdata-sections  -fvisibility=hidden -fvisibility-inlines-hidden -O3 -DNDEBUG  -DNDEBUG
[31.173s] --     C++ flags (Debug):           -fsigned-char -W -Wall -Wreturn-type -Wnon-virtual-dtor -Waddress -Wsequence-point -Wformat -Wformat-security -Wmissing-declarations -Wundef -Winit-self -Wpointer-arith -Wshadow -Wsign-promo -Wuninitialized -Wsuggest-override -Wno-delete-non-virtual-dtor -Wno-comment -Wimplicit-fallthrough=3 -Wno-strict-overflow -fdiagnostics-show-option -pthread -fomit-frame-pointer -ffunction-sections -fdata-sections  -fvisibility=hidden -fvisibility-inlines-hidden -g  -O0 -DDEBUG -D_DEBUG
[31.173s] --     C Compiler:                  /usr/bin/cc
[31.173s] --     C flags (Release):           -fsigned-char -W -Wall -Wreturn-type -Waddress -Wsequence-point -Wformat -Wformat-security -Wmissing-declarations -Wmissing-prototypes -Wstrict-prototypes -Wundef -Winit-self -Wpointer-arith -Wshadow -Wuninitialized -Wno-comment -Wimplicit-fallthrough=3 -Wno-strict-overflow -fdiagnostics-show-option -pthread -fomit-frame-pointer -ffunction-sections -fdata-sections  -fvisibility=hidden -O3 -DNDEBUG  -DNDEBUG
[31.173s] --     C flags (Debug):             -fsigned-char -W -Wall -Wreturn-type -Waddress -Wsequence-point -Wformat -Wformat-security -Wmissing-declarations -Wmissing-prototypes -Wstrict-prototypes -Wundef -Winit-self -Wpointer-arith -Wshadow -Wuninitialized -Wno-comment -Wimplicit-fallthrough=3 -Wno-strict-overflow -fdiagnostics-show-option -pthread -fomit-frame-pointer -ffunction-sections -fdata-sections  -fvisibility=hidden -g  -O0 -DDEBUG -D_DEBUG
[31.174s] --     Linker flags (Release):      -Wl,--gc-sections -Wl,--as-needed -Wl,--no-undefined  
[31.174s] --     Linker flags (Debug):        -Wl,--gc-sections -Wl,--as-needed -Wl,--no-undefined  
[31.174s] --     ccache:                      NO
[31.174s] --     Precompiled headers:         NO
[31.183s] --     Extra dependencies:          dl m pthread rt
[31.183s] --     3rdparty dependencies:
[31.183s] -- 
[31.183s] --   OpenCV modules:
[31.184s] --     To be built:                 calib3d core dnn features2d flann gapi highgui imgcodecs imgproc ml objdetect photo python3 stitching ts video videoio
[31.184s] --     Disabled:                    world
[31.184s] --     Disabled by dependency:      -
[31.185s] --     Unavailable:                 java python2
[31.186s] --     Applications:                tests perf_tests apps
[31.187s] --     Documentation:               NO
[31.187s] --     Non-free algorithms:         NO
[31.187s] -- 
[31.187s] --   GUI:                           NONE
[31.187s] --     GTK+:                        NO
[31.188s] --     VTK support:                 YES (ver 7.1.1)
[31.188s] -- 
[31.188s] --   Media I/O: 
[31.188s] --     ZLib:                        /usr/lib/aarch64-linux-gnu/libz.so (ver 1.2.11)
[31.188s] --     JPEG:                        /usr/lib/aarch64-linux-gnu/libjpeg.so (ver 80)
[31.189s] --     WEBP:                        /usr/lib/aarch64-linux-gnu/libwebp.so (ver decoder: 0x0208, encoder: 0x020e, demux: 0x0107)
[31.189s] --     AVIF:                        NO
[31.189s] --     PNG:                         /usr/lib/aarch64-linux-gnu/libpng.so (ver 1.6.37)
[31.189s] --     TIFF:                        /usr/lib/aarch64-linux-gnu/libtiff.so (ver 42 / 4.1.0)
[31.190s] --     JPEG 2000:                   OpenJPEG (ver 2.3.1)
[31.190s] --     OpenEXR:                     build (ver 2.3.0)
[31.190s] --     GIF:                         NO
[31.190s] --     HDR:                         YES
[31.191s] --     SUNRASTER:                   YES
[31.191s] --     PXM:                         YES
[31.191s] --     PFM:                         YES
[31.191s] -- 
[31.192s] --   Video I/O:
[31.192s] --     FFMPEG:                      YES
[31.192s] --       avcodec:                   YES (58.54.100)
[31.192s] --       avformat:                  YES (58.29.100)
[31.192s] --       avutil:                    YES (56.31.100)
[31.193s] --       swscale:                   YES (5.5.100)
[31.193s] --       avresample:                NO
[31.193s] --     GStreamer:                   NO
[31.194s] --     v4l/v4l2:                    YES (linux/videodev2.h)
[31.194s] -- 
[31.195s] --   Parallel framework:            pthreads
[31.195s] -- 
[31.195s] --   Trace:                         YES (with Intel ITT(3.25.4))
[31.195s] -- 
[31.196s] --   Other third-party libraries:
[31.196s] --     Lapack:                      NO
[31.196s] --     Eigen:                       YES (ver 3.3.7)
[31.196s] --     Custom HAL:                  YES (carotene (ver 0.0.1))
[31.197s] --     Protobuf:                    build (3.19.1)
[31.197s] --     Flatbuffers:                 builtin/3rdparty (23.5.9)
[31.198s] -- 
[31.198s] --   OpenCL:                        YES (no extra features)
[31.198s] --     Include path:                /home/orin/test_ws/src/opencv/3rdparty/include/opencl/1.2
[31.198s] --     Link libraries:              Dynamic load
[31.198s] -- 
[31.199s] --   Python 3:
[31.199s] --     Interpreter:                 /usr/bin/python3 (ver 3.8.10)
[31.199s] --     Libraries:                   /usr/lib/aarch64-linux-gnu/libpython3.8.so (ver 3.8.10)
[31.199s] --     Limited API:                 NO
[31.200s] --     numpy:                       /usr/local/lib/python3.8/dist-packages/numpy/core/include (ver 1.24.4)
[31.200s] --     install path:                lib/python3.8/site-packages/cv2/python-3.8
[31.200s] -- 
[31.201s] --   Python (for build):            /usr/bin/python3
[31.201s] -- 
[31.201s] --   Java:                          
[31.201s] --     ant:                         NO
[31.201s] --     Java:                        NO
[31.202s] --     JNI:                         NO
[31.202s] --     Java wrappers:               NO
[31.202s] --     Java tests:                  NO
[31.202s] -- 
[31.202s] --   Install to:                    /home/orin/test_ws/src/install/OpenCV
[31.203s] -- -----------------------------------------------------------------
[31.203s] -- 
[31.791s] -- Configuring done
[32.774s] -- Generating done
[32.966s] -- Build files have been written to: /home/orin/test_ws/src/build/OpenCV
