[0.186s] Invoking command in '/home/orin/test_ws/src/build/turtlebot3_navigation2': CMAKE_PREFIX_PATH=/opt/ros/foxy /usr/local/bin/cmake /home/orin/test_ws/src/turtlebot3/turtlebot3_navigation2 -DCMAKE_INSTALL_PREFIX=/home/orin/test_ws/src/install/turtlebot3_navigation2
[3.160s] -- The C compiler identification is GNU 9.4.0
[3.161s] -- The CXX compiler identification is GNU 9.4.0
[3.161s] -- Detecting C compiler ABI info
[3.161s] -- Detecting C compiler ABI info - done
[3.161s] -- Check for working C compiler: /usr/bin/cc - skipped
[3.161s] -- Detecting C compile features
[3.161s] -- Detecting C compile features - done
[3.161s] -- Detecting CXX compiler ABI info
[3.162s] -- Detecting CXX compiler ABI info - done
[3.162s] -- Check for working CXX compiler: /usr/bin/c++ - skipped
[3.162s] -- Detecting CXX compile features
[3.162s] -- Detecting CXX compile features - done
[3.162s] -- Found ament_cmake: 0.9.12 (/opt/ros/foxy/share/ament_cmake/cmake)
[3.162s] -- Found PythonInterp: /usr/bin/python3 (found suitable version "3.8.10", minimum required is "3") 
[3.162s] -- Using PYTHON_EXECUTABLE: /usr/bin/python3
[3.162s] -- Configuring done
[3.163s] -- Generating done
[3.167s] -- Build files have been written to: /home/orin/test_ws/src/build/turtlebot3_navigation2
[3.191s] Invoked command in '/home/orin/test_ws/src/build/turtlebot3_navigation2' returned '0': CMAKE_PREFIX_PATH=/opt/ros/foxy /usr/local/bin/cmake /home/orin/test_ws/src/turtlebot3/turtlebot3_navigation2 -DCMAKE_INSTALL_PREFIX=/home/orin/test_ws/src/install/turtlebot3_navigation2
[3.191s] Invoking command in '/home/orin/test_ws/src/build/turtlebot3_navigation2': CMAKE_PREFIX_PATH=/opt/ros/foxy /usr/local/bin/cmake --build /home/orin/test_ws/src/build/turtlebot3_navigation2 -- -j12 -l12
[3.468s] Invoked command in '/home/orin/test_ws/src/build/turtlebot3_navigation2' returned '0': CMAKE_PREFIX_PATH=/opt/ros/foxy /usr/local/bin/cmake --build /home/orin/test_ws/src/build/turtlebot3_navigation2 -- -j12 -l12
[3.475s] Invoking command in '/home/orin/test_ws/src/build/turtlebot3_navigation2': CMAKE_PREFIX_PATH=/opt/ros/foxy /usr/local/bin/cmake --install /home/orin/test_ws/src/build/turtlebot3_navigation2
[3.686s] -- Install configuration: ""
[3.686s] -- Installing: /home/orin/test_ws/src/install/turtlebot3_navigation2/share/turtlebot3_navigation2/launch
[3.687s] -- Installing: /home/orin/test_ws/src/install/turtlebot3_navigation2/share/turtlebot3_navigation2/launch/navigation2.launch.py
[3.687s] -- Installing: /home/orin/test_ws/src/install/turtlebot3_navigation2/share/turtlebot3_navigation2/map
[3.687s] -- Installing: /home/orin/test_ws/src/install/turtlebot3_navigation2/share/turtlebot3_navigation2/map/map.pgm
[3.689s] -- Installing: /home/orin/test_ws/src/install/turtlebot3_navigation2/share/turtlebot3_navigation2/map/map.yaml
[3.689s] -- Installing: /home/orin/test_ws/src/install/turtlebot3_navigation2/share/turtlebot3_navigation2/param
[3.689s] -- Installing: /home/orin/test_ws/src/install/turtlebot3_navigation2/share/turtlebot3_navigation2/param/waffle.yaml
[3.689s] -- Installing: /home/orin/test_ws/src/install/turtlebot3_navigation2/share/turtlebot3_navigation2/param/waffle_pi.yaml
[3.690s] -- Installing: /home/orin/test_ws/src/install/turtlebot3_navigation2/share/turtlebot3_navigation2/param/burger.yaml
[3.690s] -- Installing: /home/orin/test_ws/src/install/turtlebot3_navigation2/share/turtlebot3_navigation2/rviz
[3.691s] -- Installing: /home/orin/test_ws/src/install/turtlebot3_navigation2/share/turtlebot3_navigation2/rviz/tb3_navigation2.rviz
[3.692s] -- Installing: /home/orin/test_ws/src/install/turtlebot3_navigation2/share/ament_index/resource_index/package_run_dependencies/turtlebot3_navigation2
[3.693s] -- Installing: /home/orin/test_ws/src/install/turtlebot3_navigation2/share/ament_index/resource_index/parent_prefix_path/turtlebot3_navigation2
[3.694s] -- Installing: /home/orin/test_ws/src/install/turtlebot3_navigation2/share/turtlebot3_navigation2/environment/ament_prefix_path.sh
[3.696s] -- Installing: /home/orin/test_ws/src/install/turtlebot3_navigation2/share/turtlebot3_navigation2/environment/ament_prefix_path.dsv
[3.697s] -- Installing: /home/orin/test_ws/src/install/turtlebot3_navigation2/share/turtlebot3_navigation2/environment/path.sh
[3.697s] -- Installing: /home/orin/test_ws/src/install/turtlebot3_navigation2/share/turtlebot3_navigation2/environment/path.dsv
[3.697s] -- Installing: /home/orin/test_ws/src/install/turtlebot3_navigation2/share/turtlebot3_navigation2/local_setup.bash
[3.697s] -- Installing: /home/orin/test_ws/src/install/turtlebot3_navigation2/share/turtlebot3_navigation2/local_setup.sh
[3.697s] -- Installing: /home/orin/test_ws/src/install/turtlebot3_navigation2/share/turtlebot3_navigation2/local_setup.zsh
[3.697s] -- Installing: /home/orin/test_ws/src/install/turtlebot3_navigation2/share/turtlebot3_navigation2/local_setup.dsv
[3.697s] -- Installing: /home/orin/test_ws/src/install/turtlebot3_navigation2/share/turtlebot3_navigation2/package.dsv
[3.698s] -- Installing: /home/orin/test_ws/src/install/turtlebot3_navigation2/share/ament_index/resource_index/packages/turtlebot3_navigation2
[3.698s] -- Installing: /home/orin/test_ws/src/install/turtlebot3_navigation2/share/turtlebot3_navigation2/cmake/turtlebot3_navigation2Config.cmake
[3.698s] -- Installing: /home/orin/test_ws/src/install/turtlebot3_navigation2/share/turtlebot3_navigation2/cmake/turtlebot3_navigation2Config-version.cmake
[3.698s] -- Installing: /home/orin/test_ws/src/install/turtlebot3_navigation2/share/turtlebot3_navigation2/package.xml
[3.861s] Invoked command in '/home/orin/test_ws/src/build/turtlebot3_navigation2' returned '0': CMAKE_PREFIX_PATH=/opt/ros/foxy /usr/local/bin/cmake --install /home/orin/test_ws/src/build/turtlebot3_navigation2
