[0.202s] Invoking command in '/home/orin/test_ws/src/build/turtlebot3_navigation2': CMAKE_PREFIX_PATH=${CMAKE_PREFIX_PATH}:/home/orin/test_ws/src/install/turtlebot3_teleop:/home/orin/test_ws/src/install/turtlebot3_example:/home/orin/test_ws/src/install/object_detection:/home/orin/test_ws/src/install/nv2:/home/orin/test_ws/src/install/detect_lane:/home/orin/test_ws/src/install/core:/home/orin/test_ws/src/install/control:/home/orin/test_ws/src/install/camera:/opt/ros/foxy /usr/local/bin/cmake --build /home/orin/test_ws/src/build/turtlebot3_navigation2 -- -j12 -l12
[2.868s] Invoked command in '/home/orin/test_ws/src/build/turtlebot3_navigation2' returned '0': CMAKE_PREFIX_PATH=${CMAKE_PREFIX_PATH}:/home/orin/test_ws/src/install/turtlebot3_teleop:/home/orin/test_ws/src/install/turtlebot3_example:/home/orin/test_ws/src/install/object_detection:/home/orin/test_ws/src/install/nv2:/home/orin/test_ws/src/install/detect_lane:/home/orin/test_ws/src/install/core:/home/orin/test_ws/src/install/control:/home/orin/test_ws/src/install/camera:/opt/ros/foxy /usr/local/bin/cmake --build /home/orin/test_ws/src/build/turtlebot3_navigation2 -- -j12 -l12
[2.876s] Invoking command in '/home/orin/test_ws/src/build/turtlebot3_navigation2': CMAKE_PREFIX_PATH=${CMAKE_PREFIX_PATH}:/home/orin/test_ws/src/install/turtlebot3_teleop:/home/orin/test_ws/src/install/turtlebot3_example:/home/orin/test_ws/src/install/object_detection:/home/orin/test_ws/src/install/nv2:/home/orin/test_ws/src/install/detect_lane:/home/orin/test_ws/src/install/core:/home/orin/test_ws/src/install/control:/home/orin/test_ws/src/install/camera:/opt/ros/foxy /usr/local/bin/cmake --install /home/orin/test_ws/src/build/turtlebot3_navigation2
[3.055s] -- Install configuration: ""
[3.055s] -- Up-to-date: /home/orin/test_ws/src/install/turtlebot3_navigation2/share/turtlebot3_navigation2/launch
[3.055s] -- Up-to-date: /home/orin/test_ws/src/install/turtlebot3_navigation2/share/turtlebot3_navigation2/launch/navigation2.launch.py
[3.055s] -- Up-to-date: /home/orin/test_ws/src/install/turtlebot3_navigation2/share/turtlebot3_navigation2/map
[3.055s] -- Up-to-date: /home/orin/test_ws/src/install/turtlebot3_navigation2/share/turtlebot3_navigation2/map/map.pgm
[3.055s] -- Up-to-date: /home/orin/test_ws/src/install/turtlebot3_navigation2/share/turtlebot3_navigation2/map/map.yaml
[3.055s] -- Up-to-date: /home/orin/test_ws/src/install/turtlebot3_navigation2/share/turtlebot3_navigation2/param
[3.056s] -- Up-to-date: /home/orin/test_ws/src/install/turtlebot3_navigation2/share/turtlebot3_navigation2/param/waffle.yaml
[3.056s] -- Up-to-date: /home/orin/test_ws/src/install/turtlebot3_navigation2/share/turtlebot3_navigation2/param/waffle_pi.yaml
[3.056s] -- Up-to-date: /home/orin/test_ws/src/install/turtlebot3_navigation2/share/turtlebot3_navigation2/param/burger.yaml
[3.056s] -- Up-to-date: /home/orin/test_ws/src/install/turtlebot3_navigation2/share/turtlebot3_navigation2/rviz
[3.056s] -- Up-to-date: /home/orin/test_ws/src/install/turtlebot3_navigation2/share/turtlebot3_navigation2/rviz/tb3_navigation2.rviz
[3.056s] -- Up-to-date: /home/orin/test_ws/src/install/turtlebot3_navigation2/share/ament_index/resource_index/package_run_dependencies/turtlebot3_navigation2
[3.056s] -- Up-to-date: /home/orin/test_ws/src/install/turtlebot3_navigation2/share/ament_index/resource_index/parent_prefix_path/turtlebot3_navigation2
[3.057s] -- Up-to-date: /home/orin/test_ws/src/install/turtlebot3_navigation2/share/turtlebot3_navigation2/environment/ament_prefix_path.sh
[3.057s] -- Up-to-date: /home/orin/test_ws/src/install/turtlebot3_navigation2/share/turtlebot3_navigation2/environment/ament_prefix_path.dsv
[3.057s] -- Up-to-date: /home/orin/test_ws/src/install/turtlebot3_navigation2/share/turtlebot3_navigation2/environment/path.sh
[3.057s] -- Up-to-date: /home/orin/test_ws/src/install/turtlebot3_navigation2/share/turtlebot3_navigation2/environment/path.dsv
[3.057s] -- Up-to-date: /home/orin/test_ws/src/install/turtlebot3_navigation2/share/turtlebot3_navigation2/local_setup.bash
[3.057s] -- Up-to-date: /home/orin/test_ws/src/install/turtlebot3_navigation2/share/turtlebot3_navigation2/local_setup.sh
[3.057s] -- Up-to-date: /home/orin/test_ws/src/install/turtlebot3_navigation2/share/turtlebot3_navigation2/local_setup.zsh
[3.061s] -- Up-to-date: /home/orin/test_ws/src/install/turtlebot3_navigation2/share/turtlebot3_navigation2/local_setup.dsv
[3.062s] -- Installing: /home/orin/test_ws/src/install/turtlebot3_navigation2/share/turtlebot3_navigation2/package.dsv
[3.062s] -- Up-to-date: /home/orin/test_ws/src/install/turtlebot3_navigation2/share/ament_index/resource_index/packages/turtlebot3_navigation2
[3.063s] -- Up-to-date: /home/orin/test_ws/src/install/turtlebot3_navigation2/share/turtlebot3_navigation2/cmake/turtlebot3_navigation2Config.cmake
[3.063s] -- Up-to-date: /home/orin/test_ws/src/install/turtlebot3_navigation2/share/turtlebot3_navigation2/cmake/turtlebot3_navigation2Config-version.cmake
[3.065s] -- Up-to-date: /home/orin/test_ws/src/install/turtlebot3_navigation2/share/turtlebot3_navigation2/package.xml
[3.153s] Invoked command in '/home/orin/test_ws/src/build/turtlebot3_navigation2' returned '0': CMAKE_PREFIX_PATH=${CMAKE_PREFIX_PATH}:/home/orin/test_ws/src/install/turtlebot3_teleop:/home/orin/test_ws/src/install/turtlebot3_example:/home/orin/test_ws/src/install/object_detection:/home/orin/test_ws/src/install/nv2:/home/orin/test_ws/src/install/detect_lane:/home/orin/test_ws/src/install/core:/home/orin/test_ws/src/install/control:/home/orin/test_ws/src/install/camera:/opt/ros/foxy /usr/local/bin/cmake --install /home/orin/test_ws/src/build/turtlebot3_navigation2
