running egg_info
creating ../build/core/core.egg-info
writing ../build/core/core.egg-info/PKG-INFO
writing dependency_links to ../build/core/core.egg-info/dependency_links.txt
writing entry points to ../build/core/core.egg-info/entry_points.txt
writing requirements to ../build/core/core.egg-info/requires.txt
writing top-level names to ../build/core/core.egg-info/top_level.txt
writing manifest file '../build/core/core.egg-info/SOURCES.txt'
reading manifest file '../build/core/core.egg-info/SOURCES.txt'
writing manifest file '../build/core/core.egg-info/SOURCES.txt'
running build
running build_py
creating /home/orin/test_ws/src/build/core/build
creating /home/orin/test_ws/src/build/core/build/lib
creating /home/orin/test_ws/src/build/core/build/lib/core
copying core/__init__.py -> /home/orin/test_ws/src/build/core/build/lib/core
copying core/core.py -> /home/orin/test_ws/src/build/core/build/lib/core
running install
running install_lib
creating /home/orin/test_ws/src/install/core/lib/python3.8/site-packages/core
copying /home/orin/test_ws/src/build/core/build/lib/core/__init__.py -> /home/orin/test_ws/src/install/core/lib/python3.8/site-packages/core
copying /home/orin/test_ws/src/build/core/build/lib/core/core.py -> /home/orin/test_ws/src/install/core/lib/python3.8/site-packages/core
byte-compiling /home/orin/test_ws/src/install/core/lib/python3.8/site-packages/core/__init__.py to __init__.cpython-38.pyc
byte-compiling /home/orin/test_ws/src/install/core/lib/python3.8/site-packages/core/core.py to core.cpython-38.pyc
running install_data
creating /home/orin/test_ws/src/install/core/share/ament_index
creating /home/orin/test_ws/src/install/core/share/ament_index/resource_index
creating /home/orin/test_ws/src/install/core/share/ament_index/resource_index/packages
copying resource/core -> /home/orin/test_ws/src/install/core/share/ament_index/resource_index/packages
copying package.xml -> /home/orin/test_ws/src/install/core/share/core
creating /home/orin/test_ws/src/install/core/share/core/launch
copying launch/calibration_launch.py -> /home/orin/test_ws/src/install/core/share/core/launch
copying launch/core_launch.py -> /home/orin/test_ws/src/install/core/share/core/launch
creating /home/orin/test_ws/src/install/core/share/core/config
running install_egg_info
Copying ../build/core/core.egg-info to /home/orin/test_ws/src/install/core/lib/python3.8/site-packages/core-0.0.0-py3.8.egg-info
running install_scripts
Installing core script to /home/orin/test_ws/src/install/core/lib/core
Installing navigation2 script to /home/orin/test_ws/src/install/core/lib/core
writing list of installed files to '/home/orin/test_ws/src/build/core/install.log'
