[5.339s] Invoking command in '/home/orin/test_ws/src/turtlebot3/turtlebot3_teleop': PYTHONPATH=/home/orin/test_ws/src/build/turtlebot3_teleop/prefix_override:/usr/lib/python3/dist-packages/colcon_core/task/python/colcon_distutils_commands:/home/orin/test_ws/src/install/turtlebot3_teleop/lib/python3.8/site-packages: /usr/bin/python3 -W ignore:setup.py install is deprecated -W ignore:easy_install command is deprecated setup.py egg_info --egg-base ../../build/turtlebot3_teleop build --build-base /home/orin/test_ws/src/build/turtlebot3_teleop/build install --record /home/orin/test_ws/src/build/turtlebot3_teleop/install.log --single-version-externally-managed install_data
[5.859s] running egg_info
[5.861s] writing ../../build/turtlebot3_teleop/turtlebot3_teleop.egg-info/PKG-INFO
[5.862s] writing dependency_links to ../../build/turtlebot3_teleop/turtlebot3_teleop.egg-info/dependency_links.txt
[5.863s] writing entry points to ../../build/turtlebot3_teleop/turtlebot3_teleop.egg-info/entry_points.txt
[5.863s] writing requirements to ../../build/turtlebot3_teleop/turtlebot3_teleop.egg-info/requires.txt
[5.864s] writing top-level names to ../../build/turtlebot3_teleop/turtlebot3_teleop.egg-info/top_level.txt
[5.945s] reading manifest file '../../build/turtlebot3_teleop/turtlebot3_teleop.egg-info/SOURCES.txt'
[5.947s] writing manifest file '../../build/turtlebot3_teleop/turtlebot3_teleop.egg-info/SOURCES.txt'
[5.948s] running build
[5.948s] running build_py
[5.952s] running install
[5.954s] running install_lib
[5.964s] running install_data
[5.970s] running install_egg_info
[5.975s] removing '/home/orin/test_ws/src/install/turtlebot3_teleop/lib/python3.8/site-packages/turtlebot3_teleop-2.1.5-py3.8.egg-info' (and everything under it)
[5.976s] Copying ../../build/turtlebot3_teleop/turtlebot3_teleop.egg-info to /home/orin/test_ws/src/install/turtlebot3_teleop/lib/python3.8/site-packages/turtlebot3_teleop-2.1.5-py3.8.egg-info
[5.980s] running install_scripts
[6.021s] Installing teleop_keyboard script to /home/orin/test_ws/src/install/turtlebot3_teleop/lib/turtlebot3_teleop
[6.025s] writing list of installed files to '/home/orin/test_ws/src/build/turtlebot3_teleop/install.log'
[6.130s] Invoked command in '/home/orin/test_ws/src/turtlebot3/turtlebot3_teleop' returned '0': PYTHONPATH=/home/orin/test_ws/src/build/turtlebot3_teleop/prefix_override:/usr/lib/python3/dist-packages/colcon_core/task/python/colcon_distutils_commands:/home/orin/test_ws/src/install/turtlebot3_teleop/lib/python3.8/site-packages: /usr/bin/python3 -W ignore:setup.py install is deprecated -W ignore:easy_install command is deprecated setup.py egg_info --egg-base ../../build/turtlebot3_teleop build --build-base /home/orin/test_ws/src/build/turtlebot3_teleop/build install --record /home/orin/test_ws/src/build/turtlebot3_teleop/install.log --single-version-externally-managed install_data
