[0.194s] Invoking command in '/home/orin/test_ws/src/build/dynamixel_sdk_custom_interfaces': CMAKE_PREFIX_PATH=/opt/ros/foxy /usr/local/bin/cmake --build /home/orin/test_ws/src/build/dynamixel_sdk_custom_interfaces -- -j12 -l12
[3.028s] [ 10%] Built target dynamixel_sdk_custom_interfaces__rosidl_generator_c
[3.028s] [ 12%] Built target dynamixel_sdk_custom_interfaces__cpp
[3.029s] [ 33%] Built target dynamixel_sdk_custom_interfaces__rosidl_typesupport_c
[3.029s] [ 33%] Built target dynamixel_sdk_custom_interfaces__rosidl_typesupport_introspection_c
[3.029s] [ 43%] Built target dynamixel_sdk_custom_interfaces__rosidl_typesupport_introspection_cpp
[3.029s] [ 53%] Built target dynamixel_sdk_custom_interfaces__rosidl_typesupport_cpp
[3.029s] [ 64%] Built target dynamixel_sdk_custom_interfaces__rosidl_typesupport_fastrtps_cpp
[3.029s] [ 74%] Built target dynamixel_sdk_custom_interfaces__rosidl_typesupport_fastrtps_c
[3.030s] [ 74%] Built target dynamixel_sdk_custom_interfaces
[3.030s] [ 76%] Built target dynamixel_sdk_custom_interfaces__py
[3.030s] [ 84%] Built target dynamixel_sdk_custom_interfaces__python
[3.030s] [100%] Built target dynamixel_sdk_custom_interfaces__rosidl_typesupport_fastrtps_c__pyext
[3.030s] [100%] Built target dynamixel_sdk_custom_interfaces__rosidl_typesupport_c__pyext
[3.030s] [100%] Built target dynamixel_sdk_custom_interfaces__rosidl_typesupport_introspection_c__pyext
[3.130s] Invoked command in '/home/orin/test_ws/src/build/dynamixel_sdk_custom_interfaces' returned '0': CMAKE_PREFIX_PATH=/opt/ros/foxy /usr/local/bin/cmake --build /home/orin/test_ws/src/build/dynamixel_sdk_custom_interfaces -- -j12 -l12
[3.135s] Invoking command in '/home/orin/test_ws/src/build/dynamixel_sdk_custom_interfaces': CMAKE_PREFIX_PATH=/opt/ros/foxy /usr/local/bin/cmake --install /home/orin/test_ws/src/build/dynamixel_sdk_custom_interfaces
[3.332s] -- Install configuration: ""
[3.333s] -- Up-to-date: /home/orin/test_ws/src/install/dynamixel_sdk_custom_interfaces/share/ament_index/resource_index/rosidl_interfaces/dynamixel_sdk_custom_interfaces
[3.335s] -- Up-to-date: /home/orin/test_ws/src/install/dynamixel_sdk_custom_interfaces/include/dynamixel_sdk_custom_interfaces
[3.336s] -- Up-to-date: /home/orin/test_ws/src/install/dynamixel_sdk_custom_interfaces/include/dynamixel_sdk_custom_interfaces/msg
[3.337s] -- Up-to-date: /home/orin/test_ws/src/install/dynamixel_sdk_custom_interfaces/include/dynamixel_sdk_custom_interfaces/msg/rosidl_generator_c__visibility_control.h
[3.339s] -- Up-to-date: /home/orin/test_ws/src/install/dynamixel_sdk_custom_interfaces/include/dynamixel_sdk_custom_interfaces/msg/detail
[3.339s] -- Up-to-date: /home/orin/test_ws/src/install/dynamixel_sdk_custom_interfaces/include/dynamixel_sdk_custom_interfaces/msg/detail/set_position__type_support.h
[3.339s] -- Up-to-date: /home/orin/test_ws/src/install/dynamixel_sdk_custom_interfaces/include/dynamixel_sdk_custom_interfaces/msg/detail/set_position__functions.h
[3.340s] -- Up-to-date: /home/orin/test_ws/src/install/dynamixel_sdk_custom_interfaces/include/dynamixel_sdk_custom_interfaces/msg/detail/set_position__struct.h
[3.341s] -- Up-to-date: /home/orin/test_ws/src/install/dynamixel_sdk_custom_interfaces/include/dynamixel_sdk_custom_interfaces/msg/detail/set_position__functions.c
[3.341s] -- Up-to-date: /home/orin/test_ws/src/install/dynamixel_sdk_custom_interfaces/include/dynamixel_sdk_custom_interfaces/msg/set_position.h
[3.341s] -- Up-to-date: /home/orin/test_ws/src/install/dynamixel_sdk_custom_interfaces/include/dynamixel_sdk_custom_interfaces/srv
[3.341s] -- Up-to-date: /home/orin/test_ws/src/install/dynamixel_sdk_custom_interfaces/include/dynamixel_sdk_custom_interfaces/srv/detail
[3.342s] -- Up-to-date: /home/orin/test_ws/src/install/dynamixel_sdk_custom_interfaces/include/dynamixel_sdk_custom_interfaces/srv/detail/get_position__functions.c
[3.342s] -- Up-to-date: /home/orin/test_ws/src/install/dynamixel_sdk_custom_interfaces/include/dynamixel_sdk_custom_interfaces/srv/detail/get_position__functions.h
[3.343s] -- Up-to-date: /home/orin/test_ws/src/install/dynamixel_sdk_custom_interfaces/include/dynamixel_sdk_custom_interfaces/srv/detail/get_position__type_support.h
[3.344s] -- Up-to-date: /home/orin/test_ws/src/install/dynamixel_sdk_custom_interfaces/include/dynamixel_sdk_custom_interfaces/srv/detail/get_position__struct.h
[3.345s] -- Up-to-date: /home/orin/test_ws/src/install/dynamixel_sdk_custom_interfaces/include/dynamixel_sdk_custom_interfaces/srv/get_position.h
[3.345s] -- Up-to-date: /home/orin/test_ws/src/install/dynamixel_sdk_custom_interfaces/share/dynamixel_sdk_custom_interfaces/environment/library_path.sh
[3.345s] -- Up-to-date: /home/orin/test_ws/src/install/dynamixel_sdk_custom_interfaces/share/dynamixel_sdk_custom_interfaces/environment/library_path.dsv
[3.346s] -- Up-to-date: /home/orin/test_ws/src/install/dynamixel_sdk_custom_interfaces/lib/libdynamixel_sdk_custom_interfaces__rosidl_generator_c.so
[3.346s] -- Up-to-date: /home/orin/test_ws/src/install/dynamixel_sdk_custom_interfaces/include/dynamixel_sdk_custom_interfaces
[3.346s] -- Up-to-date: /home/orin/test_ws/src/install/dynamixel_sdk_custom_interfaces/include/dynamixel_sdk_custom_interfaces/msg
[3.346s] -- Up-to-date: /home/orin/test_ws/src/install/dynamixel_sdk_custom_interfaces/include/dynamixel_sdk_custom_interfaces/msg/detail
[3.347s] -- Up-to-date: /home/orin/test_ws/src/install/dynamixel_sdk_custom_interfaces/include/dynamixel_sdk_custom_interfaces/msg/detail/set_position__rosidl_typesupport_fastrtps_c.h
[3.347s] -- Up-to-date: /home/orin/test_ws/src/install/dynamixel_sdk_custom_interfaces/include/dynamixel_sdk_custom_interfaces/msg/rosidl_typesupport_fastrtps_c__visibility_control.h
[3.347s] -- Up-to-date: /home/orin/test_ws/src/install/dynamixel_sdk_custom_interfaces/include/dynamixel_sdk_custom_interfaces/srv
[3.348s] -- Up-to-date: /home/orin/test_ws/src/install/dynamixel_sdk_custom_interfaces/include/dynamixel_sdk_custom_interfaces/srv/detail
[3.348s] -- Up-to-date: /home/orin/test_ws/src/install/dynamixel_sdk_custom_interfaces/include/dynamixel_sdk_custom_interfaces/srv/detail/get_position__rosidl_typesupport_fastrtps_c.h
[3.348s] -- Up-to-date: /home/orin/test_ws/src/install/dynamixel_sdk_custom_interfaces/lib/libdynamixel_sdk_custom_interfaces__rosidl_typesupport_fastrtps_c.so
[3.348s] -- Up-to-date: /home/orin/test_ws/src/install/dynamixel_sdk_custom_interfaces/include/dynamixel_sdk_custom_interfaces
[3.348s] -- Up-to-date: /home/orin/test_ws/src/install/dynamixel_sdk_custom_interfaces/include/dynamixel_sdk_custom_interfaces/msg
[3.349s] -- Up-to-date: /home/orin/test_ws/src/install/dynamixel_sdk_custom_interfaces/include/dynamixel_sdk_custom_interfaces/msg/detail
[3.350s] -- Up-to-date: /home/orin/test_ws/src/install/dynamixel_sdk_custom_interfaces/include/dynamixel_sdk_custom_interfaces/msg/detail/dds_fastrtps
[3.351s] -- Up-to-date: /home/orin/test_ws/src/install/dynamixel_sdk_custom_interfaces/include/dynamixel_sdk_custom_interfaces/msg/detail/set_position__rosidl_typesupport_fastrtps_cpp.hpp
[3.351s] -- Up-to-date: /home/orin/test_ws/src/install/dynamixel_sdk_custom_interfaces/include/dynamixel_sdk_custom_interfaces/msg/rosidl_typesupport_fastrtps_cpp__visibility_control.h
[3.351s] -- Up-to-date: /home/orin/test_ws/src/install/dynamixel_sdk_custom_interfaces/include/dynamixel_sdk_custom_interfaces/srv
[3.352s] -- Up-to-date: /home/orin/test_ws/src/install/dynamixel_sdk_custom_interfaces/include/dynamixel_sdk_custom_interfaces/srv/detail
[3.352s] -- Up-to-date: /home/orin/test_ws/src/install/dynamixel_sdk_custom_interfaces/include/dynamixel_sdk_custom_interfaces/srv/detail/get_position__rosidl_typesupport_fastrtps_cpp.hpp
[3.353s] -- Up-to-date: /home/orin/test_ws/src/install/dynamixel_sdk_custom_interfaces/include/dynamixel_sdk_custom_interfaces/srv/detail/dds_fastrtps
[3.353s] -- Up-to-date: /home/orin/test_ws/src/install/dynamixel_sdk_custom_interfaces/lib/libdynamixel_sdk_custom_interfaces__rosidl_typesupport_fastrtps_cpp.so
[3.353s] -- Up-to-date: /home/orin/test_ws/src/install/dynamixel_sdk_custom_interfaces/include/dynamixel_sdk_custom_interfaces
[3.354s] -- Up-to-date: /home/orin/test_ws/src/install/dynamixel_sdk_custom_interfaces/include/dynamixel_sdk_custom_interfaces/msg
[3.354s] -- Up-to-date: /home/orin/test_ws/src/install/dynamixel_sdk_custom_interfaces/include/dynamixel_sdk_custom_interfaces/msg/rosidl_typesupport_introspection_c__visibility_control.h
[3.355s] -- Up-to-date: /home/orin/test_ws/src/install/dynamixel_sdk_custom_interfaces/include/dynamixel_sdk_custom_interfaces/msg/detail
[3.355s] -- Up-to-date: /home/orin/test_ws/src/install/dynamixel_sdk_custom_interfaces/include/dynamixel_sdk_custom_interfaces/msg/detail/set_position__type_support.c
[3.356s] -- Up-to-date: /home/orin/test_ws/src/install/dynamixel_sdk_custom_interfaces/include/dynamixel_sdk_custom_interfaces/msg/detail/set_position__rosidl_typesupport_introspection_c.h
[3.357s] -- Up-to-date: /home/orin/test_ws/src/install/dynamixel_sdk_custom_interfaces/include/dynamixel_sdk_custom_interfaces/srv
[3.357s] -- Up-to-date: /home/orin/test_ws/src/install/dynamixel_sdk_custom_interfaces/include/dynamixel_sdk_custom_interfaces/srv/detail
[3.357s] -- Up-to-date: /home/orin/test_ws/src/install/dynamixel_sdk_custom_interfaces/include/dynamixel_sdk_custom_interfaces/srv/detail/get_position__rosidl_typesupport_introspection_c.h
[3.358s] -- Up-to-date: /home/orin/test_ws/src/install/dynamixel_sdk_custom_interfaces/include/dynamixel_sdk_custom_interfaces/srv/detail/get_position__type_support.c
[3.358s] -- Up-to-date: /home/orin/test_ws/src/install/dynamixel_sdk_custom_interfaces/lib/libdynamixel_sdk_custom_interfaces__rosidl_typesupport_introspection_c.so
[3.358s] -- Up-to-date: /home/orin/test_ws/src/install/dynamixel_sdk_custom_interfaces/lib/libdynamixel_sdk_custom_interfaces__rosidl_typesupport_c.so
[3.359s] -- Up-to-date: /home/orin/test_ws/src/install/dynamixel_sdk_custom_interfaces/include/dynamixel_sdk_custom_interfaces
[3.359s] -- Up-to-date: /home/orin/test_ws/src/install/dynamixel_sdk_custom_interfaces/include/dynamixel_sdk_custom_interfaces/msg
[3.359s] -- Up-to-date: /home/orin/test_ws/src/install/dynamixel_sdk_custom_interfaces/include/dynamixel_sdk_custom_interfaces/msg/set_position.hpp
[3.360s] -- Up-to-date: /home/orin/test_ws/src/install/dynamixel_sdk_custom_interfaces/include/dynamixel_sdk_custom_interfaces/msg/detail
[3.360s] -- Up-to-date: /home/orin/test_ws/src/install/dynamixel_sdk_custom_interfaces/include/dynamixel_sdk_custom_interfaces/msg/detail/set_position__type_support.hpp
[3.361s] -- Up-to-date: /home/orin/test_ws/src/install/dynamixel_sdk_custom_interfaces/include/dynamixel_sdk_custom_interfaces/msg/detail/set_position__traits.hpp
[3.361s] -- Up-to-date: /home/orin/test_ws/src/install/dynamixel_sdk_custom_interfaces/include/dynamixel_sdk_custom_interfaces/msg/detail/set_position__builder.hpp
[3.361s] -- Up-to-date: /home/orin/test_ws/src/install/dynamixel_sdk_custom_interfaces/include/dynamixel_sdk_custom_interfaces/msg/detail/set_position__struct.hpp
[3.362s] -- Up-to-date: /home/orin/test_ws/src/install/dynamixel_sdk_custom_interfaces/include/dynamixel_sdk_custom_interfaces/msg/rosidl_generator_cpp__visibility_control.hpp
[3.363s] -- Up-to-date: /home/orin/test_ws/src/install/dynamixel_sdk_custom_interfaces/include/dynamixel_sdk_custom_interfaces/srv
[3.363s] -- Up-to-date: /home/orin/test_ws/src/install/dynamixel_sdk_custom_interfaces/include/dynamixel_sdk_custom_interfaces/srv/detail
[3.364s] -- Up-to-date: /home/orin/test_ws/src/install/dynamixel_sdk_custom_interfaces/include/dynamixel_sdk_custom_interfaces/srv/detail/get_position__builder.hpp
[3.365s] -- Up-to-date: /home/orin/test_ws/src/install/dynamixel_sdk_custom_interfaces/include/dynamixel_sdk_custom_interfaces/srv/detail/get_position__type_support.hpp
[3.365s] -- Up-to-date: /home/orin/test_ws/src/install/dynamixel_sdk_custom_interfaces/include/dynamixel_sdk_custom_interfaces/srv/detail/get_position__traits.hpp
[3.366s] -- Up-to-date: /home/orin/test_ws/src/install/dynamixel_sdk_custom_interfaces/include/dynamixel_sdk_custom_interfaces/srv/detail/get_position__struct.hpp
[3.366s] -- Up-to-date: /home/orin/test_ws/src/install/dynamixel_sdk_custom_interfaces/include/dynamixel_sdk_custom_interfaces/srv/get_position.hpp
[3.367s] -- Up-to-date: /home/orin/test_ws/src/install/dynamixel_sdk_custom_interfaces/include/dynamixel_sdk_custom_interfaces
[3.368s] -- Up-to-date: /home/orin/test_ws/src/install/dynamixel_sdk_custom_interfaces/include/dynamixel_sdk_custom_interfaces/msg
[3.368s] -- Up-to-date: /home/orin/test_ws/src/install/dynamixel_sdk_custom_interfaces/include/dynamixel_sdk_custom_interfaces/msg/detail
[3.368s] -- Up-to-date: /home/orin/test_ws/src/install/dynamixel_sdk_custom_interfaces/include/dynamixel_sdk_custom_interfaces/msg/detail/set_position__type_support.cpp
[3.369s] -- Up-to-date: /home/orin/test_ws/src/install/dynamixel_sdk_custom_interfaces/include/dynamixel_sdk_custom_interfaces/msg/detail/set_position__rosidl_typesupport_introspection_cpp.hpp
[3.369s] -- Up-to-date: /home/orin/test_ws/src/install/dynamixel_sdk_custom_interfaces/include/dynamixel_sdk_custom_interfaces/srv
[3.370s] -- Up-to-date: /home/orin/test_ws/src/install/dynamixel_sdk_custom_interfaces/include/dynamixel_sdk_custom_interfaces/srv/detail
[3.370s] -- Up-to-date: /home/orin/test_ws/src/install/dynamixel_sdk_custom_interfaces/include/dynamixel_sdk_custom_interfaces/srv/detail/get_position__type_support.cpp
[3.371s] -- Up-to-date: /home/orin/test_ws/src/install/dynamixel_sdk_custom_interfaces/include/dynamixel_sdk_custom_interfaces/srv/detail/get_position__rosidl_typesupport_introspection_cpp.hpp
[3.371s] -- Up-to-date: /home/orin/test_ws/src/install/dynamixel_sdk_custom_interfaces/lib/libdynamixel_sdk_custom_interfaces__rosidl_typesupport_introspection_cpp.so
[3.372s] -- Up-to-date: /home/orin/test_ws/src/install/dynamixel_sdk_custom_interfaces/lib/libdynamixel_sdk_custom_interfaces__rosidl_typesupport_cpp.so
[3.373s] -- Up-to-date: /home/orin/test_ws/src/install/dynamixel_sdk_custom_interfaces/share/dynamixel_sdk_custom_interfaces/environment/pythonpath.sh
[3.378s] -- Up-to-date: /home/orin/test_ws/src/install/dynamixel_sdk_custom_interfaces/share/dynamixel_sdk_custom_interfaces/environment/pythonpath.dsv
[3.378s] -- Up-to-date: /home/orin/test_ws/src/install/dynamixel_sdk_custom_interfaces/lib/python3.8/site-packages/dynamixel_sdk_custom_interfaces/__init__.py
[3.456s] -- Up-to-date: /home/orin/test_ws/src/install/dynamixel_sdk_custom_interfaces/lib/python3.8/site-packages/dynamixel_sdk_custom_interfaces/msg
[3.456s] -- Up-to-date: /home/orin/test_ws/src/install/dynamixel_sdk_custom_interfaces/lib/python3.8/site-packages/dynamixel_sdk_custom_interfaces/msg/_set_position.py
[3.457s] -- Up-to-date: /home/orin/test_ws/src/install/dynamixel_sdk_custom_interfaces/lib/python3.8/site-packages/dynamixel_sdk_custom_interfaces/msg/_set_position_s.c
[3.457s] -- Up-to-date: /home/orin/test_ws/src/install/dynamixel_sdk_custom_interfaces/lib/python3.8/site-packages/dynamixel_sdk_custom_interfaces/msg/__init__.py
[3.457s] -- Up-to-date: /home/orin/test_ws/src/install/dynamixel_sdk_custom_interfaces/lib/python3.8/site-packages/dynamixel_sdk_custom_interfaces/srv
[3.458s] -- Up-to-date: /home/orin/test_ws/src/install/dynamixel_sdk_custom_interfaces/lib/python3.8/site-packages/dynamixel_sdk_custom_interfaces/srv/_get_position_s.c
[3.458s] -- Up-to-date: /home/orin/test_ws/src/install/dynamixel_sdk_custom_interfaces/lib/python3.8/site-packages/dynamixel_sdk_custom_interfaces/srv/__init__.py
[3.459s] -- Up-to-date: /home/orin/test_ws/src/install/dynamixel_sdk_custom_interfaces/lib/python3.8/site-packages/dynamixel_sdk_custom_interfaces/srv/_get_position.py
[3.460s] -- Up-to-date: /home/orin/test_ws/src/install/dynamixel_sdk_custom_interfaces/lib/python3.8/site-packages/dynamixel_sdk_custom_interfaces/dynamixel_sdk_custom_interfaces_s__rosidl_typesupport_fastrtps_c.cpython-38-aarch64-linux-gnu.so
[3.460s] -- Up-to-date: /home/orin/test_ws/src/install/dynamixel_sdk_custom_interfaces/lib/python3.8/site-packages/dynamixel_sdk_custom_interfaces/dynamixel_sdk_custom_interfaces_s__rosidl_typesupport_introspection_c.cpython-38-aarch64-linux-gnu.so
[3.460s] -- Up-to-date: /home/orin/test_ws/src/install/dynamixel_sdk_custom_interfaces/lib/python3.8/site-packages/dynamixel_sdk_custom_interfaces/dynamixel_sdk_custom_interfaces_s__rosidl_typesupport_c.cpython-38-aarch64-linux-gnu.so
[3.460s] -- Up-to-date: /home/orin/test_ws/src/install/dynamixel_sdk_custom_interfaces/lib/libdynamixel_sdk_custom_interfaces__python.so
[3.461s] -- Up-to-date: /home/orin/test_ws/src/install/dynamixel_sdk_custom_interfaces/share/dynamixel_sdk_custom_interfaces/msg/SetPosition.idl
[3.461s] -- Up-to-date: /home/orin/test_ws/src/install/dynamixel_sdk_custom_interfaces/share/dynamixel_sdk_custom_interfaces/srv/GetPosition.idl
[3.461s] -- Up-to-date: /home/orin/test_ws/src/install/dynamixel_sdk_custom_interfaces/share/dynamixel_sdk_custom_interfaces/msg/SetPosition.msg
[3.461s] -- Up-to-date: /home/orin/test_ws/src/install/dynamixel_sdk_custom_interfaces/share/dynamixel_sdk_custom_interfaces/srv/GetPosition.srv
[3.462s] -- Up-to-date: /home/orin/test_ws/src/install/dynamixel_sdk_custom_interfaces/share/dynamixel_sdk_custom_interfaces/srv/GetPosition_Request.msg
[3.462s] -- Up-to-date: /home/orin/test_ws/src/install/dynamixel_sdk_custom_interfaces/share/dynamixel_sdk_custom_interfaces/srv/GetPosition_Response.msg
[3.462s] -- Up-to-date: /home/orin/test_ws/src/install/dynamixel_sdk_custom_interfaces/share/ament_index/resource_index/package_run_dependencies/dynamixel_sdk_custom_interfaces
[3.462s] -- Up-to-date: /home/orin/test_ws/src/install/dynamixel_sdk_custom_interfaces/share/ament_index/resource_index/parent_prefix_path/dynamixel_sdk_custom_interfaces
[3.463s] -- Up-to-date: /home/orin/test_ws/src/install/dynamixel_sdk_custom_interfaces/share/dynamixel_sdk_custom_interfaces/environment/ament_prefix_path.sh
[3.463s] -- Up-to-date: /home/orin/test_ws/src/install/dynamixel_sdk_custom_interfaces/share/dynamixel_sdk_custom_interfaces/environment/ament_prefix_path.dsv
[3.463s] -- Up-to-date: /home/orin/test_ws/src/install/dynamixel_sdk_custom_interfaces/share/dynamixel_sdk_custom_interfaces/environment/path.sh
[3.463s] -- Up-to-date: /home/orin/test_ws/src/install/dynamixel_sdk_custom_interfaces/share/dynamixel_sdk_custom_interfaces/environment/path.dsv
[3.463s] -- Up-to-date: /home/orin/test_ws/src/install/dynamixel_sdk_custom_interfaces/share/dynamixel_sdk_custom_interfaces/local_setup.bash
[3.464s] -- Up-to-date: /home/orin/test_ws/src/install/dynamixel_sdk_custom_interfaces/share/dynamixel_sdk_custom_interfaces/local_setup.sh
[3.464s] -- Up-to-date: /home/orin/test_ws/src/install/dynamixel_sdk_custom_interfaces/share/dynamixel_sdk_custom_interfaces/local_setup.zsh
[3.464s] -- Up-to-date: /home/orin/test_ws/src/install/dynamixel_sdk_custom_interfaces/share/dynamixel_sdk_custom_interfaces/local_setup.dsv
[3.464s] -- Installing: /home/orin/test_ws/src/install/dynamixel_sdk_custom_interfaces/share/dynamixel_sdk_custom_interfaces/package.dsv
[3.464s] -- Up-to-date: /home/orin/test_ws/src/install/dynamixel_sdk_custom_interfaces/share/ament_index/resource_index/packages/dynamixel_sdk_custom_interfaces
[3.464s] -- Up-to-date: /home/orin/test_ws/src/install/dynamixel_sdk_custom_interfaces/share/dynamixel_sdk_custom_interfaces/cmake/dynamixel_sdk_custom_interfaces__rosidl_generator_cExport.cmake
[3.465s] -- Up-to-date: /home/orin/test_ws/src/install/dynamixel_sdk_custom_interfaces/share/dynamixel_sdk_custom_interfaces/cmake/dynamixel_sdk_custom_interfaces__rosidl_generator_cExport-noconfig.cmake
[3.465s] -- Up-to-date: /home/orin/test_ws/src/install/dynamixel_sdk_custom_interfaces/share/dynamixel_sdk_custom_interfaces/cmake/dynamixel_sdk_custom_interfaces__rosidl_typesupport_introspection_cExport.cmake
[3.465s] -- Up-to-date: /home/orin/test_ws/src/install/dynamixel_sdk_custom_interfaces/share/dynamixel_sdk_custom_interfaces/cmake/dynamixel_sdk_custom_interfaces__rosidl_typesupport_introspection_cExport-noconfig.cmake
[3.466s] -- Up-to-date: /home/orin/test_ws/src/install/dynamixel_sdk_custom_interfaces/share/dynamixel_sdk_custom_interfaces/cmake/dynamixel_sdk_custom_interfaces__rosidl_typesupport_cExport.cmake
[3.467s] -- Up-to-date: /home/orin/test_ws/src/install/dynamixel_sdk_custom_interfaces/share/dynamixel_sdk_custom_interfaces/cmake/dynamixel_sdk_custom_interfaces__rosidl_typesupport_cExport-noconfig.cmake
[3.467s] -- Up-to-date: /home/orin/test_ws/src/install/dynamixel_sdk_custom_interfaces/share/dynamixel_sdk_custom_interfaces/cmake/dynamixel_sdk_custom_interfaces__rosidl_generator_cppExport.cmake
[3.467s] -- Up-to-date: /home/orin/test_ws/src/install/dynamixel_sdk_custom_interfaces/share/dynamixel_sdk_custom_interfaces/cmake/dynamixel_sdk_custom_interfaces__rosidl_typesupport_introspection_cppExport.cmake
[3.467s] -- Up-to-date: /home/orin/test_ws/src/install/dynamixel_sdk_custom_interfaces/share/dynamixel_sdk_custom_interfaces/cmake/dynamixel_sdk_custom_interfaces__rosidl_typesupport_introspection_cppExport-noconfig.cmake
[3.468s] -- Up-to-date: /home/orin/test_ws/src/install/dynamixel_sdk_custom_interfaces/share/dynamixel_sdk_custom_interfaces/cmake/dynamixel_sdk_custom_interfaces__rosidl_typesupport_cppExport.cmake
[3.468s] -- Up-to-date: /home/orin/test_ws/src/install/dynamixel_sdk_custom_interfaces/share/dynamixel_sdk_custom_interfaces/cmake/dynamixel_sdk_custom_interfaces__rosidl_typesupport_cppExport-noconfig.cmake
[3.469s] -- Up-to-date: /home/orin/test_ws/src/install/dynamixel_sdk_custom_interfaces/share/dynamixel_sdk_custom_interfaces/cmake/rosidl_cmake-extras.cmake
[3.469s] -- Up-to-date: /home/orin/test_ws/src/install/dynamixel_sdk_custom_interfaces/share/dynamixel_sdk_custom_interfaces/cmake/ament_cmake_export_dependencies-extras.cmake
[3.469s] -- Up-to-date: /home/orin/test_ws/src/install/dynamixel_sdk_custom_interfaces/share/dynamixel_sdk_custom_interfaces/cmake/ament_cmake_export_libraries-extras.cmake
[3.470s] -- Up-to-date: /home/orin/test_ws/src/install/dynamixel_sdk_custom_interfaces/share/dynamixel_sdk_custom_interfaces/cmake/ament_cmake_export_targets-extras.cmake
[3.470s] -- Up-to-date: /home/orin/test_ws/src/install/dynamixel_sdk_custom_interfaces/share/dynamixel_sdk_custom_interfaces/cmake/ament_cmake_export_include_directories-extras.cmake
[3.471s] -- Up-to-date: /home/orin/test_ws/src/install/dynamixel_sdk_custom_interfaces/share/dynamixel_sdk_custom_interfaces/cmake/rosidl_cmake_export_typesupport_libraries-extras.cmake
[3.472s] -- Up-to-date: /home/orin/test_ws/src/install/dynamixel_sdk_custom_interfaces/share/dynamixel_sdk_custom_interfaces/cmake/rosidl_cmake_export_typesupport_targets-extras.cmake
[3.472s] -- Up-to-date: /home/orin/test_ws/src/install/dynamixel_sdk_custom_interfaces/share/dynamixel_sdk_custom_interfaces/cmake/dynamixel_sdk_custom_interfacesConfig.cmake
[3.473s] -- Up-to-date: /home/orin/test_ws/src/install/dynamixel_sdk_custom_interfaces/share/dynamixel_sdk_custom_interfaces/cmake/dynamixel_sdk_custom_interfacesConfig-version.cmake
[3.474s] -- Up-to-date: /home/orin/test_ws/src/install/dynamixel_sdk_custom_interfaces/share/dynamixel_sdk_custom_interfaces/package.xml
[3.631s] Invoked command in '/home/orin/test_ws/src/build/dynamixel_sdk_custom_interfaces' returned '0': CMAKE_PREFIX_PATH=/opt/ros/foxy /usr/local/bin/cmake --install /home/orin/test_ws/src/build/dynamixel_sdk_custom_interfaces
