/home/orin/test_ws/src/install/control/lib/python3.8/site-packages/control/control_avoidance_v2_test.py
/home/orin/test_ws/src/install/control/lib/python3.8/site-packages/control/control_pack.py
/home/orin/test_ws/src/install/control/lib/python3.8/site-packages/control/control_avoidance_v2.py
/home/orin/test_ws/src/install/control/lib/python3.8/site-packages/control/__init__.py
/home/orin/test_ws/src/install/control/lib/python3.8/site-packages/control/control_auto_avoidance.py
/home/orin/test_ws/src/install/control/lib/python3.8/site-packages/control/control_lane.py
/home/orin/test_ws/src/install/control/lib/python3.8/site-packages/control/navigation_controller.py
/home/orin/test_ws/src/install/control/lib/python3.8/site-packages/control/control_avoidance.py
/home/orin/test_ws/src/install/control/lib/python3.8/site-packages/control/control_pack_v2.py
/home/orin/test_ws/src/install/control/lib/python3.8/site-packages/control/__pycache__/control_avoidance_v2_test.cpython-38.pyc
/home/orin/test_ws/src/install/control/lib/python3.8/site-packages/control/__pycache__/control_pack.cpython-38.pyc
/home/orin/test_ws/src/install/control/lib/python3.8/site-packages/control/__pycache__/control_avoidance_v2.cpython-38.pyc
/home/orin/test_ws/src/install/control/lib/python3.8/site-packages/control/__pycache__/__init__.cpython-38.pyc
/home/orin/test_ws/src/install/control/lib/python3.8/site-packages/control/__pycache__/control_auto_avoidance.cpython-38.pyc
/home/orin/test_ws/src/install/control/lib/python3.8/site-packages/control/__pycache__/control_lane.cpython-38.pyc
/home/orin/test_ws/src/install/control/lib/python3.8/site-packages/control/__pycache__/navigation_controller.cpython-38.pyc
/home/orin/test_ws/src/install/control/lib/python3.8/site-packages/control/__pycache__/control_avoidance.cpython-38.pyc
/home/orin/test_ws/src/install/control/lib/python3.8/site-packages/control/__pycache__/control_pack_v2.cpython-38.pyc
/home/orin/test_ws/src/install/control/share/ament_index/resource_index/packages/control
/home/orin/test_ws/src/install/control/share/control/package.xml
/home/orin/test_ws/src/install/control/share/control/launch/avoidance_launch.py
/home/orin/test_ws/src/install/control/share/control/launch/parking_launch.py
/home/orin/test_ws/src/install/control/share/control/config
/home/orin/test_ws/src/install/control/lib/python3.8/site-packages/control-0.0.0-py3.8.egg-info/requires.txt
/home/orin/test_ws/src/install/control/lib/python3.8/site-packages/control-0.0.0-py3.8.egg-info/PKG-INFO
/home/orin/test_ws/src/install/control/lib/python3.8/site-packages/control-0.0.0-py3.8.egg-info/top_level.txt
/home/orin/test_ws/src/install/control/lib/python3.8/site-packages/control-0.0.0-py3.8.egg-info/dependency_links.txt
/home/orin/test_ws/src/install/control/lib/python3.8/site-packages/control-0.0.0-py3.8.egg-info/entry_points.txt
/home/orin/test_ws/src/install/control/lib/python3.8/site-packages/control-0.0.0-py3.8.egg-info/zip-safe
/home/orin/test_ws/src/install/control/lib/python3.8/site-packages/control-0.0.0-py3.8.egg-info/SOURCES.txt
/home/orin/test_ws/src/install/control/lib/control/control_auto_avoidance
/home/orin/test_ws/src/install/control/lib/control/control_avoidance
/home/orin/test_ws/src/install/control/lib/control/control_avoidance_2
/home/orin/test_ws/src/install/control/lib/control/control_avoidance_v2_test
/home/orin/test_ws/src/install/control/lib/control/control_lane
/home/orin/test_ws/src/install/control/lib/control/control_pack
/home/orin/test_ws/src/install/control/lib/control/control_pack_2
/home/orin/test_ws/src/install/control/lib/control/navigation_controller
