[0.189s] Invoking command in '/home/orin/test_ws/src/build/turtlebot3_cartographer': CMAKE_PREFIX_PATH=/opt/ros/foxy /usr/local/bin/cmake /home/orin/test_ws/src/turtlebot3/turtlebot3_cartographer -DCMAKE_INSTALL_PREFIX=/home/orin/test_ws/src/install/turtlebot3_cartographer
[3.165s] -- The C compiler identification is GNU 9.4.0
[3.165s] -- The CXX compiler identification is GNU 9.4.0
[3.165s] -- Detecting C compiler ABI info
[3.166s] -- Detecting C compiler ABI info - done
[3.167s] -- Check for working C compiler: /usr/bin/cc - skipped
[3.168s] -- Detecting C compile features
[3.169s] -- Detecting C compile features - done
[3.170s] -- Detecting CXX compiler ABI info
[3.170s] -- Detecting CXX compiler ABI info - done
[3.170s] -- Check for working CXX compiler: /usr/bin/c++ - skipped
[3.172s] -- Detecting CXX compile features
[3.173s] -- Detecting CXX compile features - done
[3.173s] -- Found ament_cmake: 0.9.12 (/opt/ros/foxy/share/ament_cmake/cmake)
[3.173s] -- Found PythonInterp: /usr/bin/python3 (found suitable version "3.8.10", minimum required is "3") 
[3.174s] -- Using PYTHON_EXECUTABLE: /usr/bin/python3
[3.174s] -- Configuring done
[3.174s] -- Generating done
[3.174s] -- Build files have been written to: /home/orin/test_ws/src/build/turtlebot3_cartographer
[3.203s] Invoked command in '/home/orin/test_ws/src/build/turtlebot3_cartographer' returned '0': CMAKE_PREFIX_PATH=/opt/ros/foxy /usr/local/bin/cmake /home/orin/test_ws/src/turtlebot3/turtlebot3_cartographer -DCMAKE_INSTALL_PREFIX=/home/orin/test_ws/src/install/turtlebot3_cartographer
[3.204s] Invoking command in '/home/orin/test_ws/src/build/turtlebot3_cartographer': CMAKE_PREFIX_PATH=/opt/ros/foxy /usr/local/bin/cmake --build /home/orin/test_ws/src/build/turtlebot3_cartographer -- -j12 -l12
[3.450s] Invoked command in '/home/orin/test_ws/src/build/turtlebot3_cartographer' returned '0': CMAKE_PREFIX_PATH=/opt/ros/foxy /usr/local/bin/cmake --build /home/orin/test_ws/src/build/turtlebot3_cartographer -- -j12 -l12
[3.451s] Invoking command in '/home/orin/test_ws/src/build/turtlebot3_cartographer': CMAKE_PREFIX_PATH=/opt/ros/foxy /usr/local/bin/cmake --install /home/orin/test_ws/src/build/turtlebot3_cartographer
[3.616s] -- Install configuration: ""
[3.616s] -- Installing: /home/orin/test_ws/src/install/turtlebot3_cartographer/share/turtlebot3_cartographer/config
[3.617s] -- Installing: /home/orin/test_ws/src/install/turtlebot3_cartographer/share/turtlebot3_cartographer/config/turtlebot3_lds_2d.lua
[3.631s] -- Installing: /home/orin/test_ws/src/install/turtlebot3_cartographer/share/turtlebot3_cartographer/launch
[3.631s] -- Installing: /home/orin/test_ws/src/install/turtlebot3_cartographer/share/turtlebot3_cartographer/launch/cartographer.launch.py
[3.632s] -- Installing: /home/orin/test_ws/src/install/turtlebot3_cartographer/share/turtlebot3_cartographer/launch/occupancy_grid.launch.py
[3.632s] -- Installing: /home/orin/test_ws/src/install/turtlebot3_cartographer/share/turtlebot3_cartographer/rviz
[3.632s] -- Installing: /home/orin/test_ws/src/install/turtlebot3_cartographer/share/turtlebot3_cartographer/rviz/tb3_cartographer.rviz
[3.633s] -- Installing: /home/orin/test_ws/src/install/turtlebot3_cartographer/share/ament_index/resource_index/package_run_dependencies/turtlebot3_cartographer
[3.633s] -- Installing: /home/orin/test_ws/src/install/turtlebot3_cartographer/share/ament_index/resource_index/parent_prefix_path/turtlebot3_cartographer
[3.634s] -- Installing: /home/orin/test_ws/src/install/turtlebot3_cartographer/share/turtlebot3_cartographer/environment/ament_prefix_path.sh
[3.634s] -- Installing: /home/orin/test_ws/src/install/turtlebot3_cartographer/share/turtlebot3_cartographer/environment/ament_prefix_path.dsv
[3.635s] -- Installing: /home/orin/test_ws/src/install/turtlebot3_cartographer/share/turtlebot3_cartographer/environment/path.sh
[3.635s] -- Installing: /home/orin/test_ws/src/install/turtlebot3_cartographer/share/turtlebot3_cartographer/environment/path.dsv
[3.635s] -- Installing: /home/orin/test_ws/src/install/turtlebot3_cartographer/share/turtlebot3_cartographer/local_setup.bash
[3.636s] -- Installing: /home/orin/test_ws/src/install/turtlebot3_cartographer/share/turtlebot3_cartographer/local_setup.sh
[3.636s] -- Installing: /home/orin/test_ws/src/install/turtlebot3_cartographer/share/turtlebot3_cartographer/local_setup.zsh
[3.636s] -- Installing: /home/orin/test_ws/src/install/turtlebot3_cartographer/share/turtlebot3_cartographer/local_setup.dsv
[3.637s] -- Installing: /home/orin/test_ws/src/install/turtlebot3_cartographer/share/turtlebot3_cartographer/package.dsv
[3.637s] -- Installing: /home/orin/test_ws/src/install/turtlebot3_cartographer/share/ament_index/resource_index/packages/turtlebot3_cartographer
[3.638s] -- Installing: /home/orin/test_ws/src/install/turtlebot3_cartographer/share/turtlebot3_cartographer/cmake/turtlebot3_cartographerConfig.cmake
[3.638s] -- Installing: /home/orin/test_ws/src/install/turtlebot3_cartographer/share/turtlebot3_cartographer/cmake/turtlebot3_cartographerConfig-version.cmake
[3.641s] -- Installing: /home/orin/test_ws/src/install/turtlebot3_cartographer/share/turtlebot3_cartographer/package.xml
[3.656s] Invoked command in '/home/orin/test_ws/src/build/turtlebot3_cartographer' returned '0': CMAKE_PREFIX_PATH=/opt/ros/foxy /usr/local/bin/cmake --install /home/orin/test_ws/src/build/turtlebot3_cartographer
