[6.041s] Invoking command in '/home/orin/test_ws/src/camera': PYTHONPATH=/home/orin/test_ws/src/build/camera/prefix_override:/usr/lib/python3/dist-packages/colcon_core/task/python/colcon_distutils_commands:/home/orin/test_ws/src/install/camera/lib/python3.8/site-packages:${PYTHONPATH} /usr/bin/python3 -W ignore:setup.py install is deprecated -W ignore:easy_install command is deprecated setup.py egg_info --egg-base ../build/camera build --build-base /home/orin/test_ws/src/build/camera/build install --record /home/orin/test_ws/src/build/camera/install.log --single-version-externally-managed install_data
[6.667s] running egg_info
[6.668s] writing ../build/camera/camera.egg-info/PKG-INFO
[6.670s] writing dependency_links to ../build/camera/camera.egg-info/dependency_links.txt
[6.670s] writing entry points to ../build/camera/camera.egg-info/entry_points.txt
[6.670s] writing requirements to ../build/camera/camera.egg-info/requires.txt
[6.671s] writing top-level names to ../build/camera/camera.egg-info/top_level.txt
[6.743s] reading manifest file '../build/camera/camera.egg-info/SOURCES.txt'
[6.746s] writing manifest file '../build/camera/camera.egg-info/SOURCES.txt'
[6.746s] running build
[6.747s] running build_py
[6.748s] running install
[6.751s] running install_lib
[6.756s] running install_data
[6.756s] running install_egg_info
[6.761s] removing '/home/orin/test_ws/src/install/camera/lib/python3.8/site-packages/camera-0.0.0-py3.8.egg-info' (and everything under it)
[6.762s] Copying ../build/camera/camera.egg-info to /home/orin/test_ws/src/install/camera/lib/python3.8/site-packages/camera-0.0.0-py3.8.egg-info
[6.764s] running install_scripts
[6.812s] Installing H65_camera script to /home/orin/test_ws/src/install/camera/lib/camera
[6.812s] Installing camera script to /home/orin/test_ws/src/install/camera/lib/camera
[6.813s] Installing camera_compress script to /home/orin/test_ws/src/install/camera/lib/camera
[6.814s] Installing image_pub script to /home/orin/test_ws/src/install/camera/lib/camera
[6.814s] Installing take_image script to /home/orin/test_ws/src/install/camera/lib/camera
[6.814s] Installing video_pub script to /home/orin/test_ws/src/install/camera/lib/camera
[6.817s] writing list of installed files to '/home/orin/test_ws/src/build/camera/install.log'
[6.904s] Invoked command in '/home/orin/test_ws/src/camera' returned '0': PYTHONPATH=/home/orin/test_ws/src/build/camera/prefix_override:/usr/lib/python3/dist-packages/colcon_core/task/python/colcon_distutils_commands:/home/orin/test_ws/src/install/camera/lib/python3.8/site-packages:${PYTHONPATH} /usr/bin/python3 -W ignore:setup.py install is deprecated -W ignore:easy_install command is deprecated setup.py egg_info --egg-base ../build/camera build --build-base /home/orin/test_ws/src/build/camera/build install --record /home/orin/test_ws/src/build/camera/install.log --single-version-externally-managed install_data
