[4.124s] Invoking command in '/home/orin/test_ws/src/nv2': PYTHONPATH=/home/orin/test_ws/src/build/nv2/prefix_override:/usr/lib/python3/dist-packages/colcon_core/task/python/colcon_distutils_commands:/home/orin/test_ws/src/install/nv2/lib/python3.8/site-packages:${PYTHONPATH} /usr/bin/python3 -W ignore:setup.py install is deprecated -W ignore:easy_install command is deprecated setup.py egg_info --egg-base ../build/nv2 build --build-base /home/orin/test_ws/src/build/nv2/build install --record /home/orin/test_ws/src/build/nv2/install.log --single-version-externally-managed install_data
[4.678s] running egg_info
[4.679s] writing ../build/nv2/nv2.egg-info/PKG-INFO
[4.679s] writing dependency_links to ../build/nv2/nv2.egg-info/dependency_links.txt
[4.680s] writing entry points to ../build/nv2/nv2.egg-info/entry_points.txt
[4.680s] writing requirements to ../build/nv2/nv2.egg-info/requires.txt
[4.681s] writing top-level names to ../build/nv2/nv2.egg-info/top_level.txt
[4.758s] reading manifest file '../build/nv2/nv2.egg-info/SOURCES.txt'
[4.758s] writing manifest file '../build/nv2/nv2.egg-info/SOURCES.txt'
[4.758s] running build
[4.758s] running build_py
[4.758s] running install
[4.776s] running install_lib
[4.778s] running install_data
[4.779s] running install_egg_info
[4.779s] removing '/home/orin/test_ws/src/install/nv2/lib/python3.8/site-packages/nv2-0.0.0-py3.8.egg-info' (and everything under it)
[4.779s] Copying ../build/nv2/nv2.egg-info to /home/orin/test_ws/src/install/nv2/lib/python3.8/site-packages/nv2-0.0.0-py3.8.egg-info
[4.779s] running install_scripts
[4.816s] Installing example_follow_path script to /home/orin/test_ws/src/install/nv2/lib/nv2
[4.817s] Installing navigation script to /home/orin/test_ws/src/install/nv2/lib/nv2
[4.818s] writing list of installed files to '/home/orin/test_ws/src/build/nv2/install.log'
[4.897s] Invoked command in '/home/orin/test_ws/src/nv2' returned '0': PYTHONPATH=/home/orin/test_ws/src/build/nv2/prefix_override:/usr/lib/python3/dist-packages/colcon_core/task/python/colcon_distutils_commands:/home/orin/test_ws/src/install/nv2/lib/python3.8/site-packages:${PYTHONPATH} /usr/bin/python3 -W ignore:setup.py install is deprecated -W ignore:easy_install command is deprecated setup.py egg_info --egg-base ../build/nv2 build --build-base /home/orin/test_ws/src/build/nv2/build install --record /home/orin/test_ws/src/build/nv2/install.log --single-version-externally-managed install_data
