[0.213s] Invoking command in '/home/orin/test_ws/src/build/turtlebot3_msgs': /usr/local/bin/cmake --build /home/orin/test_ws/src/build/turtlebot3_msgs -- -j12 -l12
[2.951s] [  1%] Built target turtlebot3_msgs__cpp
[2.953s] [ 12%] Built target turtlebot3_msgs__rosidl_generator_c
[2.955s] [ 46%] Built target turtlebot3_msgs__rosidl_typesupport_introspection_cpp
[2.957s] [ 46%] Built target turtlebot3_msgs__rosidl_typesupport_fastrtps_cpp
[2.957s] [ 46%] Built target turtlebot3_msgs__rosidl_typesupport_cpp
[2.958s] [ 57%] Built target turtlebot3_msgs__rosidl_typesupport_c
[2.958s] [ 69%] Built target turtlebot3_msgs__rosidl_typesupport_introspection_c
[2.958s] [ 80%] Built target turtlebot3_msgs__rosidl_typesupport_fastrtps_c
[2.958s] [ 80%] Built target turtlebot3_msgs
[2.959s] [ 81%] Built target turtlebot3_msgs__py
[2.959s] [ 91%] Built target turtlebot3_msgs__python
[2.959s] [ 94%] Built target turtlebot3_msgs__rosidl_typesupport_introspection_c__pyext
[2.959s] [ 98%] Built target turtlebot3_msgs__rosidl_typesupport_fastrtps_c__pyext
[2.960s] [100%] Built target turtlebot3_msgs__rosidl_typesupport_c__pyext
[3.055s] Invoked command in '/home/orin/test_ws/src/build/turtlebot3_msgs' returned '0': /usr/local/bin/cmake --build /home/orin/test_ws/src/build/turtlebot3_msgs -- -j12 -l12
[3.062s] Invoking command in '/home/orin/test_ws/src/build/turtlebot3_msgs': /usr/local/bin/cmake --install /home/orin/test_ws/src/build/turtlebot3_msgs
[3.136s] -- Install configuration: ""
[3.137s] -- Up-to-date: /home/orin/test_ws/src/install/turtlebot3_msgs/share/ament_index/resource_index/rosidl_interfaces/turtlebot3_msgs
[3.141s] -- Up-to-date: /home/orin/test_ws/src/install/turtlebot3_msgs/include/turtlebot3_msgs
[3.149s] -- Up-to-date: /home/orin/test_ws/src/install/turtlebot3_msgs/include/turtlebot3_msgs/msg
[3.149s] -- Up-to-date: /home/orin/test_ws/src/install/turtlebot3_msgs/include/turtlebot3_msgs/msg/rosidl_generator_c__visibility_control.h
[3.150s] -- Up-to-date: /home/orin/test_ws/src/install/turtlebot3_msgs/include/turtlebot3_msgs/msg/version_info.h
[3.152s] -- Up-to-date: /home/orin/test_ws/src/install/turtlebot3_msgs/include/turtlebot3_msgs/msg/detail
[3.153s] -- Up-to-date: /home/orin/test_ws/src/install/turtlebot3_msgs/include/turtlebot3_msgs/msg/detail/version_info__type_support.h
[3.154s] -- Up-to-date: /home/orin/test_ws/src/install/turtlebot3_msgs/include/turtlebot3_msgs/msg/detail/sound__struct.h
[3.154s] -- Up-to-date: /home/orin/test_ws/src/install/turtlebot3_msgs/include/turtlebot3_msgs/msg/detail/sound__functions.h
[3.155s] -- Up-to-date: /home/orin/test_ws/src/install/turtlebot3_msgs/include/turtlebot3_msgs/msg/detail/sensor_state__functions.h
[3.155s] -- Up-to-date: /home/orin/test_ws/src/install/turtlebot3_msgs/include/turtlebot3_msgs/msg/detail/sound__functions.c
[3.157s] -- Up-to-date: /home/orin/test_ws/src/install/turtlebot3_msgs/include/turtlebot3_msgs/msg/detail/version_info__functions.c
[3.157s] -- Up-to-date: /home/orin/test_ws/src/install/turtlebot3_msgs/include/turtlebot3_msgs/msg/detail/sound__type_support.h
[3.157s] -- Up-to-date: /home/orin/test_ws/src/install/turtlebot3_msgs/include/turtlebot3_msgs/msg/detail/sensor_state__functions.c
[3.157s] -- Up-to-date: /home/orin/test_ws/src/install/turtlebot3_msgs/include/turtlebot3_msgs/msg/detail/sensor_state__struct.h
[3.158s] -- Up-to-date: /home/orin/test_ws/src/install/turtlebot3_msgs/include/turtlebot3_msgs/msg/detail/sensor_state__type_support.h
[3.164s] -- Up-to-date: /home/orin/test_ws/src/install/turtlebot3_msgs/include/turtlebot3_msgs/msg/detail/version_info__struct.h
[3.165s] -- Up-to-date: /home/orin/test_ws/src/install/turtlebot3_msgs/include/turtlebot3_msgs/msg/detail/version_info__functions.h
[3.166s] -- Up-to-date: /home/orin/test_ws/src/install/turtlebot3_msgs/include/turtlebot3_msgs/msg/sensor_state.h
[3.167s] -- Up-to-date: /home/orin/test_ws/src/install/turtlebot3_msgs/include/turtlebot3_msgs/msg/sound.h
[3.168s] -- Up-to-date: /home/orin/test_ws/src/install/turtlebot3_msgs/include/turtlebot3_msgs/action
[3.168s] -- Up-to-date: /home/orin/test_ws/src/install/turtlebot3_msgs/include/turtlebot3_msgs/action/patrol.h
[3.169s] -- Up-to-date: /home/orin/test_ws/src/install/turtlebot3_msgs/include/turtlebot3_msgs/action/detail
[3.169s] -- Up-to-date: /home/orin/test_ws/src/install/turtlebot3_msgs/include/turtlebot3_msgs/action/detail/patrol__functions.h
[3.169s] -- Up-to-date: /home/orin/test_ws/src/install/turtlebot3_msgs/include/turtlebot3_msgs/action/detail/patrol__functions.c
[3.176s] -- Up-to-date: /home/orin/test_ws/src/install/turtlebot3_msgs/include/turtlebot3_msgs/action/detail/patrol__struct.h
[3.176s] -- Up-to-date: /home/orin/test_ws/src/install/turtlebot3_msgs/include/turtlebot3_msgs/action/detail/patrol__type_support.h
[3.178s] -- Up-to-date: /home/orin/test_ws/src/install/turtlebot3_msgs/include/turtlebot3_msgs/srv
[3.182s] -- Up-to-date: /home/orin/test_ws/src/install/turtlebot3_msgs/include/turtlebot3_msgs/srv/dqn.h
[3.183s] -- Up-to-date: /home/orin/test_ws/src/install/turtlebot3_msgs/include/turtlebot3_msgs/srv/detail
[3.183s] -- Up-to-date: /home/orin/test_ws/src/install/turtlebot3_msgs/include/turtlebot3_msgs/srv/detail/dqn__functions.c
[3.183s] -- Up-to-date: /home/orin/test_ws/src/install/turtlebot3_msgs/include/turtlebot3_msgs/srv/detail/sound__struct.h
[3.184s] -- Up-to-date: /home/orin/test_ws/src/install/turtlebot3_msgs/include/turtlebot3_msgs/srv/detail/sound__functions.h
[3.184s] -- Up-to-date: /home/orin/test_ws/src/install/turtlebot3_msgs/include/turtlebot3_msgs/srv/detail/sound__functions.c
[3.184s] -- Up-to-date: /home/orin/test_ws/src/install/turtlebot3_msgs/include/turtlebot3_msgs/srv/detail/sound__type_support.h
[3.184s] -- Up-to-date: /home/orin/test_ws/src/install/turtlebot3_msgs/include/turtlebot3_msgs/srv/detail/dqn__struct.h
[3.185s] -- Up-to-date: /home/orin/test_ws/src/install/turtlebot3_msgs/include/turtlebot3_msgs/srv/detail/dqn__type_support.h
[3.187s] -- Up-to-date: /home/orin/test_ws/src/install/turtlebot3_msgs/include/turtlebot3_msgs/srv/detail/dqn__functions.h
[3.188s] -- Up-to-date: /home/orin/test_ws/src/install/turtlebot3_msgs/include/turtlebot3_msgs/srv/sound.h
[3.190s] -- Up-to-date: /home/orin/test_ws/src/install/turtlebot3_msgs/share/turtlebot3_msgs/environment/library_path.sh
[3.190s] -- Up-to-date: /home/orin/test_ws/src/install/turtlebot3_msgs/share/turtlebot3_msgs/environment/library_path.dsv
[3.210s] -- Up-to-date: /home/orin/test_ws/src/install/turtlebot3_msgs/lib/libturtlebot3_msgs__rosidl_generator_c.so
[3.210s] -- Up-to-date: /home/orin/test_ws/src/install/turtlebot3_msgs/include/turtlebot3_msgs
[3.211s] -- Up-to-date: /home/orin/test_ws/src/install/turtlebot3_msgs/include/turtlebot3_msgs/msg
[3.212s] -- Up-to-date: /home/orin/test_ws/src/install/turtlebot3_msgs/include/turtlebot3_msgs/msg/detail
[3.213s] -- Up-to-date: /home/orin/test_ws/src/install/turtlebot3_msgs/include/turtlebot3_msgs/msg/detail/sound__rosidl_typesupport_fastrtps_c.h
[3.214s] -- Up-to-date: /home/orin/test_ws/src/install/turtlebot3_msgs/include/turtlebot3_msgs/msg/detail/version_info__rosidl_typesupport_fastrtps_c.h
[3.215s] -- Up-to-date: /home/orin/test_ws/src/install/turtlebot3_msgs/include/turtlebot3_msgs/msg/detail/sensor_state__rosidl_typesupport_fastrtps_c.h
[3.215s] -- Up-to-date: /home/orin/test_ws/src/install/turtlebot3_msgs/include/turtlebot3_msgs/msg/rosidl_typesupport_fastrtps_c__visibility_control.h
[3.215s] -- Up-to-date: /home/orin/test_ws/src/install/turtlebot3_msgs/include/turtlebot3_msgs/action
[3.215s] -- Up-to-date: /home/orin/test_ws/src/install/turtlebot3_msgs/include/turtlebot3_msgs/action/detail
[3.215s] -- Up-to-date: /home/orin/test_ws/src/install/turtlebot3_msgs/include/turtlebot3_msgs/action/detail/patrol__rosidl_typesupport_fastrtps_c.h
[3.216s] -- Up-to-date: /home/orin/test_ws/src/install/turtlebot3_msgs/include/turtlebot3_msgs/srv
[3.216s] -- Up-to-date: /home/orin/test_ws/src/install/turtlebot3_msgs/include/turtlebot3_msgs/srv/detail
[3.216s] -- Up-to-date: /home/orin/test_ws/src/install/turtlebot3_msgs/include/turtlebot3_msgs/srv/detail/sound__rosidl_typesupport_fastrtps_c.h
[3.216s] -- Up-to-date: /home/orin/test_ws/src/install/turtlebot3_msgs/include/turtlebot3_msgs/srv/detail/dqn__rosidl_typesupport_fastrtps_c.h
[3.216s] -- Up-to-date: /home/orin/test_ws/src/install/turtlebot3_msgs/lib/libturtlebot3_msgs__rosidl_typesupport_fastrtps_c.so
[3.216s] -- Up-to-date: /home/orin/test_ws/src/install/turtlebot3_msgs/include/turtlebot3_msgs
[3.216s] -- Up-to-date: /home/orin/test_ws/src/install/turtlebot3_msgs/include/turtlebot3_msgs/msg
[3.217s] -- Up-to-date: /home/orin/test_ws/src/install/turtlebot3_msgs/include/turtlebot3_msgs/msg/detail
[3.217s] -- Up-to-date: /home/orin/test_ws/src/install/turtlebot3_msgs/include/turtlebot3_msgs/msg/detail/sound__rosidl_typesupport_fastrtps_cpp.hpp
[3.217s] -- Up-to-date: /home/orin/test_ws/src/install/turtlebot3_msgs/include/turtlebot3_msgs/msg/detail/version_info__rosidl_typesupport_fastrtps_cpp.hpp
[3.217s] -- Up-to-date: /home/orin/test_ws/src/install/turtlebot3_msgs/include/turtlebot3_msgs/msg/detail/dds_fastrtps
[3.217s] -- Up-to-date: /home/orin/test_ws/src/install/turtlebot3_msgs/include/turtlebot3_msgs/msg/detail/sensor_state__rosidl_typesupport_fastrtps_cpp.hpp
[3.217s] -- Up-to-date: /home/orin/test_ws/src/install/turtlebot3_msgs/include/turtlebot3_msgs/msg/rosidl_typesupport_fastrtps_cpp__visibility_control.h
[3.217s] -- Up-to-date: /home/orin/test_ws/src/install/turtlebot3_msgs/include/turtlebot3_msgs/action
[3.217s] -- Up-to-date: /home/orin/test_ws/src/install/turtlebot3_msgs/include/turtlebot3_msgs/action/detail
[3.217s] -- Up-to-date: /home/orin/test_ws/src/install/turtlebot3_msgs/include/turtlebot3_msgs/action/detail/patrol__rosidl_typesupport_fastrtps_cpp.hpp
[3.218s] -- Up-to-date: /home/orin/test_ws/src/install/turtlebot3_msgs/include/turtlebot3_msgs/action/detail/dds_fastrtps
[3.218s] -- Up-to-date: /home/orin/test_ws/src/install/turtlebot3_msgs/include/turtlebot3_msgs/srv
[3.218s] -- Up-to-date: /home/orin/test_ws/src/install/turtlebot3_msgs/include/turtlebot3_msgs/srv/detail
[3.218s] -- Up-to-date: /home/orin/test_ws/src/install/turtlebot3_msgs/include/turtlebot3_msgs/srv/detail/sound__rosidl_typesupport_fastrtps_cpp.hpp
[3.218s] -- Up-to-date: /home/orin/test_ws/src/install/turtlebot3_msgs/include/turtlebot3_msgs/srv/detail/dds_fastrtps
[3.218s] -- Up-to-date: /home/orin/test_ws/src/install/turtlebot3_msgs/include/turtlebot3_msgs/srv/detail/dqn__rosidl_typesupport_fastrtps_cpp.hpp
[3.221s] -- Up-to-date: /home/orin/test_ws/src/install/turtlebot3_msgs/lib/libturtlebot3_msgs__rosidl_typesupport_fastrtps_cpp.so
[3.221s] -- Up-to-date: /home/orin/test_ws/src/install/turtlebot3_msgs/include/turtlebot3_msgs
[3.221s] -- Up-to-date: /home/orin/test_ws/src/install/turtlebot3_msgs/include/turtlebot3_msgs/msg
[3.221s] -- Up-to-date: /home/orin/test_ws/src/install/turtlebot3_msgs/include/turtlebot3_msgs/msg/rosidl_typesupport_introspection_c__visibility_control.h
[3.221s] -- Up-to-date: /home/orin/test_ws/src/install/turtlebot3_msgs/include/turtlebot3_msgs/msg/detail
[3.221s] -- Up-to-date: /home/orin/test_ws/src/install/turtlebot3_msgs/include/turtlebot3_msgs/msg/detail/sensor_state__type_support.c
[3.222s] -- Up-to-date: /home/orin/test_ws/src/install/turtlebot3_msgs/include/turtlebot3_msgs/msg/detail/sensor_state__rosidl_typesupport_introspection_c.h
[3.222s] -- Up-to-date: /home/orin/test_ws/src/install/turtlebot3_msgs/include/turtlebot3_msgs/msg/detail/version_info__type_support.c
[3.226s] -- Up-to-date: /home/orin/test_ws/src/install/turtlebot3_msgs/include/turtlebot3_msgs/msg/detail/version_info__rosidl_typesupport_introspection_c.h
[3.227s] -- Up-to-date: /home/orin/test_ws/src/install/turtlebot3_msgs/include/turtlebot3_msgs/msg/detail/sound__rosidl_typesupport_introspection_c.h
[3.227s] -- Up-to-date: /home/orin/test_ws/src/install/turtlebot3_msgs/include/turtlebot3_msgs/msg/detail/sound__type_support.c
[3.227s] -- Up-to-date: /home/orin/test_ws/src/install/turtlebot3_msgs/include/turtlebot3_msgs/action
[3.227s] -- Up-to-date: /home/orin/test_ws/src/install/turtlebot3_msgs/include/turtlebot3_msgs/action/detail
[3.227s] -- Up-to-date: /home/orin/test_ws/src/install/turtlebot3_msgs/include/turtlebot3_msgs/action/detail/patrol__type_support.c
[3.227s] -- Up-to-date: /home/orin/test_ws/src/install/turtlebot3_msgs/include/turtlebot3_msgs/action/detail/patrol__rosidl_typesupport_introspection_c.h
[3.228s] -- Up-to-date: /home/orin/test_ws/src/install/turtlebot3_msgs/include/turtlebot3_msgs/srv
[3.228s] -- Up-to-date: /home/orin/test_ws/src/install/turtlebot3_msgs/include/turtlebot3_msgs/srv/detail
[3.228s] -- Up-to-date: /home/orin/test_ws/src/install/turtlebot3_msgs/include/turtlebot3_msgs/srv/detail/dqn__type_support.c
[3.228s] -- Up-to-date: /home/orin/test_ws/src/install/turtlebot3_msgs/include/turtlebot3_msgs/srv/detail/sound__rosidl_typesupport_introspection_c.h
[3.228s] -- Up-to-date: /home/orin/test_ws/src/install/turtlebot3_msgs/include/turtlebot3_msgs/srv/detail/dqn__rosidl_typesupport_introspection_c.h
[3.228s] -- Up-to-date: /home/orin/test_ws/src/install/turtlebot3_msgs/include/turtlebot3_msgs/srv/detail/sound__type_support.c
[3.228s] -- Up-to-date: /home/orin/test_ws/src/install/turtlebot3_msgs/lib/libturtlebot3_msgs__rosidl_typesupport_introspection_c.so
[3.228s] -- Up-to-date: /home/orin/test_ws/src/install/turtlebot3_msgs/lib/libturtlebot3_msgs__rosidl_typesupport_c.so
[3.229s] -- Up-to-date: /home/orin/test_ws/src/install/turtlebot3_msgs/include/turtlebot3_msgs
[3.229s] -- Up-to-date: /home/orin/test_ws/src/install/turtlebot3_msgs/include/turtlebot3_msgs/msg
[3.229s] -- Up-to-date: /home/orin/test_ws/src/install/turtlebot3_msgs/include/turtlebot3_msgs/msg/sensor_state.hpp
[3.229s] -- Up-to-date: /home/orin/test_ws/src/install/turtlebot3_msgs/include/turtlebot3_msgs/msg/detail
[3.229s] -- Up-to-date: /home/orin/test_ws/src/install/turtlebot3_msgs/include/turtlebot3_msgs/msg/detail/sensor_state__builder.hpp
[3.229s] -- Up-to-date: /home/orin/test_ws/src/install/turtlebot3_msgs/include/turtlebot3_msgs/msg/detail/version_info__type_support.hpp
[3.229s] -- Up-to-date: /home/orin/test_ws/src/install/turtlebot3_msgs/include/turtlebot3_msgs/msg/detail/sound__builder.hpp
[3.229s] -- Up-to-date: /home/orin/test_ws/src/install/turtlebot3_msgs/include/turtlebot3_msgs/msg/detail/sensor_state__struct.hpp
[3.230s] -- Up-to-date: /home/orin/test_ws/src/install/turtlebot3_msgs/include/turtlebot3_msgs/msg/detail/version_info__struct.hpp
[3.230s] -- Up-to-date: /home/orin/test_ws/src/install/turtlebot3_msgs/include/turtlebot3_msgs/msg/detail/version_info__traits.hpp
[3.230s] -- Up-to-date: /home/orin/test_ws/src/install/turtlebot3_msgs/include/turtlebot3_msgs/msg/detail/version_info__builder.hpp
[3.230s] -- Up-to-date: /home/orin/test_ws/src/install/turtlebot3_msgs/include/turtlebot3_msgs/msg/detail/sound__struct.hpp
[3.230s] -- Up-to-date: /home/orin/test_ws/src/install/turtlebot3_msgs/include/turtlebot3_msgs/msg/detail/sensor_state__type_support.hpp
[3.230s] -- Up-to-date: /home/orin/test_ws/src/install/turtlebot3_msgs/include/turtlebot3_msgs/msg/detail/sensor_state__traits.hpp
[3.230s] -- Up-to-date: /home/orin/test_ws/src/install/turtlebot3_msgs/include/turtlebot3_msgs/msg/detail/sound__type_support.hpp
[3.230s] -- Up-to-date: /home/orin/test_ws/src/install/turtlebot3_msgs/include/turtlebot3_msgs/msg/detail/sound__traits.hpp
[3.230s] -- Up-to-date: /home/orin/test_ws/src/install/turtlebot3_msgs/include/turtlebot3_msgs/msg/rosidl_generator_cpp__visibility_control.hpp
[3.231s] -- Up-to-date: /home/orin/test_ws/src/install/turtlebot3_msgs/include/turtlebot3_msgs/msg/sound.hpp
[3.231s] -- Up-to-date: /home/orin/test_ws/src/install/turtlebot3_msgs/include/turtlebot3_msgs/msg/version_info.hpp
[3.231s] -- Up-to-date: /home/orin/test_ws/src/install/turtlebot3_msgs/include/turtlebot3_msgs/action
[3.231s] -- Up-to-date: /home/orin/test_ws/src/install/turtlebot3_msgs/include/turtlebot3_msgs/action/detail
[3.231s] -- Up-to-date: /home/orin/test_ws/src/install/turtlebot3_msgs/include/turtlebot3_msgs/action/detail/patrol__type_support.hpp
[3.231s] -- Up-to-date: /home/orin/test_ws/src/install/turtlebot3_msgs/include/turtlebot3_msgs/action/detail/patrol__traits.hpp
[3.231s] -- Up-to-date: /home/orin/test_ws/src/install/turtlebot3_msgs/include/turtlebot3_msgs/action/detail/patrol__struct.hpp
[3.232s] -- Up-to-date: /home/orin/test_ws/src/install/turtlebot3_msgs/include/turtlebot3_msgs/action/detail/patrol__builder.hpp
[3.232s] -- Up-to-date: /home/orin/test_ws/src/install/turtlebot3_msgs/include/turtlebot3_msgs/action/patrol.hpp
[3.232s] -- Up-to-date: /home/orin/test_ws/src/install/turtlebot3_msgs/include/turtlebot3_msgs/srv
[3.232s] -- Up-to-date: /home/orin/test_ws/src/install/turtlebot3_msgs/include/turtlebot3_msgs/srv/dqn.hpp
[3.232s] -- Up-to-date: /home/orin/test_ws/src/install/turtlebot3_msgs/include/turtlebot3_msgs/srv/detail
[3.232s] -- Up-to-date: /home/orin/test_ws/src/install/turtlebot3_msgs/include/turtlebot3_msgs/srv/detail/sound__builder.hpp
[3.232s] -- Up-to-date: /home/orin/test_ws/src/install/turtlebot3_msgs/include/turtlebot3_msgs/srv/detail/dqn__builder.hpp
[3.232s] -- Up-to-date: /home/orin/test_ws/src/install/turtlebot3_msgs/include/turtlebot3_msgs/srv/detail/dqn__traits.hpp
[3.232s] -- Up-to-date: /home/orin/test_ws/src/install/turtlebot3_msgs/include/turtlebot3_msgs/srv/detail/dqn__struct.hpp
[3.233s] -- Up-to-date: /home/orin/test_ws/src/install/turtlebot3_msgs/include/turtlebot3_msgs/srv/detail/sound__struct.hpp
[3.233s] -- Up-to-date: /home/orin/test_ws/src/install/turtlebot3_msgs/include/turtlebot3_msgs/srv/detail/dqn__type_support.hpp
[3.233s] -- Up-to-date: /home/orin/test_ws/src/install/turtlebot3_msgs/include/turtlebot3_msgs/srv/detail/sound__type_support.hpp
[3.233s] -- Up-to-date: /home/orin/test_ws/src/install/turtlebot3_msgs/include/turtlebot3_msgs/srv/detail/sound__traits.hpp
[3.233s] -- Up-to-date: /home/orin/test_ws/src/install/turtlebot3_msgs/include/turtlebot3_msgs/srv/sound.hpp
[3.233s] -- Up-to-date: /home/orin/test_ws/src/install/turtlebot3_msgs/include/turtlebot3_msgs
[3.233s] -- Up-to-date: /home/orin/test_ws/src/install/turtlebot3_msgs/include/turtlebot3_msgs/msg
[3.233s] -- Up-to-date: /home/orin/test_ws/src/install/turtlebot3_msgs/include/turtlebot3_msgs/msg/detail
[3.234s] -- Up-to-date: /home/orin/test_ws/src/install/turtlebot3_msgs/include/turtlebot3_msgs/msg/detail/version_info__rosidl_typesupport_introspection_cpp.hpp
[3.234s] -- Up-to-date: /home/orin/test_ws/src/install/turtlebot3_msgs/include/turtlebot3_msgs/msg/detail/sound__rosidl_typesupport_introspection_cpp.hpp
[3.234s] -- Up-to-date: /home/orin/test_ws/src/install/turtlebot3_msgs/include/turtlebot3_msgs/msg/detail/sensor_state__type_support.cpp
[3.234s] -- Up-to-date: /home/orin/test_ws/src/install/turtlebot3_msgs/include/turtlebot3_msgs/msg/detail/version_info__type_support.cpp
[3.234s] -- Up-to-date: /home/orin/test_ws/src/install/turtlebot3_msgs/include/turtlebot3_msgs/msg/detail/sensor_state__rosidl_typesupport_introspection_cpp.hpp
[3.234s] -- Up-to-date: /home/orin/test_ws/src/install/turtlebot3_msgs/include/turtlebot3_msgs/msg/detail/sound__type_support.cpp
[3.234s] -- Up-to-date: /home/orin/test_ws/src/install/turtlebot3_msgs/include/turtlebot3_msgs/action
[3.235s] -- Up-to-date: /home/orin/test_ws/src/install/turtlebot3_msgs/include/turtlebot3_msgs/action/detail
[3.235s] -- Up-to-date: /home/orin/test_ws/src/install/turtlebot3_msgs/include/turtlebot3_msgs/action/detail/patrol__type_support.cpp
[3.235s] -- Up-to-date: /home/orin/test_ws/src/install/turtlebot3_msgs/include/turtlebot3_msgs/action/detail/patrol__rosidl_typesupport_introspection_cpp.hpp
[3.235s] -- Up-to-date: /home/orin/test_ws/src/install/turtlebot3_msgs/include/turtlebot3_msgs/srv
[3.236s] -- Up-to-date: /home/orin/test_ws/src/install/turtlebot3_msgs/include/turtlebot3_msgs/srv/detail
[3.236s] -- Up-to-date: /home/orin/test_ws/src/install/turtlebot3_msgs/include/turtlebot3_msgs/srv/detail/dqn__rosidl_typesupport_introspection_cpp.hpp
[3.237s] -- Up-to-date: /home/orin/test_ws/src/install/turtlebot3_msgs/include/turtlebot3_msgs/srv/detail/sound__rosidl_typesupport_introspection_cpp.hpp
[3.237s] -- Up-to-date: /home/orin/test_ws/src/install/turtlebot3_msgs/include/turtlebot3_msgs/srv/detail/sound__type_support.cpp
[3.237s] -- Up-to-date: /home/orin/test_ws/src/install/turtlebot3_msgs/include/turtlebot3_msgs/srv/detail/dqn__type_support.cpp
[3.237s] -- Up-to-date: /home/orin/test_ws/src/install/turtlebot3_msgs/lib/libturtlebot3_msgs__rosidl_typesupport_introspection_cpp.so
[3.238s] -- Up-to-date: /home/orin/test_ws/src/install/turtlebot3_msgs/lib/libturtlebot3_msgs__rosidl_typesupport_cpp.so
[3.238s] -- Up-to-date: /home/orin/test_ws/src/install/turtlebot3_msgs/share/turtlebot3_msgs/environment/pythonpath.sh
[3.238s] -- Up-to-date: /home/orin/test_ws/src/install/turtlebot3_msgs/share/turtlebot3_msgs/environment/pythonpath.dsv
[3.238s] -- Up-to-date: /home/orin/test_ws/src/install/turtlebot3_msgs/lib/python3.8/site-packages/turtlebot3_msgs/__init__.py
[3.293s] -- Up-to-date: /home/orin/test_ws/src/install/turtlebot3_msgs/lib/python3.8/site-packages/turtlebot3_msgs/msg
[3.294s] -- Up-to-date: /home/orin/test_ws/src/install/turtlebot3_msgs/lib/python3.8/site-packages/turtlebot3_msgs/msg/_sensor_state.py
[3.294s] -- Up-to-date: /home/orin/test_ws/src/install/turtlebot3_msgs/lib/python3.8/site-packages/turtlebot3_msgs/msg/_version_info.py
[3.294s] -- Up-to-date: /home/orin/test_ws/src/install/turtlebot3_msgs/lib/python3.8/site-packages/turtlebot3_msgs/msg/_sensor_state_s.c
[3.294s] -- Up-to-date: /home/orin/test_ws/src/install/turtlebot3_msgs/lib/python3.8/site-packages/turtlebot3_msgs/msg/__init__.py
[3.294s] -- Up-to-date: /home/orin/test_ws/src/install/turtlebot3_msgs/lib/python3.8/site-packages/turtlebot3_msgs/msg/_sound.py
[3.294s] -- Up-to-date: /home/orin/test_ws/src/install/turtlebot3_msgs/lib/python3.8/site-packages/turtlebot3_msgs/msg/_version_info_s.c
[3.294s] -- Up-to-date: /home/orin/test_ws/src/install/turtlebot3_msgs/lib/python3.8/site-packages/turtlebot3_msgs/msg/_sound_s.c
[3.295s] -- Up-to-date: /home/orin/test_ws/src/install/turtlebot3_msgs/lib/python3.8/site-packages/turtlebot3_msgs/srv
[3.295s] -- Up-to-date: /home/orin/test_ws/src/install/turtlebot3_msgs/lib/python3.8/site-packages/turtlebot3_msgs/srv/__init__.py
[3.295s] -- Up-to-date: /home/orin/test_ws/src/install/turtlebot3_msgs/lib/python3.8/site-packages/turtlebot3_msgs/srv/_sound.py
[3.295s] -- Up-to-date: /home/orin/test_ws/src/install/turtlebot3_msgs/lib/python3.8/site-packages/turtlebot3_msgs/srv/_dqn.py
[3.295s] -- Up-to-date: /home/orin/test_ws/src/install/turtlebot3_msgs/lib/python3.8/site-packages/turtlebot3_msgs/srv/_dqn_s.c
[3.295s] -- Up-to-date: /home/orin/test_ws/src/install/turtlebot3_msgs/lib/python3.8/site-packages/turtlebot3_msgs/srv/_sound_s.c
[3.296s] -- Up-to-date: /home/orin/test_ws/src/install/turtlebot3_msgs/lib/python3.8/site-packages/turtlebot3_msgs/action
[3.297s] -- Up-to-date: /home/orin/test_ws/src/install/turtlebot3_msgs/lib/python3.8/site-packages/turtlebot3_msgs/action/__init__.py
[3.298s] -- Up-to-date: /home/orin/test_ws/src/install/turtlebot3_msgs/lib/python3.8/site-packages/turtlebot3_msgs/action/_patrol_s.c
[3.298s] -- Up-to-date: /home/orin/test_ws/src/install/turtlebot3_msgs/lib/python3.8/site-packages/turtlebot3_msgs/action/_patrol.py
[3.299s] -- Up-to-date: /home/orin/test_ws/src/install/turtlebot3_msgs/lib/python3.8/site-packages/turtlebot3_msgs/turtlebot3_msgs_s__rosidl_typesupport_fastrtps_c.cpython-38-aarch64-linux-gnu.so
[3.299s] -- Up-to-date: /home/orin/test_ws/src/install/turtlebot3_msgs/lib/python3.8/site-packages/turtlebot3_msgs/turtlebot3_msgs_s__rosidl_typesupport_introspection_c.cpython-38-aarch64-linux-gnu.so
[3.300s] -- Up-to-date: /home/orin/test_ws/src/install/turtlebot3_msgs/lib/python3.8/site-packages/turtlebot3_msgs/turtlebot3_msgs_s__rosidl_typesupport_c.cpython-38-aarch64-linux-gnu.so
[3.300s] -- Up-to-date: /home/orin/test_ws/src/install/turtlebot3_msgs/lib/libturtlebot3_msgs__python.so
[3.301s] -- Up-to-date: /home/orin/test_ws/src/install/turtlebot3_msgs/share/turtlebot3_msgs/msg/SensorState.idl
[3.301s] -- Up-to-date: /home/orin/test_ws/src/install/turtlebot3_msgs/share/turtlebot3_msgs/msg/Sound.idl
[3.301s] -- Up-to-date: /home/orin/test_ws/src/install/turtlebot3_msgs/share/turtlebot3_msgs/msg/VersionInfo.idl
[3.301s] -- Up-to-date: /home/orin/test_ws/src/install/turtlebot3_msgs/share/turtlebot3_msgs/srv/Sound.idl
[3.301s] -- Up-to-date: /home/orin/test_ws/src/install/turtlebot3_msgs/share/turtlebot3_msgs/srv/Dqn.idl
[3.302s] -- Up-to-date: /home/orin/test_ws/src/install/turtlebot3_msgs/share/turtlebot3_msgs/action/Patrol.idl
[3.302s] -- Up-to-date: /home/orin/test_ws/src/install/turtlebot3_msgs/share/turtlebot3_msgs/msg/SensorState.msg
[3.302s] -- Up-to-date: /home/orin/test_ws/src/install/turtlebot3_msgs/share/turtlebot3_msgs/msg/Sound.msg
[3.303s] -- Up-to-date: /home/orin/test_ws/src/install/turtlebot3_msgs/share/turtlebot3_msgs/msg/VersionInfo.msg
[3.304s] -- Up-to-date: /home/orin/test_ws/src/install/turtlebot3_msgs/share/turtlebot3_msgs/srv/Sound.srv
[3.305s] -- Up-to-date: /home/orin/test_ws/src/install/turtlebot3_msgs/share/turtlebot3_msgs/srv/Sound_Request.msg
[3.307s] -- Up-to-date: /home/orin/test_ws/src/install/turtlebot3_msgs/share/turtlebot3_msgs/srv/Sound_Response.msg
[3.308s] -- Up-to-date: /home/orin/test_ws/src/install/turtlebot3_msgs/share/turtlebot3_msgs/srv/Dqn.srv
[3.308s] -- Up-to-date: /home/orin/test_ws/src/install/turtlebot3_msgs/share/turtlebot3_msgs/srv/Dqn_Request.msg
[3.313s] -- Up-to-date: /home/orin/test_ws/src/install/turtlebot3_msgs/share/turtlebot3_msgs/srv/Dqn_Response.msg
[3.314s] -- Up-to-date: /home/orin/test_ws/src/install/turtlebot3_msgs/share/turtlebot3_msgs/action/Patrol.action
[3.315s] -- Up-to-date: /home/orin/test_ws/src/install/turtlebot3_msgs/share/ament_index/resource_index/package_run_dependencies/turtlebot3_msgs
[3.315s] -- Up-to-date: /home/orin/test_ws/src/install/turtlebot3_msgs/share/ament_index/resource_index/parent_prefix_path/turtlebot3_msgs
[3.319s] -- Up-to-date: /home/orin/test_ws/src/install/turtlebot3_msgs/share/turtlebot3_msgs/environment/ament_prefix_path.sh
[3.319s] -- Up-to-date: /home/orin/test_ws/src/install/turtlebot3_msgs/share/turtlebot3_msgs/environment/ament_prefix_path.dsv
[3.320s] -- Up-to-date: /home/orin/test_ws/src/install/turtlebot3_msgs/share/turtlebot3_msgs/environment/path.sh
[3.320s] -- Up-to-date: /home/orin/test_ws/src/install/turtlebot3_msgs/share/turtlebot3_msgs/environment/path.dsv
[3.321s] -- Up-to-date: /home/orin/test_ws/src/install/turtlebot3_msgs/share/turtlebot3_msgs/local_setup.bash
[3.321s] -- Up-to-date: /home/orin/test_ws/src/install/turtlebot3_msgs/share/turtlebot3_msgs/local_setup.sh
[3.322s] -- Up-to-date: /home/orin/test_ws/src/install/turtlebot3_msgs/share/turtlebot3_msgs/local_setup.zsh
[3.322s] -- Up-to-date: /home/orin/test_ws/src/install/turtlebot3_msgs/share/turtlebot3_msgs/local_setup.dsv
[3.325s] -- Installing: /home/orin/test_ws/src/install/turtlebot3_msgs/share/turtlebot3_msgs/package.dsv
[3.325s] -- Up-to-date: /home/orin/test_ws/src/install/turtlebot3_msgs/share/ament_index/resource_index/packages/turtlebot3_msgs
[3.328s] -- Up-to-date: /home/orin/test_ws/src/install/turtlebot3_msgs/share/turtlebot3_msgs/cmake/turtlebot3_msgs__rosidl_generator_cExport.cmake
[3.332s] -- Up-to-date: /home/orin/test_ws/src/install/turtlebot3_msgs/share/turtlebot3_msgs/cmake/turtlebot3_msgs__rosidl_generator_cExport-noconfig.cmake
[3.332s] -- Up-to-date: /home/orin/test_ws/src/install/turtlebot3_msgs/share/turtlebot3_msgs/cmake/turtlebot3_msgs__rosidl_typesupport_introspection_cExport.cmake
[3.333s] -- Up-to-date: /home/orin/test_ws/src/install/turtlebot3_msgs/share/turtlebot3_msgs/cmake/turtlebot3_msgs__rosidl_typesupport_introspection_cExport-noconfig.cmake
[3.334s] -- Up-to-date: /home/orin/test_ws/src/install/turtlebot3_msgs/share/turtlebot3_msgs/cmake/turtlebot3_msgs__rosidl_typesupport_cExport.cmake
[3.334s] -- Up-to-date: /home/orin/test_ws/src/install/turtlebot3_msgs/share/turtlebot3_msgs/cmake/turtlebot3_msgs__rosidl_typesupport_cExport-noconfig.cmake
[3.336s] -- Up-to-date: /home/orin/test_ws/src/install/turtlebot3_msgs/share/turtlebot3_msgs/cmake/turtlebot3_msgs__rosidl_generator_cppExport.cmake
[3.339s] -- Up-to-date: /home/orin/test_ws/src/install/turtlebot3_msgs/share/turtlebot3_msgs/cmake/turtlebot3_msgs__rosidl_typesupport_introspection_cppExport.cmake
[3.341s] -- Up-to-date: /home/orin/test_ws/src/install/turtlebot3_msgs/share/turtlebot3_msgs/cmake/turtlebot3_msgs__rosidl_typesupport_introspection_cppExport-noconfig.cmake
[3.341s] -- Up-to-date: /home/orin/test_ws/src/install/turtlebot3_msgs/share/turtlebot3_msgs/cmake/turtlebot3_msgs__rosidl_typesupport_cppExport.cmake
[3.346s] -- Up-to-date: /home/orin/test_ws/src/install/turtlebot3_msgs/share/turtlebot3_msgs/cmake/turtlebot3_msgs__rosidl_typesupport_cppExport-noconfig.cmake
[3.347s] -- Up-to-date: /home/orin/test_ws/src/install/turtlebot3_msgs/share/turtlebot3_msgs/cmake/rosidl_cmake-extras.cmake
[3.347s] -- Up-to-date: /home/orin/test_ws/src/install/turtlebot3_msgs/share/turtlebot3_msgs/cmake/ament_cmake_export_dependencies-extras.cmake
[3.347s] -- Up-to-date: /home/orin/test_ws/src/install/turtlebot3_msgs/share/turtlebot3_msgs/cmake/ament_cmake_export_libraries-extras.cmake
[3.348s] -- Up-to-date: /home/orin/test_ws/src/install/turtlebot3_msgs/share/turtlebot3_msgs/cmake/ament_cmake_export_targets-extras.cmake
[3.348s] -- Up-to-date: /home/orin/test_ws/src/install/turtlebot3_msgs/share/turtlebot3_msgs/cmake/ament_cmake_export_include_directories-extras.cmake
[3.348s] -- Up-to-date: /home/orin/test_ws/src/install/turtlebot3_msgs/share/turtlebot3_msgs/cmake/rosidl_cmake_export_typesupport_libraries-extras.cmake
[3.349s] -- Up-to-date: /home/orin/test_ws/src/install/turtlebot3_msgs/share/turtlebot3_msgs/cmake/rosidl_cmake_export_typesupport_targets-extras.cmake
[3.349s] -- Up-to-date: /home/orin/test_ws/src/install/turtlebot3_msgs/share/turtlebot3_msgs/cmake/turtlebot3_msgsConfig.cmake
[3.349s] -- Up-to-date: /home/orin/test_ws/src/install/turtlebot3_msgs/share/turtlebot3_msgs/cmake/turtlebot3_msgsConfig-version.cmake
[3.349s] -- Up-to-date: /home/orin/test_ws/src/install/turtlebot3_msgs/share/turtlebot3_msgs/package.xml
[3.572s] Invoked command in '/home/orin/test_ws/src/build/turtlebot3_msgs' returned '0': /usr/local/bin/cmake --install /home/orin/test_ws/src/build/turtlebot3_msgs
