[0.597s] DEBUG:colcon:Command line arguments: ['/home/orin/.local/bin/colcon', 'build']
[0.597s] DEBUG:colcon:Parsed command line arguments: Namespace(ament_cmake_args=None, base_paths=['.'], build_base='build', catkin_cmake_args=None, catkin_skip_building_tests=False, cmake_args=None, cmake_clean_cache=False, cmake_clean_first=False, cmake_force_configure=False, cmake_target=None, cmake_target_skip_unavailable=False, continue_on_error=False, event_handlers=None, executor='parallel', ignore_user_meta=False, install_base='install', log_base=None, log_level=None, main=<bound method BuildVerb.main of <colcon_core.verb.build.BuildVerb object at 0xffff8fecc040>>, merge_install=False, metas=['./colcon.meta'], packages_above=None, packages_above_and_dependencies=None, packages_above_depth=None, packages_end=None, packages_ignore=None, packages_ignore_regex=None, packages_select=None, packages_select_build_failed=False, packages_select_by_dep=None, packages_select_regex=None, packages_select_test_failures=False, packages_skip=None, packages_skip_build_finished=False, packages_skip_by_dep=None, packages_skip_regex=None, packages_skip_test_passed=False, packages_skip_up_to=None, packages_start=None, packages_up_to=None, packages_up_to_regex=None, parallel_workers=12, paths=None, symlink_install=False, test_result_base=None, verb_extension=<colcon_core.verb.build.BuildVerb object at 0xffff8fecc040>, verb_name='build', verb_parser=<colcon_defaults.argument_parser.defaults.DefaultArgumentsDecorator object at 0xffff8fe526a0>)
[0.838s] Level 1:colcon.colcon_core.package_discovery:discover_packages(colcon_meta) check parameters
[0.839s] Level 1:colcon.colcon_core.package_discovery:discover_packages(recursive) check parameters
[0.839s] Level 1:colcon.colcon_core.package_discovery:discover_packages(ignore) check parameters
[0.839s] Level 1:colcon.colcon_core.package_discovery:discover_packages(path) check parameters
[0.839s] Level 1:colcon.colcon_core.package_discovery:discover_packages(colcon_meta) discover
[0.839s] Level 1:colcon.colcon_core.package_discovery:discover_packages(recursive) discover
[0.839s] INFO:colcon.colcon_core.package_discovery:Crawling recursively for packages in '/home/orin/test_ws/src/autorace_docker_humble_gazebro'
[0.839s] Level 1:colcon.colcon_core.package_identification:_identify(.) by extensions ['ignore', 'ignore_ament_install']
[0.840s] Level 1:colcon.colcon_core.package_identification:_identify(.) by extension 'ignore'
[0.840s] Level 1:colcon.colcon_core.package_identification:_identify(.) by extension 'ignore_ament_install'
[0.840s] Level 1:colcon.colcon_core.package_identification:_identify(.) by extensions ['colcon_pkg']
[0.840s] Level 1:colcon.colcon_core.package_identification:_identify(.) by extension 'colcon_pkg'
[0.840s] Level 1:colcon.colcon_core.package_identification:_identify(.) by extensions ['colcon_meta']
[0.840s] Level 1:colcon.colcon_core.package_identification:_identify(.) by extension 'colcon_meta'
[0.840s] Level 1:colcon.colcon_core.package_identification:_identify(.) by extensions ['ros']
[0.840s] Level 1:colcon.colcon_core.package_identification:_identify(.) by extension 'ros'
[0.866s] Level 1:colcon.colcon_core.package_identification:_identify(.) by extensions ['cmake', 'python']
[0.866s] Level 1:colcon.colcon_core.package_identification:_identify(.) by extension 'cmake'
[0.866s] Level 1:colcon.colcon_core.package_identification:_identify(.) by extension 'python'
[0.867s] Level 1:colcon.colcon_core.package_identification:_identify(.) by extensions ['python_setup_py']
[0.867s] Level 1:colcon.colcon_core.package_identification:_identify(.) by extension 'python_setup_py'
[0.867s] Level 1:colcon.colcon_core.package_identification:_identify(build) by extensions ['ignore', 'ignore_ament_install']
[0.867s] Level 1:colcon.colcon_core.package_identification:_identify(build) by extension 'ignore'
[0.867s] Level 1:colcon.colcon_core.package_identification:_identify(build) ignored
[0.868s] Level 1:colcon.colcon_core.package_identification:_identify(check_jetson_version) by extensions ['ignore', 'ignore_ament_install']
[0.868s] Level 1:colcon.colcon_core.package_identification:_identify(check_jetson_version) by extension 'ignore'
[0.868s] Level 1:colcon.colcon_core.package_identification:_identify(check_jetson_version) by extension 'ignore_ament_install'
[0.868s] Level 1:colcon.colcon_core.package_identification:_identify(check_jetson_version) by extensions ['colcon_pkg']
[0.868s] Level 1:colcon.colcon_core.package_identification:_identify(check_jetson_version) by extension 'colcon_pkg'
[0.868s] Level 1:colcon.colcon_core.package_identification:_identify(check_jetson_version) by extensions ['colcon_meta']
[0.868s] Level 1:colcon.colcon_core.package_identification:_identify(check_jetson_version) by extension 'colcon_meta'
[0.868s] Level 1:colcon.colcon_core.package_identification:_identify(check_jetson_version) by extensions ['ros']
[0.868s] Level 1:colcon.colcon_core.package_identification:_identify(check_jetson_version) by extension 'ros'
[0.869s] Level 1:colcon.colcon_core.package_identification:_identify(check_jetson_version) by extensions ['cmake', 'python']
[0.869s] Level 1:colcon.colcon_core.package_identification:_identify(check_jetson_version) by extension 'cmake'
[0.869s] Level 1:colcon.colcon_core.package_identification:_identify(check_jetson_version) by extension 'python'
[0.869s] Level 1:colcon.colcon_core.package_identification:_identify(check_jetson_version) by extensions ['python_setup_py']
[0.869s] Level 1:colcon.colcon_core.package_identification:_identify(check_jetson_version) by extension 'python_setup_py'
[0.869s] Level 1:colcon.colcon_core.package_identification:_identify(check_jetson_version/scripts) by extensions ['ignore', 'ignore_ament_install']
[0.870s] Level 1:colcon.colcon_core.package_identification:_identify(check_jetson_version/scripts) by extension 'ignore'
[0.870s] Level 1:colcon.colcon_core.package_identification:_identify(check_jetson_version/scripts) by extension 'ignore_ament_install'
[0.870s] Level 1:colcon.colcon_core.package_identification:_identify(check_jetson_version/scripts) by extensions ['colcon_pkg']
[0.870s] Level 1:colcon.colcon_core.package_identification:_identify(check_jetson_version/scripts) by extension 'colcon_pkg'
[0.870s] Level 1:colcon.colcon_core.package_identification:_identify(check_jetson_version/scripts) by extensions ['colcon_meta']
[0.870s] Level 1:colcon.colcon_core.package_identification:_identify(check_jetson_version/scripts) by extension 'colcon_meta'
[0.870s] Level 1:colcon.colcon_core.package_identification:_identify(check_jetson_version/scripts) by extensions ['ros']
[0.870s] Level 1:colcon.colcon_core.package_identification:_identify(check_jetson_version/scripts) by extension 'ros'
[0.870s] Level 1:colcon.colcon_core.package_identification:_identify(check_jetson_version/scripts) by extensions ['cmake', 'python']
[0.871s] Level 1:colcon.colcon_core.package_identification:_identify(check_jetson_version/scripts) by extension 'cmake'
[0.871s] Level 1:colcon.colcon_core.package_identification:_identify(check_jetson_version/scripts) by extension 'python'
[0.871s] Level 1:colcon.colcon_core.package_identification:_identify(check_jetson_version/scripts) by extensions ['python_setup_py']
[0.871s] Level 1:colcon.colcon_core.package_identification:_identify(check_jetson_version/scripts) by extension 'python_setup_py'
[0.871s] Level 1:colcon.colcon_core.package_identification:_identify(compose) by extensions ['ignore', 'ignore_ament_install']
[0.871s] Level 1:colcon.colcon_core.package_identification:_identify(compose) by extension 'ignore'
[0.871s] Level 1:colcon.colcon_core.package_identification:_identify(compose) by extension 'ignore_ament_install'
[0.871s] Level 1:colcon.colcon_core.package_identification:_identify(compose) by extensions ['colcon_pkg']
[0.871s] Level 1:colcon.colcon_core.package_identification:_identify(compose) by extension 'colcon_pkg'
[0.872s] Level 1:colcon.colcon_core.package_identification:_identify(compose) by extensions ['colcon_meta']
[0.872s] Level 1:colcon.colcon_core.package_identification:_identify(compose) by extension 'colcon_meta'
[0.872s] Level 1:colcon.colcon_core.package_identification:_identify(compose) by extensions ['ros']
[0.872s] Level 1:colcon.colcon_core.package_identification:_identify(compose) by extension 'ros'
[0.872s] Level 1:colcon.colcon_core.package_identification:_identify(compose) by extensions ['cmake', 'python']
[0.872s] Level 1:colcon.colcon_core.package_identification:_identify(compose) by extension 'cmake'
[0.872s] Level 1:colcon.colcon_core.package_identification:_identify(compose) by extension 'python'
[0.872s] Level 1:colcon.colcon_core.package_identification:_identify(compose) by extensions ['python_setup_py']
[0.872s] Level 1:colcon.colcon_core.package_identification:_identify(compose) by extension 'python_setup_py'
[0.873s] Level 1:colcon.colcon_core.package_identification:_identify(compose/config) by extensions ['ignore', 'ignore_ament_install']
[0.873s] Level 1:colcon.colcon_core.package_identification:_identify(compose/config) by extension 'ignore'
[0.873s] Level 1:colcon.colcon_core.package_identification:_identify(compose/config) by extension 'ignore_ament_install'
[0.873s] Level 1:colcon.colcon_core.package_identification:_identify(compose/config) by extensions ['colcon_pkg']
[0.873s] Level 1:colcon.colcon_core.package_identification:_identify(compose/config) by extension 'colcon_pkg'
[0.873s] Level 1:colcon.colcon_core.package_identification:_identify(compose/config) by extensions ['colcon_meta']
[0.873s] Level 1:colcon.colcon_core.package_identification:_identify(compose/config) by extension 'colcon_meta'
[0.874s] Level 1:colcon.colcon_core.package_identification:_identify(compose/config) by extensions ['ros']
[0.874s] Level 1:colcon.colcon_core.package_identification:_identify(compose/config) by extension 'ros'
[0.874s] Level 1:colcon.colcon_core.package_identification:_identify(compose/config) by extensions ['cmake', 'python']
[0.874s] Level 1:colcon.colcon_core.package_identification:_identify(compose/config) by extension 'cmake'
[0.874s] Level 1:colcon.colcon_core.package_identification:_identify(compose/config) by extension 'python'
[0.874s] Level 1:colcon.colcon_core.package_identification:_identify(compose/config) by extensions ['python_setup_py']
[0.874s] Level 1:colcon.colcon_core.package_identification:_identify(compose/config) by extension 'python_setup_py'
[0.875s] Level 1:colcon.colcon_core.package_identification:_identify(compose/config/pip) by extensions ['ignore', 'ignore_ament_install']
[0.875s] Level 1:colcon.colcon_core.package_identification:_identify(compose/config/pip) by extension 'ignore'
[0.875s] Level 1:colcon.colcon_core.package_identification:_identify(compose/config/pip) by extension 'ignore_ament_install'
[0.875s] Level 1:colcon.colcon_core.package_identification:_identify(compose/config/pip) by extensions ['colcon_pkg']
[0.875s] Level 1:colcon.colcon_core.package_identification:_identify(compose/config/pip) by extension 'colcon_pkg'
[0.875s] Level 1:colcon.colcon_core.package_identification:_identify(compose/config/pip) by extensions ['colcon_meta']
[0.875s] Level 1:colcon.colcon_core.package_identification:_identify(compose/config/pip) by extension 'colcon_meta'
[0.875s] Level 1:colcon.colcon_core.package_identification:_identify(compose/config/pip) by extensions ['ros']
[0.875s] Level 1:colcon.colcon_core.package_identification:_identify(compose/config/pip) by extension 'ros'
[0.876s] Level 1:colcon.colcon_core.package_identification:_identify(compose/config/pip) by extensions ['cmake', 'python']
[0.876s] Level 1:colcon.colcon_core.package_identification:_identify(compose/config/pip) by extension 'cmake'
[0.876s] Level 1:colcon.colcon_core.package_identification:_identify(compose/config/pip) by extension 'python'
[0.876s] Level 1:colcon.colcon_core.package_identification:_identify(compose/config/pip) by extensions ['python_setup_py']
[0.876s] Level 1:colcon.colcon_core.package_identification:_identify(compose/config/pip) by extension 'python_setup_py'
[0.876s] Level 1:colcon.colcon_core.package_identification:_identify(compose/config/shell) by extensions ['ignore', 'ignore_ament_install']
[0.876s] Level 1:colcon.colcon_core.package_identification:_identify(compose/config/shell) by extension 'ignore'
[0.877s] Level 1:colcon.colcon_core.package_identification:_identify(compose/config/shell) by extension 'ignore_ament_install'
[0.877s] Level 1:colcon.colcon_core.package_identification:_identify(compose/config/shell) by extensions ['colcon_pkg']
[0.877s] Level 1:colcon.colcon_core.package_identification:_identify(compose/config/shell) by extension 'colcon_pkg'
[0.877s] Level 1:colcon.colcon_core.package_identification:_identify(compose/config/shell) by extensions ['colcon_meta']
[0.877s] Level 1:colcon.colcon_core.package_identification:_identify(compose/config/shell) by extension 'colcon_meta'
[0.877s] Level 1:colcon.colcon_core.package_identification:_identify(compose/config/shell) by extensions ['ros']
[0.877s] Level 1:colcon.colcon_core.package_identification:_identify(compose/config/shell) by extension 'ros'
[0.877s] Level 1:colcon.colcon_core.package_identification:_identify(compose/config/shell) by extensions ['cmake', 'python']
[0.877s] Level 1:colcon.colcon_core.package_identification:_identify(compose/config/shell) by extension 'cmake'
[0.877s] Level 1:colcon.colcon_core.package_identification:_identify(compose/config/shell) by extension 'python'
[0.878s] Level 1:colcon.colcon_core.package_identification:_identify(compose/config/shell) by extensions ['python_setup_py']
[0.878s] Level 1:colcon.colcon_core.package_identification:_identify(compose/config/shell) by extension 'python_setup_py'
[0.878s] Level 1:colcon.colcon_core.package_identification:_identify(compose/config/shell/terminator) by extensions ['ignore', 'ignore_ament_install']
[0.878s] Level 1:colcon.colcon_core.package_identification:_identify(compose/config/shell/terminator) by extension 'ignore'
[0.878s] Level 1:colcon.colcon_core.package_identification:_identify(compose/config/shell/terminator) by extension 'ignore_ament_install'
[0.878s] Level 1:colcon.colcon_core.package_identification:_identify(compose/config/shell/terminator) by extensions ['colcon_pkg']
[0.879s] Level 1:colcon.colcon_core.package_identification:_identify(compose/config/shell/terminator) by extension 'colcon_pkg'
[0.879s] Level 1:colcon.colcon_core.package_identification:_identify(compose/config/shell/terminator) by extensions ['colcon_meta']
[0.879s] Level 1:colcon.colcon_core.package_identification:_identify(compose/config/shell/terminator) by extension 'colcon_meta'
[0.879s] Level 1:colcon.colcon_core.package_identification:_identify(compose/config/shell/terminator) by extensions ['ros']
[0.879s] Level 1:colcon.colcon_core.package_identification:_identify(compose/config/shell/terminator) by extension 'ros'
[0.879s] Level 1:colcon.colcon_core.package_identification:_identify(compose/config/shell/terminator) by extensions ['cmake', 'python']
[0.879s] Level 1:colcon.colcon_core.package_identification:_identify(compose/config/shell/terminator) by extension 'cmake'
[0.879s] Level 1:colcon.colcon_core.package_identification:_identify(compose/config/shell/terminator) by extension 'python'
[0.879s] Level 1:colcon.colcon_core.package_identification:_identify(compose/config/shell/terminator) by extensions ['python_setup_py']
[0.879s] Level 1:colcon.colcon_core.package_identification:_identify(compose/config/shell/terminator) by extension 'python_setup_py'
[0.880s] Level 1:colcon.colcon_core.package_identification:_identify(compose/config/shell/tmux) by extensions ['ignore', 'ignore_ament_install']
[0.880s] Level 1:colcon.colcon_core.package_identification:_identify(compose/config/shell/tmux) by extension 'ignore'
[0.880s] Level 1:colcon.colcon_core.package_identification:_identify(compose/config/shell/tmux) by extension 'ignore_ament_install'
[0.880s] Level 1:colcon.colcon_core.package_identification:_identify(compose/config/shell/tmux) by extensions ['colcon_pkg']
[0.880s] Level 1:colcon.colcon_core.package_identification:_identify(compose/config/shell/tmux) by extension 'colcon_pkg'
[0.880s] Level 1:colcon.colcon_core.package_identification:_identify(compose/config/shell/tmux) by extensions ['colcon_meta']
[0.881s] Level 1:colcon.colcon_core.package_identification:_identify(compose/config/shell/tmux) by extension 'colcon_meta'
[0.881s] Level 1:colcon.colcon_core.package_identification:_identify(compose/config/shell/tmux) by extensions ['ros']
[0.881s] Level 1:colcon.colcon_core.package_identification:_identify(compose/config/shell/tmux) by extension 'ros'
[0.881s] Level 1:colcon.colcon_core.package_identification:_identify(compose/config/shell/tmux) by extensions ['cmake', 'python']
[0.881s] Level 1:colcon.colcon_core.package_identification:_identify(compose/config/shell/tmux) by extension 'cmake'
[0.881s] Level 1:colcon.colcon_core.package_identification:_identify(compose/config/shell/tmux) by extension 'python'
[0.881s] Level 1:colcon.colcon_core.package_identification:_identify(compose/config/shell/tmux) by extensions ['python_setup_py']
[0.881s] Level 1:colcon.colcon_core.package_identification:_identify(compose/config/shell/tmux) by extension 'python_setup_py'
[0.881s] Level 1:colcon.colcon_core.package_identification:_identify(config) by extensions ['ignore', 'ignore_ament_install']
[0.882s] Level 1:colcon.colcon_core.package_identification:_identify(config) by extension 'ignore'
[0.882s] Level 1:colcon.colcon_core.package_identification:_identify(config) by extension 'ignore_ament_install'
[0.882s] Level 1:colcon.colcon_core.package_identification:_identify(config) by extensions ['colcon_pkg']
[0.882s] Level 1:colcon.colcon_core.package_identification:_identify(config) by extension 'colcon_pkg'
[0.882s] Level 1:colcon.colcon_core.package_identification:_identify(config) by extensions ['colcon_meta']
[0.882s] Level 1:colcon.colcon_core.package_identification:_identify(config) by extension 'colcon_meta'
[0.882s] Level 1:colcon.colcon_core.package_identification:_identify(config) by extensions ['ros']
[0.882s] Level 1:colcon.colcon_core.package_identification:_identify(config) by extension 'ros'
[0.882s] Level 1:colcon.colcon_core.package_identification:_identify(config) by extensions ['cmake', 'python']
[0.882s] Level 1:colcon.colcon_core.package_identification:_identify(config) by extension 'cmake'
[0.883s] Level 1:colcon.colcon_core.package_identification:_identify(config) by extension 'python'
[0.883s] Level 1:colcon.colcon_core.package_identification:_identify(config) by extensions ['python_setup_py']
[0.883s] Level 1:colcon.colcon_core.package_identification:_identify(config) by extension 'python_setup_py'
[0.883s] Level 1:colcon.colcon_core.package_identification:_identify(config/pip) by extensions ['ignore', 'ignore_ament_install']
[0.883s] Level 1:colcon.colcon_core.package_identification:_identify(config/pip) by extension 'ignore'
[0.883s] Level 1:colcon.colcon_core.package_identification:_identify(config/pip) by extension 'ignore_ament_install'
[0.883s] Level 1:colcon.colcon_core.package_identification:_identify(config/pip) by extensions ['colcon_pkg']
[0.884s] Level 1:colcon.colcon_core.package_identification:_identify(config/pip) by extension 'colcon_pkg'
[0.884s] Level 1:colcon.colcon_core.package_identification:_identify(config/pip) by extensions ['colcon_meta']
[0.884s] Level 1:colcon.colcon_core.package_identification:_identify(config/pip) by extension 'colcon_meta'
[0.884s] Level 1:colcon.colcon_core.package_identification:_identify(config/pip) by extensions ['ros']
[0.884s] Level 1:colcon.colcon_core.package_identification:_identify(config/pip) by extension 'ros'
[0.884s] Level 1:colcon.colcon_core.package_identification:_identify(config/pip) by extensions ['cmake', 'python']
[0.884s] Level 1:colcon.colcon_core.package_identification:_identify(config/pip) by extension 'cmake'
[0.884s] Level 1:colcon.colcon_core.package_identification:_identify(config/pip) by extension 'python'
[0.884s] Level 1:colcon.colcon_core.package_identification:_identify(config/pip) by extensions ['python_setup_py']
[0.884s] Level 1:colcon.colcon_core.package_identification:_identify(config/pip) by extension 'python_setup_py'
[0.885s] Level 1:colcon.colcon_core.package_identification:_identify(config/shell) by extensions ['ignore', 'ignore_ament_install']
[0.885s] Level 1:colcon.colcon_core.package_identification:_identify(config/shell) by extension 'ignore'
[0.885s] Level 1:colcon.colcon_core.package_identification:_identify(config/shell) by extension 'ignore_ament_install'
[0.885s] Level 1:colcon.colcon_core.package_identification:_identify(config/shell) by extensions ['colcon_pkg']
[0.885s] Level 1:colcon.colcon_core.package_identification:_identify(config/shell) by extension 'colcon_pkg'
[0.885s] Level 1:colcon.colcon_core.package_identification:_identify(config/shell) by extensions ['colcon_meta']
[0.885s] Level 1:colcon.colcon_core.package_identification:_identify(config/shell) by extension 'colcon_meta'
[0.886s] Level 1:colcon.colcon_core.package_identification:_identify(config/shell) by extensions ['ros']
[0.886s] Level 1:colcon.colcon_core.package_identification:_identify(config/shell) by extension 'ros'
[0.886s] Level 1:colcon.colcon_core.package_identification:_identify(config/shell) by extensions ['cmake', 'python']
[0.886s] Level 1:colcon.colcon_core.package_identification:_identify(config/shell) by extension 'cmake'
[0.886s] Level 1:colcon.colcon_core.package_identification:_identify(config/shell) by extension 'python'
[0.886s] Level 1:colcon.colcon_core.package_identification:_identify(config/shell) by extensions ['python_setup_py']
[0.886s] Level 1:colcon.colcon_core.package_identification:_identify(config/shell) by extension 'python_setup_py'
[0.887s] Level 1:colcon.colcon_core.package_identification:_identify(config/shell/terminator) by extensions ['ignore', 'ignore_ament_install']
[0.887s] Level 1:colcon.colcon_core.package_identification:_identify(config/shell/terminator) by extension 'ignore'
[0.887s] Level 1:colcon.colcon_core.package_identification:_identify(config/shell/terminator) by extension 'ignore_ament_install'
[0.887s] Level 1:colcon.colcon_core.package_identification:_identify(config/shell/terminator) by extensions ['colcon_pkg']
[0.887s] Level 1:colcon.colcon_core.package_identification:_identify(config/shell/terminator) by extension 'colcon_pkg'
[0.887s] Level 1:colcon.colcon_core.package_identification:_identify(config/shell/terminator) by extensions ['colcon_meta']
[0.887s] Level 1:colcon.colcon_core.package_identification:_identify(config/shell/terminator) by extension 'colcon_meta'
[0.887s] Level 1:colcon.colcon_core.package_identification:_identify(config/shell/terminator) by extensions ['ros']
[0.887s] Level 1:colcon.colcon_core.package_identification:_identify(config/shell/terminator) by extension 'ros'
[0.887s] Level 1:colcon.colcon_core.package_identification:_identify(config/shell/terminator) by extensions ['cmake', 'python']
[0.888s] Level 1:colcon.colcon_core.package_identification:_identify(config/shell/terminator) by extension 'cmake'
[0.888s] Level 1:colcon.colcon_core.package_identification:_identify(config/shell/terminator) by extension 'python'
[0.888s] Level 1:colcon.colcon_core.package_identification:_identify(config/shell/terminator) by extensions ['python_setup_py']
[0.888s] Level 1:colcon.colcon_core.package_identification:_identify(config/shell/terminator) by extension 'python_setup_py'
[0.888s] Level 1:colcon.colcon_core.package_identification:_identify(config/shell/tmux) by extensions ['ignore', 'ignore_ament_install']
[0.888s] Level 1:colcon.colcon_core.package_identification:_identify(config/shell/tmux) by extension 'ignore'
[0.889s] Level 1:colcon.colcon_core.package_identification:_identify(config/shell/tmux) by extension 'ignore_ament_install'
[0.889s] Level 1:colcon.colcon_core.package_identification:_identify(config/shell/tmux) by extensions ['colcon_pkg']
[0.889s] Level 1:colcon.colcon_core.package_identification:_identify(config/shell/tmux) by extension 'colcon_pkg'
[0.889s] Level 1:colcon.colcon_core.package_identification:_identify(config/shell/tmux) by extensions ['colcon_meta']
[0.889s] Level 1:colcon.colcon_core.package_identification:_identify(config/shell/tmux) by extension 'colcon_meta'
[0.889s] Level 1:colcon.colcon_core.package_identification:_identify(config/shell/tmux) by extensions ['ros']
[0.889s] Level 1:colcon.colcon_core.package_identification:_identify(config/shell/tmux) by extension 'ros'
[0.889s] Level 1:colcon.colcon_core.package_identification:_identify(config/shell/tmux) by extensions ['cmake', 'python']
[0.889s] Level 1:colcon.colcon_core.package_identification:_identify(config/shell/tmux) by extension 'cmake'
[0.889s] Level 1:colcon.colcon_core.package_identification:_identify(config/shell/tmux) by extension 'python'
[0.889s] Level 1:colcon.colcon_core.package_identification:_identify(config/shell/tmux) by extensions ['python_setup_py']
[0.890s] Level 1:colcon.colcon_core.package_identification:_identify(config/shell/tmux) by extension 'python_setup_py'
[0.890s] Level 1:colcon.colcon_core.package_identification:_identify(install) by extensions ['ignore', 'ignore_ament_install']
[0.890s] Level 1:colcon.colcon_core.package_identification:_identify(install) by extension 'ignore'
[0.890s] Level 1:colcon.colcon_core.package_identification:_identify(install) ignored
[0.890s] Level 1:colcon.colcon_core.package_identification:_identify(log) by extensions ['ignore', 'ignore_ament_install']
[0.890s] Level 1:colcon.colcon_core.package_identification:_identify(log) by extension 'ignore'
[0.890s] Level 1:colcon.colcon_core.package_identification:_identify(log) ignored
[0.891s] Level 1:colcon.colcon_core.package_discovery:discover_packages(recursive) using defaults
[0.891s] Level 1:colcon.colcon_core.package_discovery:discover_packages(ignore) discover
[0.891s] Level 1:colcon.colcon_core.package_discovery:discover_packages(ignore) using defaults
[0.891s] Level 1:colcon.colcon_core.package_discovery:discover_packages(path) discover
[0.891s] Level 1:colcon.colcon_core.package_discovery:discover_packages(path) using defaults
[0.933s] INFO:colcon.colcon_core.executor:Executing jobs using 'parallel' executor
[0.936s] DEBUG:colcon.colcon_parallel_executor.executor.parallel:run_until_complete
[0.936s] DEBUG:colcon.colcon_parallel_executor.executor.parallel:closing loop
[0.936s] DEBUG:colcon.colcon_parallel_executor.executor.parallel:loop closed
[0.937s] DEBUG:colcon.colcon_parallel_executor.executor.parallel:run_until_complete finished with '0'
[0.937s] DEBUG:colcon.colcon_core.event_reactor:joining thread
[0.948s] INFO:colcon.colcon_core.plugin_system:Skipping extension 'colcon_notification.desktop_notification.terminal_notifier': Not used on non-Darwin systems
[0.948s] INFO:colcon.colcon_core.plugin_system:Skipping extension 'colcon_notification.desktop_notification.win32': Not used on non-Windows systems
[0.948s] INFO:colcon.colcon_notification.desktop_notification:Sending desktop notification using 'notify2'
[1.005s] DEBUG:colcon.colcon_core.event_reactor:joined thread
[1.013s] INFO:colcon.colcon_core.plugin_system:Skipping extension 'colcon_core.shell.bat': Not used on non-Windows systems
[1.014s] INFO:colcon.colcon_core.shell:Creating prefix script '/home/orin/test_ws/src/autorace_docker_humble_gazebro/install/local_setup.ps1'
[1.018s] INFO:colcon.colcon_core.shell:Creating prefix util module '/home/orin/test_ws/src/autorace_docker_humble_gazebro/install/_local_setup_util_ps1.py'
[1.024s] INFO:colcon.colcon_core.shell:Creating prefix chain script '/home/orin/test_ws/src/autorace_docker_humble_gazebro/install/setup.ps1'
[1.031s] INFO:colcon.colcon_core.shell:Creating prefix script '/home/orin/test_ws/src/autorace_docker_humble_gazebro/install/local_setup.sh'
[1.033s] INFO:colcon.colcon_core.shell:Creating prefix util module '/home/orin/test_ws/src/autorace_docker_humble_gazebro/install/_local_setup_util_sh.py'
[1.035s] INFO:colcon.colcon_core.shell:Creating prefix chain script '/home/orin/test_ws/src/autorace_docker_humble_gazebro/install/setup.sh'
[1.038s] INFO:colcon.colcon_core.shell:Creating prefix script '/home/orin/test_ws/src/autorace_docker_humble_gazebro/install/local_setup.bash'
[1.039s] INFO:colcon.colcon_core.shell:Creating prefix chain script '/home/orin/test_ws/src/autorace_docker_humble_gazebro/install/setup.bash'
[1.044s] INFO:colcon.colcon_core.shell:Creating prefix script '/home/orin/test_ws/src/autorace_docker_humble_gazebro/install/local_setup.zsh'
[1.048s] INFO:colcon.colcon_core.shell:Creating prefix chain script '/home/orin/test_ws/src/autorace_docker_humble_gazebro/install/setup.zsh'
