[0.213s] Invoking command in '/home/orin/test_ws/src/build/dynamixel_sdk_custom_interfaces': /usr/local/bin/cmake --build /home/orin/test_ws/src/build/dynamixel_sdk_custom_interfaces -- -j12 -l12
[2.938s] [  2%] Built target dynamixel_sdk_custom_interfaces__cpp
[2.939s] [ 12%] Built target dynamixel_sdk_custom_interfaces__rosidl_generator_c
[2.939s] [ 23%] Built target dynamixel_sdk_custom_interfaces__rosidl_typesupport_cpp
[2.939s] [ 33%] Built target dynamixel_sdk_custom_interfaces__rosidl_typesupport_introspection_cpp
[2.939s] [ 43%] Built target dynamixel_sdk_custom_interfaces__rosidl_typesupport_fastrtps_cpp
[2.939s] [ 53%] Built target dynamixel_sdk_custom_interfaces__rosidl_typesupport_introspection_c
[2.939s] [ 64%] Built target dynamixel_sdk_custom_interfaces__rosidl_typesupport_c
[2.939s] [ 74%] Built target dynamixel_sdk_custom_interfaces__rosidl_typesupport_fastrtps_c
[2.939s] [ 74%] Built target dynamixel_sdk_custom_interfaces
[2.940s] [ 76%] Built target dynamixel_sdk_custom_interfaces__py
[2.940s] [ 84%] Built target dynamixel_sdk_custom_interfaces__python
[2.940s] [ 89%] Built target dynamixel_sdk_custom_interfaces__rosidl_typesupport_c__pyext
[2.940s] [ 94%] Built target dynamixel_sdk_custom_interfaces__rosidl_typesupport_introspection_c__pyext
[2.940s] [100%] Built target dynamixel_sdk_custom_interfaces__rosidl_typesupport_fastrtps_c__pyext
[3.055s] Invoked command in '/home/orin/test_ws/src/build/dynamixel_sdk_custom_interfaces' returned '0': /usr/local/bin/cmake --build /home/orin/test_ws/src/build/dynamixel_sdk_custom_interfaces -- -j12 -l12
[3.060s] Invoking command in '/home/orin/test_ws/src/build/dynamixel_sdk_custom_interfaces': /usr/local/bin/cmake --install /home/orin/test_ws/src/build/dynamixel_sdk_custom_interfaces
[3.216s] -- Install configuration: ""
[3.216s] -- Up-to-date: /home/orin/test_ws/src/install/dynamixel_sdk_custom_interfaces/share/ament_index/resource_index/rosidl_interfaces/dynamixel_sdk_custom_interfaces
[3.216s] -- Up-to-date: /home/orin/test_ws/src/install/dynamixel_sdk_custom_interfaces/include/dynamixel_sdk_custom_interfaces
[3.217s] -- Up-to-date: /home/orin/test_ws/src/install/dynamixel_sdk_custom_interfaces/include/dynamixel_sdk_custom_interfaces/msg
[3.217s] -- Up-to-date: /home/orin/test_ws/src/install/dynamixel_sdk_custom_interfaces/include/dynamixel_sdk_custom_interfaces/msg/rosidl_generator_c__visibility_control.h
[3.217s] -- Up-to-date: /home/orin/test_ws/src/install/dynamixel_sdk_custom_interfaces/include/dynamixel_sdk_custom_interfaces/msg/detail
[3.217s] -- Up-to-date: /home/orin/test_ws/src/install/dynamixel_sdk_custom_interfaces/include/dynamixel_sdk_custom_interfaces/msg/detail/set_position__type_support.h
[3.217s] -- Up-to-date: /home/orin/test_ws/src/install/dynamixel_sdk_custom_interfaces/include/dynamixel_sdk_custom_interfaces/msg/detail/set_position__functions.h
[3.217s] -- Up-to-date: /home/orin/test_ws/src/install/dynamixel_sdk_custom_interfaces/include/dynamixel_sdk_custom_interfaces/msg/detail/set_position__struct.h
[3.217s] -- Up-to-date: /home/orin/test_ws/src/install/dynamixel_sdk_custom_interfaces/include/dynamixel_sdk_custom_interfaces/msg/detail/set_position__functions.c
[3.217s] -- Up-to-date: /home/orin/test_ws/src/install/dynamixel_sdk_custom_interfaces/include/dynamixel_sdk_custom_interfaces/msg/set_position.h
[3.218s] -- Up-to-date: /home/orin/test_ws/src/install/dynamixel_sdk_custom_interfaces/include/dynamixel_sdk_custom_interfaces/srv
[3.218s] -- Up-to-date: /home/orin/test_ws/src/install/dynamixel_sdk_custom_interfaces/include/dynamixel_sdk_custom_interfaces/srv/detail
[3.218s] -- Up-to-date: /home/orin/test_ws/src/install/dynamixel_sdk_custom_interfaces/include/dynamixel_sdk_custom_interfaces/srv/detail/get_position__functions.c
[3.218s] -- Up-to-date: /home/orin/test_ws/src/install/dynamixel_sdk_custom_interfaces/include/dynamixel_sdk_custom_interfaces/srv/detail/get_position__functions.h
[3.218s] -- Up-to-date: /home/orin/test_ws/src/install/dynamixel_sdk_custom_interfaces/include/dynamixel_sdk_custom_interfaces/srv/detail/get_position__type_support.h
[3.218s] -- Up-to-date: /home/orin/test_ws/src/install/dynamixel_sdk_custom_interfaces/include/dynamixel_sdk_custom_interfaces/srv/detail/get_position__struct.h
[3.218s] -- Up-to-date: /home/orin/test_ws/src/install/dynamixel_sdk_custom_interfaces/include/dynamixel_sdk_custom_interfaces/srv/get_position.h
[3.218s] -- Up-to-date: /home/orin/test_ws/src/install/dynamixel_sdk_custom_interfaces/share/dynamixel_sdk_custom_interfaces/environment/library_path.sh
[3.219s] -- Up-to-date: /home/orin/test_ws/src/install/dynamixel_sdk_custom_interfaces/share/dynamixel_sdk_custom_interfaces/environment/library_path.dsv
[3.219s] -- Up-to-date: /home/orin/test_ws/src/install/dynamixel_sdk_custom_interfaces/lib/libdynamixel_sdk_custom_interfaces__rosidl_generator_c.so
[3.219s] -- Up-to-date: /home/orin/test_ws/src/install/dynamixel_sdk_custom_interfaces/include/dynamixel_sdk_custom_interfaces
[3.219s] -- Up-to-date: /home/orin/test_ws/src/install/dynamixel_sdk_custom_interfaces/include/dynamixel_sdk_custom_interfaces/msg
[3.219s] -- Up-to-date: /home/orin/test_ws/src/install/dynamixel_sdk_custom_interfaces/include/dynamixel_sdk_custom_interfaces/msg/detail
[3.219s] -- Up-to-date: /home/orin/test_ws/src/install/dynamixel_sdk_custom_interfaces/include/dynamixel_sdk_custom_interfaces/msg/detail/set_position__rosidl_typesupport_fastrtps_c.h
[3.219s] -- Up-to-date: /home/orin/test_ws/src/install/dynamixel_sdk_custom_interfaces/include/dynamixel_sdk_custom_interfaces/msg/rosidl_typesupport_fastrtps_c__visibility_control.h
[3.220s] -- Up-to-date: /home/orin/test_ws/src/install/dynamixel_sdk_custom_interfaces/include/dynamixel_sdk_custom_interfaces/srv
[3.221s] -- Up-to-date: /home/orin/test_ws/src/install/dynamixel_sdk_custom_interfaces/include/dynamixel_sdk_custom_interfaces/srv/detail
[3.221s] -- Up-to-date: /home/orin/test_ws/src/install/dynamixel_sdk_custom_interfaces/include/dynamixel_sdk_custom_interfaces/srv/detail/get_position__rosidl_typesupport_fastrtps_c.h
[3.222s] -- Up-to-date: /home/orin/test_ws/src/install/dynamixel_sdk_custom_interfaces/lib/libdynamixel_sdk_custom_interfaces__rosidl_typesupport_fastrtps_c.so
[3.222s] -- Up-to-date: /home/orin/test_ws/src/install/dynamixel_sdk_custom_interfaces/include/dynamixel_sdk_custom_interfaces
[3.224s] -- Up-to-date: /home/orin/test_ws/src/install/dynamixel_sdk_custom_interfaces/include/dynamixel_sdk_custom_interfaces/msg
[3.225s] -- Up-to-date: /home/orin/test_ws/src/install/dynamixel_sdk_custom_interfaces/include/dynamixel_sdk_custom_interfaces/msg/detail
[3.226s] -- Up-to-date: /home/orin/test_ws/src/install/dynamixel_sdk_custom_interfaces/include/dynamixel_sdk_custom_interfaces/msg/detail/dds_fastrtps
[3.232s] -- Up-to-date: /home/orin/test_ws/src/install/dynamixel_sdk_custom_interfaces/include/dynamixel_sdk_custom_interfaces/msg/detail/set_position__rosidl_typesupport_fastrtps_cpp.hpp
[3.233s] -- Up-to-date: /home/orin/test_ws/src/install/dynamixel_sdk_custom_interfaces/include/dynamixel_sdk_custom_interfaces/msg/rosidl_typesupport_fastrtps_cpp__visibility_control.h
[3.234s] -- Up-to-date: /home/orin/test_ws/src/install/dynamixel_sdk_custom_interfaces/include/dynamixel_sdk_custom_interfaces/srv
[3.234s] -- Up-to-date: /home/orin/test_ws/src/install/dynamixel_sdk_custom_interfaces/include/dynamixel_sdk_custom_interfaces/srv/detail
[3.234s] -- Up-to-date: /home/orin/test_ws/src/install/dynamixel_sdk_custom_interfaces/include/dynamixel_sdk_custom_interfaces/srv/detail/get_position__rosidl_typesupport_fastrtps_cpp.hpp
[3.234s] -- Up-to-date: /home/orin/test_ws/src/install/dynamixel_sdk_custom_interfaces/include/dynamixel_sdk_custom_interfaces/srv/detail/dds_fastrtps
[3.234s] -- Up-to-date: /home/orin/test_ws/src/install/dynamixel_sdk_custom_interfaces/lib/libdynamixel_sdk_custom_interfaces__rosidl_typesupport_fastrtps_cpp.so
[3.234s] -- Up-to-date: /home/orin/test_ws/src/install/dynamixel_sdk_custom_interfaces/include/dynamixel_sdk_custom_interfaces
[3.234s] -- Up-to-date: /home/orin/test_ws/src/install/dynamixel_sdk_custom_interfaces/include/dynamixel_sdk_custom_interfaces/msg
[3.235s] -- Up-to-date: /home/orin/test_ws/src/install/dynamixel_sdk_custom_interfaces/include/dynamixel_sdk_custom_interfaces/msg/rosidl_typesupport_introspection_c__visibility_control.h
[3.235s] -- Up-to-date: /home/orin/test_ws/src/install/dynamixel_sdk_custom_interfaces/include/dynamixel_sdk_custom_interfaces/msg/detail
[3.235s] -- Up-to-date: /home/orin/test_ws/src/install/dynamixel_sdk_custom_interfaces/include/dynamixel_sdk_custom_interfaces/msg/detail/set_position__type_support.c
[3.235s] -- Up-to-date: /home/orin/test_ws/src/install/dynamixel_sdk_custom_interfaces/include/dynamixel_sdk_custom_interfaces/msg/detail/set_position__rosidl_typesupport_introspection_c.h
[3.235s] -- Up-to-date: /home/orin/test_ws/src/install/dynamixel_sdk_custom_interfaces/include/dynamixel_sdk_custom_interfaces/srv
[3.235s] -- Up-to-date: /home/orin/test_ws/src/install/dynamixel_sdk_custom_interfaces/include/dynamixel_sdk_custom_interfaces/srv/detail
[3.235s] -- Up-to-date: /home/orin/test_ws/src/install/dynamixel_sdk_custom_interfaces/include/dynamixel_sdk_custom_interfaces/srv/detail/get_position__rosidl_typesupport_introspection_c.h
[3.235s] -- Up-to-date: /home/orin/test_ws/src/install/dynamixel_sdk_custom_interfaces/include/dynamixel_sdk_custom_interfaces/srv/detail/get_position__type_support.c
[3.236s] -- Up-to-date: /home/orin/test_ws/src/install/dynamixel_sdk_custom_interfaces/lib/libdynamixel_sdk_custom_interfaces__rosidl_typesupport_introspection_c.so
[3.236s] -- Up-to-date: /home/orin/test_ws/src/install/dynamixel_sdk_custom_interfaces/lib/libdynamixel_sdk_custom_interfaces__rosidl_typesupport_c.so
[3.236s] -- Up-to-date: /home/orin/test_ws/src/install/dynamixel_sdk_custom_interfaces/include/dynamixel_sdk_custom_interfaces
[3.236s] -- Up-to-date: /home/orin/test_ws/src/install/dynamixel_sdk_custom_interfaces/include/dynamixel_sdk_custom_interfaces/msg
[3.237s] -- Up-to-date: /home/orin/test_ws/src/install/dynamixel_sdk_custom_interfaces/include/dynamixel_sdk_custom_interfaces/msg/set_position.hpp
[3.237s] -- Up-to-date: /home/orin/test_ws/src/install/dynamixel_sdk_custom_interfaces/include/dynamixel_sdk_custom_interfaces/msg/detail
[3.237s] -- Up-to-date: /home/orin/test_ws/src/install/dynamixel_sdk_custom_interfaces/include/dynamixel_sdk_custom_interfaces/msg/detail/set_position__type_support.hpp
[3.237s] -- Up-to-date: /home/orin/test_ws/src/install/dynamixel_sdk_custom_interfaces/include/dynamixel_sdk_custom_interfaces/msg/detail/set_position__traits.hpp
[3.238s] -- Up-to-date: /home/orin/test_ws/src/install/dynamixel_sdk_custom_interfaces/include/dynamixel_sdk_custom_interfaces/msg/detail/set_position__builder.hpp
[3.238s] -- Up-to-date: /home/orin/test_ws/src/install/dynamixel_sdk_custom_interfaces/include/dynamixel_sdk_custom_interfaces/msg/detail/set_position__struct.hpp
[3.238s] -- Up-to-date: /home/orin/test_ws/src/install/dynamixel_sdk_custom_interfaces/include/dynamixel_sdk_custom_interfaces/msg/rosidl_generator_cpp__visibility_control.hpp
[3.238s] -- Up-to-date: /home/orin/test_ws/src/install/dynamixel_sdk_custom_interfaces/include/dynamixel_sdk_custom_interfaces/srv
[3.239s] -- Up-to-date: /home/orin/test_ws/src/install/dynamixel_sdk_custom_interfaces/include/dynamixel_sdk_custom_interfaces/srv/detail
[3.239s] -- Up-to-date: /home/orin/test_ws/src/install/dynamixel_sdk_custom_interfaces/include/dynamixel_sdk_custom_interfaces/srv/detail/get_position__builder.hpp
[3.239s] -- Up-to-date: /home/orin/test_ws/src/install/dynamixel_sdk_custom_interfaces/include/dynamixel_sdk_custom_interfaces/srv/detail/get_position__type_support.hpp
[3.239s] -- Up-to-date: /home/orin/test_ws/src/install/dynamixel_sdk_custom_interfaces/include/dynamixel_sdk_custom_interfaces/srv/detail/get_position__traits.hpp
[3.240s] -- Up-to-date: /home/orin/test_ws/src/install/dynamixel_sdk_custom_interfaces/include/dynamixel_sdk_custom_interfaces/srv/detail/get_position__struct.hpp
[3.240s] -- Up-to-date: /home/orin/test_ws/src/install/dynamixel_sdk_custom_interfaces/include/dynamixel_sdk_custom_interfaces/srv/get_position.hpp
[3.240s] -- Up-to-date: /home/orin/test_ws/src/install/dynamixel_sdk_custom_interfaces/include/dynamixel_sdk_custom_interfaces
[3.240s] -- Up-to-date: /home/orin/test_ws/src/install/dynamixel_sdk_custom_interfaces/include/dynamixel_sdk_custom_interfaces/msg
[3.240s] -- Up-to-date: /home/orin/test_ws/src/install/dynamixel_sdk_custom_interfaces/include/dynamixel_sdk_custom_interfaces/msg/detail
[3.241s] -- Up-to-date: /home/orin/test_ws/src/install/dynamixel_sdk_custom_interfaces/include/dynamixel_sdk_custom_interfaces/msg/detail/set_position__type_support.cpp
[3.241s] -- Up-to-date: /home/orin/test_ws/src/install/dynamixel_sdk_custom_interfaces/include/dynamixel_sdk_custom_interfaces/msg/detail/set_position__rosidl_typesupport_introspection_cpp.hpp
[3.241s] -- Up-to-date: /home/orin/test_ws/src/install/dynamixel_sdk_custom_interfaces/include/dynamixel_sdk_custom_interfaces/srv
[3.241s] -- Up-to-date: /home/orin/test_ws/src/install/dynamixel_sdk_custom_interfaces/include/dynamixel_sdk_custom_interfaces/srv/detail
[3.241s] -- Up-to-date: /home/orin/test_ws/src/install/dynamixel_sdk_custom_interfaces/include/dynamixel_sdk_custom_interfaces/srv/detail/get_position__type_support.cpp
[3.242s] -- Up-to-date: /home/orin/test_ws/src/install/dynamixel_sdk_custom_interfaces/include/dynamixel_sdk_custom_interfaces/srv/detail/get_position__rosidl_typesupport_introspection_cpp.hpp
[3.245s] -- Up-to-date: /home/orin/test_ws/src/install/dynamixel_sdk_custom_interfaces/lib/libdynamixel_sdk_custom_interfaces__rosidl_typesupport_introspection_cpp.so
[3.246s] -- Up-to-date: /home/orin/test_ws/src/install/dynamixel_sdk_custom_interfaces/lib/libdynamixel_sdk_custom_interfaces__rosidl_typesupport_cpp.so
[3.248s] -- Up-to-date: /home/orin/test_ws/src/install/dynamixel_sdk_custom_interfaces/share/dynamixel_sdk_custom_interfaces/environment/pythonpath.sh
[3.249s] -- Up-to-date: /home/orin/test_ws/src/install/dynamixel_sdk_custom_interfaces/share/dynamixel_sdk_custom_interfaces/environment/pythonpath.dsv
[3.250s] -- Up-to-date: /home/orin/test_ws/src/install/dynamixel_sdk_custom_interfaces/lib/python3.8/site-packages/dynamixel_sdk_custom_interfaces/__init__.py
[3.277s] -- Up-to-date: /home/orin/test_ws/src/install/dynamixel_sdk_custom_interfaces/lib/python3.8/site-packages/dynamixel_sdk_custom_interfaces/msg
[3.277s] -- Up-to-date: /home/orin/test_ws/src/install/dynamixel_sdk_custom_interfaces/lib/python3.8/site-packages/dynamixel_sdk_custom_interfaces/msg/_set_position.py
[3.277s] -- Up-to-date: /home/orin/test_ws/src/install/dynamixel_sdk_custom_interfaces/lib/python3.8/site-packages/dynamixel_sdk_custom_interfaces/msg/_set_position_s.c
[3.277s] -- Up-to-date: /home/orin/test_ws/src/install/dynamixel_sdk_custom_interfaces/lib/python3.8/site-packages/dynamixel_sdk_custom_interfaces/msg/__init__.py
[3.277s] -- Up-to-date: /home/orin/test_ws/src/install/dynamixel_sdk_custom_interfaces/lib/python3.8/site-packages/dynamixel_sdk_custom_interfaces/srv
[3.278s] -- Up-to-date: /home/orin/test_ws/src/install/dynamixel_sdk_custom_interfaces/lib/python3.8/site-packages/dynamixel_sdk_custom_interfaces/srv/_get_position_s.c
[3.278s] -- Up-to-date: /home/orin/test_ws/src/install/dynamixel_sdk_custom_interfaces/lib/python3.8/site-packages/dynamixel_sdk_custom_interfaces/srv/__init__.py
[3.278s] -- Up-to-date: /home/orin/test_ws/src/install/dynamixel_sdk_custom_interfaces/lib/python3.8/site-packages/dynamixel_sdk_custom_interfaces/srv/_get_position.py
[3.278s] -- Up-to-date: /home/orin/test_ws/src/install/dynamixel_sdk_custom_interfaces/lib/python3.8/site-packages/dynamixel_sdk_custom_interfaces/dynamixel_sdk_custom_interfaces_s__rosidl_typesupport_fastrtps_c.cpython-38-aarch64-linux-gnu.so
[3.278s] -- Up-to-date: /home/orin/test_ws/src/install/dynamixel_sdk_custom_interfaces/lib/python3.8/site-packages/dynamixel_sdk_custom_interfaces/dynamixel_sdk_custom_interfaces_s__rosidl_typesupport_introspection_c.cpython-38-aarch64-linux-gnu.so
[3.278s] -- Up-to-date: /home/orin/test_ws/src/install/dynamixel_sdk_custom_interfaces/lib/python3.8/site-packages/dynamixel_sdk_custom_interfaces/dynamixel_sdk_custom_interfaces_s__rosidl_typesupport_c.cpython-38-aarch64-linux-gnu.so
[3.279s] -- Up-to-date: /home/orin/test_ws/src/install/dynamixel_sdk_custom_interfaces/lib/libdynamixel_sdk_custom_interfaces__python.so
[3.279s] -- Up-to-date: /home/orin/test_ws/src/install/dynamixel_sdk_custom_interfaces/share/dynamixel_sdk_custom_interfaces/msg/SetPosition.idl
[3.279s] -- Up-to-date: /home/orin/test_ws/src/install/dynamixel_sdk_custom_interfaces/share/dynamixel_sdk_custom_interfaces/srv/GetPosition.idl
[3.280s] -- Up-to-date: /home/orin/test_ws/src/install/dynamixel_sdk_custom_interfaces/share/dynamixel_sdk_custom_interfaces/msg/SetPosition.msg
[3.280s] -- Up-to-date: /home/orin/test_ws/src/install/dynamixel_sdk_custom_interfaces/share/dynamixel_sdk_custom_interfaces/srv/GetPosition.srv
[3.280s] -- Up-to-date: /home/orin/test_ws/src/install/dynamixel_sdk_custom_interfaces/share/dynamixel_sdk_custom_interfaces/srv/GetPosition_Request.msg
[3.280s] -- Up-to-date: /home/orin/test_ws/src/install/dynamixel_sdk_custom_interfaces/share/dynamixel_sdk_custom_interfaces/srv/GetPosition_Response.msg
[3.280s] -- Up-to-date: /home/orin/test_ws/src/install/dynamixel_sdk_custom_interfaces/share/ament_index/resource_index/package_run_dependencies/dynamixel_sdk_custom_interfaces
[3.281s] -- Up-to-date: /home/orin/test_ws/src/install/dynamixel_sdk_custom_interfaces/share/ament_index/resource_index/parent_prefix_path/dynamixel_sdk_custom_interfaces
[3.281s] -- Up-to-date: /home/orin/test_ws/src/install/dynamixel_sdk_custom_interfaces/share/dynamixel_sdk_custom_interfaces/environment/ament_prefix_path.sh
[3.282s] -- Up-to-date: /home/orin/test_ws/src/install/dynamixel_sdk_custom_interfaces/share/dynamixel_sdk_custom_interfaces/environment/ament_prefix_path.dsv
[3.283s] -- Up-to-date: /home/orin/test_ws/src/install/dynamixel_sdk_custom_interfaces/share/dynamixel_sdk_custom_interfaces/environment/path.sh
[3.283s] -- Up-to-date: /home/orin/test_ws/src/install/dynamixel_sdk_custom_interfaces/share/dynamixel_sdk_custom_interfaces/environment/path.dsv
[3.284s] -- Up-to-date: /home/orin/test_ws/src/install/dynamixel_sdk_custom_interfaces/share/dynamixel_sdk_custom_interfaces/local_setup.bash
[3.285s] -- Up-to-date: /home/orin/test_ws/src/install/dynamixel_sdk_custom_interfaces/share/dynamixel_sdk_custom_interfaces/local_setup.sh
[3.286s] -- Up-to-date: /home/orin/test_ws/src/install/dynamixel_sdk_custom_interfaces/share/dynamixel_sdk_custom_interfaces/local_setup.zsh
[3.287s] -- Up-to-date: /home/orin/test_ws/src/install/dynamixel_sdk_custom_interfaces/share/dynamixel_sdk_custom_interfaces/local_setup.dsv
[3.290s] -- Installing: /home/orin/test_ws/src/install/dynamixel_sdk_custom_interfaces/share/dynamixel_sdk_custom_interfaces/package.dsv
[3.293s] -- Up-to-date: /home/orin/test_ws/src/install/dynamixel_sdk_custom_interfaces/share/ament_index/resource_index/packages/dynamixel_sdk_custom_interfaces
[3.296s] -- Up-to-date: /home/orin/test_ws/src/install/dynamixel_sdk_custom_interfaces/share/dynamixel_sdk_custom_interfaces/cmake/dynamixel_sdk_custom_interfaces__rosidl_generator_cExport.cmake
[3.296s] -- Up-to-date: /home/orin/test_ws/src/install/dynamixel_sdk_custom_interfaces/share/dynamixel_sdk_custom_interfaces/cmake/dynamixel_sdk_custom_interfaces__rosidl_generator_cExport-noconfig.cmake
[3.303s] -- Up-to-date: /home/orin/test_ws/src/install/dynamixel_sdk_custom_interfaces/share/dynamixel_sdk_custom_interfaces/cmake/dynamixel_sdk_custom_interfaces__rosidl_typesupport_introspection_cExport.cmake
[3.305s] -- Up-to-date: /home/orin/test_ws/src/install/dynamixel_sdk_custom_interfaces/share/dynamixel_sdk_custom_interfaces/cmake/dynamixel_sdk_custom_interfaces__rosidl_typesupport_introspection_cExport-noconfig.cmake
[3.305s] -- Up-to-date: /home/orin/test_ws/src/install/dynamixel_sdk_custom_interfaces/share/dynamixel_sdk_custom_interfaces/cmake/dynamixel_sdk_custom_interfaces__rosidl_typesupport_cExport.cmake
[3.305s] -- Up-to-date: /home/orin/test_ws/src/install/dynamixel_sdk_custom_interfaces/share/dynamixel_sdk_custom_interfaces/cmake/dynamixel_sdk_custom_interfaces__rosidl_typesupport_cExport-noconfig.cmake
[3.306s] -- Up-to-date: /home/orin/test_ws/src/install/dynamixel_sdk_custom_interfaces/share/dynamixel_sdk_custom_interfaces/cmake/dynamixel_sdk_custom_interfaces__rosidl_generator_cppExport.cmake
[3.311s] -- Up-to-date: /home/orin/test_ws/src/install/dynamixel_sdk_custom_interfaces/share/dynamixel_sdk_custom_interfaces/cmake/dynamixel_sdk_custom_interfaces__rosidl_typesupport_introspection_cppExport.cmake
[3.311s] -- Up-to-date: /home/orin/test_ws/src/install/dynamixel_sdk_custom_interfaces/share/dynamixel_sdk_custom_interfaces/cmake/dynamixel_sdk_custom_interfaces__rosidl_typesupport_introspection_cppExport-noconfig.cmake
[3.312s] -- Up-to-date: /home/orin/test_ws/src/install/dynamixel_sdk_custom_interfaces/share/dynamixel_sdk_custom_interfaces/cmake/dynamixel_sdk_custom_interfaces__rosidl_typesupport_cppExport.cmake
[3.312s] -- Up-to-date: /home/orin/test_ws/src/install/dynamixel_sdk_custom_interfaces/share/dynamixel_sdk_custom_interfaces/cmake/dynamixel_sdk_custom_interfaces__rosidl_typesupport_cppExport-noconfig.cmake
[3.312s] -- Up-to-date: /home/orin/test_ws/src/install/dynamixel_sdk_custom_interfaces/share/dynamixel_sdk_custom_interfaces/cmake/rosidl_cmake-extras.cmake
[3.312s] -- Up-to-date: /home/orin/test_ws/src/install/dynamixel_sdk_custom_interfaces/share/dynamixel_sdk_custom_interfaces/cmake/ament_cmake_export_dependencies-extras.cmake
[3.314s] -- Up-to-date: /home/orin/test_ws/src/install/dynamixel_sdk_custom_interfaces/share/dynamixel_sdk_custom_interfaces/cmake/ament_cmake_export_libraries-extras.cmake
[3.314s] -- Up-to-date: /home/orin/test_ws/src/install/dynamixel_sdk_custom_interfaces/share/dynamixel_sdk_custom_interfaces/cmake/ament_cmake_export_targets-extras.cmake
[3.315s] -- Up-to-date: /home/orin/test_ws/src/install/dynamixel_sdk_custom_interfaces/share/dynamixel_sdk_custom_interfaces/cmake/ament_cmake_export_include_directories-extras.cmake
[3.315s] -- Up-to-date: /home/orin/test_ws/src/install/dynamixel_sdk_custom_interfaces/share/dynamixel_sdk_custom_interfaces/cmake/rosidl_cmake_export_typesupport_libraries-extras.cmake
[3.315s] -- Up-to-date: /home/orin/test_ws/src/install/dynamixel_sdk_custom_interfaces/share/dynamixel_sdk_custom_interfaces/cmake/rosidl_cmake_export_typesupport_targets-extras.cmake
[3.317s] -- Up-to-date: /home/orin/test_ws/src/install/dynamixel_sdk_custom_interfaces/share/dynamixel_sdk_custom_interfaces/cmake/dynamixel_sdk_custom_interfacesConfig.cmake
[3.318s] -- Up-to-date: /home/orin/test_ws/src/install/dynamixel_sdk_custom_interfaces/share/dynamixel_sdk_custom_interfaces/cmake/dynamixel_sdk_custom_interfacesConfig-version.cmake
[3.318s] -- Up-to-date: /home/orin/test_ws/src/install/dynamixel_sdk_custom_interfaces/share/dynamixel_sdk_custom_interfaces/package.xml
[3.503s] Invoked command in '/home/orin/test_ws/src/build/dynamixel_sdk_custom_interfaces' returned '0': /usr/local/bin/cmake --install /home/orin/test_ws/src/build/dynamixel_sdk_custom_interfaces
