[5.414s] Invoking command in '/home/orin/test_ws/src/core': PYTHONPATH=/home/orin/test_ws/src/build/core/prefix_override:/usr/lib/python3/dist-packages/colcon_core/task/python/colcon_distutils_commands:/home/orin/test_ws/src/install/core/lib/python3.8/site-packages:${PYTHONPATH} /usr/bin/python3 -W ignore:setup.py install is deprecated -W ignore:easy_install command is deprecated setup.py egg_info --egg-base ../build/core build --build-base /home/orin/test_ws/src/build/core/build install --record /home/orin/test_ws/src/build/core/install.log --single-version-externally-managed install_data
[5.948s] running egg_info
[5.952s] writing ../build/core/core.egg-info/PKG-INFO
[5.952s] writing dependency_links to ../build/core/core.egg-info/dependency_links.txt
[5.953s] writing entry points to ../build/core/core.egg-info/entry_points.txt
[5.953s] writing requirements to ../build/core/core.egg-info/requires.txt
[5.953s] writing top-level names to ../build/core/core.egg-info/top_level.txt
[6.029s] reading manifest file '../build/core/core.egg-info/SOURCES.txt'
[6.031s] writing manifest file '../build/core/core.egg-info/SOURCES.txt'
[6.031s] running build
[6.031s] running build_py
[6.032s] running install
[6.034s] running install_lib
[6.037s] running install_data
[6.037s] running install_egg_info
[6.042s] removing '/home/orin/test_ws/src/install/core/lib/python3.8/site-packages/core-0.0.0-py3.8.egg-info' (and everything under it)
[6.043s] Copying ../build/core/core.egg-info to /home/orin/test_ws/src/install/core/lib/python3.8/site-packages/core-0.0.0-py3.8.egg-info
[6.045s] running install_scripts
[6.093s] Installing core script to /home/orin/test_ws/src/install/core/lib/core
[6.093s] Installing navigation2 script to /home/orin/test_ws/src/install/core/lib/core
[6.094s] writing list of installed files to '/home/orin/test_ws/src/build/core/install.log'
[6.203s] Invoked command in '/home/orin/test_ws/src/core' returned '0': PYTHONPATH=/home/orin/test_ws/src/build/core/prefix_override:/usr/lib/python3/dist-packages/colcon_core/task/python/colcon_distutils_commands:/home/orin/test_ws/src/install/core/lib/python3.8/site-packages:${PYTHONPATH} /usr/bin/python3 -W ignore:setup.py install is deprecated -W ignore:easy_install command is deprecated setup.py egg_info --egg-base ../build/core build --build-base /home/orin/test_ws/src/build/core/build install --record /home/orin/test_ws/src/build/core/install.log --single-version-externally-managed install_data
