[0.192s] Invoking command in '/home/orin/test_ws/src/build/turtlebot3_cartographer': CMAKE_PREFIX_PATH=/opt/ros/foxy /usr/local/bin/cmake --build /home/orin/test_ws/src/build/turtlebot3_cartographer -- -j12 -l12
[3.127s] Invoked command in '/home/orin/test_ws/src/build/turtlebot3_cartographer' returned '0': CMAKE_PREFIX_PATH=/opt/ros/foxy /usr/local/bin/cmake --build /home/orin/test_ws/src/build/turtlebot3_cartographer -- -j12 -l12
[3.132s] Invoking command in '/home/orin/test_ws/src/build/turtlebot3_cartographer': CMAKE_PREFIX_PATH=/opt/ros/foxy /usr/local/bin/cmake --install /home/orin/test_ws/src/build/turtlebot3_cartographer
[3.357s] -- Install configuration: ""
[3.358s] -- Up-to-date: /home/orin/test_ws/src/install/turtlebot3_cartographer/share/turtlebot3_cartographer/config
[3.358s] -- Up-to-date: /home/orin/test_ws/src/install/turtlebot3_cartographer/share/turtlebot3_cartographer/config/turtlebot3_lds_2d.lua
[3.359s] -- Up-to-date: /home/orin/test_ws/src/install/turtlebot3_cartographer/share/turtlebot3_cartographer/launch
[3.359s] -- Up-to-date: /home/orin/test_ws/src/install/turtlebot3_cartographer/share/turtlebot3_cartographer/launch/cartographer.launch.py
[3.360s] -- Up-to-date: /home/orin/test_ws/src/install/turtlebot3_cartographer/share/turtlebot3_cartographer/launch/occupancy_grid.launch.py
[3.361s] -- Up-to-date: /home/orin/test_ws/src/install/turtlebot3_cartographer/share/turtlebot3_cartographer/rviz
[3.362s] -- Up-to-date: /home/orin/test_ws/src/install/turtlebot3_cartographer/share/turtlebot3_cartographer/rviz/tb3_cartographer.rviz
[3.364s] -- Up-to-date: /home/orin/test_ws/src/install/turtlebot3_cartographer/share/ament_index/resource_index/package_run_dependencies/turtlebot3_cartographer
[3.364s] -- Up-to-date: /home/orin/test_ws/src/install/turtlebot3_cartographer/share/ament_index/resource_index/parent_prefix_path/turtlebot3_cartographer
[3.365s] -- Up-to-date: /home/orin/test_ws/src/install/turtlebot3_cartographer/share/turtlebot3_cartographer/environment/ament_prefix_path.sh
[3.365s] -- Up-to-date: /home/orin/test_ws/src/install/turtlebot3_cartographer/share/turtlebot3_cartographer/environment/ament_prefix_path.dsv
[3.365s] -- Up-to-date: /home/orin/test_ws/src/install/turtlebot3_cartographer/share/turtlebot3_cartographer/environment/path.sh
[3.366s] -- Up-to-date: /home/orin/test_ws/src/install/turtlebot3_cartographer/share/turtlebot3_cartographer/environment/path.dsv
[3.366s] -- Up-to-date: /home/orin/test_ws/src/install/turtlebot3_cartographer/share/turtlebot3_cartographer/local_setup.bash
[3.366s] -- Up-to-date: /home/orin/test_ws/src/install/turtlebot3_cartographer/share/turtlebot3_cartographer/local_setup.sh
[3.367s] -- Up-to-date: /home/orin/test_ws/src/install/turtlebot3_cartographer/share/turtlebot3_cartographer/local_setup.zsh
[3.367s] -- Up-to-date: /home/orin/test_ws/src/install/turtlebot3_cartographer/share/turtlebot3_cartographer/local_setup.dsv
[3.367s] -- Installing: /home/orin/test_ws/src/install/turtlebot3_cartographer/share/turtlebot3_cartographer/package.dsv
[3.367s] -- Up-to-date: /home/orin/test_ws/src/install/turtlebot3_cartographer/share/ament_index/resource_index/packages/turtlebot3_cartographer
[3.367s] -- Up-to-date: /home/orin/test_ws/src/install/turtlebot3_cartographer/share/turtlebot3_cartographer/cmake/turtlebot3_cartographerConfig.cmake
[3.368s] -- Up-to-date: /home/orin/test_ws/src/install/turtlebot3_cartographer/share/turtlebot3_cartographer/cmake/turtlebot3_cartographerConfig-version.cmake
[3.368s] -- Up-to-date: /home/orin/test_ws/src/install/turtlebot3_cartographer/share/turtlebot3_cartographer/package.xml
[3.478s] Invoked command in '/home/orin/test_ws/src/build/turtlebot3_cartographer' returned '0': CMAKE_PREFIX_PATH=/opt/ros/foxy /usr/local/bin/cmake --install /home/orin/test_ws/src/build/turtlebot3_cartographer
