[2.903s] Invoking command in '/home/orin/test_ws/src/turtlebot3/turtlebot3_example': AMENT_PREFIX_PATH=/home/orin/test_ws/src/install/turtlebot3_msgs CMAKE_PREFIX_PATH=/home/orin/test_ws/src/install/turtlebot3_msgs LD_LIBRARY_PATH=/home/orin/test_ws/src/install/turtlebot3_msgs/lib:/usr/local/cuda/lib64:/usr/local/cuda/lib64 PYTHONPATH=/home/orin/test_ws/src/build/turtlebot3_example/prefix_override:/usr/lib/python3/dist-packages/colcon_core/task/python/colcon_distutils_commands:/home/orin/test_ws/src/install/turtlebot3_example/lib/python3.8/site-packages:/home/orin/test_ws/src/install/turtlebot3_msgs/lib/python3.8/site-packages /usr/bin/python3 -W ignore:setup.py install is deprecated -W ignore:easy_install command is deprecated setup.py egg_info --egg-base ../../build/turtlebot3_example build --build-base /home/orin/test_ws/src/build/turtlebot3_example/build install --record /home/orin/test_ws/src/build/turtlebot3_example/install.log --single-version-externally-managed install_data
[3.373s] running egg_info
[3.374s] writing ../../build/turtlebot3_example/turtlebot3_example.egg-info/PKG-INFO
[3.375s] writing dependency_links to ../../build/turtlebot3_example/turtlebot3_example.egg-info/dependency_links.txt
[3.376s] writing entry points to ../../build/turtlebot3_example/turtlebot3_example.egg-info/entry_points.txt
[3.376s] writing requirements to ../../build/turtlebot3_example/turtlebot3_example.egg-info/requires.txt
[3.377s] writing top-level names to ../../build/turtlebot3_example/turtlebot3_example.egg-info/top_level.txt
[3.450s] reading manifest file '../../build/turtlebot3_example/turtlebot3_example.egg-info/SOURCES.txt'
[3.451s] writing manifest file '../../build/turtlebot3_example/turtlebot3_example.egg-info/SOURCES.txt'
[3.451s] running build
[3.451s] running build_py
[3.455s] running install
[3.457s] running install_lib
[3.464s] running install_data
[3.465s] running install_egg_info
[3.469s] removing '/home/orin/test_ws/src/install/turtlebot3_example/lib/python3.8/site-packages/turtlebot3_example-2.1.5-py3.8.egg-info' (and everything under it)
[3.470s] Copying ../../build/turtlebot3_example/turtlebot3_example.egg-info to /home/orin/test_ws/src/install/turtlebot3_example/lib/python3.8/site-packages/turtlebot3_example-2.1.5-py3.8.egg-info
[3.473s] running install_scripts
[3.515s] Installing turtlebot3_obstacle_detection script to /home/orin/test_ws/src/install/turtlebot3_example/lib/turtlebot3_example
[3.515s] Installing turtlebot3_patrol_client script to /home/orin/test_ws/src/install/turtlebot3_example/lib/turtlebot3_example
[3.515s] Installing turtlebot3_patrol_server script to /home/orin/test_ws/src/install/turtlebot3_example/lib/turtlebot3_example
[3.516s] Installing turtlebot3_position_control script to /home/orin/test_ws/src/install/turtlebot3_example/lib/turtlebot3_example
[3.517s] writing list of installed files to '/home/orin/test_ws/src/build/turtlebot3_example/install.log'
[3.597s] Invoked command in '/home/orin/test_ws/src/turtlebot3/turtlebot3_example' returned '0': AMENT_PREFIX_PATH=/home/orin/test_ws/src/install/turtlebot3_msgs CMAKE_PREFIX_PATH=/home/orin/test_ws/src/install/turtlebot3_msgs LD_LIBRARY_PATH=/home/orin/test_ws/src/install/turtlebot3_msgs/lib:/usr/local/cuda/lib64:/usr/local/cuda/lib64 PYTHONPATH=/home/orin/test_ws/src/build/turtlebot3_example/prefix_override:/usr/lib/python3/dist-packages/colcon_core/task/python/colcon_distutils_commands:/home/orin/test_ws/src/install/turtlebot3_example/lib/python3.8/site-packages:/home/orin/test_ws/src/install/turtlebot3_msgs/lib/python3.8/site-packages /usr/bin/python3 -W ignore:setup.py install is deprecated -W ignore:easy_install command is deprecated setup.py egg_info --egg-base ../../build/turtlebot3_example build --build-base /home/orin/test_ws/src/build/turtlebot3_example/build install --record /home/orin/test_ws/src/build/turtlebot3_example/install.log --single-version-externally-managed install_data
