[0.213s] Invoking command in '/home/orin/test_ws/src/build/dynamixel_sdk': /usr/local/bin/cmake --build /home/orin/test_ws/src/build/dynamixel_sdk -- -j12 -l12
[2.966s] [100%] Built target dynamixel_sdk
[2.988s] Invoked command in '/home/orin/test_ws/src/build/dynamixel_sdk' returned '0': /usr/local/bin/cmake --build /home/orin/test_ws/src/build/dynamixel_sdk -- -j12 -l12
[3.068s] Invoking command in '/home/orin/test_ws/src/build/dynamixel_sdk': /usr/local/bin/cmake --install /home/orin/test_ws/src/build/dynamixel_sdk
[3.153s] -- Install configuration: ""
[3.153s] -- Up-to-date: /home/orin/test_ws/src/install/dynamixel_sdk/include/
[3.154s] -- Up-to-date: /home/orin/test_ws/src/install/dynamixel_sdk/include//dynamixel_sdk
[3.156s] -- Up-to-date: /home/orin/test_ws/src/install/dynamixel_sdk/include//dynamixel_sdk/group_sync_write.h
[3.157s] -- Up-to-date: /home/orin/test_ws/src/install/dynamixel_sdk/include//dynamixel_sdk/port_handler_windows.h
[3.157s] -- Up-to-date: /home/orin/test_ws/src/install/dynamixel_sdk/include//dynamixel_sdk/protocol2_packet_handler.h
[3.160s] -- Up-to-date: /home/orin/test_ws/src/install/dynamixel_sdk/include//dynamixel_sdk/dynamixel_sdk.h
[3.164s] -- Up-to-date: /home/orin/test_ws/src/install/dynamixel_sdk/include//dynamixel_sdk/port_handler.h
[3.165s] -- Up-to-date: /home/orin/test_ws/src/install/dynamixel_sdk/include//dynamixel_sdk/port_handler_linux.h
[3.166s] -- Up-to-date: /home/orin/test_ws/src/install/dynamixel_sdk/include//dynamixel_sdk/port_handler_mac.h
[3.166s] -- Up-to-date: /home/orin/test_ws/src/install/dynamixel_sdk/include//dynamixel_sdk/protocol1_packet_handler.h
[3.166s] -- Up-to-date: /home/orin/test_ws/src/install/dynamixel_sdk/include//dynamixel_sdk/group_bulk_read.h
[3.166s] -- Up-to-date: /home/orin/test_ws/src/install/dynamixel_sdk/include//dynamixel_sdk/port_handler_arduino.h
[3.167s] -- Up-to-date: /home/orin/test_ws/src/install/dynamixel_sdk/include//dynamixel_sdk/group_bulk_write.h
[3.167s] -- Up-to-date: /home/orin/test_ws/src/install/dynamixel_sdk/include//dynamixel_sdk/group_sync_read.h
[3.168s] -- Up-to-date: /home/orin/test_ws/src/install/dynamixel_sdk/include//dynamixel_sdk/packet_handler.h
[3.184s] -- Up-to-date: /home/orin/test_ws/src/install/dynamixel_sdk/lib/libdynamixel_sdk.so
[3.186s] -- Up-to-date: /home/orin/test_ws/src/install/dynamixel_sdk/share/dynamixel_sdk/environment/library_path.sh
[3.191s] -- Up-to-date: /home/orin/test_ws/src/install/dynamixel_sdk/share/dynamixel_sdk/environment/library_path.dsv
[3.197s] -- Up-to-date: /home/orin/test_ws/src/install/dynamixel_sdk/share/ament_index/resource_index/package_run_dependencies/dynamixel_sdk
[3.201s] -- Up-to-date: /home/orin/test_ws/src/install/dynamixel_sdk/share/ament_index/resource_index/parent_prefix_path/dynamixel_sdk
[3.201s] -- Up-to-date: /home/orin/test_ws/src/install/dynamixel_sdk/share/dynamixel_sdk/environment/ament_prefix_path.sh
[3.201s] -- Up-to-date: /home/orin/test_ws/src/install/dynamixel_sdk/share/dynamixel_sdk/environment/ament_prefix_path.dsv
[3.201s] -- Up-to-date: /home/orin/test_ws/src/install/dynamixel_sdk/share/dynamixel_sdk/environment/path.sh
[3.201s] -- Up-to-date: /home/orin/test_ws/src/install/dynamixel_sdk/share/dynamixel_sdk/environment/path.dsv
[3.202s] -- Up-to-date: /home/orin/test_ws/src/install/dynamixel_sdk/share/dynamixel_sdk/local_setup.bash
[3.203s] -- Up-to-date: /home/orin/test_ws/src/install/dynamixel_sdk/share/dynamixel_sdk/local_setup.sh
[3.203s] -- Up-to-date: /home/orin/test_ws/src/install/dynamixel_sdk/share/dynamixel_sdk/local_setup.zsh
[3.205s] -- Up-to-date: /home/orin/test_ws/src/install/dynamixel_sdk/share/dynamixel_sdk/local_setup.dsv
[3.206s] -- Installing: /home/orin/test_ws/src/install/dynamixel_sdk/share/dynamixel_sdk/package.dsv
[3.207s] -- Up-to-date: /home/orin/test_ws/src/install/dynamixel_sdk/share/ament_index/resource_index/packages/dynamixel_sdk
[3.237s] -- Up-to-date: /home/orin/test_ws/src/install/dynamixel_sdk/share/dynamixel_sdk/cmake/ament_cmake_export_include_directories-extras.cmake
[3.237s] -- Up-to-date: /home/orin/test_ws/src/install/dynamixel_sdk/share/dynamixel_sdk/cmake/ament_cmake_export_libraries-extras.cmake
[3.237s] -- Up-to-date: /home/orin/test_ws/src/install/dynamixel_sdk/share/dynamixel_sdk/cmake/dynamixel_sdkConfig.cmake
[3.237s] -- Up-to-date: /home/orin/test_ws/src/install/dynamixel_sdk/share/dynamixel_sdk/cmake/dynamixel_sdkConfig-version.cmake
[3.237s] -- Up-to-date: /home/orin/test_ws/src/install/dynamixel_sdk/share/dynamixel_sdk/package.xml
[3.309s] Invoked command in '/home/orin/test_ws/src/build/dynamixel_sdk' returned '0': /usr/local/bin/cmake --install /home/orin/test_ws/src/build/dynamixel_sdk
