[0.197s] Invoking command in '/home/orin/test_ws/src/build/turtlebot3_description': CMAKE_PREFIX_PATH=/opt/ros/foxy /usr/local/bin/cmake --build /home/orin/test_ws/src/build/turtlebot3_description -- -j12 -l12
[3.133s] Invoked command in '/home/orin/test_ws/src/build/turtlebot3_description' returned '0': CMAKE_PREFIX_PATH=/opt/ros/foxy /usr/local/bin/cmake --build /home/orin/test_ws/src/build/turtlebot3_description -- -j12 -l12
[3.139s] Invoking command in '/home/orin/test_ws/src/build/turtlebot3_description': CMAKE_PREFIX_PATH=/opt/ros/foxy /usr/local/bin/cmake --install /home/orin/test_ws/src/build/turtlebot3_description
[3.318s] -- Install configuration: ""
[3.319s] -- Up-to-date: /home/orin/test_ws/src/install/turtlebot3_description/share/turtlebot3_description/meshes
[3.319s] -- Up-to-date: /home/orin/test_ws/src/install/turtlebot3_description/share/turtlebot3_description/meshes/wheels
[3.320s] -- Up-to-date: /home/orin/test_ws/src/install/turtlebot3_description/share/turtlebot3_description/meshes/wheels/left_tire.stl
[3.321s] -- Up-to-date: /home/orin/test_ws/src/install/turtlebot3_description/share/turtlebot3_description/meshes/wheels/right_tire.stl
[3.321s] -- Up-to-date: /home/orin/test_ws/src/install/turtlebot3_description/share/turtlebot3_description/meshes/bases
[3.322s] -- Up-to-date: /home/orin/test_ws/src/install/turtlebot3_description/share/turtlebot3_description/meshes/bases/waffle_pi_base.stl
[3.324s] -- Up-to-date: /home/orin/test_ws/src/install/turtlebot3_description/share/turtlebot3_description/meshes/bases/burger_base.stl
[3.324s] -- Up-to-date: /home/orin/test_ws/src/install/turtlebot3_description/share/turtlebot3_description/meshes/bases/waffle_base.stl
[3.324s] -- Up-to-date: /home/orin/test_ws/src/install/turtlebot3_description/share/turtlebot3_description/meshes/sensors
[3.324s] -- Up-to-date: /home/orin/test_ws/src/install/turtlebot3_description/share/turtlebot3_description/meshes/sensors/astra.jpg
[3.325s] -- Up-to-date: /home/orin/test_ws/src/install/turtlebot3_description/share/turtlebot3_description/meshes/sensors/lds.stl
[3.326s] -- Up-to-date: /home/orin/test_ws/src/install/turtlebot3_description/share/turtlebot3_description/meshes/sensors/astra.dae
[3.327s] -- Up-to-date: /home/orin/test_ws/src/install/turtlebot3_description/share/turtlebot3_description/meshes/sensors/r200.jpg
[3.328s] -- Up-to-date: /home/orin/test_ws/src/install/turtlebot3_description/share/turtlebot3_description/meshes/sensors/r200.dae
[3.328s] -- Up-to-date: /home/orin/test_ws/src/install/turtlebot3_description/share/turtlebot3_description/rviz
[3.328s] -- Up-to-date: /home/orin/test_ws/src/install/turtlebot3_description/share/turtlebot3_description/rviz/model.rviz
[3.329s] -- Up-to-date: /home/orin/test_ws/src/install/turtlebot3_description/share/turtlebot3_description/urdf
[3.329s] -- Up-to-date: /home/orin/test_ws/src/install/turtlebot3_description/share/turtlebot3_description/urdf/turtlebot3_waffle.urdf
[3.330s] -- Up-to-date: /home/orin/test_ws/src/install/turtlebot3_description/share/turtlebot3_description/urdf/turtlebot3_burger.urdf
[3.330s] -- Up-to-date: /home/orin/test_ws/src/install/turtlebot3_description/share/turtlebot3_description/urdf/turtlebot3_waffle_pi.urdf
[3.331s] -- Up-to-date: /home/orin/test_ws/src/install/turtlebot3_description/share/turtlebot3_description/urdf/common_properties.urdf
[3.332s] -- Up-to-date: /home/orin/test_ws/src/install/turtlebot3_description/share/ament_index/resource_index/package_run_dependencies/turtlebot3_description
[3.332s] -- Up-to-date: /home/orin/test_ws/src/install/turtlebot3_description/share/ament_index/resource_index/parent_prefix_path/turtlebot3_description
[3.332s] -- Up-to-date: /home/orin/test_ws/src/install/turtlebot3_description/share/turtlebot3_description/environment/ament_prefix_path.sh
[3.333s] -- Up-to-date: /home/orin/test_ws/src/install/turtlebot3_description/share/turtlebot3_description/environment/ament_prefix_path.dsv
[3.333s] -- Up-to-date: /home/orin/test_ws/src/install/turtlebot3_description/share/turtlebot3_description/environment/path.sh
[3.333s] -- Up-to-date: /home/orin/test_ws/src/install/turtlebot3_description/share/turtlebot3_description/environment/path.dsv
[3.333s] -- Up-to-date: /home/orin/test_ws/src/install/turtlebot3_description/share/turtlebot3_description/local_setup.bash
[3.334s] -- Up-to-date: /home/orin/test_ws/src/install/turtlebot3_description/share/turtlebot3_description/local_setup.sh
[3.340s] -- Up-to-date: /home/orin/test_ws/src/install/turtlebot3_description/share/turtlebot3_description/local_setup.zsh
[3.340s] -- Up-to-date: /home/orin/test_ws/src/install/turtlebot3_description/share/turtlebot3_description/local_setup.dsv
[3.340s] -- Installing: /home/orin/test_ws/src/install/turtlebot3_description/share/turtlebot3_description/package.dsv
[3.341s] -- Up-to-date: /home/orin/test_ws/src/install/turtlebot3_description/share/ament_index/resource_index/packages/turtlebot3_description
[3.342s] -- Up-to-date: /home/orin/test_ws/src/install/turtlebot3_description/share/turtlebot3_description/cmake/turtlebot3_descriptionConfig.cmake
[3.343s] -- Up-to-date: /home/orin/test_ws/src/install/turtlebot3_description/share/turtlebot3_description/cmake/turtlebot3_descriptionConfig-version.cmake
[3.344s] -- Up-to-date: /home/orin/test_ws/src/install/turtlebot3_description/share/turtlebot3_description/package.xml
[3.504s] Invoked command in '/home/orin/test_ws/src/build/turtlebot3_description' returned '0': CMAKE_PREFIX_PATH=/opt/ros/foxy /usr/local/bin/cmake --install /home/orin/test_ws/src/build/turtlebot3_description
