-- The C compiler identification is GNU 9.4.0
-- The CXX compiler identification is GNU 9.4.0
-- Detecting C compiler ABI info
-- Detecting C compiler ABI info - done
-- Check for working C compiler: /usr/bin/cc - skipped
-- Detecting C compile features
-- Detecting C compile features - done
-- Detecting CXX compiler ABI info
-- Detecting CXX compiler ABI info - done
-- Check for working CXX compiler: /usr/bin/c++ - skipped
-- Detecting CXX compile features
-- Detecting CXX compile features - done
-- Found ament_cmake: 0.9.12 (/opt/ros/foxy/share/ament_cmake/cmake)
-- Found PythonInterp: /usr/bin/python3 (found suitable version "3.8.10", minimum required is "3") 
-- Using PYTHON_EXECUTABLE: /usr/bin/python3
-- Found dynamixel_sdk: 3.7.60 (/home/orin/test_ws/src/install/dynamixel_sdk/share/dynamixel_sdk/cmake)
-- Found geometry_msgs: 2.0.5 (/opt/ros/foxy/share/geometry_msgs/cmake)
-- Using all available rosidl_typesupport_c: rosidl_typesupport_fastrtps_c;rosidl_typesupport_introspection_c
-- Found rosidl_adapter: 1.3.1 (/opt/ros/foxy/share/rosidl_adapter/cmake)
-- Found OpenSSL: /usr/lib/aarch64-linux-gnu/libcrypto.so (found version "1.1.1f")  
-- Found FastRTPS: /opt/ros/foxy/include  
-- Using all available rosidl_typesupport_cpp: rosidl_typesupport_fastrtps_cpp;rosidl_typesupport_introspection_cpp
-- Found message_filters: 3.2.7 (/opt/ros/foxy/share/message_filters/cmake)
-- Found nav_msgs: 2.0.5 (/opt/ros/foxy/share/nav_msgs/cmake)
-- Found rclcpp: 2.4.3 (/opt/ros/foxy/share/rclcpp/cmake)
-- Found rmw_implementation_cmake: 1.0.4 (/opt/ros/foxy/share/rmw_implementation_cmake/cmake)
-- Using RMW implementation 'rmw_fastrtps_cpp' as default
-- Performing Test CMAKE_HAVE_LIBC_PTHREAD
-- Performing Test CMAKE_HAVE_LIBC_PTHREAD - Failed
-- Looking for pthread_create in pthreads
-- Looking for pthread_create in pthreads - not found
-- Looking for pthread_create in pthread
-- Looking for pthread_create in pthread - found
-- Found Threads: TRUE  
-- Found sensor_msgs: 2.0.5 (/opt/ros/foxy/share/sensor_msgs/cmake)
-- Found std_srvs: 2.0.5 (/opt/ros/foxy/share/std_srvs/cmake)
-- Found tf2: 0.13.14 (/opt/ros/foxy/share/tf2/cmake)
-- Found tf2_ros: 0.13.14 (/opt/ros/foxy/share/tf2_ros/cmake)
-- Found turtlebot3_msgs: 2.2.3 (/home/orin/test_ws/src/install/turtlebot3_msgs/share/turtlebot3_msgs/cmake)
-- Configuring done
-- Generating done
-- Build files have been written to: /home/orin/test_ws/src/build/turtlebot3_node
[  7%] [32mBuilding CXX object CMakeFiles/turtlebot3_node_lib.dir/src/devices/motor_power.cpp.o[0m
[ 14%] [32mBuilding CXX object CMakeFiles/turtlebot3_node_lib.dir/src/devices/sound.cpp.o[0m
[ 35%] [32mBuilding CXX object CMakeFiles/turtlebot3_node_lib.dir/src/devices/reset.cpp.o[0m
[ 35%] [32mBuilding CXX object CMakeFiles/turtlebot3_node_lib.dir/src/dynamixel_sdk_wrapper.cpp.o[0m
[ 35%] [32mBuilding CXX object CMakeFiles/turtlebot3_node_lib.dir/src/diff_drive_controller.cpp.o[0m
[ 50%] [32mBuilding CXX object CMakeFiles/turtlebot3_node_lib.dir/src/sensors/sensor_state.cpp.o[0m
[ 57%] [32mBuilding CXX object CMakeFiles/turtlebot3_node_lib.dir/src/sensors/joint_state.cpp.o[0m
[ 50%] [32mBuilding CXX object CMakeFiles/turtlebot3_node_lib.dir/src/turtlebot3.cpp.o[0m
[ 64%] [32mBuilding CXX object CMakeFiles/turtlebot3_node_lib.dir/src/sensors/imu.cpp.o[0m
[ 71%] [32mBuilding CXX object CMakeFiles/turtlebot3_node_lib.dir/src/sensors/battery_state.cpp.o[0m
[ 78%] [32mBuilding CXX object CMakeFiles/turtlebot3_node_lib.dir/src/odometry.cpp.o[0m
[01m[K/home/orin/test_ws/src/turtlebot3/turtlebot3_node/src/odometry.cpp:[m[K In constructor ‘[01m[Krobotis::turtlebot3::Odometry::Odometry(std::shared_ptr<rclcpp::Node>&, double, double)[m[K’:
[01m[K/home/orin/test_ws/src/turtlebot3/turtlebot3_node/src/odometry.cpp:39:58:[m[K [01;31m[Kerror: [m[Kno matching function for call to ‘[01m[Krclcpp::Node::declare_parameter<std::string>(const char [18])[m[K’
   39 |   nh_->declare_parameter<std::string>("odometry.frame_id"[01;31m[K)[m[K;
      |                                                          [01;31m[K^[m[K
In file included from [01m[K/opt/ros/foxy/include/rclcpp/node.hpp:1224[m[K,
                 from [01m[K/opt/ros/foxy/include/rclcpp/executors/single_threaded_executor.hpp:28[m[K,
                 from [01m[K/opt/ros/foxy/include/rclcpp/executors.hpp:22[m[K,
                 from [01m[K/opt/ros/foxy/include/rclcpp/rclcpp.hpp:146[m[K,
                 from [01m[K/opt/ros/foxy/include/message_filters/subscriber.h:38[m[K,
                 from [01m[K/home/orin/test_ws/src/turtlebot3/turtlebot3_node/include/turtlebot3_node/odometry.hpp:25[m[K,
                 from [01m[K/home/orin/test_ws/src/turtlebot3/turtlebot3_node/src/odometry.cpp:17[m[K:
[01m[K/opt/ros/foxy/include/rclcpp/node_impl.hpp:157:1:[m[K [01;36m[Knote: [m[Kcandidate: ‘[01m[Kauto rclcpp::Node::declare_parameter(const string&, const ParameterT&, const ParameterDescriptor&, bool) [with ParameterT = std::__cxx11::basic_string<char>; std::string = std::__cxx11::basic_string<char>; rcl_interfaces::msg::ParameterDescriptor = rcl_interfaces::msg::ParameterDescriptor_<std::allocator<void> >][m[K’
  157 | [01;36m[KNode[m[K::declare_parameter(
      | [01;36m[K^~~~[m[K
[01m[K/opt/ros/foxy/include/rclcpp/node_impl.hpp:157:1:[m[K [01;36m[Knote: [m[K  candidate expects 4 arguments, 1 provided
[01m[K/home/orin/test_ws/src/turtlebot3/turtlebot3_node/src/odometry.cpp:40:64:[m[K [01;31m[Kerror: [m[Kno matching function for call to ‘[01m[Krclcpp::Node::declare_parameter<std::string>(const char [24])[m[K’
   40 |   nh_->declare_parameter<std::string>("odometry.child_frame_id"[01;31m[K)[m[K;
      |                                                                [01;31m[K^[m[K
In file included from [01m[K/opt/ros/foxy/include/rclcpp/node.hpp:1224[m[K,
                 from [01m[K/opt/ros/foxy/include/rclcpp/executors/single_threaded_executor.hpp:28[m[K,
                 from [01m[K/opt/ros/foxy/include/rclcpp/executors.hpp:22[m[K,
                 from [01m[K/opt/ros/foxy/include/rclcpp/rclcpp.hpp:146[m[K,
                 from [01m[K/opt/ros/foxy/include/message_filters/subscriber.h:38[m[K,
                 from [01m[K/home/orin/test_ws/src/turtlebot3/turtlebot3_node/include/turtlebot3_node/odometry.hpp:25[m[K,
                 from [01m[K/home/orin/test_ws/src/turtlebot3/turtlebot3_node/src/odometry.cpp:17[m[K:
[01m[K/opt/ros/foxy/include/rclcpp/node_impl.hpp:157:1:[m[K [01;36m[Knote: [m[Kcandidate: ‘[01m[Kauto rclcpp::Node::declare_parameter(const string&, const ParameterT&, const ParameterDescriptor&, bool) [with ParameterT = std::__cxx11::basic_string<char>; std::string = std::__cxx11::basic_string<char>; rcl_interfaces::msg::ParameterDescriptor = rcl_interfaces::msg::ParameterDescriptor_<std::allocator<void> >][m[K’
  157 | [01;36m[KNode[m[K::declare_parameter(
      | [01;36m[K^~~~[m[K
[01m[K/opt/ros/foxy/include/rclcpp/node_impl.hpp:157:1:[m[K [01;36m[Knote: [m[K  candidate expects 4 arguments, 1 provided
[01m[K/home/orin/test_ws/src/turtlebot3/turtlebot3_node/src/odometry.cpp:42:50:[m[K [01;31m[Kerror: [m[Kno matching function for call to ‘[01m[Krclcpp::Node::declare_parameter<bool>(const char [17])[m[K’
   42 |   nh_->declare_parameter<bool>("odometry.use_imu"[01;31m[K)[m[K;
      |                                                  [01;31m[K^[m[K
In file included from [01m[K/opt/ros/foxy/include/rclcpp/node.hpp:1224[m[K,
                 from [01m[K/opt/ros/foxy/include/rclcpp/executors/single_threaded_executor.hpp:28[m[K,
                 from [01m[K/opt/ros/foxy/include/rclcpp/executors.hpp:22[m[K,
                 from [01m[K/opt/ros/foxy/include/rclcpp/rclcpp.hpp:146[m[K,
                 from [01m[K/opt/ros/foxy/include/message_filters/subscriber.h:38[m[K,
                 from [01m[K/home/orin/test_ws/src/turtlebot3/turtlebot3_node/include/turtlebot3_node/odometry.hpp:25[m[K,
                 from [01m[K/home/orin/test_ws/src/turtlebot3/turtlebot3_node/src/odometry.cpp:17[m[K:
[01m[K/opt/ros/foxy/include/rclcpp/node_impl.hpp:157:1:[m[K [01;36m[Knote: [m[Kcandidate: ‘[01m[Kauto rclcpp::Node::declare_parameter(const string&, const ParameterT&, const ParameterDescriptor&, bool) [with ParameterT = bool; std::string = std::__cxx11::basic_string<char>; rcl_interfaces::msg::ParameterDescriptor = rcl_interfaces::msg::ParameterDescriptor_<std::allocator<void> >][m[K’
  157 | [01;36m[KNode[m[K::declare_parameter(
      | [01;36m[K^~~~[m[K
[01m[K/opt/ros/foxy/include/rclcpp/node_impl.hpp:157:1:[m[K [01;36m[Knote: [m[K  candidate expects 4 arguments, 1 provided
[01m[K/home/orin/test_ws/src/turtlebot3/turtlebot3_node/src/odometry.cpp:43:53:[m[K [01;31m[Kerror: [m[Kno matching function for call to ‘[01m[Krclcpp::Node::declare_parameter<bool>(const char [20])[m[K’
   43 |   nh_->declare_parameter<bool>("odometry.publish_tf"[01;31m[K)[m[K;
      |                                                     [01;31m[K^[m[K
In file included from [01m[K/opt/ros/foxy/include/rclcpp/node.hpp:1224[m[K,
                 from [01m[K/opt/ros/foxy/include/rclcpp/executors/single_threaded_executor.hpp:28[m[K,
                 from [01m[K/opt/ros/foxy/include/rclcpp/executors.hpp:22[m[K,
                 from [01m[K/opt/ros/foxy/include/rclcpp/rclcpp.hpp:146[m[K,
                 from [01m[K/opt/ros/foxy/include/message_filters/subscriber.h:38[m[K,
                 from [01m[K/home/orin/test_ws/src/turtlebot3/turtlebot3_node/include/turtlebot3_node/odometry.hpp:25[m[K,
                 from [01m[K/home/orin/test_ws/src/turtlebot3/turtlebot3_node/src/odometry.cpp:17[m[K:
[01m[K/opt/ros/foxy/include/rclcpp/node_impl.hpp:157:1:[m[K [01;36m[Knote: [m[Kcandidate: ‘[01m[Kauto rclcpp::Node::declare_parameter(const string&, const ParameterT&, const ParameterDescriptor&, bool) [with ParameterT = bool; std::string = std::__cxx11::basic_string<char>; rcl_interfaces::msg::ParameterDescriptor = rcl_interfaces::msg::ParameterDescriptor_<std::allocator<void> >][m[K’
  157 | [01;36m[KNode[m[K::declare_parameter(
      | [01;36m[K^~~~[m[K
[01m[K/opt/ros/foxy/include/rclcpp/node_impl.hpp:157:1:[m[K [01;36m[Knote: [m[K  candidate expects 4 arguments, 1 provided
[01m[K/home/orin/test_ws/src/turtlebot3/turtlebot3_node/src/turtlebot3.cpp:[m[K In member function ‘[01m[Kvoid robotis::turtlebot3::TurtleBot3::init_dynamixel_sdk_wrapper(const string&)[m[K’:
[01m[K/home/orin/test_ws/src/turtlebot3/turtlebot3_node/src/turtlebot3.cpp:56:47:[m[K [01;31m[Kerror: [m[Kno matching function for call to ‘[01m[Krobotis::turtlebot3::TurtleBot3::declare_parameter<uint8_t>(const char [10])[m[K’
   56 |   this->declare_parameter<uint8_t>("opencr.id"[01;31m[K)[m[K;
      |                                               [01;31m[K^[m[K
In file included from [01m[K/opt/ros/foxy/include/rclcpp/node.hpp:1224[m[K,
                 from [01m[K/opt/ros/foxy/include/rclcpp/executors/single_threaded_executor.hpp:28[m[K,
                 from [01m[K/opt/ros/foxy/include/rclcpp/executors.hpp:22[m[K,
                 from [01m[K/opt/ros/foxy/include/rclcpp/rclcpp.hpp:146[m[K,
                 from [01m[K/opt/ros/foxy/include/tf2_ros/transform_broadcaster.h:36[m[K,
                 from [01m[K/home/orin/test_ws/src/turtlebot3/turtlebot3_node/include/turtlebot3_node/turtlebot3.hpp:29[m[K,
                 from [01m[K/home/orin/test_ws/src/turtlebot3/turtlebot3_node/src/turtlebot3.cpp:17[m[K:
[01m[K/opt/ros/foxy/include/rclcpp/node_impl.hpp:157:1:[m[K [01;36m[Knote: [m[Kcandidate: ‘[01m[Kauto rclcpp::Node::declare_parameter(const string&, const ParameterT&, const ParameterDescriptor&, bool) [with ParameterT = unsigned char; std::string = std::__cxx11::basic_string<char>; rcl_interfaces::msg::ParameterDescriptor = rcl_interfaces::msg::ParameterDescriptor_<std::allocator<void> >][m[K’
  157 | [01;36m[KNode[m[K::declare_parameter(
      | [01;36m[K^~~~[m[K
[01m[K/opt/ros/foxy/include/rclcpp/node_impl.hpp:157:1:[m[K [01;36m[Knote: [m[K  candidate expects 4 arguments, 1 provided
[01m[K/home/orin/test_ws/src/turtlebot3/turtlebot3_node/src/turtlebot3.cpp:57:50:[m[K [01;31m[Kerror: [m[Kno matching function for call to ‘[01m[Krobotis::turtlebot3::TurtleBot3::declare_parameter<int>(const char [17])[m[K’
   57 |   this->declare_parameter<int>("opencr.baud_rate"[01;31m[K)[m[K;
      |                                                  [01;31m[K^[m[K
In file included from [01m[K/opt/ros/foxy/include/rclcpp/node.hpp:1224[m[K,
                 from [01m[K/opt/ros/foxy/include/rclcpp/executors/single_threaded_executor.hpp:28[m[K,
                 from [01m[K/opt/ros/foxy/include/rclcpp/executors.hpp:22[m[K,
                 from [01m[K/opt/ros/foxy/include/rclcpp/rclcpp.hpp:146[m[K,
                 from [01m[K/opt/ros/foxy/include/tf2_ros/transform_broadcaster.h:36[m[K,
                 from [01m[K/home/orin/test_ws/src/turtlebot3/turtlebot3_node/include/turtlebot3_node/turtlebot3.hpp:29[m[K,
                 from [01m[K/home/orin/test_ws/src/turtlebot3/turtlebot3_node/src/turtlebot3.cpp:17[m[K:
[01m[K/opt/ros/foxy/include/rclcpp/node_impl.hpp:157:1:[m[K [01;36m[Knote: [m[Kcandidate: ‘[01m[Kauto rclcpp::Node::declare_parameter(const string&, const ParameterT&, const ParameterDescriptor&, bool) [with ParameterT = int; std::string = std::__cxx11::basic_string<char>; rcl_interfaces::msg::ParameterDescriptor = rcl_interfaces::msg::ParameterDescriptor_<std::allocator<void> >][m[K’
  157 | [01;36m[KNode[m[K::declare_parameter(
      | [01;36m[K^~~~[m[K
[01m[K/opt/ros/foxy/include/rclcpp/node_impl.hpp:157:1:[m[K [01;36m[Knote: [m[K  candidate expects 4 arguments, 1 provided
[01m[K/home/orin/test_ws/src/turtlebot3/turtlebot3_node/src/turtlebot3.cpp:58:59:[m[K [01;31m[Kerror: [m[Kno matching function for call to ‘[01m[Krobotis::turtlebot3::TurtleBot3::declare_parameter<float>(const char [24])[m[K’
   58 |   this->declare_parameter<float>("opencr.protocol_version"[01;31m[K)[m[K;
      |                                                           [01;31m[K^[m[K
In file included from [01m[K/opt/ros/foxy/include/rclcpp/node.hpp:1224[m[K,
                 from [01m[K/opt/ros/foxy/include/rclcpp/executors/single_threaded_executor.hpp:28[m[K,
                 from [01m[K/opt/ros/foxy/include/rclcpp/executors.hpp:22[m[K,
                 from [01m[K/opt/ros/foxy/include/rclcpp/rclcpp.hpp:146[m[K,
                 from [01m[K/opt/ros/foxy/include/tf2_ros/transform_broadcaster.h:36[m[K,
                 from [01m[K/home/orin/test_ws/src/turtlebot3/turtlebot3_node/include/turtlebot3_node/turtlebot3.hpp:29[m[K,
                 from [01m[K/home/orin/test_ws/src/turtlebot3/turtlebot3_node/src/turtlebot3.cpp:17[m[K:
[01m[K/opt/ros/foxy/include/rclcpp/node_impl.hpp:157:1:[m[K [01;36m[Knote: [m[Kcandidate: ‘[01m[Kauto rclcpp::Node::declare_parameter(const string&, const ParameterT&, const ParameterDescriptor&, bool) [with ParameterT = float; std::string = std::__cxx11::basic_string<char>; rcl_interfaces::msg::ParameterDescriptor = rcl_interfaces::msg::ParameterDescriptor_<std::allocator<void> >][m[K’
  157 | [01;36m[KNode[m[K::declare_parameter(
      | [01;36m[K^~~~[m[K
[01m[K/opt/ros/foxy/include/rclcpp/node_impl.hpp:157:1:[m[K [01;36m[Knote: [m[K  candidate expects 4 arguments, 1 provided
[01m[K/home/orin/test_ws/src/turtlebot3/turtlebot3_node/src/turtlebot3.cpp:[m[K In member function ‘[01m[Kvoid robotis::turtlebot3::TurtleBot3::add_motors()[m[K’:
[01m[K/home/orin/test_ws/src/turtlebot3/turtlebot3_node/src/turtlebot3.cpp:116:72:[m[K [01;31m[Kerror: [m[Kno matching function for call to ‘[01m[Krobotis::turtlebot3::TurtleBot3::declare_parameter<float>(const char [37])[m[K’
  116 |   this->declare_parameter<float>("motors.profile_acceleration_constant"[01;31m[K)[m[K;
      |                                                                        [01;31m[K^[m[K
In file included from [01m[K/opt/ros/foxy/include/rclcpp/node.hpp:1224[m[K,
                 from [01m[K/opt/ros/foxy/include/rclcpp/executors/single_threaded_executor.hpp:28[m[K,
                 from [01m[K/opt/ros/foxy/include/rclcpp/executors.hpp:22[m[K,
                 from [01m[K/opt/ros/foxy/include/rclcpp/rclcpp.hpp:146[m[K,
                 from [01m[K/opt/ros/foxy/include/tf2_ros/transform_broadcaster.h:36[m[K,
                 from [01m[K/home/orin/test_ws/src/turtlebot3/turtlebot3_node/include/turtlebot3_node/turtlebot3.hpp:29[m[K,
                 from [01m[K/home/orin/test_ws/src/turtlebot3/turtlebot3_node/src/turtlebot3.cpp:17[m[K:
[01m[K/opt/ros/foxy/include/rclcpp/node_impl.hpp:157:1:[m[K [01;36m[Knote: [m[Kcandidate: ‘[01m[Kauto rclcpp::Node::declare_parameter(const string&, const ParameterT&, const ParameterDescriptor&, bool) [with ParameterT = float; std::string = std::__cxx11::basic_string<char>; rcl_interfaces::msg::ParameterDescriptor = rcl_interfaces::msg::ParameterDescriptor_<std::allocator<void> >][m[K’
  157 | [01;36m[KNode[m[K::declare_parameter(
      | [01;36m[K^~~~[m[K
[01m[K/opt/ros/foxy/include/rclcpp/node_impl.hpp:157:1:[m[K [01;36m[Knote: [m[K  candidate expects 4 arguments, 1 provided
[01m[K/home/orin/test_ws/src/turtlebot3/turtlebot3_node/src/turtlebot3.cpp:117:63:[m[K [01;31m[Kerror: [m[Kno matching function for call to ‘[01m[Krobotis::turtlebot3::TurtleBot3::declare_parameter<float>(const char [28])[m[K’
  117 |   this->declare_parameter<float>("motors.profile_acceleration"[01;31m[K)[m[K;
      |                                                               [01;31m[K^[m[K
In file included from [01m[K/opt/ros/foxy/include/rclcpp/node.hpp:1224[m[K,
                 from [01m[K/opt/ros/foxy/include/rclcpp/executors/single_threaded_executor.hpp:28[m[K,
                 from [01m[K/opt/ros/foxy/include/rclcpp/executors.hpp:22[m[K,
                 from [01m[K/opt/ros/foxy/include/rclcpp/rclcpp.hpp:146[m[K,
                 from [01m[K/opt/ros/foxy/include/tf2_ros/transform_broadcaster.h:36[m[K,
                 from [01m[K/home/orin/test_ws/src/turtlebot3/turtlebot3_node/include/turtlebot3_node/turtlebot3.hpp:29[m[K,
                 from [01m[K/home/orin/test_ws/src/turtlebot3/turtlebot3_node/src/turtlebot3.cpp:17[m[K:
[01m[K/opt/ros/foxy/include/rclcpp/node_impl.hpp:157:1:[m[K [01;36m[Knote: [m[Kcandidate: ‘[01m[Kauto rclcpp::Node::declare_parameter(const string&, const ParameterT&, const ParameterDescriptor&, bool) [with ParameterT = float; std::string = std::__cxx11::basic_string<char>; rcl_interfaces::msg::ParameterDescriptor = rcl_interfaces::msg::ParameterDescriptor_<std::allocator<void> >][m[K’
  157 | [01;36m[KNode[m[K::declare_parameter(
      | [01;36m[K^~~~[m[K
[01m[K/opt/ros/foxy/include/rclcpp/node_impl.hpp:157:1:[m[K [01;36m[Knote: [m[K  candidate expects 4 arguments, 1 provided
[01m[K/home/orin/test_ws/src/turtlebot3/turtlebot3_node/src/turtlebot3.cpp:[m[K In member function ‘[01m[Kvoid robotis::turtlebot3::TurtleBot3::add_wheels()[m[K’:
[01m[K/home/orin/test_ws/src/turtlebot3/turtlebot3_node/src/turtlebot3.cpp:134:53:[m[K [01;31m[Kerror: [m[Kno matching function for call to ‘[01m[Krobotis::turtlebot3::TurtleBot3::declare_parameter<float>(const char [18])[m[K’
  134 |   this->declare_parameter<float>("wheels.separation"[01;31m[K)[m[K;
      |                                                     [01;31m[K^[m[K
In file included from [01m[K/opt/ros/foxy/include/rclcpp/node.hpp:1224[m[K,
                 from [01m[K/opt/ros/foxy/include/rclcpp/executors/single_threaded_executor.hpp:28[m[K,
                 from [01m[K/opt/ros/foxy/include/rclcpp/executors.hpp:22[m[K,
                 from [01m[K/opt/ros/foxy/include/rclcpp/rclcpp.hpp:146[m[K,
                 from [01m[K/opt/ros/foxy/include/tf2_ros/transform_broadcaster.h:36[m[K,
                 from [01m[K/home/orin/test_ws/src/turtlebot3/turtlebot3_node/include/turtlebot3_node/turtlebot3.hpp:29[m[K,
                 from [01m[K/home/orin/test_ws/src/turtlebot3/turtlebot3_node/src/turtlebot3.cpp:17[m[K:
[01m[K/opt/ros/foxy/include/rclcpp/node_impl.hpp:157:1:[m[K [01;36m[Knote: [m[Kcandidate: ‘[01m[Kauto rclcpp::Node::declare_parameter(const string&, const ParameterT&, const ParameterDescriptor&, bool) [with ParameterT = float; std::string = std::__cxx11::basic_string<char>; rcl_interfaces::msg::ParameterDescriptor = rcl_interfaces::msg::ParameterDescriptor_<std::allocator<void> >][m[K’
  157 | [01;36m[KNode[m[K::declare_parameter(
      | [01;36m[K^~~~[m[K
[01m[K/opt/ros/foxy/include/rclcpp/node_impl.hpp:157:1:[m[K [01;36m[Knote: [m[K  candidate expects 4 arguments, 1 provided
[01m[K/home/orin/test_ws/src/turtlebot3/turtlebot3_node/src/turtlebot3.cpp:135:49:[m[K [01;31m[Kerror: [m[Kno matching function for call to ‘[01m[Krobotis::turtlebot3::TurtleBot3::declare_parameter<float>(const char [14])[m[K’
  135 |   this->declare_parameter<float>("wheels.radius"[01;31m[K)[m[K;
      |                                                 [01;31m[K^[m[K
In file included from [01m[K/opt/ros/foxy/include/rclcpp/node.hpp:1224[m[K,
                 from [01m[K/opt/ros/foxy/include/rclcpp/executors/single_threaded_executor.hpp:28[m[K,
                 from [01m[K/opt/ros/foxy/include/rclcpp/executors.hpp:22[m[K,
                 from [01m[K/opt/ros/foxy/include/rclcpp/rclcpp.hpp:146[m[K,
                 from [01m[K/opt/ros/foxy/include/tf2_ros/transform_broadcaster.h:36[m[K,
                 from [01m[K/home/orin/test_ws/src/turtlebot3/turtlebot3_node/include/turtlebot3_node/turtlebot3.hpp:29[m[K,
                 from [01m[K/home/orin/test_ws/src/turtlebot3/turtlebot3_node/src/turtlebot3.cpp:17[m[K:
[01m[K/opt/ros/foxy/include/rclcpp/node_impl.hpp:157:1:[m[K [01;36m[Knote: [m[Kcandidate: ‘[01m[Kauto rclcpp::Node::declare_parameter(const string&, const ParameterT&, const ParameterDescriptor&, bool) [with ParameterT = float; std::string = std::__cxx11::basic_string<char>; rcl_interfaces::msg::ParameterDescriptor = rcl_interfaces::msg::ParameterDescriptor_<std::allocator<void> >][m[K’
  157 | [01;36m[KNode[m[K::declare_parameter(
      | [01;36m[K^~~~[m[K
[01m[K/opt/ros/foxy/include/rclcpp/node_impl.hpp:157:1:[m[K [01;36m[Knote: [m[K  candidate expects 4 arguments, 1 provided
[01m[K/home/orin/test_ws/src/turtlebot3/turtlebot3_node/src/turtlebot3.cpp:[m[K In member function ‘[01m[Kvoid robotis::turtlebot3::TurtleBot3::add_sensors()[m[K’:
[01m[K/home/orin/test_ws/src/turtlebot3/turtlebot3_node/src/turtlebot3.cpp:151:54:[m[K [01;31m[Kerror: [m[Kno matching function for call to ‘[01m[Krobotis::turtlebot3::TurtleBot3::declare_parameter<uint8_t>(const char [17])[m[K’
  151 |   this->declare_parameter<uint8_t>("sensors.bumper_1"[01;31m[K)[m[K;
      |                                                      [01;31m[K^[m[K
In file included from [01m[K/opt/ros/foxy/include/rclcpp/node.hpp:1224[m[K,
                 from [01m[K/opt/ros/foxy/include/rclcpp/executors/single_threaded_executor.hpp:28[m[K,
                 from [01m[K/opt/ros/foxy/include/rclcpp/executors.hpp:22[m[K,
                 from [01m[K/opt/ros/foxy/include/rclcpp/rclcpp.hpp:146[m[K,
                 from [01m[K/opt/ros/foxy/include/tf2_ros/transform_broadcaster.h:36[m[K,
                 from [01m[K/home/orin/test_ws/src/turtlebot3/turtlebot3_node/include/turtlebot3_node/turtlebot3.hpp:29[m[K,
                 from [01m[K/home/orin/test_ws/src/turtlebot3/turtlebot3_node/src/turtlebot3.cpp:17[m[K:
[01m[K/opt/ros/foxy/include/rclcpp/node_impl.hpp:157:1:[m[K [01;36m[Knote: [m[Kcandidate: ‘[01m[Kauto rclcpp::Node::declare_parameter(const string&, const ParameterT&, const ParameterDescriptor&, bool) [with ParameterT = unsigned char; std::string = std::__cxx11::basic_string<char>; rcl_interfaces::msg::ParameterDescriptor = rcl_interfaces::msg::ParameterDescriptor_<std::allocator<void> >][m[K’
  157 | [01;36m[KNode[m[K::declare_parameter(
      | [01;36m[K^~~~[m[K
[01m[K/opt/ros/foxy/include/rclcpp/node_impl.hpp:157:1:[m[K [01;36m[Knote: [m[K  candidate expects 4 arguments, 1 provided
[01m[K/home/orin/test_ws/src/turtlebot3/turtlebot3_node/src/turtlebot3.cpp:152:54:[m[K [01;31m[Kerror: [m[Kno matching function for call to ‘[01m[Krobotis::turtlebot3::TurtleBot3::declare_parameter<uint8_t>(const char [17])[m[K’
  152 |   this->declare_parameter<uint8_t>("sensors.bumper_2"[01;31m[K)[m[K;
      |                                                      [01;31m[K^[m[K
In file included from [01m[K/opt/ros/foxy/include/rclcpp/node.hpp:1224[m[K,
                 from [01m[K/opt/ros/foxy/include/rclcpp/executors/single_threaded_executor.hpp:28[m[K,
                 from [01m[K/opt/ros/foxy/include/rclcpp/executors.hpp:22[m[K,
                 from [01m[K/opt/ros/foxy/include/rclcpp/rclcpp.hpp:146[m[K,
                 from [01m[K/opt/ros/foxy/include/tf2_ros/transform_broadcaster.h:36[m[K,
                 from [01m[K/home/orin/test_ws/src/turtlebot3/turtlebot3_node/include/turtlebot3_node/turtlebot3.hpp:29[m[K,
                 from [01m[K/home/orin/test_ws/src/turtlebot3/turtlebot3_node/src/turtlebot3.cpp:17[m[K:
[01m[K/opt/ros/foxy/include/rclcpp/node_impl.hpp:157:1:[m[K [01;36m[Knote: [m[Kcandidate: ‘[01m[Kauto rclcpp::Node::declare_parameter(const string&, const ParameterT&, const ParameterDescriptor&, bool) [with ParameterT = unsigned char; std::string = std::__cxx11::basic_string<char>; rcl_interfaces::msg::ParameterDescriptor = rcl_interfaces::msg::ParameterDescriptor_<std::allocator<void> >][m[K’
  157 | [01;36m[KNode[m[K::declare_parameter(
      | [01;36m[K^~~~[m[K
[01m[K/opt/ros/foxy/include/rclcpp/node_impl.hpp:157:1:[m[K [01;36m[Knote: [m[K  candidate expects 4 arguments, 1 provided
[01m[K/home/orin/test_ws/src/turtlebot3/turtlebot3_node/src/turtlebot3.cpp:153:58:[m[K [01;31m[Kerror: [m[Kno matching function for call to ‘[01m[Krobotis::turtlebot3::TurtleBot3::declare_parameter<uint8_t>(const char [21])[m[K’
  153 |   this->declare_parameter<uint8_t>("sensors.illumination"[01;31m[K)[m[K;
      |                                                          [01;31m[K^[m[K
In file included from [01m[K/opt/ros/foxy/include/rclcpp/node.hpp:1224[m[K,
                 from [01m[K/opt/ros/foxy/include/rclcpp/executors/single_threaded_executor.hpp:28[m[K,
                 from [01m[K/opt/ros/foxy/include/rclcpp/executors.hpp:22[m[K,
                 from [01m[K/opt/ros/foxy/include/rclcpp/rclcpp.hpp:146[m[K,
                 from [01m[K/opt/ros/foxy/include/tf2_ros/transform_broadcaster.h:36[m[K,
                 from [01m[K/home/orin/test_ws/src/turtlebot3/turtlebot3_node/include/turtlebot3_node/turtlebot3.hpp:29[m[K,
                 from [01m[K/home/orin/test_ws/src/turtlebot3/turtlebot3_node/src/turtlebot3.cpp:17[m[K:
[01m[K/opt/ros/foxy/include/rclcpp/node_impl.hpp:157:1:[m[K [01;36m[Knote: [m[Kcandidate: ‘[01m[Kauto rclcpp::Node::declare_parameter(const string&, const ParameterT&, const ParameterDescriptor&, bool) [with ParameterT = unsigned char; std::string = std::__cxx11::basic_string<char>; rcl_interfaces::msg::ParameterDescriptor = rcl_interfaces::msg::ParameterDescriptor_<std::allocator<void> >][m[K’
  157 | [01;36m[KNode[m[K::declare_parameter(
      | [01;36m[K^~~~[m[K
[01m[K/opt/ros/foxy/include/rclcpp/node_impl.hpp:157:1:[m[K [01;36m[Knote: [m[K  candidate expects 4 arguments, 1 provided
[01m[K/home/orin/test_ws/src/turtlebot3/turtlebot3_node/src/turtlebot3.cpp:154:48:[m[K [01;31m[Kerror: [m[Kno matching function for call to ‘[01m[Krobotis::turtlebot3::TurtleBot3::declare_parameter<uint8_t>(const char [11])[m[K’
  154 |   this->declare_parameter<uint8_t>("sensors.ir"[01;31m[K)[m[K;
      |                                                [01;31m[K^[m[K
In file included from [01m[K/opt/ros/foxy/include/rclcpp/node.hpp:1224[m[K,
                 from [01m[K/opt/ros/foxy/include/rclcpp/executors/single_threaded_executor.hpp:28[m[K,
                 from [01m[K/opt/ros/foxy/include/rclcpp/executors.hpp:22[m[K,
                 from [01m[K/opt/ros/foxy/include/rclcpp/rclcpp.hpp:146[m[K,
                 from [01m[K/opt/ros/foxy/include/tf2_ros/transform_broadcaster.h:36[m[K,
                 from [01m[K/home/orin/test_ws/src/turtlebot3/turtlebot3_node/include/turtlebot3_node/turtlebot3.hpp:29[m[K,
                 from [01m[K/home/orin/test_ws/src/turtlebot3/turtlebot3_node/src/turtlebot3.cpp:17[m[K:
[01m[K/opt/ros/foxy/include/rclcpp/node_impl.hpp:157:1:[m[K [01;36m[Knote: [m[Kcandidate: ‘[01m[Kauto rclcpp::Node::declare_parameter(const string&, const ParameterT&, const ParameterDescriptor&, bool) [with ParameterT = unsigned char; std::string = std::__cxx11::basic_string<char>; rcl_interfaces::msg::ParameterDescriptor = rcl_interfaces::msg::ParameterDescriptor_<std::allocator<void> >][m[K’
  157 | [01;36m[KNode[m[K::declare_parameter(
      | [01;36m[K^~~~[m[K
[01m[K/opt/ros/foxy/include/rclcpp/node_impl.hpp:157:1:[m[K [01;36m[Knote: [m[K  candidate expects 4 arguments, 1 provided
[01m[K/home/orin/test_ws/src/turtlebot3/turtlebot3_node/src/turtlebot3.cpp:155:51:[m[K [01;31m[Kerror: [m[Kno matching function for call to ‘[01m[Krobotis::turtlebot3::TurtleBot3::declare_parameter<uint8_t>(const char [14])[m[K’
  155 |   this->declare_parameter<uint8_t>("sensors.sonar"[01;31m[K)[m[K;
      |                                                   [01;31m[K^[m[K
In file included from [01m[K/opt/ros/foxy/include/rclcpp/node.hpp:1224[m[K,
                 from [01m[K/opt/ros/foxy/include/rclcpp/executors/single_threaded_executor.hpp:28[m[K,
                 from [01m[K/opt/ros/foxy/include/rclcpp/executors.hpp:22[m[K,
                 from [01m[K/opt/ros/foxy/include/rclcpp/rclcpp.hpp:146[m[K,
                 from [01m[K/opt/ros/foxy/include/tf2_ros/transform_broadcaster.h:36[m[K,
                 from [01m[K/home/orin/test_ws/src/turtlebot3/turtlebot3_node/include/turtlebot3_node/turtlebot3.hpp:29[m[K,
                 from [01m[K/home/orin/test_ws/src/turtlebot3/turtlebot3_node/src/turtlebot3.cpp:17[m[K:
[01m[K/opt/ros/foxy/include/rclcpp/node_impl.hpp:157:1:[m[K [01;36m[Knote: [m[Kcandidate: ‘[01m[Kauto rclcpp::Node::declare_parameter(const string&, const ParameterT&, const ParameterDescriptor&, bool) [with ParameterT = unsigned char; std::string = std::__cxx11::basic_string<char>; rcl_interfaces::msg::ParameterDescriptor = rcl_interfaces::msg::ParameterDescriptor_<std::allocator<void> >][m[K’
  157 | [01;36m[KNode[m[K::declare_parameter(
      | [01;36m[K^~~~[m[K
[01m[K/opt/ros/foxy/include/rclcpp/node_impl.hpp:157:1:[m[K [01;36m[Knote: [m[K  candidate expects 4 arguments, 1 provided
make[2]: *** [CMakeFiles/turtlebot3_node_lib.dir/build.make:160: CMakeFiles/turtlebot3_node_lib.dir/src/turtlebot3.cpp.o] Error 1
make[2]: *** Waiting for unfinished jobs....
make[2]: *** [CMakeFiles/turtlebot3_node_lib.dir/build.make:146: CMakeFiles/turtlebot3_node_lib.dir/src/odometry.cpp.o] Error 1
make[1]: *** [CMakeFiles/Makefile2:139: CMakeFiles/turtlebot3_node_lib.dir/all] Error 2
make: *** [Makefile:146: all] Error 2
