[0.232s] Invoking command in '/home/orin/test_ws/src/build/turtlebot3_msgs': CMAKE_PREFIX_PATH=${CMAKE_PREFIX_PATH}:/home/orin/test_ws/src/install/turtlebot3_teleop:/home/orin/test_ws/src/install/turtlebot3_example:/home/orin/test_ws/src/install/object_detection:/home/orin/test_ws/src/install/nv2:/home/orin/test_ws/src/install/detect_lane:/home/orin/test_ws/src/install/core:/home/orin/test_ws/src/install/control:/home/orin/test_ws/src/install/camera:/opt/ros/foxy /usr/local/bin/cmake --build /home/orin/test_ws/src/build/turtlebot3_msgs -- -j12 -l12
[2.772s] [  1%] Built target turtlebot3_msgs__cpp
[2.773s] [ 12%] Built target turtlebot3_msgs__rosidl_generator_c
[2.777s] [ 46%] Built target turtlebot3_msgs__rosidl_typesupport_fastrtps_cpp
[2.777s] [ 61%] Built target turtlebot3_msgs__rosidl_typesupport_introspection_c
[2.778s] [ 61%] Built target turtlebot3_msgs__rosidl_typesupport_c
[2.778s] [ 61%] Built target turtlebot3_msgs__rosidl_typesupport_cpp
[2.778s] [ 69%] Built target turtlebot3_msgs__rosidl_typesupport_introspection_cpp
[2.778s] [ 80%] Built target turtlebot3_msgs__rosidl_typesupport_fastrtps_c
[2.778s] [ 80%] Built target turtlebot3_msgs
[2.779s] [ 81%] Built target turtlebot3_msgs__py
[2.779s] [ 91%] Built target turtlebot3_msgs__python
[2.781s] [ 97%] Built target turtlebot3_msgs__rosidl_typesupport_introspection_c__pyext
[2.781s] [ 97%] Built target turtlebot3_msgs__rosidl_typesupport_fastrtps_c__pyext
[2.782s] [100%] Built target turtlebot3_msgs__rosidl_typesupport_c__pyext
[2.897s] Invoked command in '/home/orin/test_ws/src/build/turtlebot3_msgs' returned '0': CMAKE_PREFIX_PATH=${CMAKE_PREFIX_PATH}:/home/orin/test_ws/src/install/turtlebot3_teleop:/home/orin/test_ws/src/install/turtlebot3_example:/home/orin/test_ws/src/install/object_detection:/home/orin/test_ws/src/install/nv2:/home/orin/test_ws/src/install/detect_lane:/home/orin/test_ws/src/install/core:/home/orin/test_ws/src/install/control:/home/orin/test_ws/src/install/camera:/opt/ros/foxy /usr/local/bin/cmake --build /home/orin/test_ws/src/build/turtlebot3_msgs -- -j12 -l12
[2.901s] Invoking command in '/home/orin/test_ws/src/build/turtlebot3_msgs': CMAKE_PREFIX_PATH=${CMAKE_PREFIX_PATH}:/home/orin/test_ws/src/install/turtlebot3_teleop:/home/orin/test_ws/src/install/turtlebot3_example:/home/orin/test_ws/src/install/object_detection:/home/orin/test_ws/src/install/nv2:/home/orin/test_ws/src/install/detect_lane:/home/orin/test_ws/src/install/core:/home/orin/test_ws/src/install/control:/home/orin/test_ws/src/install/camera:/opt/ros/foxy /usr/local/bin/cmake --install /home/orin/test_ws/src/build/turtlebot3_msgs
[2.987s] -- Install configuration: ""
[2.987s] -- Up-to-date: /home/orin/test_ws/src/install/turtlebot3_msgs/share/ament_index/resource_index/rosidl_interfaces/turtlebot3_msgs
[2.987s] -- Up-to-date: /home/orin/test_ws/src/install/turtlebot3_msgs/include/turtlebot3_msgs
[2.987s] -- Up-to-date: /home/orin/test_ws/src/install/turtlebot3_msgs/include/turtlebot3_msgs/msg
[2.988s] -- Up-to-date: /home/orin/test_ws/src/install/turtlebot3_msgs/include/turtlebot3_msgs/msg/rosidl_generator_c__visibility_control.h
[2.988s] -- Up-to-date: /home/orin/test_ws/src/install/turtlebot3_msgs/include/turtlebot3_msgs/msg/version_info.h
[2.992s] -- Up-to-date: /home/orin/test_ws/src/install/turtlebot3_msgs/include/turtlebot3_msgs/msg/detail
[2.994s] -- Up-to-date: /home/orin/test_ws/src/install/turtlebot3_msgs/include/turtlebot3_msgs/msg/detail/version_info__type_support.h
[2.994s] -- Up-to-date: /home/orin/test_ws/src/install/turtlebot3_msgs/include/turtlebot3_msgs/msg/detail/sound__struct.h
[2.995s] -- Up-to-date: /home/orin/test_ws/src/install/turtlebot3_msgs/include/turtlebot3_msgs/msg/detail/sound__functions.h
[2.995s] -- Up-to-date: /home/orin/test_ws/src/install/turtlebot3_msgs/include/turtlebot3_msgs/msg/detail/sensor_state__functions.h
[2.995s] -- Up-to-date: /home/orin/test_ws/src/install/turtlebot3_msgs/include/turtlebot3_msgs/msg/detail/sound__functions.c
[2.995s] -- Up-to-date: /home/orin/test_ws/src/install/turtlebot3_msgs/include/turtlebot3_msgs/msg/detail/version_info__functions.c
[2.995s] -- Up-to-date: /home/orin/test_ws/src/install/turtlebot3_msgs/include/turtlebot3_msgs/msg/detail/sound__type_support.h
[2.995s] -- Up-to-date: /home/orin/test_ws/src/install/turtlebot3_msgs/include/turtlebot3_msgs/msg/detail/sensor_state__functions.c
[2.996s] -- Up-to-date: /home/orin/test_ws/src/install/turtlebot3_msgs/include/turtlebot3_msgs/msg/detail/sensor_state__struct.h
[2.996s] -- Up-to-date: /home/orin/test_ws/src/install/turtlebot3_msgs/include/turtlebot3_msgs/msg/detail/sensor_state__type_support.h
[3.001s] -- Up-to-date: /home/orin/test_ws/src/install/turtlebot3_msgs/include/turtlebot3_msgs/msg/detail/version_info__struct.h
[3.003s] -- Up-to-date: /home/orin/test_ws/src/install/turtlebot3_msgs/include/turtlebot3_msgs/msg/detail/version_info__functions.h
[3.004s] -- Up-to-date: /home/orin/test_ws/src/install/turtlebot3_msgs/include/turtlebot3_msgs/msg/sensor_state.h
[3.004s] -- Up-to-date: /home/orin/test_ws/src/install/turtlebot3_msgs/include/turtlebot3_msgs/msg/sound.h
[3.005s] -- Up-to-date: /home/orin/test_ws/src/install/turtlebot3_msgs/include/turtlebot3_msgs/action
[3.005s] -- Up-to-date: /home/orin/test_ws/src/install/turtlebot3_msgs/include/turtlebot3_msgs/action/patrol.h
[3.005s] -- Up-to-date: /home/orin/test_ws/src/install/turtlebot3_msgs/include/turtlebot3_msgs/action/detail
[3.005s] -- Up-to-date: /home/orin/test_ws/src/install/turtlebot3_msgs/include/turtlebot3_msgs/action/detail/patrol__functions.h
[3.005s] -- Up-to-date: /home/orin/test_ws/src/install/turtlebot3_msgs/include/turtlebot3_msgs/action/detail/patrol__functions.c
[3.006s] -- Up-to-date: /home/orin/test_ws/src/install/turtlebot3_msgs/include/turtlebot3_msgs/action/detail/patrol__struct.h
[3.006s] -- Up-to-date: /home/orin/test_ws/src/install/turtlebot3_msgs/include/turtlebot3_msgs/action/detail/patrol__type_support.h
[3.006s] -- Up-to-date: /home/orin/test_ws/src/install/turtlebot3_msgs/include/turtlebot3_msgs/srv
[3.006s] -- Up-to-date: /home/orin/test_ws/src/install/turtlebot3_msgs/include/turtlebot3_msgs/srv/dqn.h
[3.006s] -- Up-to-date: /home/orin/test_ws/src/install/turtlebot3_msgs/include/turtlebot3_msgs/srv/detail
[3.006s] -- Up-to-date: /home/orin/test_ws/src/install/turtlebot3_msgs/include/turtlebot3_msgs/srv/detail/dqn__functions.c
[3.006s] -- Up-to-date: /home/orin/test_ws/src/install/turtlebot3_msgs/include/turtlebot3_msgs/srv/detail/sound__struct.h
[3.007s] -- Up-to-date: /home/orin/test_ws/src/install/turtlebot3_msgs/include/turtlebot3_msgs/srv/detail/sound__functions.h
[3.008s] -- Up-to-date: /home/orin/test_ws/src/install/turtlebot3_msgs/include/turtlebot3_msgs/srv/detail/sound__functions.c
[3.008s] -- Up-to-date: /home/orin/test_ws/src/install/turtlebot3_msgs/include/turtlebot3_msgs/srv/detail/sound__type_support.h
[3.008s] -- Up-to-date: /home/orin/test_ws/src/install/turtlebot3_msgs/include/turtlebot3_msgs/srv/detail/dqn__struct.h
[3.008s] -- Up-to-date: /home/orin/test_ws/src/install/turtlebot3_msgs/include/turtlebot3_msgs/srv/detail/dqn__type_support.h
[3.008s] -- Up-to-date: /home/orin/test_ws/src/install/turtlebot3_msgs/include/turtlebot3_msgs/srv/detail/dqn__functions.h
[3.008s] -- Up-to-date: /home/orin/test_ws/src/install/turtlebot3_msgs/include/turtlebot3_msgs/srv/sound.h
[3.009s] -- Up-to-date: /home/orin/test_ws/src/install/turtlebot3_msgs/share/turtlebot3_msgs/environment/library_path.sh
[3.009s] -- Up-to-date: /home/orin/test_ws/src/install/turtlebot3_msgs/share/turtlebot3_msgs/environment/library_path.dsv
[3.009s] -- Up-to-date: /home/orin/test_ws/src/install/turtlebot3_msgs/lib/libturtlebot3_msgs__rosidl_generator_c.so
[3.009s] -- Up-to-date: /home/orin/test_ws/src/install/turtlebot3_msgs/include/turtlebot3_msgs
[3.009s] -- Up-to-date: /home/orin/test_ws/src/install/turtlebot3_msgs/include/turtlebot3_msgs/msg
[3.009s] -- Up-to-date: /home/orin/test_ws/src/install/turtlebot3_msgs/include/turtlebot3_msgs/msg/detail
[3.009s] -- Up-to-date: /home/orin/test_ws/src/install/turtlebot3_msgs/include/turtlebot3_msgs/msg/detail/sound__rosidl_typesupport_fastrtps_c.h
[3.010s] -- Up-to-date: /home/orin/test_ws/src/install/turtlebot3_msgs/include/turtlebot3_msgs/msg/detail/version_info__rosidl_typesupport_fastrtps_c.h
[3.010s] -- Up-to-date: /home/orin/test_ws/src/install/turtlebot3_msgs/include/turtlebot3_msgs/msg/detail/sensor_state__rosidl_typesupport_fastrtps_c.h
[3.010s] -- Up-to-date: /home/orin/test_ws/src/install/turtlebot3_msgs/include/turtlebot3_msgs/msg/rosidl_typesupport_fastrtps_c__visibility_control.h
[3.010s] -- Up-to-date: /home/orin/test_ws/src/install/turtlebot3_msgs/include/turtlebot3_msgs/action
[3.010s] -- Up-to-date: /home/orin/test_ws/src/install/turtlebot3_msgs/include/turtlebot3_msgs/action/detail
[3.010s] -- Up-to-date: /home/orin/test_ws/src/install/turtlebot3_msgs/include/turtlebot3_msgs/action/detail/patrol__rosidl_typesupport_fastrtps_c.h
[3.010s] -- Up-to-date: /home/orin/test_ws/src/install/turtlebot3_msgs/include/turtlebot3_msgs/srv
[3.011s] -- Up-to-date: /home/orin/test_ws/src/install/turtlebot3_msgs/include/turtlebot3_msgs/srv/detail
[3.011s] -- Up-to-date: /home/orin/test_ws/src/install/turtlebot3_msgs/include/turtlebot3_msgs/srv/detail/sound__rosidl_typesupport_fastrtps_c.h
[3.011s] -- Up-to-date: /home/orin/test_ws/src/install/turtlebot3_msgs/include/turtlebot3_msgs/srv/detail/dqn__rosidl_typesupport_fastrtps_c.h
[3.011s] -- Up-to-date: /home/orin/test_ws/src/install/turtlebot3_msgs/lib/libturtlebot3_msgs__rosidl_typesupport_fastrtps_c.so
[3.011s] -- Up-to-date: /home/orin/test_ws/src/install/turtlebot3_msgs/include/turtlebot3_msgs
[3.011s] -- Up-to-date: /home/orin/test_ws/src/install/turtlebot3_msgs/include/turtlebot3_msgs/msg
[3.012s] -- Up-to-date: /home/orin/test_ws/src/install/turtlebot3_msgs/include/turtlebot3_msgs/msg/detail
[3.012s] -- Up-to-date: /home/orin/test_ws/src/install/turtlebot3_msgs/include/turtlebot3_msgs/msg/detail/sound__rosidl_typesupport_fastrtps_cpp.hpp
[3.012s] -- Up-to-date: /home/orin/test_ws/src/install/turtlebot3_msgs/include/turtlebot3_msgs/msg/detail/version_info__rosidl_typesupport_fastrtps_cpp.hpp
[3.012s] -- Up-to-date: /home/orin/test_ws/src/install/turtlebot3_msgs/include/turtlebot3_msgs/msg/detail/dds_fastrtps
[3.012s] -- Up-to-date: /home/orin/test_ws/src/install/turtlebot3_msgs/include/turtlebot3_msgs/msg/detail/sensor_state__rosidl_typesupport_fastrtps_cpp.hpp
[3.012s] -- Up-to-date: /home/orin/test_ws/src/install/turtlebot3_msgs/include/turtlebot3_msgs/msg/rosidl_typesupport_fastrtps_cpp__visibility_control.h
[3.013s] -- Up-to-date: /home/orin/test_ws/src/install/turtlebot3_msgs/include/turtlebot3_msgs/action
[3.013s] -- Up-to-date: /home/orin/test_ws/src/install/turtlebot3_msgs/include/turtlebot3_msgs/action/detail
[3.014s] -- Up-to-date: /home/orin/test_ws/src/install/turtlebot3_msgs/include/turtlebot3_msgs/action/detail/patrol__rosidl_typesupport_fastrtps_cpp.hpp
[3.014s] -- Up-to-date: /home/orin/test_ws/src/install/turtlebot3_msgs/include/turtlebot3_msgs/action/detail/dds_fastrtps
[3.015s] -- Up-to-date: /home/orin/test_ws/src/install/turtlebot3_msgs/include/turtlebot3_msgs/srv
[3.015s] -- Up-to-date: /home/orin/test_ws/src/install/turtlebot3_msgs/include/turtlebot3_msgs/srv/detail
[3.015s] -- Up-to-date: /home/orin/test_ws/src/install/turtlebot3_msgs/include/turtlebot3_msgs/srv/detail/sound__rosidl_typesupport_fastrtps_cpp.hpp
[3.015s] -- Up-to-date: /home/orin/test_ws/src/install/turtlebot3_msgs/include/turtlebot3_msgs/srv/detail/dds_fastrtps
[3.015s] -- Up-to-date: /home/orin/test_ws/src/install/turtlebot3_msgs/include/turtlebot3_msgs/srv/detail/dqn__rosidl_typesupport_fastrtps_cpp.hpp
[3.015s] -- Up-to-date: /home/orin/test_ws/src/install/turtlebot3_msgs/lib/libturtlebot3_msgs__rosidl_typesupport_fastrtps_cpp.so
[3.015s] -- Up-to-date: /home/orin/test_ws/src/install/turtlebot3_msgs/include/turtlebot3_msgs
[3.016s] -- Up-to-date: /home/orin/test_ws/src/install/turtlebot3_msgs/include/turtlebot3_msgs/msg
[3.016s] -- Up-to-date: /home/orin/test_ws/src/install/turtlebot3_msgs/include/turtlebot3_msgs/msg/rosidl_typesupport_introspection_c__visibility_control.h
[3.016s] -- Up-to-date: /home/orin/test_ws/src/install/turtlebot3_msgs/include/turtlebot3_msgs/msg/detail
[3.016s] -- Up-to-date: /home/orin/test_ws/src/install/turtlebot3_msgs/include/turtlebot3_msgs/msg/detail/sensor_state__type_support.c
[3.016s] -- Up-to-date: /home/orin/test_ws/src/install/turtlebot3_msgs/include/turtlebot3_msgs/msg/detail/sensor_state__rosidl_typesupport_introspection_c.h
[3.016s] -- Up-to-date: /home/orin/test_ws/src/install/turtlebot3_msgs/include/turtlebot3_msgs/msg/detail/version_info__type_support.c
[3.016s] -- Up-to-date: /home/orin/test_ws/src/install/turtlebot3_msgs/include/turtlebot3_msgs/msg/detail/version_info__rosidl_typesupport_introspection_c.h
[3.017s] -- Up-to-date: /home/orin/test_ws/src/install/turtlebot3_msgs/include/turtlebot3_msgs/msg/detail/sound__rosidl_typesupport_introspection_c.h
[3.017s] -- Up-to-date: /home/orin/test_ws/src/install/turtlebot3_msgs/include/turtlebot3_msgs/msg/detail/sound__type_support.c
[3.027s] -- Up-to-date: /home/orin/test_ws/src/install/turtlebot3_msgs/include/turtlebot3_msgs/action
[3.028s] -- Up-to-date: /home/orin/test_ws/src/install/turtlebot3_msgs/include/turtlebot3_msgs/action/detail
[3.028s] -- Up-to-date: /home/orin/test_ws/src/install/turtlebot3_msgs/include/turtlebot3_msgs/action/detail/patrol__type_support.c
[3.028s] -- Up-to-date: /home/orin/test_ws/src/install/turtlebot3_msgs/include/turtlebot3_msgs/action/detail/patrol__rosidl_typesupport_introspection_c.h
[3.028s] -- Up-to-date: /home/orin/test_ws/src/install/turtlebot3_msgs/include/turtlebot3_msgs/srv
[3.028s] -- Up-to-date: /home/orin/test_ws/src/install/turtlebot3_msgs/include/turtlebot3_msgs/srv/detail
[3.028s] -- Up-to-date: /home/orin/test_ws/src/install/turtlebot3_msgs/include/turtlebot3_msgs/srv/detail/dqn__type_support.c
[3.028s] -- Up-to-date: /home/orin/test_ws/src/install/turtlebot3_msgs/include/turtlebot3_msgs/srv/detail/sound__rosidl_typesupport_introspection_c.h
[3.029s] -- Up-to-date: /home/orin/test_ws/src/install/turtlebot3_msgs/include/turtlebot3_msgs/srv/detail/dqn__rosidl_typesupport_introspection_c.h
[3.029s] -- Up-to-date: /home/orin/test_ws/src/install/turtlebot3_msgs/include/turtlebot3_msgs/srv/detail/sound__type_support.c
[3.029s] -- Up-to-date: /home/orin/test_ws/src/install/turtlebot3_msgs/lib/libturtlebot3_msgs__rosidl_typesupport_introspection_c.so
[3.031s] -- Up-to-date: /home/orin/test_ws/src/install/turtlebot3_msgs/lib/libturtlebot3_msgs__rosidl_typesupport_c.so
[3.031s] -- Up-to-date: /home/orin/test_ws/src/install/turtlebot3_msgs/include/turtlebot3_msgs
[3.031s] -- Up-to-date: /home/orin/test_ws/src/install/turtlebot3_msgs/include/turtlebot3_msgs/msg
[3.031s] -- Up-to-date: /home/orin/test_ws/src/install/turtlebot3_msgs/include/turtlebot3_msgs/msg/sensor_state.hpp
[3.031s] -- Up-to-date: /home/orin/test_ws/src/install/turtlebot3_msgs/include/turtlebot3_msgs/msg/detail
[3.031s] -- Up-to-date: /home/orin/test_ws/src/install/turtlebot3_msgs/include/turtlebot3_msgs/msg/detail/sensor_state__builder.hpp
[3.031s] -- Up-to-date: /home/orin/test_ws/src/install/turtlebot3_msgs/include/turtlebot3_msgs/msg/detail/version_info__type_support.hpp
[3.032s] -- Up-to-date: /home/orin/test_ws/src/install/turtlebot3_msgs/include/turtlebot3_msgs/msg/detail/sound__builder.hpp
[3.032s] -- Up-to-date: /home/orin/test_ws/src/install/turtlebot3_msgs/include/turtlebot3_msgs/msg/detail/sensor_state__struct.hpp
[3.032s] -- Up-to-date: /home/orin/test_ws/src/install/turtlebot3_msgs/include/turtlebot3_msgs/msg/detail/version_info__struct.hpp
[3.032s] -- Up-to-date: /home/orin/test_ws/src/install/turtlebot3_msgs/include/turtlebot3_msgs/msg/detail/version_info__traits.hpp
[3.033s] -- Up-to-date: /home/orin/test_ws/src/install/turtlebot3_msgs/include/turtlebot3_msgs/msg/detail/version_info__builder.hpp
[3.033s] -- Up-to-date: /home/orin/test_ws/src/install/turtlebot3_msgs/include/turtlebot3_msgs/msg/detail/sound__struct.hpp
[3.033s] -- Up-to-date: /home/orin/test_ws/src/install/turtlebot3_msgs/include/turtlebot3_msgs/msg/detail/sensor_state__type_support.hpp
[3.034s] -- Up-to-date: /home/orin/test_ws/src/install/turtlebot3_msgs/include/turtlebot3_msgs/msg/detail/sensor_state__traits.hpp
[3.034s] -- Up-to-date: /home/orin/test_ws/src/install/turtlebot3_msgs/include/turtlebot3_msgs/msg/detail/sound__type_support.hpp
[3.034s] -- Up-to-date: /home/orin/test_ws/src/install/turtlebot3_msgs/include/turtlebot3_msgs/msg/detail/sound__traits.hpp
[3.035s] -- Up-to-date: /home/orin/test_ws/src/install/turtlebot3_msgs/include/turtlebot3_msgs/msg/rosidl_generator_cpp__visibility_control.hpp
[3.035s] -- Up-to-date: /home/orin/test_ws/src/install/turtlebot3_msgs/include/turtlebot3_msgs/msg/sound.hpp
[3.035s] -- Up-to-date: /home/orin/test_ws/src/install/turtlebot3_msgs/include/turtlebot3_msgs/msg/version_info.hpp
[3.035s] -- Up-to-date: /home/orin/test_ws/src/install/turtlebot3_msgs/include/turtlebot3_msgs/action
[3.036s] -- Up-to-date: /home/orin/test_ws/src/install/turtlebot3_msgs/include/turtlebot3_msgs/action/detail
[3.036s] -- Up-to-date: /home/orin/test_ws/src/install/turtlebot3_msgs/include/turtlebot3_msgs/action/detail/patrol__type_support.hpp
[3.036s] -- Up-to-date: /home/orin/test_ws/src/install/turtlebot3_msgs/include/turtlebot3_msgs/action/detail/patrol__traits.hpp
[3.036s] -- Up-to-date: /home/orin/test_ws/src/install/turtlebot3_msgs/include/turtlebot3_msgs/action/detail/patrol__struct.hpp
[3.036s] -- Up-to-date: /home/orin/test_ws/src/install/turtlebot3_msgs/include/turtlebot3_msgs/action/detail/patrol__builder.hpp
[3.036s] -- Up-to-date: /home/orin/test_ws/src/install/turtlebot3_msgs/include/turtlebot3_msgs/action/patrol.hpp
[3.036s] -- Up-to-date: /home/orin/test_ws/src/install/turtlebot3_msgs/include/turtlebot3_msgs/srv
[3.037s] -- Up-to-date: /home/orin/test_ws/src/install/turtlebot3_msgs/include/turtlebot3_msgs/srv/dqn.hpp
[3.037s] -- Up-to-date: /home/orin/test_ws/src/install/turtlebot3_msgs/include/turtlebot3_msgs/srv/detail
[3.037s] -- Up-to-date: /home/orin/test_ws/src/install/turtlebot3_msgs/include/turtlebot3_msgs/srv/detail/sound__builder.hpp
[3.037s] -- Up-to-date: /home/orin/test_ws/src/install/turtlebot3_msgs/include/turtlebot3_msgs/srv/detail/dqn__builder.hpp
[3.037s] -- Up-to-date: /home/orin/test_ws/src/install/turtlebot3_msgs/include/turtlebot3_msgs/srv/detail/dqn__traits.hpp
[3.037s] -- Up-to-date: /home/orin/test_ws/src/install/turtlebot3_msgs/include/turtlebot3_msgs/srv/detail/dqn__struct.hpp
[3.038s] -- Up-to-date: /home/orin/test_ws/src/install/turtlebot3_msgs/include/turtlebot3_msgs/srv/detail/sound__struct.hpp
[3.038s] -- Up-to-date: /home/orin/test_ws/src/install/turtlebot3_msgs/include/turtlebot3_msgs/srv/detail/dqn__type_support.hpp
[3.047s] -- Up-to-date: /home/orin/test_ws/src/install/turtlebot3_msgs/include/turtlebot3_msgs/srv/detail/sound__type_support.hpp
[3.048s] -- Up-to-date: /home/orin/test_ws/src/install/turtlebot3_msgs/include/turtlebot3_msgs/srv/detail/sound__traits.hpp
[3.048s] -- Up-to-date: /home/orin/test_ws/src/install/turtlebot3_msgs/include/turtlebot3_msgs/srv/sound.hpp
[3.049s] -- Up-to-date: /home/orin/test_ws/src/install/turtlebot3_msgs/include/turtlebot3_msgs
[3.049s] -- Up-to-date: /home/orin/test_ws/src/install/turtlebot3_msgs/include/turtlebot3_msgs/msg
[3.049s] -- Up-to-date: /home/orin/test_ws/src/install/turtlebot3_msgs/include/turtlebot3_msgs/msg/detail
[3.050s] -- Up-to-date: /home/orin/test_ws/src/install/turtlebot3_msgs/include/turtlebot3_msgs/msg/detail/version_info__rosidl_typesupport_introspection_cpp.hpp
[3.050s] -- Up-to-date: /home/orin/test_ws/src/install/turtlebot3_msgs/include/turtlebot3_msgs/msg/detail/sound__rosidl_typesupport_introspection_cpp.hpp
[3.050s] -- Up-to-date: /home/orin/test_ws/src/install/turtlebot3_msgs/include/turtlebot3_msgs/msg/detail/sensor_state__type_support.cpp
[3.050s] -- Up-to-date: /home/orin/test_ws/src/install/turtlebot3_msgs/include/turtlebot3_msgs/msg/detail/version_info__type_support.cpp
[3.050s] -- Up-to-date: /home/orin/test_ws/src/install/turtlebot3_msgs/include/turtlebot3_msgs/msg/detail/sensor_state__rosidl_typesupport_introspection_cpp.hpp
[3.050s] -- Up-to-date: /home/orin/test_ws/src/install/turtlebot3_msgs/include/turtlebot3_msgs/msg/detail/sound__type_support.cpp
[3.050s] -- Up-to-date: /home/orin/test_ws/src/install/turtlebot3_msgs/include/turtlebot3_msgs/action
[3.051s] -- Up-to-date: /home/orin/test_ws/src/install/turtlebot3_msgs/include/turtlebot3_msgs/action/detail
[3.051s] -- Up-to-date: /home/orin/test_ws/src/install/turtlebot3_msgs/include/turtlebot3_msgs/action/detail/patrol__type_support.cpp
[3.051s] -- Up-to-date: /home/orin/test_ws/src/install/turtlebot3_msgs/include/turtlebot3_msgs/action/detail/patrol__rosidl_typesupport_introspection_cpp.hpp
[3.051s] -- Up-to-date: /home/orin/test_ws/src/install/turtlebot3_msgs/include/turtlebot3_msgs/srv
[3.051s] -- Up-to-date: /home/orin/test_ws/src/install/turtlebot3_msgs/include/turtlebot3_msgs/srv/detail
[3.051s] -- Up-to-date: /home/orin/test_ws/src/install/turtlebot3_msgs/include/turtlebot3_msgs/srv/detail/dqn__rosidl_typesupport_introspection_cpp.hpp
[3.051s] -- Up-to-date: /home/orin/test_ws/src/install/turtlebot3_msgs/include/turtlebot3_msgs/srv/detail/sound__rosidl_typesupport_introspection_cpp.hpp
[3.052s] -- Up-to-date: /home/orin/test_ws/src/install/turtlebot3_msgs/include/turtlebot3_msgs/srv/detail/sound__type_support.cpp
[3.052s] -- Up-to-date: /home/orin/test_ws/src/install/turtlebot3_msgs/include/turtlebot3_msgs/srv/detail/dqn__type_support.cpp
[3.052s] -- Up-to-date: /home/orin/test_ws/src/install/turtlebot3_msgs/lib/libturtlebot3_msgs__rosidl_typesupport_introspection_cpp.so
[3.054s] -- Up-to-date: /home/orin/test_ws/src/install/turtlebot3_msgs/lib/libturtlebot3_msgs__rosidl_typesupport_cpp.so
[3.070s] -- Up-to-date: /home/orin/test_ws/src/install/turtlebot3_msgs/share/turtlebot3_msgs/environment/pythonpath.sh
[3.070s] -- Up-to-date: /home/orin/test_ws/src/install/turtlebot3_msgs/share/turtlebot3_msgs/environment/pythonpath.dsv
[3.071s] -- Up-to-date: /home/orin/test_ws/src/install/turtlebot3_msgs/lib/python3.8/site-packages/turtlebot3_msgs/__init__.py
[3.156s] -- Up-to-date: /home/orin/test_ws/src/install/turtlebot3_msgs/lib/python3.8/site-packages/turtlebot3_msgs/msg
[3.156s] -- Up-to-date: /home/orin/test_ws/src/install/turtlebot3_msgs/lib/python3.8/site-packages/turtlebot3_msgs/msg/_sensor_state.py
[3.156s] -- Up-to-date: /home/orin/test_ws/src/install/turtlebot3_msgs/lib/python3.8/site-packages/turtlebot3_msgs/msg/_version_info.py
[3.156s] -- Up-to-date: /home/orin/test_ws/src/install/turtlebot3_msgs/lib/python3.8/site-packages/turtlebot3_msgs/msg/_sensor_state_s.c
[3.156s] -- Up-to-date: /home/orin/test_ws/src/install/turtlebot3_msgs/lib/python3.8/site-packages/turtlebot3_msgs/msg/__init__.py
[3.157s] -- Up-to-date: /home/orin/test_ws/src/install/turtlebot3_msgs/lib/python3.8/site-packages/turtlebot3_msgs/msg/_sound.py
[3.157s] -- Up-to-date: /home/orin/test_ws/src/install/turtlebot3_msgs/lib/python3.8/site-packages/turtlebot3_msgs/msg/_version_info_s.c
[3.157s] -- Up-to-date: /home/orin/test_ws/src/install/turtlebot3_msgs/lib/python3.8/site-packages/turtlebot3_msgs/msg/_sound_s.c
[3.157s] -- Up-to-date: /home/orin/test_ws/src/install/turtlebot3_msgs/lib/python3.8/site-packages/turtlebot3_msgs/srv
[3.157s] -- Up-to-date: /home/orin/test_ws/src/install/turtlebot3_msgs/lib/python3.8/site-packages/turtlebot3_msgs/srv/__init__.py
[3.157s] -- Up-to-date: /home/orin/test_ws/src/install/turtlebot3_msgs/lib/python3.8/site-packages/turtlebot3_msgs/srv/_sound.py
[3.158s] -- Up-to-date: /home/orin/test_ws/src/install/turtlebot3_msgs/lib/python3.8/site-packages/turtlebot3_msgs/srv/_dqn.py
[3.158s] -- Up-to-date: /home/orin/test_ws/src/install/turtlebot3_msgs/lib/python3.8/site-packages/turtlebot3_msgs/srv/_dqn_s.c
[3.158s] -- Up-to-date: /home/orin/test_ws/src/install/turtlebot3_msgs/lib/python3.8/site-packages/turtlebot3_msgs/srv/_sound_s.c
[3.158s] -- Up-to-date: /home/orin/test_ws/src/install/turtlebot3_msgs/lib/python3.8/site-packages/turtlebot3_msgs/action
[3.158s] -- Up-to-date: /home/orin/test_ws/src/install/turtlebot3_msgs/lib/python3.8/site-packages/turtlebot3_msgs/action/__init__.py
[3.159s] -- Up-to-date: /home/orin/test_ws/src/install/turtlebot3_msgs/lib/python3.8/site-packages/turtlebot3_msgs/action/_patrol_s.c
[3.159s] -- Up-to-date: /home/orin/test_ws/src/install/turtlebot3_msgs/lib/python3.8/site-packages/turtlebot3_msgs/action/_patrol.py
[3.159s] -- Up-to-date: /home/orin/test_ws/src/install/turtlebot3_msgs/lib/python3.8/site-packages/turtlebot3_msgs/turtlebot3_msgs_s__rosidl_typesupport_fastrtps_c.cpython-38-aarch64-linux-gnu.so
[3.160s] -- Up-to-date: /home/orin/test_ws/src/install/turtlebot3_msgs/lib/python3.8/site-packages/turtlebot3_msgs/turtlebot3_msgs_s__rosidl_typesupport_introspection_c.cpython-38-aarch64-linux-gnu.so
[3.161s] -- Up-to-date: /home/orin/test_ws/src/install/turtlebot3_msgs/lib/python3.8/site-packages/turtlebot3_msgs/turtlebot3_msgs_s__rosidl_typesupport_c.cpython-38-aarch64-linux-gnu.so
[3.161s] -- Up-to-date: /home/orin/test_ws/src/install/turtlebot3_msgs/lib/libturtlebot3_msgs__python.so
[3.161s] -- Up-to-date: /home/orin/test_ws/src/install/turtlebot3_msgs/share/turtlebot3_msgs/msg/SensorState.idl
[3.162s] -- Up-to-date: /home/orin/test_ws/src/install/turtlebot3_msgs/share/turtlebot3_msgs/msg/Sound.idl
[3.162s] -- Up-to-date: /home/orin/test_ws/src/install/turtlebot3_msgs/share/turtlebot3_msgs/msg/VersionInfo.idl
[3.163s] -- Up-to-date: /home/orin/test_ws/src/install/turtlebot3_msgs/share/turtlebot3_msgs/srv/Sound.idl
[3.163s] -- Up-to-date: /home/orin/test_ws/src/install/turtlebot3_msgs/share/turtlebot3_msgs/srv/Dqn.idl
[3.163s] -- Up-to-date: /home/orin/test_ws/src/install/turtlebot3_msgs/share/turtlebot3_msgs/action/Patrol.idl
[3.164s] -- Up-to-date: /home/orin/test_ws/src/install/turtlebot3_msgs/share/turtlebot3_msgs/msg/SensorState.msg
[3.166s] -- Up-to-date: /home/orin/test_ws/src/install/turtlebot3_msgs/share/turtlebot3_msgs/msg/Sound.msg
[3.166s] -- Up-to-date: /home/orin/test_ws/src/install/turtlebot3_msgs/share/turtlebot3_msgs/msg/VersionInfo.msg
[3.166s] -- Up-to-date: /home/orin/test_ws/src/install/turtlebot3_msgs/share/turtlebot3_msgs/srv/Sound.srv
[3.167s] -- Up-to-date: /home/orin/test_ws/src/install/turtlebot3_msgs/share/turtlebot3_msgs/srv/Sound_Request.msg
[3.167s] -- Up-to-date: /home/orin/test_ws/src/install/turtlebot3_msgs/share/turtlebot3_msgs/srv/Sound_Response.msg
[3.168s] -- Up-to-date: /home/orin/test_ws/src/install/turtlebot3_msgs/share/turtlebot3_msgs/srv/Dqn.srv
[3.168s] -- Up-to-date: /home/orin/test_ws/src/install/turtlebot3_msgs/share/turtlebot3_msgs/srv/Dqn_Request.msg
[3.168s] -- Up-to-date: /home/orin/test_ws/src/install/turtlebot3_msgs/share/turtlebot3_msgs/srv/Dqn_Response.msg
[3.169s] -- Up-to-date: /home/orin/test_ws/src/install/turtlebot3_msgs/share/turtlebot3_msgs/action/Patrol.action
[3.169s] -- Up-to-date: /home/orin/test_ws/src/install/turtlebot3_msgs/share/ament_index/resource_index/package_run_dependencies/turtlebot3_msgs
[3.170s] -- Up-to-date: /home/orin/test_ws/src/install/turtlebot3_msgs/share/ament_index/resource_index/parent_prefix_path/turtlebot3_msgs
[3.171s] -- Up-to-date: /home/orin/test_ws/src/install/turtlebot3_msgs/share/turtlebot3_msgs/environment/ament_prefix_path.sh
[3.172s] -- Up-to-date: /home/orin/test_ws/src/install/turtlebot3_msgs/share/turtlebot3_msgs/environment/ament_prefix_path.dsv
[3.172s] -- Up-to-date: /home/orin/test_ws/src/install/turtlebot3_msgs/share/turtlebot3_msgs/environment/path.sh
[3.172s] -- Up-to-date: /home/orin/test_ws/src/install/turtlebot3_msgs/share/turtlebot3_msgs/environment/path.dsv
[3.172s] -- Up-to-date: /home/orin/test_ws/src/install/turtlebot3_msgs/share/turtlebot3_msgs/local_setup.bash
[3.173s] -- Up-to-date: /home/orin/test_ws/src/install/turtlebot3_msgs/share/turtlebot3_msgs/local_setup.sh
[3.173s] -- Up-to-date: /home/orin/test_ws/src/install/turtlebot3_msgs/share/turtlebot3_msgs/local_setup.zsh
[3.173s] -- Up-to-date: /home/orin/test_ws/src/install/turtlebot3_msgs/share/turtlebot3_msgs/local_setup.dsv
[3.173s] -- Installing: /home/orin/test_ws/src/install/turtlebot3_msgs/share/turtlebot3_msgs/package.dsv
[3.174s] -- Up-to-date: /home/orin/test_ws/src/install/turtlebot3_msgs/share/ament_index/resource_index/packages/turtlebot3_msgs
[3.174s] -- Up-to-date: /home/orin/test_ws/src/install/turtlebot3_msgs/share/turtlebot3_msgs/cmake/turtlebot3_msgs__rosidl_generator_cExport.cmake
[3.174s] -- Up-to-date: /home/orin/test_ws/src/install/turtlebot3_msgs/share/turtlebot3_msgs/cmake/turtlebot3_msgs__rosidl_generator_cExport-noconfig.cmake
[3.174s] -- Up-to-date: /home/orin/test_ws/src/install/turtlebot3_msgs/share/turtlebot3_msgs/cmake/turtlebot3_msgs__rosidl_typesupport_introspection_cExport.cmake
[3.175s] -- Up-to-date: /home/orin/test_ws/src/install/turtlebot3_msgs/share/turtlebot3_msgs/cmake/turtlebot3_msgs__rosidl_typesupport_introspection_cExport-noconfig.cmake
[3.175s] -- Up-to-date: /home/orin/test_ws/src/install/turtlebot3_msgs/share/turtlebot3_msgs/cmake/turtlebot3_msgs__rosidl_typesupport_cExport.cmake
[3.175s] -- Up-to-date: /home/orin/test_ws/src/install/turtlebot3_msgs/share/turtlebot3_msgs/cmake/turtlebot3_msgs__rosidl_typesupport_cExport-noconfig.cmake
[3.176s] -- Up-to-date: /home/orin/test_ws/src/install/turtlebot3_msgs/share/turtlebot3_msgs/cmake/turtlebot3_msgs__rosidl_generator_cppExport.cmake
[3.177s] -- Up-to-date: /home/orin/test_ws/src/install/turtlebot3_msgs/share/turtlebot3_msgs/cmake/turtlebot3_msgs__rosidl_typesupport_introspection_cppExport.cmake
[3.177s] -- Up-to-date: /home/orin/test_ws/src/install/turtlebot3_msgs/share/turtlebot3_msgs/cmake/turtlebot3_msgs__rosidl_typesupport_introspection_cppExport-noconfig.cmake
[3.177s] -- Up-to-date: /home/orin/test_ws/src/install/turtlebot3_msgs/share/turtlebot3_msgs/cmake/turtlebot3_msgs__rosidl_typesupport_cppExport.cmake
[3.177s] -- Up-to-date: /home/orin/test_ws/src/install/turtlebot3_msgs/share/turtlebot3_msgs/cmake/turtlebot3_msgs__rosidl_typesupport_cppExport-noconfig.cmake
[3.178s] -- Up-to-date: /home/orin/test_ws/src/install/turtlebot3_msgs/share/turtlebot3_msgs/cmake/rosidl_cmake-extras.cmake
[3.178s] -- Up-to-date: /home/orin/test_ws/src/install/turtlebot3_msgs/share/turtlebot3_msgs/cmake/ament_cmake_export_dependencies-extras.cmake
[3.179s] -- Up-to-date: /home/orin/test_ws/src/install/turtlebot3_msgs/share/turtlebot3_msgs/cmake/ament_cmake_export_libraries-extras.cmake
[3.179s] -- Up-to-date: /home/orin/test_ws/src/install/turtlebot3_msgs/share/turtlebot3_msgs/cmake/ament_cmake_export_targets-extras.cmake
[3.179s] -- Up-to-date: /home/orin/test_ws/src/install/turtlebot3_msgs/share/turtlebot3_msgs/cmake/ament_cmake_export_include_directories-extras.cmake
[3.180s] -- Up-to-date: /home/orin/test_ws/src/install/turtlebot3_msgs/share/turtlebot3_msgs/cmake/rosidl_cmake_export_typesupport_libraries-extras.cmake
[3.180s] -- Up-to-date: /home/orin/test_ws/src/install/turtlebot3_msgs/share/turtlebot3_msgs/cmake/rosidl_cmake_export_typesupport_targets-extras.cmake
[3.180s] -- Up-to-date: /home/orin/test_ws/src/install/turtlebot3_msgs/share/turtlebot3_msgs/cmake/turtlebot3_msgsConfig.cmake
[3.181s] -- Up-to-date: /home/orin/test_ws/src/install/turtlebot3_msgs/share/turtlebot3_msgs/cmake/turtlebot3_msgsConfig-version.cmake
[3.181s] -- Up-to-date: /home/orin/test_ws/src/install/turtlebot3_msgs/share/turtlebot3_msgs/package.xml
[3.413s] Invoked command in '/home/orin/test_ws/src/build/turtlebot3_msgs' returned '0': CMAKE_PREFIX_PATH=${CMAKE_PREFIX_PATH}:/home/orin/test_ws/src/install/turtlebot3_teleop:/home/orin/test_ws/src/install/turtlebot3_example:/home/orin/test_ws/src/install/object_detection:/home/orin/test_ws/src/install/nv2:/home/orin/test_ws/src/install/detect_lane:/home/orin/test_ws/src/install/core:/home/orin/test_ws/src/install/control:/home/orin/test_ws/src/install/camera:/opt/ros/foxy /usr/local/bin/cmake --install /home/orin/test_ws/src/build/turtlebot3_msgs
