running egg_info
writing ../build/control/control.egg-info/PKG-INFO
writing dependency_links to ../build/control/control.egg-info/dependency_links.txt
writing entry points to ../build/control/control.egg-info/entry_points.txt
writing requirements to ../build/control/control.egg-info/requires.txt
writing top-level names to ../build/control/control.egg-info/top_level.txt
reading manifest file '../build/control/control.egg-info/SOURCES.txt'
writing manifest file '../build/control/control.egg-info/SOURCES.txt'
running build
running build_py
running install
running install_lib
running install_data
running install_egg_info
removing '/home/orin/test_ws/src/install/control/lib/python3.8/site-packages/control-0.0.0-py3.8.egg-info' (and everything under it)
Copying ../build/control/control.egg-info to /home/orin/test_ws/src/install/control/lib/python3.8/site-packages/control-0.0.0-py3.8.egg-info
running install_scripts
Installing control_auto_avoidance script to /home/orin/test_ws/src/install/control/lib/control
Installing control_avoidance script to /home/orin/test_ws/src/install/control/lib/control
Installing control_avoidance_2 script to /home/orin/test_ws/src/install/control/lib/control
Installing control_avoidance_v2_test script to /home/orin/test_ws/src/install/control/lib/control
Installing control_lane script to /home/orin/test_ws/src/install/control/lib/control
Installing control_pack script to /home/orin/test_ws/src/install/control/lib/control
Installing control_pack_2 script to /home/orin/test_ws/src/install/control/lib/control
Installing navigation_controller script to /home/orin/test_ws/src/install/control/lib/control
writing list of installed files to '/home/orin/test_ws/src/build/control/install.log'
