[5.320s] Invoking command in '/home/orin/test_ws/src/control': PYTHONPATH=/home/orin/test_ws/src/build/control/prefix_override:/usr/lib/python3/dist-packages/colcon_core/task/python/colcon_distutils_commands:/home/orin/test_ws/src/install/control/lib/python3.8/site-packages: /usr/bin/python3 -W ignore:setup.py install is deprecated -W ignore:easy_install command is deprecated setup.py egg_info --egg-base ../build/control build --build-base /home/orin/test_ws/src/build/control/build install --record /home/orin/test_ws/src/build/control/install.log --single-version-externally-managed install_data
[5.810s] running egg_info
[5.810s] writing ../build/control/control.egg-info/PKG-INFO
[5.810s] writing dependency_links to ../build/control/control.egg-info/dependency_links.txt
[5.811s] writing entry points to ../build/control/control.egg-info/entry_points.txt
[5.811s] writing requirements to ../build/control/control.egg-info/requires.txt
[5.811s] writing top-level names to ../build/control/control.egg-info/top_level.txt
[5.887s] reading manifest file '../build/control/control.egg-info/SOURCES.txt'
[5.889s] writing manifest file '../build/control/control.egg-info/SOURCES.txt'
[5.890s] running build
[5.890s] running build_py
[5.893s] running install
[5.895s] running install_lib
[5.901s] running install_data
[5.903s] running install_egg_info
[5.909s] removing '/home/orin/test_ws/src/install/control/lib/python3.8/site-packages/control-0.0.0-py3.8.egg-info' (and everything under it)
[5.911s] Copying ../build/control/control.egg-info to /home/orin/test_ws/src/install/control/lib/python3.8/site-packages/control-0.0.0-py3.8.egg-info
[5.914s] running install_scripts
[5.973s] Installing control_auto_avoidance script to /home/orin/test_ws/src/install/control/lib/control
[5.973s] Installing control_avoidance script to /home/orin/test_ws/src/install/control/lib/control
[5.974s] Installing control_avoidance_2 script to /home/orin/test_ws/src/install/control/lib/control
[5.975s] Installing control_avoidance_v2_test script to /home/orin/test_ws/src/install/control/lib/control
[5.976s] Installing control_lane script to /home/orin/test_ws/src/install/control/lib/control
[5.977s] Installing control_pack script to /home/orin/test_ws/src/install/control/lib/control
[5.980s] Installing control_pack_2 script to /home/orin/test_ws/src/install/control/lib/control
[5.981s] Installing navigation_controller script to /home/orin/test_ws/src/install/control/lib/control
[5.984s] writing list of installed files to '/home/orin/test_ws/src/build/control/install.log'
[6.072s] Invoked command in '/home/orin/test_ws/src/control' returned '0': PYTHONPATH=/home/orin/test_ws/src/build/control/prefix_override:/usr/lib/python3/dist-packages/colcon_core/task/python/colcon_distutils_commands:/home/orin/test_ws/src/install/control/lib/python3.8/site-packages: /usr/bin/python3 -W ignore:setup.py install is deprecated -W ignore:easy_install command is deprecated setup.py egg_info --egg-base ../build/control build --build-base /home/orin/test_ws/src/build/control/build install --record /home/orin/test_ws/src/build/control/install.log --single-version-externally-managed install_data
