[3.049s] Invoking command in '/home/orin/test_ws/src/nv2': PYTHONPATH=/home/orin/test_ws/src/build/nv2/prefix_override:/usr/lib/python3/dist-packages/colcon_core/task/python/colcon_distutils_commands:/home/orin/test_ws/src/install/nv2/lib/python3.8/site-packages:${PYTHONPATH} /usr/bin/python3 -W ignore:setup.py install is deprecated -W ignore:easy_install command is deprecated setup.py egg_info --egg-base ../build/nv2 build --build-base /home/orin/test_ws/src/build/nv2/build install --record /home/orin/test_ws/src/build/nv2/install.log --single-version-externally-managed install_data
[3.549s] running egg_info
[3.550s] writing ../build/nv2/nv2.egg-info/PKG-INFO
[3.551s] writing dependency_links to ../build/nv2/nv2.egg-info/dependency_links.txt
[3.552s] writing entry points to ../build/nv2/nv2.egg-info/entry_points.txt
[3.552s] writing requirements to ../build/nv2/nv2.egg-info/requires.txt
[3.553s] writing top-level names to ../build/nv2/nv2.egg-info/top_level.txt
[3.623s] reading manifest file '../build/nv2/nv2.egg-info/SOURCES.txt'
[3.625s] writing manifest file '../build/nv2/nv2.egg-info/SOURCES.txt'
[3.625s] running build
[3.625s] running build_py
[3.626s] running install
[3.628s] running install_lib
[3.632s] running install_data
[3.632s] running install_egg_info
[3.637s] removing '/home/orin/test_ws/src/install/nv2/lib/python3.8/site-packages/nv2-0.0.0-py3.8.egg-info' (and everything under it)
[3.638s] Copying ../build/nv2/nv2.egg-info to /home/orin/test_ws/src/install/nv2/lib/python3.8/site-packages/nv2-0.0.0-py3.8.egg-info
[3.641s] running install_scripts
[3.682s] Installing example_follow_path script to /home/orin/test_ws/src/install/nv2/lib/nv2
[3.682s] Installing navigation script to /home/orin/test_ws/src/install/nv2/lib/nv2
[3.683s] writing list of installed files to '/home/orin/test_ws/src/build/nv2/install.log'
[3.766s] Invoked command in '/home/orin/test_ws/src/nv2' returned '0': PYTHONPATH=/home/orin/test_ws/src/build/nv2/prefix_override:/usr/lib/python3/dist-packages/colcon_core/task/python/colcon_distutils_commands:/home/orin/test_ws/src/install/nv2/lib/python3.8/site-packages:${PYTHONPATH} /usr/bin/python3 -W ignore:setup.py install is deprecated -W ignore:easy_install command is deprecated setup.py egg_info --egg-base ../build/nv2 build --build-base /home/orin/test_ws/src/build/nv2/build install --record /home/orin/test_ws/src/build/nv2/install.log --single-version-externally-managed install_data
