[2.575s] Invoking command in '/home/orin/test_ws/src/build/detect_interfaces': CMAKE_PREFIX_PATH=${CMAKE_PREFIX_PATH}:/home/orin/test_ws/src/install/turtlebot3_teleop:/home/orin/test_ws/src/install/turtlebot3_example:/home/orin/test_ws/src/install/object_detection:/home/orin/test_ws/src/install/nv2:/home/orin/test_ws/src/install/detect_lane:/home/orin/test_ws/src/install/core:/home/orin/test_ws/src/install/control:/home/orin/test_ws/src/install/camera:/opt/ros/foxy /usr/local/bin/cmake --build /home/orin/test_ws/src/build/detect_interfaces -- -j12 -l12
[2.703s] [  3%] Built target detect_interfaces__cpp
[2.704s] [ 12%] Built target detect_interfaces__rosidl_generator_c
[2.730s] [ 22%] Built target detect_interfaces__rosidl_typesupport_c
[2.731s] [ 32%] Built target detect_interfaces__rosidl_typesupport_introspection_cpp
[2.731s] [ 41%] Built target detect_interfaces__rosidl_typesupport_cpp
[2.733s] [ 51%] Built target detect_interfaces__rosidl_typesupport_fastrtps_cpp
[2.737s] [ 61%] Built target detect_interfaces__rosidl_typesupport_introspection_c
[2.766s] [ 70%] Built target detect_interfaces__rosidl_typesupport_fastrtps_c
[2.785s] [ 70%] Built target detect_interfaces
[2.900s] [ 74%] Built target detect_interfaces__py
[2.952s] [ 80%] Built target detect_interfaces__python
[2.955s] [ 87%] Built target detect_interfaces__rosidl_typesupport_c__pyext
[2.971s] [100%] Built target detect_interfaces__rosidl_typesupport_introspection_c__pyext
[2.971s] [100%] Built target detect_interfaces__rosidl_typesupport_fastrtps_c__pyext
[3.214s] Invoked command in '/home/orin/test_ws/src/build/detect_interfaces' returned '0': CMAKE_PREFIX_PATH=${CMAKE_PREFIX_PATH}:/home/orin/test_ws/src/install/turtlebot3_teleop:/home/orin/test_ws/src/install/turtlebot3_example:/home/orin/test_ws/src/install/object_detection:/home/orin/test_ws/src/install/nv2:/home/orin/test_ws/src/install/detect_lane:/home/orin/test_ws/src/install/core:/home/orin/test_ws/src/install/control:/home/orin/test_ws/src/install/camera:/opt/ros/foxy /usr/local/bin/cmake --build /home/orin/test_ws/src/build/detect_interfaces -- -j12 -l12
[3.223s] Invoking command in '/home/orin/test_ws/src/build/detect_interfaces': CMAKE_PREFIX_PATH=${CMAKE_PREFIX_PATH}:/home/orin/test_ws/src/install/turtlebot3_teleop:/home/orin/test_ws/src/install/turtlebot3_example:/home/orin/test_ws/src/install/object_detection:/home/orin/test_ws/src/install/nv2:/home/orin/test_ws/src/install/detect_lane:/home/orin/test_ws/src/install/core:/home/orin/test_ws/src/install/control:/home/orin/test_ws/src/install/camera:/opt/ros/foxy /usr/local/bin/cmake --install /home/orin/test_ws/src/build/detect_interfaces
[3.349s] -- Install configuration: ""
[3.350s] -- Up-to-date: /home/orin/test_ws/src/install/detect_interfaces/share/ament_index/resource_index/rosidl_interfaces/detect_interfaces
[3.350s] -- Up-to-date: /home/orin/test_ws/src/install/detect_interfaces/include/detect_interfaces
[3.350s] -- Up-to-date: /home/orin/test_ws/src/install/detect_interfaces/include/detect_interfaces/msg
[3.350s] -- Up-to-date: /home/orin/test_ws/src/install/detect_interfaces/include/detect_interfaces/msg/rosidl_generator_c__visibility_control.h
[3.351s] -- Up-to-date: /home/orin/test_ws/src/install/detect_interfaces/include/detect_interfaces/msg/detail
[3.351s] -- Up-to-date: /home/orin/test_ws/src/install/detect_interfaces/include/detect_interfaces/msg/detail/bounding_box__functions.c
[3.351s] -- Up-to-date: /home/orin/test_ws/src/install/detect_interfaces/include/detect_interfaces/msg/detail/bounding_box__functions.h
[3.352s] -- Up-to-date: /home/orin/test_ws/src/install/detect_interfaces/include/detect_interfaces/msg/detail/bounding_box__type_support.h
[3.352s] -- Up-to-date: /home/orin/test_ws/src/install/detect_interfaces/include/detect_interfaces/msg/detail/bounding_box__struct.h
[3.352s] -- Up-to-date: /home/orin/test_ws/src/install/detect_interfaces/include/detect_interfaces/msg/bounding_box.h
[3.352s] -- Up-to-date: /home/orin/test_ws/src/install/detect_interfaces/share/detect_interfaces/environment/library_path.sh
[3.352s] -- Up-to-date: /home/orin/test_ws/src/install/detect_interfaces/share/detect_interfaces/environment/library_path.dsv
[3.353s] -- Up-to-date: /home/orin/test_ws/src/install/detect_interfaces/lib/libdetect_interfaces__rosidl_generator_c.so
[3.353s] -- Up-to-date: /home/orin/test_ws/src/install/detect_interfaces/include/detect_interfaces
[3.353s] -- Up-to-date: /home/orin/test_ws/src/install/detect_interfaces/include/detect_interfaces/msg
[3.353s] -- Up-to-date: /home/orin/test_ws/src/install/detect_interfaces/include/detect_interfaces/msg/detail
[3.354s] -- Up-to-date: /home/orin/test_ws/src/install/detect_interfaces/include/detect_interfaces/msg/detail/bounding_box__rosidl_typesupport_fastrtps_c.h
[3.354s] -- Up-to-date: /home/orin/test_ws/src/install/detect_interfaces/include/detect_interfaces/msg/rosidl_typesupport_fastrtps_c__visibility_control.h
[3.354s] -- Up-to-date: /home/orin/test_ws/src/install/detect_interfaces/lib/libdetect_interfaces__rosidl_typesupport_fastrtps_c.so
[3.354s] -- Up-to-date: /home/orin/test_ws/src/install/detect_interfaces/include/detect_interfaces
[3.355s] -- Up-to-date: /home/orin/test_ws/src/install/detect_interfaces/include/detect_interfaces/msg
[3.355s] -- Up-to-date: /home/orin/test_ws/src/install/detect_interfaces/include/detect_interfaces/msg/detail
[3.355s] -- Up-to-date: /home/orin/test_ws/src/install/detect_interfaces/include/detect_interfaces/msg/detail/bounding_box__rosidl_typesupport_fastrtps_cpp.hpp
[3.356s] -- Up-to-date: /home/orin/test_ws/src/install/detect_interfaces/include/detect_interfaces/msg/detail/dds_fastrtps
[3.356s] -- Up-to-date: /home/orin/test_ws/src/install/detect_interfaces/include/detect_interfaces/msg/rosidl_typesupport_fastrtps_cpp__visibility_control.h
[3.357s] -- Up-to-date: /home/orin/test_ws/src/install/detect_interfaces/lib/libdetect_interfaces__rosidl_typesupport_fastrtps_cpp.so
[3.357s] -- Up-to-date: /home/orin/test_ws/src/install/detect_interfaces/include/detect_interfaces
[3.358s] -- Up-to-date: /home/orin/test_ws/src/install/detect_interfaces/include/detect_interfaces/msg
[3.358s] -- Up-to-date: /home/orin/test_ws/src/install/detect_interfaces/include/detect_interfaces/msg/rosidl_typesupport_introspection_c__visibility_control.h
[3.358s] -- Up-to-date: /home/orin/test_ws/src/install/detect_interfaces/include/detect_interfaces/msg/detail
[3.359s] -- Up-to-date: /home/orin/test_ws/src/install/detect_interfaces/include/detect_interfaces/msg/detail/bounding_box__rosidl_typesupport_introspection_c.h
[3.359s] -- Up-to-date: /home/orin/test_ws/src/install/detect_interfaces/include/detect_interfaces/msg/detail/bounding_box__type_support.c
[3.359s] -- Up-to-date: /home/orin/test_ws/src/install/detect_interfaces/lib/libdetect_interfaces__rosidl_typesupport_introspection_c.so
[3.359s] -- Up-to-date: /home/orin/test_ws/src/install/detect_interfaces/lib/libdetect_interfaces__rosidl_typesupport_c.so
[3.359s] -- Up-to-date: /home/orin/test_ws/src/install/detect_interfaces/include/detect_interfaces
[3.359s] -- Up-to-date: /home/orin/test_ws/src/install/detect_interfaces/include/detect_interfaces/msg
[3.360s] -- Up-to-date: /home/orin/test_ws/src/install/detect_interfaces/include/detect_interfaces/msg/detail
[3.360s] -- Up-to-date: /home/orin/test_ws/src/install/detect_interfaces/include/detect_interfaces/msg/detail/bounding_box__traits.hpp
[3.360s] -- Up-to-date: /home/orin/test_ws/src/install/detect_interfaces/include/detect_interfaces/msg/detail/bounding_box__struct.hpp
[3.360s] -- Up-to-date: /home/orin/test_ws/src/install/detect_interfaces/include/detect_interfaces/msg/detail/bounding_box__builder.hpp
[3.361s] -- Up-to-date: /home/orin/test_ws/src/install/detect_interfaces/include/detect_interfaces/msg/detail/bounding_box__type_support.hpp
[3.361s] -- Up-to-date: /home/orin/test_ws/src/install/detect_interfaces/include/detect_interfaces/msg/bounding_box.hpp
[3.361s] -- Up-to-date: /home/orin/test_ws/src/install/detect_interfaces/include/detect_interfaces/msg/rosidl_generator_cpp__visibility_control.hpp
[3.361s] -- Up-to-date: /home/orin/test_ws/src/install/detect_interfaces/include/detect_interfaces
[3.362s] -- Up-to-date: /home/orin/test_ws/src/install/detect_interfaces/include/detect_interfaces/msg
[3.362s] -- Up-to-date: /home/orin/test_ws/src/install/detect_interfaces/include/detect_interfaces/msg/detail
[3.362s] -- Up-to-date: /home/orin/test_ws/src/install/detect_interfaces/include/detect_interfaces/msg/detail/bounding_box__rosidl_typesupport_introspection_cpp.hpp
[3.362s] -- Up-to-date: /home/orin/test_ws/src/install/detect_interfaces/include/detect_interfaces/msg/detail/bounding_box__type_support.cpp
[3.362s] -- Up-to-date: /home/orin/test_ws/src/install/detect_interfaces/lib/libdetect_interfaces__rosidl_typesupport_introspection_cpp.so
[3.362s] -- Up-to-date: /home/orin/test_ws/src/install/detect_interfaces/lib/libdetect_interfaces__rosidl_typesupport_cpp.so
[3.363s] -- Up-to-date: /home/orin/test_ws/src/install/detect_interfaces/share/detect_interfaces/environment/pythonpath.sh
[3.363s] -- Up-to-date: /home/orin/test_ws/src/install/detect_interfaces/share/detect_interfaces/environment/pythonpath.dsv
[3.363s] -- Up-to-date: /home/orin/test_ws/src/install/detect_interfaces/lib/python3.8/site-packages/detect_interfaces/__init__.py
[3.434s] -- Up-to-date: /home/orin/test_ws/src/install/detect_interfaces/lib/python3.8/site-packages/detect_interfaces/msg
[3.434s] -- Up-to-date: /home/orin/test_ws/src/install/detect_interfaces/lib/python3.8/site-packages/detect_interfaces/msg/_bounding_box_s.c
[3.435s] -- Up-to-date: /home/orin/test_ws/src/install/detect_interfaces/lib/python3.8/site-packages/detect_interfaces/msg/__init__.py
[3.435s] -- Up-to-date: /home/orin/test_ws/src/install/detect_interfaces/lib/python3.8/site-packages/detect_interfaces/msg/_bounding_box.py
[3.435s] -- Up-to-date: /home/orin/test_ws/src/install/detect_interfaces/lib/python3.8/site-packages/detect_interfaces/detect_interfaces_s__rosidl_typesupport_fastrtps_c.cpython-38-aarch64-linux-gnu.so
[3.436s] -- Up-to-date: /home/orin/test_ws/src/install/detect_interfaces/lib/python3.8/site-packages/detect_interfaces/detect_interfaces_s__rosidl_typesupport_introspection_c.cpython-38-aarch64-linux-gnu.so
[3.436s] -- Up-to-date: /home/orin/test_ws/src/install/detect_interfaces/lib/python3.8/site-packages/detect_interfaces/detect_interfaces_s__rosidl_typesupport_c.cpython-38-aarch64-linux-gnu.so
[3.437s] -- Up-to-date: /home/orin/test_ws/src/install/detect_interfaces/lib/libdetect_interfaces__python.so
[3.437s] -- Up-to-date: /home/orin/test_ws/src/install/detect_interfaces/share/detect_interfaces/msg/BoundingBox.idl
[3.437s] -- Up-to-date: /home/orin/test_ws/src/install/detect_interfaces/share/detect_interfaces/msg/BoundingBox.msg
[3.437s] -- Up-to-date: /home/orin/test_ws/src/install/detect_interfaces/share/ament_index/resource_index/package_run_dependencies/detect_interfaces
[3.438s] -- Up-to-date: /home/orin/test_ws/src/install/detect_interfaces/share/ament_index/resource_index/parent_prefix_path/detect_interfaces
[3.438s] -- Up-to-date: /home/orin/test_ws/src/install/detect_interfaces/share/detect_interfaces/environment/ament_prefix_path.sh
[3.438s] -- Up-to-date: /home/orin/test_ws/src/install/detect_interfaces/share/detect_interfaces/environment/ament_prefix_path.dsv
[3.438s] -- Up-to-date: /home/orin/test_ws/src/install/detect_interfaces/share/detect_interfaces/environment/path.sh
[3.438s] -- Up-to-date: /home/orin/test_ws/src/install/detect_interfaces/share/detect_interfaces/environment/path.dsv
[3.438s] -- Up-to-date: /home/orin/test_ws/src/install/detect_interfaces/share/detect_interfaces/local_setup.bash
[3.439s] -- Up-to-date: /home/orin/test_ws/src/install/detect_interfaces/share/detect_interfaces/local_setup.sh
[3.439s] -- Up-to-date: /home/orin/test_ws/src/install/detect_interfaces/share/detect_interfaces/local_setup.zsh
[3.439s] -- Up-to-date: /home/orin/test_ws/src/install/detect_interfaces/share/detect_interfaces/local_setup.dsv
[3.439s] -- Installing: /home/orin/test_ws/src/install/detect_interfaces/share/detect_interfaces/package.dsv
[3.439s] -- Up-to-date: /home/orin/test_ws/src/install/detect_interfaces/share/ament_index/resource_index/packages/detect_interfaces
[3.439s] -- Up-to-date: /home/orin/test_ws/src/install/detect_interfaces/share/detect_interfaces/cmake/detect_interfaces__rosidl_generator_cExport.cmake
[3.439s] -- Up-to-date: /home/orin/test_ws/src/install/detect_interfaces/share/detect_interfaces/cmake/detect_interfaces__rosidl_generator_cExport-noconfig.cmake
[3.440s] -- Up-to-date: /home/orin/test_ws/src/install/detect_interfaces/share/detect_interfaces/cmake/detect_interfaces__rosidl_typesupport_introspection_cExport.cmake
[3.440s] -- Up-to-date: /home/orin/test_ws/src/install/detect_interfaces/share/detect_interfaces/cmake/detect_interfaces__rosidl_typesupport_introspection_cExport-noconfig.cmake
[3.440s] -- Up-to-date: /home/orin/test_ws/src/install/detect_interfaces/share/detect_interfaces/cmake/detect_interfaces__rosidl_typesupport_cExport.cmake
[3.440s] -- Up-to-date: /home/orin/test_ws/src/install/detect_interfaces/share/detect_interfaces/cmake/detect_interfaces__rosidl_typesupport_cExport-noconfig.cmake
[3.441s] -- Up-to-date: /home/orin/test_ws/src/install/detect_interfaces/share/detect_interfaces/cmake/detect_interfaces__rosidl_generator_cppExport.cmake
[3.441s] -- Up-to-date: /home/orin/test_ws/src/install/detect_interfaces/share/detect_interfaces/cmake/detect_interfaces__rosidl_typesupport_introspection_cppExport.cmake
[3.441s] -- Up-to-date: /home/orin/test_ws/src/install/detect_interfaces/share/detect_interfaces/cmake/detect_interfaces__rosidl_typesupport_introspection_cppExport-noconfig.cmake
[3.441s] -- Up-to-date: /home/orin/test_ws/src/install/detect_interfaces/share/detect_interfaces/cmake/detect_interfaces__rosidl_typesupport_cppExport.cmake
[3.441s] -- Up-to-date: /home/orin/test_ws/src/install/detect_interfaces/share/detect_interfaces/cmake/detect_interfaces__rosidl_typesupport_cppExport-noconfig.cmake
[3.441s] -- Up-to-date: /home/orin/test_ws/src/install/detect_interfaces/share/detect_interfaces/cmake/rosidl_cmake-extras.cmake
[3.442s] -- Up-to-date: /home/orin/test_ws/src/install/detect_interfaces/share/detect_interfaces/cmake/ament_cmake_export_dependencies-extras.cmake
[3.442s] -- Up-to-date: /home/orin/test_ws/src/install/detect_interfaces/share/detect_interfaces/cmake/ament_cmake_export_libraries-extras.cmake
[3.442s] -- Up-to-date: /home/orin/test_ws/src/install/detect_interfaces/share/detect_interfaces/cmake/ament_cmake_export_targets-extras.cmake
[3.442s] -- Up-to-date: /home/orin/test_ws/src/install/detect_interfaces/share/detect_interfaces/cmake/ament_cmake_export_include_directories-extras.cmake
[3.442s] -- Up-to-date: /home/orin/test_ws/src/install/detect_interfaces/share/detect_interfaces/cmake/rosidl_cmake_export_typesupport_libraries-extras.cmake
[3.442s] -- Up-to-date: /home/orin/test_ws/src/install/detect_interfaces/share/detect_interfaces/cmake/rosidl_cmake_export_typesupport_targets-extras.cmake
[3.442s] -- Up-to-date: /home/orin/test_ws/src/install/detect_interfaces/share/detect_interfaces/cmake/detect_interfacesConfig.cmake
[3.443s] -- Up-to-date: /home/orin/test_ws/src/install/detect_interfaces/share/detect_interfaces/cmake/detect_interfacesConfig-version.cmake
[3.443s] -- Up-to-date: /home/orin/test_ws/src/install/detect_interfaces/share/detect_interfaces/package.xml
[5.297s] Invoked command in '/home/orin/test_ws/src/build/detect_interfaces' returned '0': CMAKE_PREFIX_PATH=${CMAKE_PREFIX_PATH}:/home/orin/test_ws/src/install/turtlebot3_teleop:/home/orin/test_ws/src/install/turtlebot3_example:/home/orin/test_ws/src/install/object_detection:/home/orin/test_ws/src/install/nv2:/home/orin/test_ws/src/install/detect_lane:/home/orin/test_ws/src/install/core:/home/orin/test_ws/src/install/control:/home/orin/test_ws/src/install/camera:/opt/ros/foxy /usr/local/bin/cmake --install /home/orin/test_ws/src/build/detect_interfaces
