[0.209s] Invoking command in '/home/orin/test_ws/src/build/turtlebot3_cartographer': CMAKE_PREFIX_PATH=${CMAKE_PREFIX_PATH}:/home/orin/test_ws/src/install/turtlebot3_teleop:/home/orin/test_ws/src/install/turtlebot3_example:/home/orin/test_ws/src/install/object_detection:/home/orin/test_ws/src/install/nv2:/home/orin/test_ws/src/install/detect_lane:/home/orin/test_ws/src/install/core:/home/orin/test_ws/src/install/control:/home/orin/test_ws/src/install/camera:/opt/ros/foxy /usr/local/bin/cmake --build /home/orin/test_ws/src/build/turtlebot3_cartographer -- -j12 -l12
[2.875s] Invoked command in '/home/orin/test_ws/src/build/turtlebot3_cartographer' returned '0': CMAKE_PREFIX_PATH=${CMAKE_PREFIX_PATH}:/home/orin/test_ws/src/install/turtlebot3_teleop:/home/orin/test_ws/src/install/turtlebot3_example:/home/orin/test_ws/src/install/object_detection:/home/orin/test_ws/src/install/nv2:/home/orin/test_ws/src/install/detect_lane:/home/orin/test_ws/src/install/core:/home/orin/test_ws/src/install/control:/home/orin/test_ws/src/install/camera:/opt/ros/foxy /usr/local/bin/cmake --build /home/orin/test_ws/src/build/turtlebot3_cartographer -- -j12 -l12
[2.882s] Invoking command in '/home/orin/test_ws/src/build/turtlebot3_cartographer': CMAKE_PREFIX_PATH=${CMAKE_PREFIX_PATH}:/home/orin/test_ws/src/install/turtlebot3_teleop:/home/orin/test_ws/src/install/turtlebot3_example:/home/orin/test_ws/src/install/object_detection:/home/orin/test_ws/src/install/nv2:/home/orin/test_ws/src/install/detect_lane:/home/orin/test_ws/src/install/core:/home/orin/test_ws/src/install/control:/home/orin/test_ws/src/install/camera:/opt/ros/foxy /usr/local/bin/cmake --install /home/orin/test_ws/src/build/turtlebot3_cartographer
[3.037s] -- Install configuration: ""
[3.037s] -- Up-to-date: /home/orin/test_ws/src/install/turtlebot3_cartographer/share/turtlebot3_cartographer/config
[3.037s] -- Up-to-date: /home/orin/test_ws/src/install/turtlebot3_cartographer/share/turtlebot3_cartographer/config/turtlebot3_lds_2d.lua
[3.039s] -- Up-to-date: /home/orin/test_ws/src/install/turtlebot3_cartographer/share/turtlebot3_cartographer/launch
[3.039s] -- Up-to-date: /home/orin/test_ws/src/install/turtlebot3_cartographer/share/turtlebot3_cartographer/launch/cartographer.launch.py
[3.040s] -- Up-to-date: /home/orin/test_ws/src/install/turtlebot3_cartographer/share/turtlebot3_cartographer/launch/occupancy_grid.launch.py
[3.041s] -- Up-to-date: /home/orin/test_ws/src/install/turtlebot3_cartographer/share/turtlebot3_cartographer/rviz
[3.042s] -- Up-to-date: /home/orin/test_ws/src/install/turtlebot3_cartographer/share/turtlebot3_cartographer/rviz/tb3_cartographer.rviz
[3.045s] -- Up-to-date: /home/orin/test_ws/src/install/turtlebot3_cartographer/share/ament_index/resource_index/package_run_dependencies/turtlebot3_cartographer
[3.047s] -- Up-to-date: /home/orin/test_ws/src/install/turtlebot3_cartographer/share/ament_index/resource_index/parent_prefix_path/turtlebot3_cartographer
[3.048s] -- Up-to-date: /home/orin/test_ws/src/install/turtlebot3_cartographer/share/turtlebot3_cartographer/environment/ament_prefix_path.sh
[3.055s] -- Up-to-date: /home/orin/test_ws/src/install/turtlebot3_cartographer/share/turtlebot3_cartographer/environment/ament_prefix_path.dsv
[3.055s] -- Up-to-date: /home/orin/test_ws/src/install/turtlebot3_cartographer/share/turtlebot3_cartographer/environment/path.sh
[3.055s] -- Up-to-date: /home/orin/test_ws/src/install/turtlebot3_cartographer/share/turtlebot3_cartographer/environment/path.dsv
[3.055s] -- Up-to-date: /home/orin/test_ws/src/install/turtlebot3_cartographer/share/turtlebot3_cartographer/local_setup.bash
[3.056s] -- Up-to-date: /home/orin/test_ws/src/install/turtlebot3_cartographer/share/turtlebot3_cartographer/local_setup.sh
[3.056s] -- Up-to-date: /home/orin/test_ws/src/install/turtlebot3_cartographer/share/turtlebot3_cartographer/local_setup.zsh
[3.056s] -- Up-to-date: /home/orin/test_ws/src/install/turtlebot3_cartographer/share/turtlebot3_cartographer/local_setup.dsv
[3.056s] -- Installing: /home/orin/test_ws/src/install/turtlebot3_cartographer/share/turtlebot3_cartographer/package.dsv
[3.056s] -- Up-to-date: /home/orin/test_ws/src/install/turtlebot3_cartographer/share/ament_index/resource_index/packages/turtlebot3_cartographer
[3.056s] -- Up-to-date: /home/orin/test_ws/src/install/turtlebot3_cartographer/share/turtlebot3_cartographer/cmake/turtlebot3_cartographerConfig.cmake
[3.057s] -- Up-to-date: /home/orin/test_ws/src/install/turtlebot3_cartographer/share/turtlebot3_cartographer/cmake/turtlebot3_cartographerConfig-version.cmake
[3.057s] -- Up-to-date: /home/orin/test_ws/src/install/turtlebot3_cartographer/share/turtlebot3_cartographer/package.xml
[3.086s] Invoked command in '/home/orin/test_ws/src/build/turtlebot3_cartographer' returned '0': CMAKE_PREFIX_PATH=${CMAKE_PREFIX_PATH}:/home/orin/test_ws/src/install/turtlebot3_teleop:/home/orin/test_ws/src/install/turtlebot3_example:/home/orin/test_ws/src/install/object_detection:/home/orin/test_ws/src/install/nv2:/home/orin/test_ws/src/install/detect_lane:/home/orin/test_ws/src/install/core:/home/orin/test_ws/src/install/control:/home/orin/test_ws/src/install/camera:/opt/ros/foxy /usr/local/bin/cmake --install /home/orin/test_ws/src/build/turtlebot3_cartographer
