[0.189s] Invoking command in '/home/orin/test_ws/src/build/turtlebot3_description': CMAKE_PREFIX_PATH=/opt/ros/foxy /usr/local/bin/cmake /home/orin/test_ws/src/turtlebot3/turtlebot3_description -DCMAKE_INSTALL_PREFIX=/home/orin/test_ws/src/install/turtlebot3_description
[3.163s] -- The C compiler identification is GNU 9.4.0
[3.164s] -- The CXX compiler identification is GNU 9.4.0
[3.164s] -- Detecting C compiler ABI info
[3.164s] -- Detecting C compiler ABI info - done
[3.164s] -- Check for working C compiler: /usr/bin/cc - skipped
[3.165s] -- Detecting C compile features
[3.166s] -- Detecting C compile features - done
[3.167s] -- Detecting CXX compiler ABI info
[3.172s] -- Detecting CXX compiler ABI info - done
[3.172s] -- Check for working CXX compiler: /usr/bin/c++ - skipped
[3.172s] -- Detecting CXX compile features
[3.172s] -- Detecting CXX compile features - done
[3.173s] -- Found ament_cmake: 0.9.12 (/opt/ros/foxy/share/ament_cmake/cmake)
[3.173s] -- Found PythonInterp: /usr/bin/python3 (found suitable version "3.8.10", minimum required is "3") 
[3.173s] -- Using PYTHON_EXECUTABLE: /usr/bin/python3
[3.173s] -- Found urdf: 2.4.0 (/opt/ros/foxy/share/urdf/cmake)
[3.174s] -- Configuring done
[3.175s] -- Generating done
[3.176s] -- Build files have been written to: /home/orin/test_ws/src/build/turtlebot3_description
[3.226s] Invoked command in '/home/orin/test_ws/src/build/turtlebot3_description' returned '0': CMAKE_PREFIX_PATH=/opt/ros/foxy /usr/local/bin/cmake /home/orin/test_ws/src/turtlebot3/turtlebot3_description -DCMAKE_INSTALL_PREFIX=/home/orin/test_ws/src/install/turtlebot3_description
[3.228s] Invoking command in '/home/orin/test_ws/src/build/turtlebot3_description': CMAKE_PREFIX_PATH=/opt/ros/foxy /usr/local/bin/cmake --build /home/orin/test_ws/src/build/turtlebot3_description -- -j12 -l12
[3.296s] Invoked command in '/home/orin/test_ws/src/build/turtlebot3_description' returned '0': CMAKE_PREFIX_PATH=/opt/ros/foxy /usr/local/bin/cmake --build /home/orin/test_ws/src/build/turtlebot3_description -- -j12 -l12
[3.437s] Invoking command in '/home/orin/test_ws/src/build/turtlebot3_description': CMAKE_PREFIX_PATH=/opt/ros/foxy /usr/local/bin/cmake --install /home/orin/test_ws/src/build/turtlebot3_description
[3.611s] -- Install configuration: ""
[3.611s] -- Installing: /home/orin/test_ws/src/install/turtlebot3_description/share/turtlebot3_description/meshes
[3.612s] -- Installing: /home/orin/test_ws/src/install/turtlebot3_description/share/turtlebot3_description/meshes/wheels
[3.612s] -- Installing: /home/orin/test_ws/src/install/turtlebot3_description/share/turtlebot3_description/meshes/wheels/left_tire.stl
[3.629s] -- Installing: /home/orin/test_ws/src/install/turtlebot3_description/share/turtlebot3_description/meshes/wheels/right_tire.stl
[3.641s] -- Installing: /home/orin/test_ws/src/install/turtlebot3_description/share/turtlebot3_description/meshes/bases
[3.641s] -- Installing: /home/orin/test_ws/src/install/turtlebot3_description/share/turtlebot3_description/meshes/bases/waffle_pi_base.stl
[3.693s] -- Installing: /home/orin/test_ws/src/install/turtlebot3_description/share/turtlebot3_description/meshes/bases/burger_base.stl
[3.720s] -- Installing: /home/orin/test_ws/src/install/turtlebot3_description/share/turtlebot3_description/meshes/bases/waffle_base.stl
[3.849s] -- Installing: /home/orin/test_ws/src/install/turtlebot3_description/share/turtlebot3_description/meshes/sensors
[3.849s] -- Installing: /home/orin/test_ws/src/install/turtlebot3_description/share/turtlebot3_description/meshes/sensors/astra.jpg
[3.865s] -- Installing: /home/orin/test_ws/src/install/turtlebot3_description/share/turtlebot3_description/meshes/sensors/lds.stl
[3.865s] -- Installing: /home/orin/test_ws/src/install/turtlebot3_description/share/turtlebot3_description/meshes/sensors/astra.dae
[3.903s] -- Installing: /home/orin/test_ws/src/install/turtlebot3_description/share/turtlebot3_description/meshes/sensors/r200.jpg
[3.904s] -- Installing: /home/orin/test_ws/src/install/turtlebot3_description/share/turtlebot3_description/meshes/sensors/r200.dae
[3.913s] -- Installing: /home/orin/test_ws/src/install/turtlebot3_description/share/turtlebot3_description/rviz
[3.913s] -- Installing: /home/orin/test_ws/src/install/turtlebot3_description/share/turtlebot3_description/rviz/model.rviz
[3.914s] -- Installing: /home/orin/test_ws/src/install/turtlebot3_description/share/turtlebot3_description/urdf
[3.914s] -- Installing: /home/orin/test_ws/src/install/turtlebot3_description/share/turtlebot3_description/urdf/turtlebot3_waffle.urdf
[3.914s] -- Installing: /home/orin/test_ws/src/install/turtlebot3_description/share/turtlebot3_description/urdf/turtlebot3_burger.urdf
[3.914s] -- Installing: /home/orin/test_ws/src/install/turtlebot3_description/share/turtlebot3_description/urdf/turtlebot3_waffle_pi.urdf
[3.914s] -- Installing: /home/orin/test_ws/src/install/turtlebot3_description/share/turtlebot3_description/urdf/common_properties.urdf
[3.915s] -- Installing: /home/orin/test_ws/src/install/turtlebot3_description/share/ament_index/resource_index/package_run_dependencies/turtlebot3_description
[3.915s] -- Installing: /home/orin/test_ws/src/install/turtlebot3_description/share/ament_index/resource_index/parent_prefix_path/turtlebot3_description
[3.915s] -- Installing: /home/orin/test_ws/src/install/turtlebot3_description/share/turtlebot3_description/environment/ament_prefix_path.sh
[3.915s] -- Installing: /home/orin/test_ws/src/install/turtlebot3_description/share/turtlebot3_description/environment/ament_prefix_path.dsv
[3.916s] -- Installing: /home/orin/test_ws/src/install/turtlebot3_description/share/turtlebot3_description/environment/path.sh
[3.916s] -- Installing: /home/orin/test_ws/src/install/turtlebot3_description/share/turtlebot3_description/environment/path.dsv
[3.916s] -- Installing: /home/orin/test_ws/src/install/turtlebot3_description/share/turtlebot3_description/local_setup.bash
[3.916s] -- Installing: /home/orin/test_ws/src/install/turtlebot3_description/share/turtlebot3_description/local_setup.sh
[3.916s] -- Installing: /home/orin/test_ws/src/install/turtlebot3_description/share/turtlebot3_description/local_setup.zsh
[3.917s] -- Installing: /home/orin/test_ws/src/install/turtlebot3_description/share/turtlebot3_description/local_setup.dsv
[3.917s] -- Installing: /home/orin/test_ws/src/install/turtlebot3_description/share/turtlebot3_description/package.dsv
[3.921s] -- Installing: /home/orin/test_ws/src/install/turtlebot3_description/share/ament_index/resource_index/packages/turtlebot3_description
[3.921s] -- Installing: /home/orin/test_ws/src/install/turtlebot3_description/share/turtlebot3_description/cmake/turtlebot3_descriptionConfig.cmake
[3.921s] -- Installing: /home/orin/test_ws/src/install/turtlebot3_description/share/turtlebot3_description/cmake/turtlebot3_descriptionConfig-version.cmake
[3.922s] -- Installing: /home/orin/test_ws/src/install/turtlebot3_description/share/turtlebot3_description/package.xml
[4.077s] Invoked command in '/home/orin/test_ws/src/build/turtlebot3_description' returned '0': CMAKE_PREFIX_PATH=/opt/ros/foxy /usr/local/bin/cmake --install /home/orin/test_ws/src/build/turtlebot3_description
