/home/orin/test_ws/src/install/camera/lib/python3.8/site-packages/camera/take_image.py
/home/orin/test_ws/src/install/camera/lib/python3.8/site-packages/camera/video_pub.py
/home/orin/test_ws/src/install/camera/lib/python3.8/site-packages/camera/image_pub.py
/home/orin/test_ws/src/install/camera/lib/python3.8/site-packages/camera/__init__.py
/home/orin/test_ws/src/install/camera/lib/python3.8/site-packages/camera/camera.py
/home/orin/test_ws/src/install/camera/lib/python3.8/site-packages/camera/H65_camera.py
/home/orin/test_ws/src/install/camera/lib/python3.8/site-packages/camera/camera_compress.py
/home/orin/test_ws/src/install/camera/lib/python3.8/site-packages/camera/__pycache__/take_image.cpython-38.pyc
/home/orin/test_ws/src/install/camera/lib/python3.8/site-packages/camera/__pycache__/video_pub.cpython-38.pyc
/home/orin/test_ws/src/install/camera/lib/python3.8/site-packages/camera/__pycache__/image_pub.cpython-38.pyc
/home/orin/test_ws/src/install/camera/lib/python3.8/site-packages/camera/__pycache__/__init__.cpython-38.pyc
/home/orin/test_ws/src/install/camera/lib/python3.8/site-packages/camera/__pycache__/camera.cpython-38.pyc
/home/orin/test_ws/src/install/camera/lib/python3.8/site-packages/camera/__pycache__/H65_camera.cpython-38.pyc
/home/orin/test_ws/src/install/camera/lib/python3.8/site-packages/camera/__pycache__/camera_compress.cpython-38.pyc
/home/orin/test_ws/src/install/camera/share/ament_index/resource_index/packages/camera
/home/orin/test_ws/src/install/camera/share/camera/package.xml
/home/orin/test_ws/src/install/camera/lib/python3.8/site-packages/camera-0.0.0-py3.8.egg-info/requires.txt
/home/orin/test_ws/src/install/camera/lib/python3.8/site-packages/camera-0.0.0-py3.8.egg-info/PKG-INFO
/home/orin/test_ws/src/install/camera/lib/python3.8/site-packages/camera-0.0.0-py3.8.egg-info/top_level.txt
/home/orin/test_ws/src/install/camera/lib/python3.8/site-packages/camera-0.0.0-py3.8.egg-info/dependency_links.txt
/home/orin/test_ws/src/install/camera/lib/python3.8/site-packages/camera-0.0.0-py3.8.egg-info/entry_points.txt
/home/orin/test_ws/src/install/camera/lib/python3.8/site-packages/camera-0.0.0-py3.8.egg-info/zip-safe
/home/orin/test_ws/src/install/camera/lib/python3.8/site-packages/camera-0.0.0-py3.8.egg-info/SOURCES.txt
/home/orin/test_ws/src/install/camera/lib/camera/H65_camera
/home/orin/test_ws/src/install/camera/lib/camera/camera
/home/orin/test_ws/src/install/camera/lib/camera/camera_compress
/home/orin/test_ws/src/install/camera/lib/camera/image_pub
/home/orin/test_ws/src/install/camera/lib/camera/take_image
/home/orin/test_ws/src/install/camera/lib/camera/video_pub
