[1.306s] Invoking command in '/home/orin/test_ws/src/build/rplidar_ros': /usr/local/bin/cmake --build /home/orin/test_ws/src/build/rplidar_ros -- -j12 -l12
[1.450s] [ 14%] Built target rplidar_client
[1.469s] [100%] Built target rplidar_node
[1.966s] Invoked command in '/home/orin/test_ws/src/build/rplidar_ros' returned '0': /usr/local/bin/cmake --build /home/orin/test_ws/src/build/rplidar_ros -- -j12 -l12
[1.972s] Invoking command in '/home/orin/test_ws/src/build/rplidar_ros': /usr/local/bin/cmake --install /home/orin/test_ws/src/build/rplidar_ros
[2.080s] -- Install configuration: ""
[2.082s] -- Up-to-date: /home/orin/test_ws/src/install/rplidar_ros/share/rplidar_ros/launch
[2.082s] -- Up-to-date: /home/orin/test_ws/src/install/rplidar_ros/share/rplidar_ros/launch/rplidar_s1_tcp_launch.py
[2.082s] -- Up-to-date: /home/orin/test_ws/src/install/rplidar_ros/share/rplidar_ros/launch/rplidar_t1_launch.py
[2.082s] -- Up-to-date: /home/orin/test_ws/src/install/rplidar_ros/share/rplidar_ros/launch/view_rplidar_a1_launch.py
[2.083s] -- Up-to-date: /home/orin/test_ws/src/install/rplidar_ros/share/rplidar_ros/launch/rplidar_a3_launch.py
[2.083s] -- Up-to-date: /home/orin/test_ws/src/install/rplidar_ros/share/rplidar_ros/launch/rplidar_a2m7_launch.py
[2.083s] -- Up-to-date: /home/orin/test_ws/src/install/rplidar_ros/share/rplidar_ros/launch/view_rplidar_t1_launch.py
[2.083s] -- Up-to-date: /home/orin/test_ws/src/install/rplidar_ros/share/rplidar_ros/launch/view_rplidar_s1_launch.py
[2.083s] -- Up-to-date: /home/orin/test_ws/src/install/rplidar_ros/share/rplidar_ros/launch/view_rplidar_s2e_launch.py
[2.083s] -- Up-to-date: /home/orin/test_ws/src/install/rplidar_ros/share/rplidar_ros/launch/rplidar_s2e_launch.py
[2.084s] -- Up-to-date: /home/orin/test_ws/src/install/rplidar_ros/share/rplidar_ros/launch/view_rplidar_s3_launch.py
[2.084s] -- Up-to-date: /home/orin/test_ws/src/install/rplidar_ros/share/rplidar_ros/launch/view_rplidar_a2m7_launch.py
[2.084s] -- Up-to-date: /home/orin/test_ws/src/install/rplidar_ros/share/rplidar_ros/launch/view_rplidar_s1_tcp_launch.py
[2.084s] -- Up-to-date: /home/orin/test_ws/src/install/rplidar_ros/share/rplidar_ros/launch/rplidar_s1_launch.py
[2.084s] -- Up-to-date: /home/orin/test_ws/src/install/rplidar_ros/share/rplidar_ros/launch/view_rplidar_a2m8_launch.py
[2.084s] -- Up-to-date: /home/orin/test_ws/src/install/rplidar_ros/share/rplidar_ros/launch/rplidar_s2_launch.py
[2.084s] -- Up-to-date: /home/orin/test_ws/src/install/rplidar_ros/share/rplidar_ros/launch/view_rplidar_a2m12_launch.py
[2.085s] -- Up-to-date: /home/orin/test_ws/src/install/rplidar_ros/share/rplidar_ros/launch/view_rplidar_s2_launch.py
[2.085s] -- Up-to-date: /home/orin/test_ws/src/install/rplidar_ros/share/rplidar_ros/launch/rplidar_a2m12_launch.py
[2.085s] -- Up-to-date: /home/orin/test_ws/src/install/rplidar_ros/share/rplidar_ros/launch/view_rplidar_a3_launch.py
[2.085s] -- Up-to-date: /home/orin/test_ws/src/install/rplidar_ros/share/rplidar_ros/launch/rplidar_s3_launch.py
[2.085s] -- Up-to-date: /home/orin/test_ws/src/install/rplidar_ros/share/rplidar_ros/launch/rplidar_a2m8_launch.py
[2.085s] -- Up-to-date: /home/orin/test_ws/src/install/rplidar_ros/share/rplidar_ros/launch/rplidar_a1_launch.py
[2.085s] -- Up-to-date: /home/orin/test_ws/src/install/rplidar_ros/share/rplidar_ros/rviz
[2.085s] -- Up-to-date: /home/orin/test_ws/src/install/rplidar_ros/share/rplidar_ros/rviz/rplidar_ros.rviz
[2.086s] -- Up-to-date: /home/orin/test_ws/src/install/rplidar_ros/lib/rplidar_ros/rplidar_node
[2.086s] -- Up-to-date: /home/orin/test_ws/src/install/rplidar_ros/lib/rplidar_ros/rplidar_client
[2.086s] -- Up-to-date: /home/orin/test_ws/src/install/rplidar_ros/share/ament_index/resource_index/package_run_dependencies/rplidar_ros
[2.086s] -- Up-to-date: /home/orin/test_ws/src/install/rplidar_ros/share/ament_index/resource_index/parent_prefix_path/rplidar_ros
[2.087s] -- Up-to-date: /home/orin/test_ws/src/install/rplidar_ros/share/rplidar_ros/environment/ament_prefix_path.sh
[2.087s] -- Up-to-date: /home/orin/test_ws/src/install/rplidar_ros/share/rplidar_ros/environment/ament_prefix_path.dsv
[2.087s] -- Up-to-date: /home/orin/test_ws/src/install/rplidar_ros/share/rplidar_ros/environment/path.sh
[2.088s] -- Up-to-date: /home/orin/test_ws/src/install/rplidar_ros/share/rplidar_ros/environment/path.dsv
[2.088s] -- Up-to-date: /home/orin/test_ws/src/install/rplidar_ros/share/rplidar_ros/local_setup.bash
[2.088s] -- Up-to-date: /home/orin/test_ws/src/install/rplidar_ros/share/rplidar_ros/local_setup.sh
[2.088s] -- Up-to-date: /home/orin/test_ws/src/install/rplidar_ros/share/rplidar_ros/local_setup.zsh
[2.088s] -- Up-to-date: /home/orin/test_ws/src/install/rplidar_ros/share/rplidar_ros/local_setup.dsv
[2.088s] -- Installing: /home/orin/test_ws/src/install/rplidar_ros/share/rplidar_ros/package.dsv
[2.089s] -- Up-to-date: /home/orin/test_ws/src/install/rplidar_ros/share/ament_index/resource_index/packages/rplidar_ros
[2.089s] -- Up-to-date: /home/orin/test_ws/src/install/rplidar_ros/share/rplidar_ros/cmake/ament_cmake_export_dependencies-extras.cmake
[2.089s] -- Up-to-date: /home/orin/test_ws/src/install/rplidar_ros/share/rplidar_ros/cmake/ament_cmake_export_include_directories-extras.cmake
[2.089s] -- Up-to-date: /home/orin/test_ws/src/install/rplidar_ros/share/rplidar_ros/cmake/rplidar_rosConfig.cmake
[2.090s] -- Up-to-date: /home/orin/test_ws/src/install/rplidar_ros/share/rplidar_ros/cmake/rplidar_rosConfig-version.cmake
[2.090s] -- Up-to-date: /home/orin/test_ws/src/install/rplidar_ros/share/rplidar_ros/package.xml
[2.108s] Invoked command in '/home/orin/test_ws/src/build/rplidar_ros' returned '0': /usr/local/bin/cmake --install /home/orin/test_ws/src/build/rplidar_ros
