[1.339s] Invoking command in '/home/orin/test_ws/src/build/rplidar_ros': CMAKE_PREFIX_PATH=/opt/ros/foxy /usr/local/bin/cmake --build /home/orin/test_ws/src/build/rplidar_ros -- -j12 -l12
[1.454s] [ 14%] Built target rplidar_client
[1.463s] [100%] Built target rplidar_node
[2.016s] Invoked command in '/home/orin/test_ws/src/build/rplidar_ros' returned '0': CMAKE_PREFIX_PATH=/opt/ros/foxy /usr/local/bin/cmake --build /home/orin/test_ws/src/build/rplidar_ros -- -j12 -l12
[2.019s] Invoking command in '/home/orin/test_ws/src/build/rplidar_ros': CMAKE_PREFIX_PATH=/opt/ros/foxy /usr/local/bin/cmake --install /home/orin/test_ws/src/build/rplidar_ros
[2.123s] -- Install configuration: ""
[2.125s] -- Up-to-date: /home/orin/test_ws/src/install/rplidar_ros/share/rplidar_ros/launch
[2.125s] -- Up-to-date: /home/orin/test_ws/src/install/rplidar_ros/share/rplidar_ros/launch/rplidar_s1_tcp_launch.py
[2.125s] -- Up-to-date: /home/orin/test_ws/src/install/rplidar_ros/share/rplidar_ros/launch/rplidar_t1_launch.py
[2.125s] -- Up-to-date: /home/orin/test_ws/src/install/rplidar_ros/share/rplidar_ros/launch/view_rplidar_a1_launch.py
[2.125s] -- Up-to-date: /home/orin/test_ws/src/install/rplidar_ros/share/rplidar_ros/launch/rplidar_a3_launch.py
[2.126s] -- Up-to-date: /home/orin/test_ws/src/install/rplidar_ros/share/rplidar_ros/launch/rplidar_a2m7_launch.py
[2.126s] -- Up-to-date: /home/orin/test_ws/src/install/rplidar_ros/share/rplidar_ros/launch/view_rplidar_t1_launch.py
[2.126s] -- Up-to-date: /home/orin/test_ws/src/install/rplidar_ros/share/rplidar_ros/launch/view_rplidar_s1_launch.py
[2.126s] -- Up-to-date: /home/orin/test_ws/src/install/rplidar_ros/share/rplidar_ros/launch/view_rplidar_s2e_launch.py
[2.126s] -- Up-to-date: /home/orin/test_ws/src/install/rplidar_ros/share/rplidar_ros/launch/rplidar_s2e_launch.py
[2.126s] -- Up-to-date: /home/orin/test_ws/src/install/rplidar_ros/share/rplidar_ros/launch/view_rplidar_s3_launch.py
[2.126s] -- Up-to-date: /home/orin/test_ws/src/install/rplidar_ros/share/rplidar_ros/launch/view_rplidar_a2m7_launch.py
[2.127s] -- Up-to-date: /home/orin/test_ws/src/install/rplidar_ros/share/rplidar_ros/launch/view_rplidar_s1_tcp_launch.py
[2.127s] -- Up-to-date: /home/orin/test_ws/src/install/rplidar_ros/share/rplidar_ros/launch/rplidar_s1_launch.py
[2.128s] -- Up-to-date: /home/orin/test_ws/src/install/rplidar_ros/share/rplidar_ros/launch/view_rplidar_a2m8_launch.py
[2.129s] -- Up-to-date: /home/orin/test_ws/src/install/rplidar_ros/share/rplidar_ros/launch/rplidar_s2_launch.py
[2.129s] -- Up-to-date: /home/orin/test_ws/src/install/rplidar_ros/share/rplidar_ros/launch/view_rplidar_a2m12_launch.py
[2.129s] -- Up-to-date: /home/orin/test_ws/src/install/rplidar_ros/share/rplidar_ros/launch/view_rplidar_s2_launch.py
[2.129s] -- Up-to-date: /home/orin/test_ws/src/install/rplidar_ros/share/rplidar_ros/launch/rplidar_a2m12_launch.py
[2.129s] -- Up-to-date: /home/orin/test_ws/src/install/rplidar_ros/share/rplidar_ros/launch/view_rplidar_a3_launch.py
[2.129s] -- Up-to-date: /home/orin/test_ws/src/install/rplidar_ros/share/rplidar_ros/launch/rplidar_s3_launch.py
[2.129s] -- Up-to-date: /home/orin/test_ws/src/install/rplidar_ros/share/rplidar_ros/launch/rplidar_a2m8_launch.py
[2.129s] -- Up-to-date: /home/orin/test_ws/src/install/rplidar_ros/share/rplidar_ros/launch/rplidar_a1_launch.py
[2.130s] -- Up-to-date: /home/orin/test_ws/src/install/rplidar_ros/share/rplidar_ros/rviz
[2.130s] -- Up-to-date: /home/orin/test_ws/src/install/rplidar_ros/share/rplidar_ros/rviz/rplidar_ros.rviz
[2.130s] -- Up-to-date: /home/orin/test_ws/src/install/rplidar_ros/lib/rplidar_ros/rplidar_node
[2.130s] -- Up-to-date: /home/orin/test_ws/src/install/rplidar_ros/lib/rplidar_ros/rplidar_client
[2.130s] -- Up-to-date: /home/orin/test_ws/src/install/rplidar_ros/share/ament_index/resource_index/package_run_dependencies/rplidar_ros
[2.130s] -- Up-to-date: /home/orin/test_ws/src/install/rplidar_ros/share/ament_index/resource_index/parent_prefix_path/rplidar_ros
[2.130s] -- Up-to-date: /home/orin/test_ws/src/install/rplidar_ros/share/rplidar_ros/environment/ament_prefix_path.sh
[2.131s] -- Up-to-date: /home/orin/test_ws/src/install/rplidar_ros/share/rplidar_ros/environment/ament_prefix_path.dsv
[2.132s] -- Up-to-date: /home/orin/test_ws/src/install/rplidar_ros/share/rplidar_ros/environment/path.sh
[2.132s] -- Up-to-date: /home/orin/test_ws/src/install/rplidar_ros/share/rplidar_ros/environment/path.dsv
[2.132s] -- Up-to-date: /home/orin/test_ws/src/install/rplidar_ros/share/rplidar_ros/local_setup.bash
[2.132s] -- Up-to-date: /home/orin/test_ws/src/install/rplidar_ros/share/rplidar_ros/local_setup.sh
[2.132s] -- Up-to-date: /home/orin/test_ws/src/install/rplidar_ros/share/rplidar_ros/local_setup.zsh
[2.132s] -- Up-to-date: /home/orin/test_ws/src/install/rplidar_ros/share/rplidar_ros/local_setup.dsv
[2.132s] -- Installing: /home/orin/test_ws/src/install/rplidar_ros/share/rplidar_ros/package.dsv
[2.133s] -- Up-to-date: /home/orin/test_ws/src/install/rplidar_ros/share/ament_index/resource_index/packages/rplidar_ros
[2.133s] -- Up-to-date: /home/orin/test_ws/src/install/rplidar_ros/share/rplidar_ros/cmake/ament_cmake_export_dependencies-extras.cmake
[2.133s] -- Up-to-date: /home/orin/test_ws/src/install/rplidar_ros/share/rplidar_ros/cmake/ament_cmake_export_include_directories-extras.cmake
[2.133s] -- Up-to-date: /home/orin/test_ws/src/install/rplidar_ros/share/rplidar_ros/cmake/rplidar_rosConfig.cmake
[2.133s] -- Up-to-date: /home/orin/test_ws/src/install/rplidar_ros/share/rplidar_ros/cmake/rplidar_rosConfig-version.cmake
[2.133s] -- Up-to-date: /home/orin/test_ws/src/install/rplidar_ros/share/rplidar_ros/package.xml
[2.146s] Invoked command in '/home/orin/test_ws/src/build/rplidar_ros' returned '0': CMAKE_PREFIX_PATH=/opt/ros/foxy /usr/local/bin/cmake --install /home/orin/test_ws/src/build/rplidar_ros
