[4.136s] Invoking command in '/home/orin/test_ws/src/detect/detect_lane': PYTHONPATH=/home/orin/test_ws/src/build/detect_lane/prefix_override:/usr/lib/python3/dist-packages/colcon_core/task/python/colcon_distutils_commands:/home/orin/test_ws/src/install/detect_lane/lib/python3.8/site-packages:${PYTHONPATH} /usr/bin/python3 -W ignore:setup.py install is deprecated -W ignore:easy_install command is deprecated setup.py egg_info --egg-base ../../build/detect_lane build --build-base /home/orin/test_ws/src/build/detect_lane/build install --record /home/orin/test_ws/src/build/detect_lane/install.log --single-version-externally-managed install_data
[4.700s] running egg_info
[4.701s] writing ../../build/detect_lane/detect_lane.egg-info/PKG-INFO
[4.702s] writing dependency_links to ../../build/detect_lane/detect_lane.egg-info/dependency_links.txt
[4.702s] writing entry points to ../../build/detect_lane/detect_lane.egg-info/entry_points.txt
[4.703s] writing requirements to ../../build/detect_lane/detect_lane.egg-info/requires.txt
[4.703s] writing top-level names to ../../build/detect_lane/detect_lane.egg-info/top_level.txt
[4.782s] reading manifest file '../../build/detect_lane/detect_lane.egg-info/SOURCES.txt'
[4.782s] writing manifest file '../../build/detect_lane/detect_lane.egg-info/SOURCES.txt'
[4.782s] running build
[4.782s] running build_py
[4.788s] running install
[4.799s] running install_lib
[4.800s] running install_data
[4.800s] running install_egg_info
[4.801s] removing '/home/orin/test_ws/src/install/detect_lane/lib/python3.8/site-packages/detect_lane-0.0.0-py3.8.egg-info' (and everything under it)
[4.801s] Copying ../../build/detect_lane/detect_lane.egg-info to /home/orin/test_ws/src/install/detect_lane/lib/python3.8/site-packages/detect_lane-0.0.0-py3.8.egg-info
[4.802s] running install_scripts
[4.841s] Installing detect_lane script to /home/orin/test_ws/src/install/detect_lane/lib/detect_lane
[4.842s] Installing detect_parking_grid script to /home/orin/test_ws/src/install/detect_lane/lib/detect_lane
[4.843s] Installing detect_traffic script to /home/orin/test_ws/src/install/detect_lane/lib/detect_lane
[4.844s] Installing hsv_param_adjustment script to /home/orin/test_ws/src/install/detect_lane/lib/detect_lane
[4.844s] Installing hsv_traffic_light script to /home/orin/test_ws/src/install/detect_lane/lib/detect_lane
[4.844s] Installing key_pub_signs script to /home/orin/test_ws/src/install/detect_lane/lib/detect_lane
[4.844s] writing list of installed files to '/home/orin/test_ws/src/build/detect_lane/install.log'
[4.942s] Invoked command in '/home/orin/test_ws/src/detect/detect_lane' returned '0': PYTHONPATH=/home/orin/test_ws/src/build/detect_lane/prefix_override:/usr/lib/python3/dist-packages/colcon_core/task/python/colcon_distutils_commands:/home/orin/test_ws/src/install/detect_lane/lib/python3.8/site-packages:${PYTHONPATH} /usr/bin/python3 -W ignore:setup.py install is deprecated -W ignore:easy_install command is deprecated setup.py egg_info --egg-base ../../build/detect_lane build --build-base /home/orin/test_ws/src/build/detect_lane/build install --record /home/orin/test_ws/src/build/detect_lane/install.log --single-version-externally-managed install_data
