[0.196s] Invoking command in '/home/orin/test_ws/src/build/turtlebot3_msgs': CMAKE_PREFIX_PATH=/opt/ros/foxy /usr/local/bin/cmake /home/orin/test_ws/src/turtlebot3/turtlebot3_msgs -DCMAKE_INSTALL_PREFIX=/home/orin/test_ws/src/install/turtlebot3_msgs
[3.161s] -- The C compiler identification is GNU 9.4.0
[3.161s] -- The CXX compiler identification is GNU 9.4.0
[3.163s] -- Detecting C compiler ABI info
[3.168s] -- Detecting C compiler ABI info - done
[3.168s] -- Check for working C compiler: /usr/bin/cc - skipped
[3.168s] -- Detecting C compile features
[3.168s] -- Detecting C compile features - done
[3.168s] -- Detecting CXX compiler ABI info
[3.169s] -- Detecting CXX compiler ABI info - done
[3.169s] -- Check for working CXX compiler: /usr/bin/c++ - skipped
[3.169s] -- Detecting CXX compile features
[3.169s] -- Detecting CXX compile features - done
[3.169s] -- Found action_msgs: 1.0.0 (/opt/ros/foxy/share/action_msgs/cmake)
[3.170s] -- Found PythonInterp: /usr/bin/python3 (found suitable version "3.8.10", minimum required is "3") 
[3.170s] -- Using PYTHON_EXECUTABLE: /usr/bin/python3
[3.171s] -- Using all available rosidl_typesupport_c: rosidl_typesupport_fastrtps_c;rosidl_typesupport_introspection_c
[3.172s] -- Found rosidl_adapter: 1.3.1 (/opt/ros/foxy/share/rosidl_adapter/cmake)
[3.177s] -- Found OpenSSL: /usr/lib/aarch64-linux-gnu/libcrypto.so (found version "1.1.1f")  
[3.178s] -- Found FastRTPS: /opt/ros/foxy/include  
[3.178s] -- Using all available rosidl_typesupport_cpp: rosidl_typesupport_fastrtps_cpp;rosidl_typesupport_introspection_cpp
[3.178s] -- Found rosidl_default_generators: 1.0.1 (/opt/ros/foxy/share/rosidl_default_generators/cmake)
[3.178s] -- Found std_msgs: 2.0.5 (/opt/ros/foxy/share/std_msgs/cmake)
[3.179s] -- Found PythonInterp: /usr/bin/python3 (found version "3.8.10") 
[3.179s] -- Found ament_cmake_cppcheck: 0.9.8 (/opt/ros/foxy/share/ament_cmake_cppcheck/cmake)
[3.179s] -- Found ament_cmake_cpplint: 0.9.8 (/opt/ros/foxy/share/ament_cmake_cpplint/cmake)
[3.179s] -- Found ament_cmake_uncrustify: 0.9.8 (/opt/ros/foxy/share/ament_cmake_uncrustify/cmake)
[3.179s] -- Found ament_cmake_ros: 0.9.2 (/opt/ros/foxy/share/ament_cmake_ros/cmake)
[3.709s] -- Using all available rosidl_typesupport_c: rosidl_typesupport_fastrtps_c;rosidl_typesupport_introspection_c
[3.919s] -- Using all available rosidl_typesupport_cpp: rosidl_typesupport_fastrtps_cpp;rosidl_typesupport_introspection_cpp
[4.022s] -- Found PythonInterp: /usr/bin/python3 (found suitable version "3.8.10", minimum required is "3.5") 
[4.023s] -- Found python_cmake_module: 0.8.1 (/opt/ros/foxy/share/python_cmake_module/cmake)
[4.119s] -- Found PythonLibs: /usr/lib/aarch64-linux-gnu/libpython3.8.so (found suitable version "3.8.10", minimum required is "3.5") 
[4.120s] -- Using PYTHON_EXECUTABLE: /usr/bin/python3
[4.121s] -- Using PYTHON_INCLUDE_DIRS: /usr/include/python3.8
[4.121s] -- Using PYTHON_LIBRARIES: /usr/lib/aarch64-linux-gnu/libpython3.8.so
[4.214s] -- Found PythonExtra: .so  
[4.411s] -- Found ament_cmake_flake8: 0.9.8 (/opt/ros/foxy/share/ament_cmake_flake8/cmake)
[4.417s] -- Found ament_cmake_pep257: 0.9.8 (/opt/ros/foxy/share/ament_cmake_pep257/cmake)
[4.445s] -- Configuring done
[4.666s] -- Generating done
[4.720s] -- Build files have been written to: /home/orin/test_ws/src/build/turtlebot3_msgs
[5.630s] Invoked command in '/home/orin/test_ws/src/build/turtlebot3_msgs' returned '0': CMAKE_PREFIX_PATH=/opt/ros/foxy /usr/local/bin/cmake /home/orin/test_ws/src/turtlebot3/turtlebot3_msgs -DCMAKE_INSTALL_PREFIX=/home/orin/test_ws/src/install/turtlebot3_msgs
[5.644s] Invoking command in '/home/orin/test_ws/src/build/turtlebot3_msgs': CMAKE_PREFIX_PATH=/opt/ros/foxy /usr/local/bin/cmake --build /home/orin/test_ws/src/build/turtlebot3_msgs -- -j12 -l12
[5.821s] [  1%] [34m[1mGenerating C code for ROS interfaces[0m
[5.876s] [  2%] [34m[1mGenerating C++ code for ROS interfaces[0m
[8.167s] [  2%] Built target turtlebot3_msgs__cpp
[8.183s] [  4%] [34m[1mGenerating C++ introspection for ROS interfaces[0m
[8.187s] [  7%] [34m[1mGenerating C++ type support for eProsima Fast-RTPS[0m
[8.187s] [  7%] [34m[1mGenerating C++ type support dispatch for ROS interfaces[0m
[8.269s] [  8%] [32mBuilding C object CMakeFiles/turtlebot3_msgs__rosidl_generator_c.dir/rosidl_generator_c/turtlebot3_msgs/msg/detail/sensor_state__functions.c.o[0m
[8.269s] [  9%] [32mBuilding C object CMakeFiles/turtlebot3_msgs__rosidl_generator_c.dir/rosidl_generator_c/turtlebot3_msgs/msg/detail/version_info__functions.c.o[0m
[8.274s] [ 11%] [32mBuilding C object CMakeFiles/turtlebot3_msgs__rosidl_generator_c.dir/rosidl_generator_c/turtlebot3_msgs/msg/detail/sound__functions.c.o[0m
[8.274s] [ 12%] [32mBuilding C object CMakeFiles/turtlebot3_msgs__rosidl_generator_c.dir/rosidl_generator_c/turtlebot3_msgs/srv/detail/sound__functions.c.o[0m
[8.281s] [ 14%] [32mBuilding C object CMakeFiles/turtlebot3_msgs__rosidl_generator_c.dir/rosidl_generator_c/turtlebot3_msgs/srv/detail/dqn__functions.c.o[0m
[8.343s] [ 15%] [32mBuilding C object CMakeFiles/turtlebot3_msgs__rosidl_generator_c.dir/rosidl_generator_c/turtlebot3_msgs/action/detail/patrol__functions.c.o[0m
[8.671s] [ 16%] [32m[1mLinking C shared library libturtlebot3_msgs__rosidl_generator_c.so[0m
[8.777s] [ 16%] Built target turtlebot3_msgs__rosidl_generator_c
[8.830s] [ 18%] [34m[1mGenerating C introspection for ROS interfaces[0m
[8.836s] [ 19%] [34m[1mGenerating C type support dispatch for ROS interfaces[0m
[9.535s] [ 21%] [32mBuilding CXX object CMakeFiles/turtlebot3_msgs__rosidl_typesupport_cpp.dir/rosidl_typesupport_cpp/turtlebot3_msgs/msg/sensor_state__type_support.cpp.o[0m
[9.536s] [ 22%] [32mBuilding CXX object CMakeFiles/turtlebot3_msgs__rosidl_typesupport_cpp.dir/rosidl_typesupport_cpp/turtlebot3_msgs/msg/sound__type_support.cpp.o[0m
[9.539s] [ 23%] [32mBuilding CXX object CMakeFiles/turtlebot3_msgs__rosidl_typesupport_cpp.dir/rosidl_typesupport_cpp/turtlebot3_msgs/action/patrol__type_support.cpp.o[0m
[9.542s] [ 26%] [32mBuilding CXX object CMakeFiles/turtlebot3_msgs__rosidl_typesupport_cpp.dir/rosidl_typesupport_cpp/turtlebot3_msgs/msg/version_info__type_support.cpp.o[0m
[9.543s] [ 26%] [32mBuilding CXX object CMakeFiles/turtlebot3_msgs__rosidl_typesupport_cpp.dir/rosidl_typesupport_cpp/turtlebot3_msgs/srv/sound__type_support.cpp.o[0m
[9.545s] [ 28%] [32mBuilding CXX object CMakeFiles/turtlebot3_msgs__rosidl_typesupport_cpp.dir/rosidl_typesupport_cpp/turtlebot3_msgs/srv/dqn__type_support.cpp.o[0m
[9.844s] [ 29%] [32mBuilding CXX object CMakeFiles/turtlebot3_msgs__rosidl_typesupport_introspection_cpp.dir/rosidl_typesupport_introspection_cpp/turtlebot3_msgs/msg/detail/sound__type_support.cpp.o[0m
[9.850s] [ 30%] [32mBuilding CXX object CMakeFiles/turtlebot3_msgs__rosidl_typesupport_introspection_cpp.dir/rosidl_typesupport_introspection_cpp/turtlebot3_msgs/msg/detail/sensor_state__type_support.cpp.o[0m
[9.879s] [ 32%] [32mBuilding CXX object CMakeFiles/turtlebot3_msgs__rosidl_typesupport_introspection_cpp.dir/rosidl_typesupport_introspection_cpp/turtlebot3_msgs/msg/detail/version_info__type_support.cpp.o[0m
[10.359s] [ 33%] [32mBuilding CXX object CMakeFiles/turtlebot3_msgs__rosidl_typesupport_introspection_cpp.dir/rosidl_typesupport_introspection_cpp/turtlebot3_msgs/srv/detail/sound__type_support.cpp.o[0m
[10.382s] [ 35%] [32mBuilding CXX object CMakeFiles/turtlebot3_msgs__rosidl_typesupport_introspection_cpp.dir/rosidl_typesupport_introspection_cpp/turtlebot3_msgs/srv/detail/dqn__type_support.cpp.o[0m
[10.391s] [ 36%] [32mBuilding CXX object CMakeFiles/turtlebot3_msgs__rosidl_typesupport_introspection_cpp.dir/rosidl_typesupport_introspection_cpp/turtlebot3_msgs/action/detail/patrol__type_support.cpp.o[0m
[10.405s] [ 38%] [32mBuilding CXX object CMakeFiles/turtlebot3_msgs__rosidl_typesupport_fastrtps_cpp.dir/rosidl_typesupport_fastrtps_cpp/turtlebot3_msgs/msg/detail/dds_fastrtps/sensor_state__type_support.cpp.o[0m
[10.492s] [ 39%] [32mBuilding CXX object CMakeFiles/turtlebot3_msgs__rosidl_typesupport_fastrtps_cpp.dir/rosidl_typesupport_fastrtps_cpp/turtlebot3_msgs/msg/detail/dds_fastrtps/sound__type_support.cpp.o[0m
[10.553s] [ 40%] [32mBuilding CXX object CMakeFiles/turtlebot3_msgs__rosidl_typesupport_fastrtps_cpp.dir/rosidl_typesupport_fastrtps_cpp/turtlebot3_msgs/msg/detail/dds_fastrtps/version_info__type_support.cpp.o[0m
[10.564s] [ 42%] [32m[1mLinking CXX shared library libturtlebot3_msgs__rosidl_typesupport_cpp.so[0m
[10.582s] [ 43%] [32mBuilding CXX object CMakeFiles/turtlebot3_msgs__rosidl_typesupport_c.dir/rosidl_typesupport_c/turtlebot3_msgs/msg/sensor_state__type_support.cpp.o[0m
[10.664s] [ 43%] Built target turtlebot3_msgs__rosidl_typesupport_cpp
[10.693s] [ 45%] [32mBuilding CXX object CMakeFiles/turtlebot3_msgs__rosidl_typesupport_c.dir/rosidl_typesupport_c/turtlebot3_msgs/msg/sound__type_support.cpp.o[0m
[10.770s] [ 46%] [32mBuilding CXX object CMakeFiles/turtlebot3_msgs__rosidl_typesupport_c.dir/rosidl_typesupport_c/turtlebot3_msgs/msg/version_info__type_support.cpp.o[0m
[10.784s] [ 47%] [32mBuilding CXX object CMakeFiles/turtlebot3_msgs__rosidl_typesupport_c.dir/rosidl_typesupport_c/turtlebot3_msgs/srv/sound__type_support.cpp.o[0m
[10.823s] [ 49%] [32mBuilding CXX object CMakeFiles/turtlebot3_msgs__rosidl_typesupport_fastrtps_cpp.dir/rosidl_typesupport_fastrtps_cpp/turtlebot3_msgs/srv/detail/dds_fastrtps/sound__type_support.cpp.o[0m
[10.873s] [ 50%] [32mBuilding CXX object CMakeFiles/turtlebot3_msgs__rosidl_typesupport_c.dir/rosidl_typesupport_c/turtlebot3_msgs/srv/dqn__type_support.cpp.o[0m
[10.890s] [ 52%] [32mBuilding C object CMakeFiles/turtlebot3_msgs__rosidl_typesupport_introspection_c.dir/rosidl_typesupport_introspection_c/turtlebot3_msgs/msg/detail/sensor_state__type_support.c.o[0m
[10.912s] [ 53%] [32mBuilding C object CMakeFiles/turtlebot3_msgs__rosidl_typesupport_introspection_c.dir/rosidl_typesupport_introspection_c/turtlebot3_msgs/msg/detail/sound__type_support.c.o[0m
[10.958s] [ 54%] [32mBuilding CXX object CMakeFiles/turtlebot3_msgs__rosidl_typesupport_c.dir/rosidl_typesupport_c/turtlebot3_msgs/action/patrol__type_support.cpp.o[0m
[11.098s] [ 56%] [32mBuilding C object CMakeFiles/turtlebot3_msgs__rosidl_typesupport_introspection_c.dir/rosidl_typesupport_introspection_c/turtlebot3_msgs/msg/detail/version_info__type_support.c.o[0m
[11.118s] [ 57%] [32mBuilding C object CMakeFiles/turtlebot3_msgs__rosidl_typesupport_introspection_c.dir/rosidl_typesupport_introspection_c/turtlebot3_msgs/srv/detail/sound__type_support.c.o[0m
[11.129s] [ 59%] [32mBuilding CXX object CMakeFiles/turtlebot3_msgs__rosidl_typesupport_fastrtps_cpp.dir/rosidl_typesupport_fastrtps_cpp/turtlebot3_msgs/srv/detail/dds_fastrtps/dqn__type_support.cpp.o[0m
[11.361s] [ 60%] [32mBuilding C object CMakeFiles/turtlebot3_msgs__rosidl_typesupport_introspection_c.dir/rosidl_typesupport_introspection_c/turtlebot3_msgs/srv/detail/dqn__type_support.c.o[0m
[11.365s] [ 61%] [32mBuilding C object CMakeFiles/turtlebot3_msgs__rosidl_typesupport_introspection_c.dir/rosidl_typesupport_introspection_c/turtlebot3_msgs/action/detail/patrol__type_support.c.o[0m
[11.386s] [ 63%] [32m[1mLinking CXX shared library libturtlebot3_msgs__rosidl_typesupport_c.so[0m
[11.564s] [ 64%] [32mBuilding CXX object CMakeFiles/turtlebot3_msgs__rosidl_typesupport_fastrtps_cpp.dir/rosidl_typesupport_fastrtps_cpp/turtlebot3_msgs/action/detail/dds_fastrtps/patrol__type_support.cpp.o[0m
[11.763s] [ 64%] Built target turtlebot3_msgs__rosidl_typesupport_c
[11.785s] [ 66%] [32m[1mLinking C shared library libturtlebot3_msgs__rosidl_typesupport_introspection_c.so[0m
[12.035s] [ 66%] Built target turtlebot3_msgs__rosidl_typesupport_introspection_c
[13.513s] [ 67%] [32m[1mLinking CXX shared library libturtlebot3_msgs__rosidl_typesupport_introspection_cpp.so[0m
[13.918s] [ 67%] Built target turtlebot3_msgs__rosidl_typesupport_introspection_cpp
[15.847s] [ 69%] [32m[1mLinking CXX shared library libturtlebot3_msgs__rosidl_typesupport_fastrtps_cpp.so[0m
[16.156s] [ 69%] Built target turtlebot3_msgs__rosidl_typesupport_fastrtps_cpp
[16.167s] [ 70%] [34m[1mGenerating C type support for eProsima Fast-RTPS[0m
[17.744s] [ 73%] [32mBuilding CXX object CMakeFiles/turtlebot3_msgs__rosidl_typesupport_fastrtps_c.dir/rosidl_typesupport_fastrtps_c/turtlebot3_msgs/msg/detail/sensor_state__type_support_c.cpp.o[0m
[17.744s] [ 73%] [32mBuilding CXX object CMakeFiles/turtlebot3_msgs__rosidl_typesupport_fastrtps_c.dir/rosidl_typesupport_fastrtps_c/turtlebot3_msgs/msg/detail/version_info__type_support_c.cpp.o[0m
[17.745s] [ 74%] [32mBuilding CXX object CMakeFiles/turtlebot3_msgs__rosidl_typesupport_fastrtps_c.dir/rosidl_typesupport_fastrtps_c/turtlebot3_msgs/msg/detail/sound__type_support_c.cpp.o[0m
[17.745s] [ 76%] [32mBuilding CXX object CMakeFiles/turtlebot3_msgs__rosidl_typesupport_fastrtps_c.dir/rosidl_typesupport_fastrtps_c/turtlebot3_msgs/srv/detail/sound__type_support_c.cpp.o[0m
[17.745s] [ 78%] [32mBuilding CXX object CMakeFiles/turtlebot3_msgs__rosidl_typesupport_fastrtps_c.dir/rosidl_typesupport_fastrtps_c/turtlebot3_msgs/action/detail/patrol__type_support_c.cpp.o[0m
[17.745s] [ 78%] [32mBuilding CXX object CMakeFiles/turtlebot3_msgs__rosidl_typesupport_fastrtps_c.dir/rosidl_typesupport_fastrtps_c/turtlebot3_msgs/srv/detail/dqn__type_support_c.cpp.o[0m
[18.708s] [ 80%] [32m[1mLinking CXX shared library libturtlebot3_msgs__rosidl_typesupport_fastrtps_c.so[0m
[18.886s] [ 80%] Built target turtlebot3_msgs__rosidl_typesupport_fastrtps_c
[18.905s] [ 80%] Built target turtlebot3_msgs
[18.927s] [ 81%] [34m[1mGenerating Python code for ROS interfaces[0m
[26.848s] [ 81%] Built target turtlebot3_msgs__py
[26.873s] [ 84%] [32mBuilding C object CMakeFiles/turtlebot3_msgs__python.dir/rosidl_generator_py/turtlebot3_msgs/msg/_sensor_state_s.c.o[0m
[26.874s] [ 85%] [32mBuilding C object CMakeFiles/turtlebot3_msgs__python.dir/rosidl_generator_py/turtlebot3_msgs/srv/_sound_s.c.o[0m
[26.875s] [ 85%] [32mBuilding C object CMakeFiles/turtlebot3_msgs__python.dir/rosidl_generator_py/turtlebot3_msgs/msg/_sound_s.c.o[0m
[26.875s] [ 87%] [32mBuilding C object CMakeFiles/turtlebot3_msgs__python.dir/rosidl_generator_py/turtlebot3_msgs/msg/_version_info_s.c.o[0m
[26.875s] [ 88%] [32mBuilding C object CMakeFiles/turtlebot3_msgs__python.dir/rosidl_generator_py/turtlebot3_msgs/srv/_dqn_s.c.o[0m
[26.876s] [ 90%] [32mBuilding C object CMakeFiles/turtlebot3_msgs__python.dir/rosidl_generator_py/turtlebot3_msgs/action/_patrol_s.c.o[0m
[27.177s] [ 91%] [32m[1mLinking C shared library rosidl_generator_py/turtlebot3_msgs/libturtlebot3_msgs__python.so[0m
[27.249s] [ 91%] Built target turtlebot3_msgs__python
[27.271s] [ 94%] [32mBuilding C object CMakeFiles/turtlebot3_msgs__rosidl_typesupport_introspection_c__pyext.dir/rosidl_generator_py/turtlebot3_msgs/_turtlebot3_msgs_s.ep.rosidl_typesupport_introspection_c.c.o[0m
[27.271s] [ 94%] [32mBuilding C object CMakeFiles/turtlebot3_msgs__rosidl_typesupport_fastrtps_c__pyext.dir/rosidl_generator_py/turtlebot3_msgs/_turtlebot3_msgs_s.ep.rosidl_typesupport_fastrtps_c.c.o[0m
[27.272s] [ 95%] [32mBuilding C object CMakeFiles/turtlebot3_msgs__rosidl_typesupport_c__pyext.dir/rosidl_generator_py/turtlebot3_msgs/_turtlebot3_msgs_s.ep.rosidl_typesupport_c.c.o[0m
[27.539s] [ 98%] [32m[1mLinking CXX shared library rosidl_generator_py/turtlebot3_msgs/turtlebot3_msgs_s__rosidl_typesupport_fastrtps_c.cpython-38-aarch64-linux-gnu.so[0m
[27.540s] [ 98%] [32m[1mLinking C shared library rosidl_generator_py/turtlebot3_msgs/turtlebot3_msgs_s__rosidl_typesupport_introspection_c.cpython-38-aarch64-linux-gnu.so[0m
[27.542s] [100%] [32m[1mLinking C shared library rosidl_generator_py/turtlebot3_msgs/turtlebot3_msgs_s__rosidl_typesupport_c.cpython-38-aarch64-linux-gnu.so[0m
[27.609s] [100%] Built target turtlebot3_msgs__rosidl_typesupport_c__pyext
[27.609s] [100%] Built target turtlebot3_msgs__rosidl_typesupport_introspection_c__pyext
[27.662s] [100%] Built target turtlebot3_msgs__rosidl_typesupport_fastrtps_c__pyext
[27.687s] Invoked command in '/home/orin/test_ws/src/build/turtlebot3_msgs' returned '0': CMAKE_PREFIX_PATH=/opt/ros/foxy /usr/local/bin/cmake --build /home/orin/test_ws/src/build/turtlebot3_msgs -- -j12 -l12
[27.691s] Invoking command in '/home/orin/test_ws/src/build/turtlebot3_msgs': CMAKE_PREFIX_PATH=/opt/ros/foxy /usr/local/bin/cmake --install /home/orin/test_ws/src/build/turtlebot3_msgs
[27.761s] -- Install configuration: ""
[27.762s] -- Installing: /home/orin/test_ws/src/install/turtlebot3_msgs/share/ament_index/resource_index/rosidl_interfaces/turtlebot3_msgs
[27.762s] -- Installing: /home/orin/test_ws/src/install/turtlebot3_msgs/include/turtlebot3_msgs
[27.762s] -- Installing: /home/orin/test_ws/src/install/turtlebot3_msgs/include/turtlebot3_msgs/msg
[27.762s] -- Installing: /home/orin/test_ws/src/install/turtlebot3_msgs/include/turtlebot3_msgs/msg/rosidl_generator_c__visibility_control.h
[27.763s] -- Installing: /home/orin/test_ws/src/install/turtlebot3_msgs/include/turtlebot3_msgs/msg/version_info.h
[27.763s] -- Installing: /home/orin/test_ws/src/install/turtlebot3_msgs/include/turtlebot3_msgs/msg/detail
[27.763s] -- Installing: /home/orin/test_ws/src/install/turtlebot3_msgs/include/turtlebot3_msgs/msg/detail/version_info__type_support.h
[27.763s] -- Installing: /home/orin/test_ws/src/install/turtlebot3_msgs/include/turtlebot3_msgs/msg/detail/sound__struct.h
[27.763s] -- Installing: /home/orin/test_ws/src/install/turtlebot3_msgs/include/turtlebot3_msgs/msg/detail/sound__functions.h
[27.763s] -- Installing: /home/orin/test_ws/src/install/turtlebot3_msgs/include/turtlebot3_msgs/msg/detail/sensor_state__functions.h
[27.764s] -- Installing: /home/orin/test_ws/src/install/turtlebot3_msgs/include/turtlebot3_msgs/msg/detail/sound__functions.c
[27.764s] -- Installing: /home/orin/test_ws/src/install/turtlebot3_msgs/include/turtlebot3_msgs/msg/detail/version_info__functions.c
[27.764s] -- Installing: /home/orin/test_ws/src/install/turtlebot3_msgs/include/turtlebot3_msgs/msg/detail/sound__type_support.h
[27.764s] -- Installing: /home/orin/test_ws/src/install/turtlebot3_msgs/include/turtlebot3_msgs/msg/detail/sensor_state__functions.c
[27.765s] -- Installing: /home/orin/test_ws/src/install/turtlebot3_msgs/include/turtlebot3_msgs/msg/detail/sensor_state__struct.h
[27.765s] -- Installing: /home/orin/test_ws/src/install/turtlebot3_msgs/include/turtlebot3_msgs/msg/detail/sensor_state__type_support.h
[27.765s] -- Installing: /home/orin/test_ws/src/install/turtlebot3_msgs/include/turtlebot3_msgs/msg/detail/version_info__struct.h
[27.765s] -- Installing: /home/orin/test_ws/src/install/turtlebot3_msgs/include/turtlebot3_msgs/msg/detail/version_info__functions.h
[27.766s] -- Installing: /home/orin/test_ws/src/install/turtlebot3_msgs/include/turtlebot3_msgs/msg/sensor_state.h
[27.766s] -- Installing: /home/orin/test_ws/src/install/turtlebot3_msgs/include/turtlebot3_msgs/msg/sound.h
[27.766s] -- Installing: /home/orin/test_ws/src/install/turtlebot3_msgs/include/turtlebot3_msgs/action
[27.766s] -- Installing: /home/orin/test_ws/src/install/turtlebot3_msgs/include/turtlebot3_msgs/action/patrol.h
[27.766s] -- Installing: /home/orin/test_ws/src/install/turtlebot3_msgs/include/turtlebot3_msgs/action/detail
[27.766s] -- Installing: /home/orin/test_ws/src/install/turtlebot3_msgs/include/turtlebot3_msgs/action/detail/patrol__functions.h
[27.767s] -- Installing: /home/orin/test_ws/src/install/turtlebot3_msgs/include/turtlebot3_msgs/action/detail/patrol__functions.c
[27.767s] -- Installing: /home/orin/test_ws/src/install/turtlebot3_msgs/include/turtlebot3_msgs/action/detail/patrol__struct.h
[27.767s] -- Installing: /home/orin/test_ws/src/install/turtlebot3_msgs/include/turtlebot3_msgs/action/detail/patrol__type_support.h
[27.768s] -- Installing: /home/orin/test_ws/src/install/turtlebot3_msgs/include/turtlebot3_msgs/srv
[27.768s] -- Installing: /home/orin/test_ws/src/install/turtlebot3_msgs/include/turtlebot3_msgs/srv/dqn.h
[27.768s] -- Installing: /home/orin/test_ws/src/install/turtlebot3_msgs/include/turtlebot3_msgs/srv/detail
[27.768s] -- Installing: /home/orin/test_ws/src/install/turtlebot3_msgs/include/turtlebot3_msgs/srv/detail/dqn__functions.c
[27.768s] -- Installing: /home/orin/test_ws/src/install/turtlebot3_msgs/include/turtlebot3_msgs/srv/detail/sound__struct.h
[27.769s] -- Installing: /home/orin/test_ws/src/install/turtlebot3_msgs/include/turtlebot3_msgs/srv/detail/sound__functions.h
[27.769s] -- Installing: /home/orin/test_ws/src/install/turtlebot3_msgs/include/turtlebot3_msgs/srv/detail/sound__functions.c
[27.769s] -- Installing: /home/orin/test_ws/src/install/turtlebot3_msgs/include/turtlebot3_msgs/srv/detail/sound__type_support.h
[27.769s] -- Installing: /home/orin/test_ws/src/install/turtlebot3_msgs/include/turtlebot3_msgs/srv/detail/dqn__struct.h
[27.769s] -- Installing: /home/orin/test_ws/src/install/turtlebot3_msgs/include/turtlebot3_msgs/srv/detail/dqn__type_support.h
[27.770s] -- Installing: /home/orin/test_ws/src/install/turtlebot3_msgs/include/turtlebot3_msgs/srv/detail/dqn__functions.h
[27.770s] -- Installing: /home/orin/test_ws/src/install/turtlebot3_msgs/include/turtlebot3_msgs/srv/sound.h
[27.770s] -- Installing: /home/orin/test_ws/src/install/turtlebot3_msgs/share/turtlebot3_msgs/environment/library_path.sh
[27.771s] -- Installing: /home/orin/test_ws/src/install/turtlebot3_msgs/share/turtlebot3_msgs/environment/library_path.dsv
[27.771s] -- Installing: /home/orin/test_ws/src/install/turtlebot3_msgs/lib/libturtlebot3_msgs__rosidl_generator_c.so
[27.772s] -- Set runtime path of "/home/orin/test_ws/src/install/turtlebot3_msgs/lib/libturtlebot3_msgs__rosidl_generator_c.so" to ""
[27.772s] -- Up-to-date: /home/orin/test_ws/src/install/turtlebot3_msgs/include/turtlebot3_msgs
[27.772s] -- Up-to-date: /home/orin/test_ws/src/install/turtlebot3_msgs/include/turtlebot3_msgs/msg
[27.773s] -- Up-to-date: /home/orin/test_ws/src/install/turtlebot3_msgs/include/turtlebot3_msgs/msg/detail
[27.773s] -- Installing: /home/orin/test_ws/src/install/turtlebot3_msgs/include/turtlebot3_msgs/msg/detail/sound__rosidl_typesupport_fastrtps_c.h
[27.773s] -- Installing: /home/orin/test_ws/src/install/turtlebot3_msgs/include/turtlebot3_msgs/msg/detail/version_info__rosidl_typesupport_fastrtps_c.h
[27.773s] -- Installing: /home/orin/test_ws/src/install/turtlebot3_msgs/include/turtlebot3_msgs/msg/detail/sensor_state__rosidl_typesupport_fastrtps_c.h
[27.773s] -- Installing: /home/orin/test_ws/src/install/turtlebot3_msgs/include/turtlebot3_msgs/msg/rosidl_typesupport_fastrtps_c__visibility_control.h
[27.774s] -- Up-to-date: /home/orin/test_ws/src/install/turtlebot3_msgs/include/turtlebot3_msgs/action
[27.774s] -- Up-to-date: /home/orin/test_ws/src/install/turtlebot3_msgs/include/turtlebot3_msgs/action/detail
[27.774s] -- Installing: /home/orin/test_ws/src/install/turtlebot3_msgs/include/turtlebot3_msgs/action/detail/patrol__rosidl_typesupport_fastrtps_c.h
[27.774s] -- Up-to-date: /home/orin/test_ws/src/install/turtlebot3_msgs/include/turtlebot3_msgs/srv
[27.774s] -- Up-to-date: /home/orin/test_ws/src/install/turtlebot3_msgs/include/turtlebot3_msgs/srv/detail
[27.774s] -- Installing: /home/orin/test_ws/src/install/turtlebot3_msgs/include/turtlebot3_msgs/srv/detail/sound__rosidl_typesupport_fastrtps_c.h
[27.775s] -- Installing: /home/orin/test_ws/src/install/turtlebot3_msgs/include/turtlebot3_msgs/srv/detail/dqn__rosidl_typesupport_fastrtps_c.h
[27.775s] -- Installing: /home/orin/test_ws/src/install/turtlebot3_msgs/lib/libturtlebot3_msgs__rosidl_typesupport_fastrtps_c.so
[27.775s] -- Set runtime path of "/home/orin/test_ws/src/install/turtlebot3_msgs/lib/libturtlebot3_msgs__rosidl_typesupport_fastrtps_c.so" to ""
[27.775s] -- Up-to-date: /home/orin/test_ws/src/install/turtlebot3_msgs/include/turtlebot3_msgs
[27.776s] -- Up-to-date: /home/orin/test_ws/src/install/turtlebot3_msgs/include/turtlebot3_msgs/msg
[27.776s] -- Up-to-date: /home/orin/test_ws/src/install/turtlebot3_msgs/include/turtlebot3_msgs/msg/detail
[27.776s] -- Installing: /home/orin/test_ws/src/install/turtlebot3_msgs/include/turtlebot3_msgs/msg/detail/sound__rosidl_typesupport_fastrtps_cpp.hpp
[27.776s] -- Installing: /home/orin/test_ws/src/install/turtlebot3_msgs/include/turtlebot3_msgs/msg/detail/version_info__rosidl_typesupport_fastrtps_cpp.hpp
[27.777s] -- Installing: /home/orin/test_ws/src/install/turtlebot3_msgs/include/turtlebot3_msgs/msg/detail/dds_fastrtps
[27.777s] -- Installing: /home/orin/test_ws/src/install/turtlebot3_msgs/include/turtlebot3_msgs/msg/detail/sensor_state__rosidl_typesupport_fastrtps_cpp.hpp
[27.777s] -- Installing: /home/orin/test_ws/src/install/turtlebot3_msgs/include/turtlebot3_msgs/msg/rosidl_typesupport_fastrtps_cpp__visibility_control.h
[27.777s] -- Up-to-date: /home/orin/test_ws/src/install/turtlebot3_msgs/include/turtlebot3_msgs/action
[27.777s] -- Up-to-date: /home/orin/test_ws/src/install/turtlebot3_msgs/include/turtlebot3_msgs/action/detail
[27.778s] -- Installing: /home/orin/test_ws/src/install/turtlebot3_msgs/include/turtlebot3_msgs/action/detail/patrol__rosidl_typesupport_fastrtps_cpp.hpp
[27.778s] -- Installing: /home/orin/test_ws/src/install/turtlebot3_msgs/include/turtlebot3_msgs/action/detail/dds_fastrtps
[27.778s] -- Up-to-date: /home/orin/test_ws/src/install/turtlebot3_msgs/include/turtlebot3_msgs/srv
[27.779s] -- Up-to-date: /home/orin/test_ws/src/install/turtlebot3_msgs/include/turtlebot3_msgs/srv/detail
[27.779s] -- Installing: /home/orin/test_ws/src/install/turtlebot3_msgs/include/turtlebot3_msgs/srv/detail/sound__rosidl_typesupport_fastrtps_cpp.hpp
[27.779s] -- Installing: /home/orin/test_ws/src/install/turtlebot3_msgs/include/turtlebot3_msgs/srv/detail/dds_fastrtps
[27.779s] -- Installing: /home/orin/test_ws/src/install/turtlebot3_msgs/include/turtlebot3_msgs/srv/detail/dqn__rosidl_typesupport_fastrtps_cpp.hpp
[27.779s] -- Installing: /home/orin/test_ws/src/install/turtlebot3_msgs/lib/libturtlebot3_msgs__rosidl_typesupport_fastrtps_cpp.so
[27.780s] -- Set runtime path of "/home/orin/test_ws/src/install/turtlebot3_msgs/lib/libturtlebot3_msgs__rosidl_typesupport_fastrtps_cpp.so" to ""
[27.780s] -- Up-to-date: /home/orin/test_ws/src/install/turtlebot3_msgs/include/turtlebot3_msgs
[27.781s] -- Up-to-date: /home/orin/test_ws/src/install/turtlebot3_msgs/include/turtlebot3_msgs/msg
[27.781s] -- Installing: /home/orin/test_ws/src/install/turtlebot3_msgs/include/turtlebot3_msgs/msg/rosidl_typesupport_introspection_c__visibility_control.h
[27.781s] -- Up-to-date: /home/orin/test_ws/src/install/turtlebot3_msgs/include/turtlebot3_msgs/msg/detail
[27.781s] -- Installing: /home/orin/test_ws/src/install/turtlebot3_msgs/include/turtlebot3_msgs/msg/detail/sensor_state__type_support.c
[27.781s] -- Installing: /home/orin/test_ws/src/install/turtlebot3_msgs/include/turtlebot3_msgs/msg/detail/sensor_state__rosidl_typesupport_introspection_c.h
[27.782s] -- Installing: /home/orin/test_ws/src/install/turtlebot3_msgs/include/turtlebot3_msgs/msg/detail/version_info__type_support.c
[27.783s] -- Installing: /home/orin/test_ws/src/install/turtlebot3_msgs/include/turtlebot3_msgs/msg/detail/version_info__rosidl_typesupport_introspection_c.h
[27.783s] -- Installing: /home/orin/test_ws/src/install/turtlebot3_msgs/include/turtlebot3_msgs/msg/detail/sound__rosidl_typesupport_introspection_c.h
[27.783s] -- Installing: /home/orin/test_ws/src/install/turtlebot3_msgs/include/turtlebot3_msgs/msg/detail/sound__type_support.c
[27.783s] -- Up-to-date: /home/orin/test_ws/src/install/turtlebot3_msgs/include/turtlebot3_msgs/action
[27.784s] -- Up-to-date: /home/orin/test_ws/src/install/turtlebot3_msgs/include/turtlebot3_msgs/action/detail
[27.784s] -- Installing: /home/orin/test_ws/src/install/turtlebot3_msgs/include/turtlebot3_msgs/action/detail/patrol__type_support.c
[27.784s] -- Installing: /home/orin/test_ws/src/install/turtlebot3_msgs/include/turtlebot3_msgs/action/detail/patrol__rosidl_typesupport_introspection_c.h
[27.784s] -- Up-to-date: /home/orin/test_ws/src/install/turtlebot3_msgs/include/turtlebot3_msgs/srv
[27.784s] -- Up-to-date: /home/orin/test_ws/src/install/turtlebot3_msgs/include/turtlebot3_msgs/srv/detail
[27.784s] -- Installing: /home/orin/test_ws/src/install/turtlebot3_msgs/include/turtlebot3_msgs/srv/detail/dqn__type_support.c
[27.785s] -- Installing: /home/orin/test_ws/src/install/turtlebot3_msgs/include/turtlebot3_msgs/srv/detail/sound__rosidl_typesupport_introspection_c.h
[27.785s] -- Installing: /home/orin/test_ws/src/install/turtlebot3_msgs/include/turtlebot3_msgs/srv/detail/dqn__rosidl_typesupport_introspection_c.h
[27.785s] -- Installing: /home/orin/test_ws/src/install/turtlebot3_msgs/include/turtlebot3_msgs/srv/detail/sound__type_support.c
[27.785s] -- Installing: /home/orin/test_ws/src/install/turtlebot3_msgs/lib/libturtlebot3_msgs__rosidl_typesupport_introspection_c.so
[27.785s] -- Set runtime path of "/home/orin/test_ws/src/install/turtlebot3_msgs/lib/libturtlebot3_msgs__rosidl_typesupport_introspection_c.so" to ""
[27.786s] -- Installing: /home/orin/test_ws/src/install/turtlebot3_msgs/lib/libturtlebot3_msgs__rosidl_typesupport_c.so
[27.787s] -- Set runtime path of "/home/orin/test_ws/src/install/turtlebot3_msgs/lib/libturtlebot3_msgs__rosidl_typesupport_c.so" to ""
[27.787s] -- Up-to-date: /home/orin/test_ws/src/install/turtlebot3_msgs/include/turtlebot3_msgs
[27.787s] -- Up-to-date: /home/orin/test_ws/src/install/turtlebot3_msgs/include/turtlebot3_msgs/msg
[27.787s] -- Installing: /home/orin/test_ws/src/install/turtlebot3_msgs/include/turtlebot3_msgs/msg/sensor_state.hpp
[27.788s] -- Up-to-date: /home/orin/test_ws/src/install/turtlebot3_msgs/include/turtlebot3_msgs/msg/detail
[27.788s] -- Installing: /home/orin/test_ws/src/install/turtlebot3_msgs/include/turtlebot3_msgs/msg/detail/sensor_state__builder.hpp
[27.788s] -- Installing: /home/orin/test_ws/src/install/turtlebot3_msgs/include/turtlebot3_msgs/msg/detail/version_info__type_support.hpp
[27.788s] -- Installing: /home/orin/test_ws/src/install/turtlebot3_msgs/include/turtlebot3_msgs/msg/detail/sound__builder.hpp
[27.789s] -- Installing: /home/orin/test_ws/src/install/turtlebot3_msgs/include/turtlebot3_msgs/msg/detail/sensor_state__struct.hpp
[27.789s] -- Installing: /home/orin/test_ws/src/install/turtlebot3_msgs/include/turtlebot3_msgs/msg/detail/version_info__struct.hpp
[27.789s] -- Installing: /home/orin/test_ws/src/install/turtlebot3_msgs/include/turtlebot3_msgs/msg/detail/version_info__traits.hpp
[27.789s] -- Installing: /home/orin/test_ws/src/install/turtlebot3_msgs/include/turtlebot3_msgs/msg/detail/version_info__builder.hpp
[27.789s] -- Installing: /home/orin/test_ws/src/install/turtlebot3_msgs/include/turtlebot3_msgs/msg/detail/sound__struct.hpp
[27.789s] -- Installing: /home/orin/test_ws/src/install/turtlebot3_msgs/include/turtlebot3_msgs/msg/detail/sensor_state__type_support.hpp
[27.790s] -- Installing: /home/orin/test_ws/src/install/turtlebot3_msgs/include/turtlebot3_msgs/msg/detail/sensor_state__traits.hpp
[27.790s] -- Installing: /home/orin/test_ws/src/install/turtlebot3_msgs/include/turtlebot3_msgs/msg/detail/sound__type_support.hpp
[27.790s] -- Installing: /home/orin/test_ws/src/install/turtlebot3_msgs/include/turtlebot3_msgs/msg/detail/sound__traits.hpp
[27.790s] -- Installing: /home/orin/test_ws/src/install/turtlebot3_msgs/include/turtlebot3_msgs/msg/rosidl_generator_cpp__visibility_control.hpp
[27.791s] -- Installing: /home/orin/test_ws/src/install/turtlebot3_msgs/include/turtlebot3_msgs/msg/sound.hpp
[27.791s] -- Installing: /home/orin/test_ws/src/install/turtlebot3_msgs/include/turtlebot3_msgs/msg/version_info.hpp
[27.791s] -- Up-to-date: /home/orin/test_ws/src/install/turtlebot3_msgs/include/turtlebot3_msgs/action
[27.791s] -- Up-to-date: /home/orin/test_ws/src/install/turtlebot3_msgs/include/turtlebot3_msgs/action/detail
[27.792s] -- Installing: /home/orin/test_ws/src/install/turtlebot3_msgs/include/turtlebot3_msgs/action/detail/patrol__type_support.hpp
[27.792s] -- Installing: /home/orin/test_ws/src/install/turtlebot3_msgs/include/turtlebot3_msgs/action/detail/patrol__traits.hpp
[27.792s] -- Installing: /home/orin/test_ws/src/install/turtlebot3_msgs/include/turtlebot3_msgs/action/detail/patrol__struct.hpp
[27.793s] -- Installing: /home/orin/test_ws/src/install/turtlebot3_msgs/include/turtlebot3_msgs/action/detail/patrol__builder.hpp
[27.793s] -- Installing: /home/orin/test_ws/src/install/turtlebot3_msgs/include/turtlebot3_msgs/action/patrol.hpp
[27.793s] -- Up-to-date: /home/orin/test_ws/src/install/turtlebot3_msgs/include/turtlebot3_msgs/srv
[27.793s] -- Installing: /home/orin/test_ws/src/install/turtlebot3_msgs/include/turtlebot3_msgs/srv/dqn.hpp
[27.793s] -- Up-to-date: /home/orin/test_ws/src/install/turtlebot3_msgs/include/turtlebot3_msgs/srv/detail
[27.793s] -- Installing: /home/orin/test_ws/src/install/turtlebot3_msgs/include/turtlebot3_msgs/srv/detail/sound__builder.hpp
[27.794s] -- Installing: /home/orin/test_ws/src/install/turtlebot3_msgs/include/turtlebot3_msgs/srv/detail/dqn__builder.hpp
[27.794s] -- Installing: /home/orin/test_ws/src/install/turtlebot3_msgs/include/turtlebot3_msgs/srv/detail/dqn__traits.hpp
[27.794s] -- Installing: /home/orin/test_ws/src/install/turtlebot3_msgs/include/turtlebot3_msgs/srv/detail/dqn__struct.hpp
[27.794s] -- Installing: /home/orin/test_ws/src/install/turtlebot3_msgs/include/turtlebot3_msgs/srv/detail/sound__struct.hpp
[27.794s] -- Installing: /home/orin/test_ws/src/install/turtlebot3_msgs/include/turtlebot3_msgs/srv/detail/dqn__type_support.hpp
[27.794s] -- Installing: /home/orin/test_ws/src/install/turtlebot3_msgs/include/turtlebot3_msgs/srv/detail/sound__type_support.hpp
[27.794s] -- Installing: /home/orin/test_ws/src/install/turtlebot3_msgs/include/turtlebot3_msgs/srv/detail/sound__traits.hpp
[27.795s] -- Installing: /home/orin/test_ws/src/install/turtlebot3_msgs/include/turtlebot3_msgs/srv/sound.hpp
[27.795s] -- Up-to-date: /home/orin/test_ws/src/install/turtlebot3_msgs/include/turtlebot3_msgs
[27.795s] -- Up-to-date: /home/orin/test_ws/src/install/turtlebot3_msgs/include/turtlebot3_msgs/msg
[27.795s] -- Up-to-date: /home/orin/test_ws/src/install/turtlebot3_msgs/include/turtlebot3_msgs/msg/detail
[27.796s] -- Installing: /home/orin/test_ws/src/install/turtlebot3_msgs/include/turtlebot3_msgs/msg/detail/version_info__rosidl_typesupport_introspection_cpp.hpp
[27.796s] -- Installing: /home/orin/test_ws/src/install/turtlebot3_msgs/include/turtlebot3_msgs/msg/detail/sound__rosidl_typesupport_introspection_cpp.hpp
[27.796s] -- Installing: /home/orin/test_ws/src/install/turtlebot3_msgs/include/turtlebot3_msgs/msg/detail/sensor_state__type_support.cpp
[27.796s] -- Installing: /home/orin/test_ws/src/install/turtlebot3_msgs/include/turtlebot3_msgs/msg/detail/version_info__type_support.cpp
[27.797s] -- Installing: /home/orin/test_ws/src/install/turtlebot3_msgs/include/turtlebot3_msgs/msg/detail/sensor_state__rosidl_typesupport_introspection_cpp.hpp
[27.797s] -- Installing: /home/orin/test_ws/src/install/turtlebot3_msgs/include/turtlebot3_msgs/msg/detail/sound__type_support.cpp
[27.797s] -- Up-to-date: /home/orin/test_ws/src/install/turtlebot3_msgs/include/turtlebot3_msgs/action
[27.797s] -- Up-to-date: /home/orin/test_ws/src/install/turtlebot3_msgs/include/turtlebot3_msgs/action/detail
[27.798s] -- Installing: /home/orin/test_ws/src/install/turtlebot3_msgs/include/turtlebot3_msgs/action/detail/patrol__type_support.cpp
[27.798s] -- Installing: /home/orin/test_ws/src/install/turtlebot3_msgs/include/turtlebot3_msgs/action/detail/patrol__rosidl_typesupport_introspection_cpp.hpp
[27.798s] -- Up-to-date: /home/orin/test_ws/src/install/turtlebot3_msgs/include/turtlebot3_msgs/srv
[27.799s] -- Up-to-date: /home/orin/test_ws/src/install/turtlebot3_msgs/include/turtlebot3_msgs/srv/detail
[27.799s] -- Installing: /home/orin/test_ws/src/install/turtlebot3_msgs/include/turtlebot3_msgs/srv/detail/dqn__rosidl_typesupport_introspection_cpp.hpp
[27.799s] -- Installing: /home/orin/test_ws/src/install/turtlebot3_msgs/include/turtlebot3_msgs/srv/detail/sound__rosidl_typesupport_introspection_cpp.hpp
[27.799s] -- Installing: /home/orin/test_ws/src/install/turtlebot3_msgs/include/turtlebot3_msgs/srv/detail/sound__type_support.cpp
[27.799s] -- Installing: /home/orin/test_ws/src/install/turtlebot3_msgs/include/turtlebot3_msgs/srv/detail/dqn__type_support.cpp
[27.799s] -- Installing: /home/orin/test_ws/src/install/turtlebot3_msgs/lib/libturtlebot3_msgs__rosidl_typesupport_introspection_cpp.so
[27.800s] -- Set runtime path of "/home/orin/test_ws/src/install/turtlebot3_msgs/lib/libturtlebot3_msgs__rosidl_typesupport_introspection_cpp.so" to ""
[27.800s] -- Installing: /home/orin/test_ws/src/install/turtlebot3_msgs/lib/libturtlebot3_msgs__rosidl_typesupport_cpp.so
[27.801s] -- Set runtime path of "/home/orin/test_ws/src/install/turtlebot3_msgs/lib/libturtlebot3_msgs__rosidl_typesupport_cpp.so" to ""
[27.802s] -- Installing: /home/orin/test_ws/src/install/turtlebot3_msgs/share/turtlebot3_msgs/environment/pythonpath.sh
[27.802s] -- Installing: /home/orin/test_ws/src/install/turtlebot3_msgs/share/turtlebot3_msgs/environment/pythonpath.dsv
[27.802s] -- Installing: /home/orin/test_ws/src/install/turtlebot3_msgs/lib/python3.8/site-packages/turtlebot3_msgs/__init__.py
[27.871s] Compiling '/home/orin/test_ws/src/install/turtlebot3_msgs/lib/python3.8/site-packages/turtlebot3_msgs/__init__.py'...
[27.883s] -- Installing: /home/orin/test_ws/src/install/turtlebot3_msgs/lib/python3.8/site-packages/turtlebot3_msgs/msg
[27.883s] -- Installing: /home/orin/test_ws/src/install/turtlebot3_msgs/lib/python3.8/site-packages/turtlebot3_msgs/msg/_sensor_state.py
[27.883s] -- Installing: /home/orin/test_ws/src/install/turtlebot3_msgs/lib/python3.8/site-packages/turtlebot3_msgs/msg/_version_info.py
[27.883s] -- Installing: /home/orin/test_ws/src/install/turtlebot3_msgs/lib/python3.8/site-packages/turtlebot3_msgs/msg/_sensor_state_s.c
[27.884s] -- Installing: /home/orin/test_ws/src/install/turtlebot3_msgs/lib/python3.8/site-packages/turtlebot3_msgs/msg/__init__.py
[27.884s] -- Installing: /home/orin/test_ws/src/install/turtlebot3_msgs/lib/python3.8/site-packages/turtlebot3_msgs/msg/_sound.py
[27.884s] -- Installing: /home/orin/test_ws/src/install/turtlebot3_msgs/lib/python3.8/site-packages/turtlebot3_msgs/msg/_version_info_s.c
[27.884s] -- Installing: /home/orin/test_ws/src/install/turtlebot3_msgs/lib/python3.8/site-packages/turtlebot3_msgs/msg/_sound_s.c
[27.885s] -- Installing: /home/orin/test_ws/src/install/turtlebot3_msgs/lib/python3.8/site-packages/turtlebot3_msgs/srv
[27.885s] -- Installing: /home/orin/test_ws/src/install/turtlebot3_msgs/lib/python3.8/site-packages/turtlebot3_msgs/srv/__init__.py
[27.885s] -- Installing: /home/orin/test_ws/src/install/turtlebot3_msgs/lib/python3.8/site-packages/turtlebot3_msgs/srv/_sound.py
[27.886s] -- Installing: /home/orin/test_ws/src/install/turtlebot3_msgs/lib/python3.8/site-packages/turtlebot3_msgs/srv/_dqn.py
[27.886s] -- Installing: /home/orin/test_ws/src/install/turtlebot3_msgs/lib/python3.8/site-packages/turtlebot3_msgs/srv/_dqn_s.c
[27.886s] -- Installing: /home/orin/test_ws/src/install/turtlebot3_msgs/lib/python3.8/site-packages/turtlebot3_msgs/srv/_sound_s.c
[27.886s] -- Installing: /home/orin/test_ws/src/install/turtlebot3_msgs/lib/python3.8/site-packages/turtlebot3_msgs/action
[27.887s] -- Installing: /home/orin/test_ws/src/install/turtlebot3_msgs/lib/python3.8/site-packages/turtlebot3_msgs/action/__init__.py
[27.887s] -- Installing: /home/orin/test_ws/src/install/turtlebot3_msgs/lib/python3.8/site-packages/turtlebot3_msgs/action/_patrol_s.c
[27.887s] -- Installing: /home/orin/test_ws/src/install/turtlebot3_msgs/lib/python3.8/site-packages/turtlebot3_msgs/action/_patrol.py
[27.888s] -- Installing: /home/orin/test_ws/src/install/turtlebot3_msgs/lib/python3.8/site-packages/turtlebot3_msgs/turtlebot3_msgs_s__rosidl_typesupport_fastrtps_c.cpython-38-aarch64-linux-gnu.so
[27.888s] -- Set runtime path of "/home/orin/test_ws/src/install/turtlebot3_msgs/lib/python3.8/site-packages/turtlebot3_msgs/turtlebot3_msgs_s__rosidl_typesupport_fastrtps_c.cpython-38-aarch64-linux-gnu.so" to ""
[27.888s] -- Installing: /home/orin/test_ws/src/install/turtlebot3_msgs/lib/python3.8/site-packages/turtlebot3_msgs/turtlebot3_msgs_s__rosidl_typesupport_introspection_c.cpython-38-aarch64-linux-gnu.so
[27.889s] -- Set runtime path of "/home/orin/test_ws/src/install/turtlebot3_msgs/lib/python3.8/site-packages/turtlebot3_msgs/turtlebot3_msgs_s__rosidl_typesupport_introspection_c.cpython-38-aarch64-linux-gnu.so" to ""
[27.889s] -- Installing: /home/orin/test_ws/src/install/turtlebot3_msgs/lib/python3.8/site-packages/turtlebot3_msgs/turtlebot3_msgs_s__rosidl_typesupport_c.cpython-38-aarch64-linux-gnu.so
[27.891s] -- Set runtime path of "/home/orin/test_ws/src/install/turtlebot3_msgs/lib/python3.8/site-packages/turtlebot3_msgs/turtlebot3_msgs_s__rosidl_typesupport_c.cpython-38-aarch64-linux-gnu.so" to ""
[27.892s] -- Installing: /home/orin/test_ws/src/install/turtlebot3_msgs/lib/libturtlebot3_msgs__python.so
[27.892s] -- Set runtime path of "/home/orin/test_ws/src/install/turtlebot3_msgs/lib/libturtlebot3_msgs__python.so" to ""
[27.892s] -- Installing: /home/orin/test_ws/src/install/turtlebot3_msgs/share/turtlebot3_msgs/msg/SensorState.idl
[27.892s] -- Installing: /home/orin/test_ws/src/install/turtlebot3_msgs/share/turtlebot3_msgs/msg/Sound.idl
[27.892s] -- Installing: /home/orin/test_ws/src/install/turtlebot3_msgs/share/turtlebot3_msgs/msg/VersionInfo.idl
[27.893s] -- Installing: /home/orin/test_ws/src/install/turtlebot3_msgs/share/turtlebot3_msgs/srv/Sound.idl
[27.893s] -- Installing: /home/orin/test_ws/src/install/turtlebot3_msgs/share/turtlebot3_msgs/srv/Dqn.idl
[27.894s] -- Installing: /home/orin/test_ws/src/install/turtlebot3_msgs/share/turtlebot3_msgs/action/Patrol.idl
[27.894s] -- Installing: /home/orin/test_ws/src/install/turtlebot3_msgs/share/turtlebot3_msgs/msg/SensorState.msg
[27.894s] -- Installing: /home/orin/test_ws/src/install/turtlebot3_msgs/share/turtlebot3_msgs/msg/Sound.msg
[27.895s] -- Installing: /home/orin/test_ws/src/install/turtlebot3_msgs/share/turtlebot3_msgs/msg/VersionInfo.msg
[27.895s] -- Installing: /home/orin/test_ws/src/install/turtlebot3_msgs/share/turtlebot3_msgs/srv/Sound.srv
[27.895s] -- Installing: /home/orin/test_ws/src/install/turtlebot3_msgs/share/turtlebot3_msgs/srv/Sound_Request.msg
[27.895s] -- Installing: /home/orin/test_ws/src/install/turtlebot3_msgs/share/turtlebot3_msgs/srv/Sound_Response.msg
[27.895s] -- Installing: /home/orin/test_ws/src/install/turtlebot3_msgs/share/turtlebot3_msgs/srv/Dqn.srv
[27.895s] -- Installing: /home/orin/test_ws/src/install/turtlebot3_msgs/share/turtlebot3_msgs/srv/Dqn_Request.msg
[27.896s] -- Installing: /home/orin/test_ws/src/install/turtlebot3_msgs/share/turtlebot3_msgs/srv/Dqn_Response.msg
[27.896s] -- Installing: /home/orin/test_ws/src/install/turtlebot3_msgs/share/turtlebot3_msgs/action/Patrol.action
[27.897s] -- Installing: /home/orin/test_ws/src/install/turtlebot3_msgs/share/ament_index/resource_index/package_run_dependencies/turtlebot3_msgs
[27.897s] -- Installing: /home/orin/test_ws/src/install/turtlebot3_msgs/share/ament_index/resource_index/parent_prefix_path/turtlebot3_msgs
[27.898s] -- Installing: /home/orin/test_ws/src/install/turtlebot3_msgs/share/turtlebot3_msgs/environment/ament_prefix_path.sh
[27.898s] -- Installing: /home/orin/test_ws/src/install/turtlebot3_msgs/share/turtlebot3_msgs/environment/ament_prefix_path.dsv
[27.899s] -- Installing: /home/orin/test_ws/src/install/turtlebot3_msgs/share/turtlebot3_msgs/environment/path.sh
[27.899s] -- Installing: /home/orin/test_ws/src/install/turtlebot3_msgs/share/turtlebot3_msgs/environment/path.dsv
[27.899s] -- Installing: /home/orin/test_ws/src/install/turtlebot3_msgs/share/turtlebot3_msgs/local_setup.bash
[27.899s] -- Installing: /home/orin/test_ws/src/install/turtlebot3_msgs/share/turtlebot3_msgs/local_setup.sh
[27.900s] -- Installing: /home/orin/test_ws/src/install/turtlebot3_msgs/share/turtlebot3_msgs/local_setup.zsh
[27.900s] -- Installing: /home/orin/test_ws/src/install/turtlebot3_msgs/share/turtlebot3_msgs/local_setup.dsv
[27.900s] -- Installing: /home/orin/test_ws/src/install/turtlebot3_msgs/share/turtlebot3_msgs/package.dsv
[27.901s] -- Installing: /home/orin/test_ws/src/install/turtlebot3_msgs/share/ament_index/resource_index/packages/turtlebot3_msgs
[27.901s] -- Installing: /home/orin/test_ws/src/install/turtlebot3_msgs/share/turtlebot3_msgs/cmake/turtlebot3_msgs__rosidl_generator_cExport.cmake
[27.902s] -- Installing: /home/orin/test_ws/src/install/turtlebot3_msgs/share/turtlebot3_msgs/cmake/turtlebot3_msgs__rosidl_generator_cExport-noconfig.cmake
[27.902s] -- Installing: /home/orin/test_ws/src/install/turtlebot3_msgs/share/turtlebot3_msgs/cmake/turtlebot3_msgs__rosidl_typesupport_introspection_cExport.cmake
[27.902s] -- Installing: /home/orin/test_ws/src/install/turtlebot3_msgs/share/turtlebot3_msgs/cmake/turtlebot3_msgs__rosidl_typesupport_introspection_cExport-noconfig.cmake
[27.902s] -- Installing: /home/orin/test_ws/src/install/turtlebot3_msgs/share/turtlebot3_msgs/cmake/turtlebot3_msgs__rosidl_typesupport_cExport.cmake
[27.903s] -- Installing: /home/orin/test_ws/src/install/turtlebot3_msgs/share/turtlebot3_msgs/cmake/turtlebot3_msgs__rosidl_typesupport_cExport-noconfig.cmake
[27.903s] -- Installing: /home/orin/test_ws/src/install/turtlebot3_msgs/share/turtlebot3_msgs/cmake/turtlebot3_msgs__rosidl_generator_cppExport.cmake
[27.903s] -- Installing: /home/orin/test_ws/src/install/turtlebot3_msgs/share/turtlebot3_msgs/cmake/turtlebot3_msgs__rosidl_typesupport_introspection_cppExport.cmake
[27.904s] -- Installing: /home/orin/test_ws/src/install/turtlebot3_msgs/share/turtlebot3_msgs/cmake/turtlebot3_msgs__rosidl_typesupport_introspection_cppExport-noconfig.cmake
[27.904s] -- Installing: /home/orin/test_ws/src/install/turtlebot3_msgs/share/turtlebot3_msgs/cmake/turtlebot3_msgs__rosidl_typesupport_cppExport.cmake
[27.904s] -- Installing: /home/orin/test_ws/src/install/turtlebot3_msgs/share/turtlebot3_msgs/cmake/turtlebot3_msgs__rosidl_typesupport_cppExport-noconfig.cmake
[27.905s] -- Installing: /home/orin/test_ws/src/install/turtlebot3_msgs/share/turtlebot3_msgs/cmake/rosidl_cmake-extras.cmake
[27.905s] -- Installing: /home/orin/test_ws/src/install/turtlebot3_msgs/share/turtlebot3_msgs/cmake/ament_cmake_export_dependencies-extras.cmake
[27.905s] -- Installing: /home/orin/test_ws/src/install/turtlebot3_msgs/share/turtlebot3_msgs/cmake/ament_cmake_export_libraries-extras.cmake
[27.906s] -- Installing: /home/orin/test_ws/src/install/turtlebot3_msgs/share/turtlebot3_msgs/cmake/ament_cmake_export_targets-extras.cmake
[27.906s] -- Installing: /home/orin/test_ws/src/install/turtlebot3_msgs/share/turtlebot3_msgs/cmake/ament_cmake_export_include_directories-extras.cmake
[27.906s] -- Installing: /home/orin/test_ws/src/install/turtlebot3_msgs/share/turtlebot3_msgs/cmake/rosidl_cmake_export_typesupport_libraries-extras.cmake
[27.907s] -- Installing: /home/orin/test_ws/src/install/turtlebot3_msgs/share/turtlebot3_msgs/cmake/rosidl_cmake_export_typesupport_targets-extras.cmake
[27.907s] -- Installing: /home/orin/test_ws/src/install/turtlebot3_msgs/share/turtlebot3_msgs/cmake/turtlebot3_msgsConfig.cmake
[27.907s] -- Installing: /home/orin/test_ws/src/install/turtlebot3_msgs/share/turtlebot3_msgs/cmake/turtlebot3_msgsConfig-version.cmake
[27.907s] -- Installing: /home/orin/test_ws/src/install/turtlebot3_msgs/share/turtlebot3_msgs/package.xml
[27.922s] Invoked command in '/home/orin/test_ws/src/build/turtlebot3_msgs' returned '0': CMAKE_PREFIX_PATH=/opt/ros/foxy /usr/local/bin/cmake --install /home/orin/test_ws/src/build/turtlebot3_msgs
