[2.936s] Invoking command in '/home/orin/test_ws/src/turtlebot3/turtlebot3_example': AMENT_PREFIX_PATH=/home/orin/test_ws/src/install/turtlebot3_msgs:${AMENT_PREFIX_PATH} CMAKE_PREFIX_PATH=/home/orin/test_ws/src/install/turtlebot3_msgs LD_LIBRARY_PATH=/home/orin/test_ws/src/install/turtlebot3_msgs/lib:/opt/ros/foxy/opt/yaml_cpp_vendor/lib:/opt/ros/foxy/opt/rviz_ogre_vendor/lib:/opt/ros/foxy/lib/aarch64-linux-gnu:/opt/ros/foxy/lib:/usr/local/cuda/lib64:/usr/local/cuda/lib64 PYTHONPATH=/home/orin/test_ws/src/build/turtlebot3_example/prefix_override:/usr/lib/python3/dist-packages/colcon_core/task/python/colcon_distutils_commands:/home/orin/test_ws/src/install/turtlebot3_example/lib/python3.8/site-packages:/home/orin/test_ws/src/install/turtlebot3_msgs/lib/python3.8/site-packages:${PYTHONPATH} /usr/bin/python3 -W ignore:setup.py install is deprecated -W ignore:easy_install command is deprecated setup.py egg_info --egg-base ../../build/turtlebot3_example build --build-base /home/orin/test_ws/src/build/turtlebot3_example/build install --record /home/orin/test_ws/src/build/turtlebot3_example/install.log --single-version-externally-managed install_data
[3.457s] running egg_info
[3.458s] writing ../../build/turtlebot3_example/turtlebot3_example.egg-info/PKG-INFO
[3.459s] writing dependency_links to ../../build/turtlebot3_example/turtlebot3_example.egg-info/dependency_links.txt
[3.459s] writing entry points to ../../build/turtlebot3_example/turtlebot3_example.egg-info/entry_points.txt
[3.459s] writing requirements to ../../build/turtlebot3_example/turtlebot3_example.egg-info/requires.txt
[3.460s] writing top-level names to ../../build/turtlebot3_example/turtlebot3_example.egg-info/top_level.txt
[3.532s] reading manifest file '../../build/turtlebot3_example/turtlebot3_example.egg-info/SOURCES.txt'
[3.534s] writing manifest file '../../build/turtlebot3_example/turtlebot3_example.egg-info/SOURCES.txt'
[3.534s] running build
[3.535s] running build_py
[3.538s] running install
[3.539s] running install_lib
[3.545s] running install_data
[3.546s] running install_egg_info
[3.548s] removing '/home/orin/test_ws/src/install/turtlebot3_example/lib/python3.8/site-packages/turtlebot3_example-2.1.5-py3.8.egg-info' (and everything under it)
[3.549s] Copying ../../build/turtlebot3_example/turtlebot3_example.egg-info to /home/orin/test_ws/src/install/turtlebot3_example/lib/python3.8/site-packages/turtlebot3_example-2.1.5-py3.8.egg-info
[3.551s] running install_scripts
[3.590s] Installing turtlebot3_obstacle_detection script to /home/orin/test_ws/src/install/turtlebot3_example/lib/turtlebot3_example
[3.591s] Installing turtlebot3_patrol_client script to /home/orin/test_ws/src/install/turtlebot3_example/lib/turtlebot3_example
[3.591s] Installing turtlebot3_patrol_server script to /home/orin/test_ws/src/install/turtlebot3_example/lib/turtlebot3_example
[3.591s] Installing turtlebot3_position_control script to /home/orin/test_ws/src/install/turtlebot3_example/lib/turtlebot3_example
[3.593s] writing list of installed files to '/home/orin/test_ws/src/build/turtlebot3_example/install.log'
[3.662s] Invoked command in '/home/orin/test_ws/src/turtlebot3/turtlebot3_example' returned '0': AMENT_PREFIX_PATH=/home/orin/test_ws/src/install/turtlebot3_msgs:${AMENT_PREFIX_PATH} CMAKE_PREFIX_PATH=/home/orin/test_ws/src/install/turtlebot3_msgs LD_LIBRARY_PATH=/home/orin/test_ws/src/install/turtlebot3_msgs/lib:/opt/ros/foxy/opt/yaml_cpp_vendor/lib:/opt/ros/foxy/opt/rviz_ogre_vendor/lib:/opt/ros/foxy/lib/aarch64-linux-gnu:/opt/ros/foxy/lib:/usr/local/cuda/lib64:/usr/local/cuda/lib64 PYTHONPATH=/home/orin/test_ws/src/build/turtlebot3_example/prefix_override:/usr/lib/python3/dist-packages/colcon_core/task/python/colcon_distutils_commands:/home/orin/test_ws/src/install/turtlebot3_example/lib/python3.8/site-packages:/home/orin/test_ws/src/install/turtlebot3_msgs/lib/python3.8/site-packages:${PYTHONPATH} /usr/bin/python3 -W ignore:setup.py install is deprecated -W ignore:easy_install command is deprecated setup.py egg_info --egg-base ../../build/turtlebot3_example build --build-base /home/orin/test_ws/src/build/turtlebot3_example/build install --record /home/orin/test_ws/src/build/turtlebot3_example/install.log --single-version-externally-managed install_data
