[0.222s] Invoking command in '/home/orin/test_ws/src/build/turtlebot3_description': CMAKE_PREFIX_PATH=${CMAKE_PREFIX_PATH}:/home/orin/test_ws/src/install/turtlebot3_teleop:/home/orin/test_ws/src/install/turtlebot3_example:/home/orin/test_ws/src/install/object_detection:/home/orin/test_ws/src/install/nv2:/home/orin/test_ws/src/install/detect_lane:/home/orin/test_ws/src/install/core:/home/orin/test_ws/src/install/control:/home/orin/test_ws/src/install/camera:/opt/ros/foxy /usr/local/bin/cmake --build /home/orin/test_ws/src/build/turtlebot3_description -- -j12 -l12
[2.892s] Invoked command in '/home/orin/test_ws/src/build/turtlebot3_description' returned '0': CMAKE_PREFIX_PATH=${CMAKE_PREFIX_PATH}:/home/orin/test_ws/src/install/turtlebot3_teleop:/home/orin/test_ws/src/install/turtlebot3_example:/home/orin/test_ws/src/install/object_detection:/home/orin/test_ws/src/install/nv2:/home/orin/test_ws/src/install/detect_lane:/home/orin/test_ws/src/install/core:/home/orin/test_ws/src/install/control:/home/orin/test_ws/src/install/camera:/opt/ros/foxy /usr/local/bin/cmake --build /home/orin/test_ws/src/build/turtlebot3_description -- -j12 -l12
[2.893s] Invoking command in '/home/orin/test_ws/src/build/turtlebot3_description': CMAKE_PREFIX_PATH=${CMAKE_PREFIX_PATH}:/home/orin/test_ws/src/install/turtlebot3_teleop:/home/orin/test_ws/src/install/turtlebot3_example:/home/orin/test_ws/src/install/object_detection:/home/orin/test_ws/src/install/nv2:/home/orin/test_ws/src/install/detect_lane:/home/orin/test_ws/src/install/core:/home/orin/test_ws/src/install/control:/home/orin/test_ws/src/install/camera:/opt/ros/foxy /usr/local/bin/cmake --install /home/orin/test_ws/src/build/turtlebot3_description
[3.012s] -- Install configuration: ""
[3.012s] -- Up-to-date: /home/orin/test_ws/src/install/turtlebot3_description/share/turtlebot3_description/meshes
[3.012s] -- Up-to-date: /home/orin/test_ws/src/install/turtlebot3_description/share/turtlebot3_description/meshes/wheels
[3.052s] -- Up-to-date: /home/orin/test_ws/src/install/turtlebot3_description/share/turtlebot3_description/meshes/wheels/left_tire.stl
[3.053s] -- Up-to-date: /home/orin/test_ws/src/install/turtlebot3_description/share/turtlebot3_description/meshes/wheels/right_tire.stl
[3.053s] -- Up-to-date: /home/orin/test_ws/src/install/turtlebot3_description/share/turtlebot3_description/meshes/bases
[3.053s] -- Up-to-date: /home/orin/test_ws/src/install/turtlebot3_description/share/turtlebot3_description/meshes/bases/waffle_pi_base.stl
[3.053s] -- Up-to-date: /home/orin/test_ws/src/install/turtlebot3_description/share/turtlebot3_description/meshes/bases/burger_base.stl
[3.053s] -- Up-to-date: /home/orin/test_ws/src/install/turtlebot3_description/share/turtlebot3_description/meshes/bases/waffle_base.stl
[3.053s] -- Up-to-date: /home/orin/test_ws/src/install/turtlebot3_description/share/turtlebot3_description/meshes/sensors
[3.053s] -- Up-to-date: /home/orin/test_ws/src/install/turtlebot3_description/share/turtlebot3_description/meshes/sensors/astra.jpg
[3.054s] -- Up-to-date: /home/orin/test_ws/src/install/turtlebot3_description/share/turtlebot3_description/meshes/sensors/lds.stl
[3.054s] -- Up-to-date: /home/orin/test_ws/src/install/turtlebot3_description/share/turtlebot3_description/meshes/sensors/astra.dae
[3.054s] -- Up-to-date: /home/orin/test_ws/src/install/turtlebot3_description/share/turtlebot3_description/meshes/sensors/r200.jpg
[3.054s] -- Up-to-date: /home/orin/test_ws/src/install/turtlebot3_description/share/turtlebot3_description/meshes/sensors/r200.dae
[3.054s] -- Up-to-date: /home/orin/test_ws/src/install/turtlebot3_description/share/turtlebot3_description/rviz
[3.054s] -- Up-to-date: /home/orin/test_ws/src/install/turtlebot3_description/share/turtlebot3_description/rviz/model.rviz
[3.058s] -- Up-to-date: /home/orin/test_ws/src/install/turtlebot3_description/share/turtlebot3_description/urdf
[3.059s] -- Up-to-date: /home/orin/test_ws/src/install/turtlebot3_description/share/turtlebot3_description/urdf/turtlebot3_waffle.urdf
[3.060s] -- Up-to-date: /home/orin/test_ws/src/install/turtlebot3_description/share/turtlebot3_description/urdf/turtlebot3_burger.urdf
[3.060s] -- Up-to-date: /home/orin/test_ws/src/install/turtlebot3_description/share/turtlebot3_description/urdf/turtlebot3_waffle_pi.urdf
[3.060s] -- Up-to-date: /home/orin/test_ws/src/install/turtlebot3_description/share/turtlebot3_description/urdf/common_properties.urdf
[3.060s] -- Up-to-date: /home/orin/test_ws/src/install/turtlebot3_description/share/ament_index/resource_index/package_run_dependencies/turtlebot3_description
[3.062s] -- Up-to-date: /home/orin/test_ws/src/install/turtlebot3_description/share/ament_index/resource_index/parent_prefix_path/turtlebot3_description
[3.062s] -- Up-to-date: /home/orin/test_ws/src/install/turtlebot3_description/share/turtlebot3_description/environment/ament_prefix_path.sh
[3.062s] -- Up-to-date: /home/orin/test_ws/src/install/turtlebot3_description/share/turtlebot3_description/environment/ament_prefix_path.dsv
[3.063s] -- Up-to-date: /home/orin/test_ws/src/install/turtlebot3_description/share/turtlebot3_description/environment/path.sh
[3.063s] -- Up-to-date: /home/orin/test_ws/src/install/turtlebot3_description/share/turtlebot3_description/environment/path.dsv
[3.063s] -- Up-to-date: /home/orin/test_ws/src/install/turtlebot3_description/share/turtlebot3_description/local_setup.bash
[3.063s] -- Up-to-date: /home/orin/test_ws/src/install/turtlebot3_description/share/turtlebot3_description/local_setup.sh
[3.063s] -- Up-to-date: /home/orin/test_ws/src/install/turtlebot3_description/share/turtlebot3_description/local_setup.zsh
[3.064s] -- Up-to-date: /home/orin/test_ws/src/install/turtlebot3_description/share/turtlebot3_description/local_setup.dsv
[3.064s] -- Installing: /home/orin/test_ws/src/install/turtlebot3_description/share/turtlebot3_description/package.dsv
[3.064s] -- Up-to-date: /home/orin/test_ws/src/install/turtlebot3_description/share/ament_index/resource_index/packages/turtlebot3_description
[3.065s] -- Up-to-date: /home/orin/test_ws/src/install/turtlebot3_description/share/turtlebot3_description/cmake/turtlebot3_descriptionConfig.cmake
[3.065s] -- Up-to-date: /home/orin/test_ws/src/install/turtlebot3_description/share/turtlebot3_description/cmake/turtlebot3_descriptionConfig-version.cmake
[3.066s] -- Up-to-date: /home/orin/test_ws/src/install/turtlebot3_description/share/turtlebot3_description/package.xml
[3.187s] Invoked command in '/home/orin/test_ws/src/build/turtlebot3_description' returned '0': CMAKE_PREFIX_PATH=${CMAKE_PREFIX_PATH}:/home/orin/test_ws/src/install/turtlebot3_teleop:/home/orin/test_ws/src/install/turtlebot3_example:/home/orin/test_ws/src/install/object_detection:/home/orin/test_ws/src/install/nv2:/home/orin/test_ws/src/install/detect_lane:/home/orin/test_ws/src/install/core:/home/orin/test_ws/src/install/control:/home/orin/test_ws/src/install/camera:/opt/ros/foxy /usr/local/bin/cmake --install /home/orin/test_ws/src/build/turtlebot3_description
